ARM GAS  C:\Users\minis\AppData\Local\Temp\ccvpxyj4.s 			page 1


   1              		.cpu cortex-m7
   2              		.arch armv7e-m
   3              		.fpu fpv5-d16
   4              		.eabi_attribute 20, 1
   5              		.eabi_attribute 21, 1
   6              		.eabi_attribute 23, 3
   7              		.eabi_attribute 24, 1
   8              		.eabi_attribute 25, 1
   9              		.eabi_attribute 26, 1
  10              		.eabi_attribute 30, 1
  11              		.eabi_attribute 34, 1
  12              		.eabi_attribute 18, 4
  13              		.file	"bridgeif_fdb.c"
  14              		.text
  15              	.Ltext0:
  16              		.cfi_sections	.debug_frame
  17              		.file 1 "../../Middlewares/Third_Party/LwIP/src/netif/bridgeif_fdb.c"
  18              		.section	.text.bridgeif_fdb_age_one_second,"ax",%progbits
  19              		.align	1
  20              		.syntax unified
  21              		.thumb
  22              		.thumb_func
  24              	bridgeif_fdb_age_one_second:
  25              	.LVL0:
  26              	.LFB176:
   1:../../Middlewares/Third_Party/LwIP/src/netif/bridgeif_fdb.c **** /**
   2:../../Middlewares/Third_Party/LwIP/src/netif/bridgeif_fdb.c ****  * @file
   3:../../Middlewares/Third_Party/LwIP/src/netif/bridgeif_fdb.c ****  * lwIP netif implementing an FDB for IEEE 802.1D MAC Bridge
   4:../../Middlewares/Third_Party/LwIP/src/netif/bridgeif_fdb.c ****  */
   5:../../Middlewares/Third_Party/LwIP/src/netif/bridgeif_fdb.c **** 
   6:../../Middlewares/Third_Party/LwIP/src/netif/bridgeif_fdb.c **** /*
   7:../../Middlewares/Third_Party/LwIP/src/netif/bridgeif_fdb.c ****  * Copyright (c) 2017 Simon Goldschmidt.
   8:../../Middlewares/Third_Party/LwIP/src/netif/bridgeif_fdb.c ****  * All rights reserved.
   9:../../Middlewares/Third_Party/LwIP/src/netif/bridgeif_fdb.c ****  *
  10:../../Middlewares/Third_Party/LwIP/src/netif/bridgeif_fdb.c ****  * Redistribution and use in source and binary forms, with or without modification,
  11:../../Middlewares/Third_Party/LwIP/src/netif/bridgeif_fdb.c ****  * are permitted provided that the following conditions are met:
  12:../../Middlewares/Third_Party/LwIP/src/netif/bridgeif_fdb.c ****  *
  13:../../Middlewares/Third_Party/LwIP/src/netif/bridgeif_fdb.c ****  * 1. Redistributions of source code must retain the above copyright notice,
  14:../../Middlewares/Third_Party/LwIP/src/netif/bridgeif_fdb.c ****  *    this list of conditions and the following disclaimer.
  15:../../Middlewares/Third_Party/LwIP/src/netif/bridgeif_fdb.c ****  * 2. Redistributions in binary form must reproduce the above copyright notice,
  16:../../Middlewares/Third_Party/LwIP/src/netif/bridgeif_fdb.c ****  *    this list of conditions and the following disclaimer in the documentation
  17:../../Middlewares/Third_Party/LwIP/src/netif/bridgeif_fdb.c ****  *    and/or other materials provided with the distribution.
  18:../../Middlewares/Third_Party/LwIP/src/netif/bridgeif_fdb.c ****  * 3. The name of the author may not be used to endorse or promote products
  19:../../Middlewares/Third_Party/LwIP/src/netif/bridgeif_fdb.c ****  *    derived from this software without specific prior written permission.
  20:../../Middlewares/Third_Party/LwIP/src/netif/bridgeif_fdb.c ****  *
  21:../../Middlewares/Third_Party/LwIP/src/netif/bridgeif_fdb.c ****  * THIS SOFTWARE IS PROVIDED BY THE AUTHOR ``AS IS'' AND ANY EXPRESS OR IMPLIED
  22:../../Middlewares/Third_Party/LwIP/src/netif/bridgeif_fdb.c ****  * WARRANTIES, INCLUDING, BUT NOT LIMITED TO, THE IMPLIED WARRANTIES OF
  23:../../Middlewares/Third_Party/LwIP/src/netif/bridgeif_fdb.c ****  * MERCHANTABILITY AND FITNESS FOR A PARTICULAR PURPOSE ARE DISCLAIMED. IN NO EVENT
  24:../../Middlewares/Third_Party/LwIP/src/netif/bridgeif_fdb.c ****  * SHALL THE AUTHOR BE LIABLE FOR ANY DIRECT, INDIRECT, INCIDENTAL, SPECIAL,
  25:../../Middlewares/Third_Party/LwIP/src/netif/bridgeif_fdb.c ****  * EXEMPLARY, OR CONSEQUENTIAL DAMAGES (INCLUDING, BUT NOT LIMITED TO, PROCUREMENT
  26:../../Middlewares/Third_Party/LwIP/src/netif/bridgeif_fdb.c ****  * OF SUBSTITUTE GOODS OR SERVICES; LOSS OF USE, DATA, OR PROFITS; OR BUSINESS
  27:../../Middlewares/Third_Party/LwIP/src/netif/bridgeif_fdb.c ****  * INTERRUPTION) HOWEVER CAUSED AND ON ANY THEORY OF LIABILITY, WHETHER IN
  28:../../Middlewares/Third_Party/LwIP/src/netif/bridgeif_fdb.c ****  * CONTRACT, STRICT LIABILITY, OR TORT (INCLUDING NEGLIGENCE OR OTHERWISE) ARISING
  29:../../Middlewares/Third_Party/LwIP/src/netif/bridgeif_fdb.c ****  * IN ANY WAY OUT OF THE USE OF THIS SOFTWARE, EVEN IF ADVISED OF THE POSSIBILITY
  30:../../Middlewares/Third_Party/LwIP/src/netif/bridgeif_fdb.c ****  * OF SUCH DAMAGE.
  31:../../Middlewares/Third_Party/LwIP/src/netif/bridgeif_fdb.c ****  *
  32:../../Middlewares/Third_Party/LwIP/src/netif/bridgeif_fdb.c ****  * This file is part of the lwIP TCP/IP stack.
ARM GAS  C:\Users\minis\AppData\Local\Temp\ccvpxyj4.s 			page 2


  33:../../Middlewares/Third_Party/LwIP/src/netif/bridgeif_fdb.c ****  *
  34:../../Middlewares/Third_Party/LwIP/src/netif/bridgeif_fdb.c ****  * Author: Simon Goldschmidt <goldsimon@gmx.de>
  35:../../Middlewares/Third_Party/LwIP/src/netif/bridgeif_fdb.c ****  *
  36:../../Middlewares/Third_Party/LwIP/src/netif/bridgeif_fdb.c ****  */
  37:../../Middlewares/Third_Party/LwIP/src/netif/bridgeif_fdb.c **** 
  38:../../Middlewares/Third_Party/LwIP/src/netif/bridgeif_fdb.c **** /**
  39:../../Middlewares/Third_Party/LwIP/src/netif/bridgeif_fdb.c ****  * @defgroup bridgeif_fdb FDB example code
  40:../../Middlewares/Third_Party/LwIP/src/netif/bridgeif_fdb.c ****  * @ingroup bridgeif
  41:../../Middlewares/Third_Party/LwIP/src/netif/bridgeif_fdb.c ****  * This file implements an example for an FDB (Forwarding DataBase)
  42:../../Middlewares/Third_Party/LwIP/src/netif/bridgeif_fdb.c ****  */
  43:../../Middlewares/Third_Party/LwIP/src/netif/bridgeif_fdb.c **** 
  44:../../Middlewares/Third_Party/LwIP/src/netif/bridgeif_fdb.c **** #include "netif/bridgeif.h"
  45:../../Middlewares/Third_Party/LwIP/src/netif/bridgeif_fdb.c **** #include "lwip/sys.h"
  46:../../Middlewares/Third_Party/LwIP/src/netif/bridgeif_fdb.c **** #include "lwip/mem.h"
  47:../../Middlewares/Third_Party/LwIP/src/netif/bridgeif_fdb.c **** #include "lwip/timeouts.h"
  48:../../Middlewares/Third_Party/LwIP/src/netif/bridgeif_fdb.c **** #include <string.h>
  49:../../Middlewares/Third_Party/LwIP/src/netif/bridgeif_fdb.c **** 
  50:../../Middlewares/Third_Party/LwIP/src/netif/bridgeif_fdb.c **** #define BRIDGEIF_AGE_TIMER_MS 1000
  51:../../Middlewares/Third_Party/LwIP/src/netif/bridgeif_fdb.c **** 
  52:../../Middlewares/Third_Party/LwIP/src/netif/bridgeif_fdb.c **** #define BR_FDB_TIMEOUT_SEC  (60*5) /* 5 minutes FDB timeout */
  53:../../Middlewares/Third_Party/LwIP/src/netif/bridgeif_fdb.c **** 
  54:../../Middlewares/Third_Party/LwIP/src/netif/bridgeif_fdb.c **** typedef struct bridgeif_dfdb_entry_s {
  55:../../Middlewares/Third_Party/LwIP/src/netif/bridgeif_fdb.c ****   u8_t used;
  56:../../Middlewares/Third_Party/LwIP/src/netif/bridgeif_fdb.c ****   u8_t port;
  57:../../Middlewares/Third_Party/LwIP/src/netif/bridgeif_fdb.c ****   u32_t ts;
  58:../../Middlewares/Third_Party/LwIP/src/netif/bridgeif_fdb.c ****   struct eth_addr addr;
  59:../../Middlewares/Third_Party/LwIP/src/netif/bridgeif_fdb.c **** } bridgeif_dfdb_entry_t;
  60:../../Middlewares/Third_Party/LwIP/src/netif/bridgeif_fdb.c **** 
  61:../../Middlewares/Third_Party/LwIP/src/netif/bridgeif_fdb.c **** typedef struct bridgeif_dfdb_s {
  62:../../Middlewares/Third_Party/LwIP/src/netif/bridgeif_fdb.c ****   u16_t max_fdb_entries;
  63:../../Middlewares/Third_Party/LwIP/src/netif/bridgeif_fdb.c ****   bridgeif_dfdb_entry_t *fdb;
  64:../../Middlewares/Third_Party/LwIP/src/netif/bridgeif_fdb.c **** } bridgeif_dfdb_t;
  65:../../Middlewares/Third_Party/LwIP/src/netif/bridgeif_fdb.c **** 
  66:../../Middlewares/Third_Party/LwIP/src/netif/bridgeif_fdb.c **** /**
  67:../../Middlewares/Third_Party/LwIP/src/netif/bridgeif_fdb.c ****  * @ingroup bridgeif_fdb
  68:../../Middlewares/Third_Party/LwIP/src/netif/bridgeif_fdb.c ****  * A real simple and slow implementation of an auto-learning forwarding database that
  69:../../Middlewares/Third_Party/LwIP/src/netif/bridgeif_fdb.c ****  * remembers known src mac addresses to know which port to send frames destined for that
  70:../../Middlewares/Third_Party/LwIP/src/netif/bridgeif_fdb.c ****  * mac address.
  71:../../Middlewares/Third_Party/LwIP/src/netif/bridgeif_fdb.c ****  *
  72:../../Middlewares/Third_Party/LwIP/src/netif/bridgeif_fdb.c ****  * ATTENTION: This is meant as an example only, in real-world use, you should 
  73:../../Middlewares/Third_Party/LwIP/src/netif/bridgeif_fdb.c ****  * provide a better implementation :-)
  74:../../Middlewares/Third_Party/LwIP/src/netif/bridgeif_fdb.c ****  */
  75:../../Middlewares/Third_Party/LwIP/src/netif/bridgeif_fdb.c **** void
  76:../../Middlewares/Third_Party/LwIP/src/netif/bridgeif_fdb.c **** bridgeif_fdb_update_src(void *fdb_ptr, struct eth_addr *src_addr, u8_t port_idx)
  77:../../Middlewares/Third_Party/LwIP/src/netif/bridgeif_fdb.c **** {
  78:../../Middlewares/Third_Party/LwIP/src/netif/bridgeif_fdb.c ****   int i;
  79:../../Middlewares/Third_Party/LwIP/src/netif/bridgeif_fdb.c ****   bridgeif_dfdb_t *fdb = (bridgeif_dfdb_t *)fdb_ptr;
  80:../../Middlewares/Third_Party/LwIP/src/netif/bridgeif_fdb.c ****   BRIDGEIF_DECL_PROTECT(lev);
  81:../../Middlewares/Third_Party/LwIP/src/netif/bridgeif_fdb.c ****   BRIDGEIF_READ_PROTECT(lev);
  82:../../Middlewares/Third_Party/LwIP/src/netif/bridgeif_fdb.c ****   for (i = 0; i < fdb->max_fdb_entries; i++) {
  83:../../Middlewares/Third_Party/LwIP/src/netif/bridgeif_fdb.c ****     bridgeif_dfdb_entry_t *e = &fdb->fdb[i];
  84:../../Middlewares/Third_Party/LwIP/src/netif/bridgeif_fdb.c ****     if (e->used && e->ts) {
  85:../../Middlewares/Third_Party/LwIP/src/netif/bridgeif_fdb.c ****       if (!memcmp(&e->addr, src_addr, sizeof(struct eth_addr))) {
  86:../../Middlewares/Third_Party/LwIP/src/netif/bridgeif_fdb.c ****         LWIP_DEBUGF(BRIDGEIF_FDB_DEBUG, ("br: update src %02x:%02x:%02x:%02x:%02x:%02x (from %d) @ 
  87:../../Middlewares/Third_Party/LwIP/src/netif/bridgeif_fdb.c ****                                          src_addr->addr[0], src_addr->addr[1], src_addr->addr[2], s
  88:../../Middlewares/Third_Party/LwIP/src/netif/bridgeif_fdb.c ****                                          port_idx, i));
  89:../../Middlewares/Third_Party/LwIP/src/netif/bridgeif_fdb.c ****         BRIDGEIF_WRITE_PROTECT(lev);
ARM GAS  C:\Users\minis\AppData\Local\Temp\ccvpxyj4.s 			page 3


  90:../../Middlewares/Third_Party/LwIP/src/netif/bridgeif_fdb.c ****         e->ts = BR_FDB_TIMEOUT_SEC;
  91:../../Middlewares/Third_Party/LwIP/src/netif/bridgeif_fdb.c ****         e->port = port_idx;
  92:../../Middlewares/Third_Party/LwIP/src/netif/bridgeif_fdb.c ****         BRIDGEIF_WRITE_UNPROTECT(lev);
  93:../../Middlewares/Third_Party/LwIP/src/netif/bridgeif_fdb.c ****         BRIDGEIF_READ_UNPROTECT(lev);
  94:../../Middlewares/Third_Party/LwIP/src/netif/bridgeif_fdb.c ****         return;
  95:../../Middlewares/Third_Party/LwIP/src/netif/bridgeif_fdb.c ****       }
  96:../../Middlewares/Third_Party/LwIP/src/netif/bridgeif_fdb.c ****     }
  97:../../Middlewares/Third_Party/LwIP/src/netif/bridgeif_fdb.c ****   }
  98:../../Middlewares/Third_Party/LwIP/src/netif/bridgeif_fdb.c ****   /* not found, allocate new entry from free */
  99:../../Middlewares/Third_Party/LwIP/src/netif/bridgeif_fdb.c ****   for (i = 0; i < fdb->max_fdb_entries; i++) {
 100:../../Middlewares/Third_Party/LwIP/src/netif/bridgeif_fdb.c ****     bridgeif_dfdb_entry_t *e = &fdb->fdb[i];
 101:../../Middlewares/Third_Party/LwIP/src/netif/bridgeif_fdb.c ****     if (!e->used || !e->ts) {
 102:../../Middlewares/Third_Party/LwIP/src/netif/bridgeif_fdb.c ****       BRIDGEIF_WRITE_PROTECT(lev);
 103:../../Middlewares/Third_Party/LwIP/src/netif/bridgeif_fdb.c ****       /* check again when protected */
 104:../../Middlewares/Third_Party/LwIP/src/netif/bridgeif_fdb.c ****       if (!e->used || !e->ts) {
 105:../../Middlewares/Third_Party/LwIP/src/netif/bridgeif_fdb.c ****         LWIP_DEBUGF(BRIDGEIF_FDB_DEBUG, ("br: create src %02x:%02x:%02x:%02x:%02x:%02x (from %d) @ 
 106:../../Middlewares/Third_Party/LwIP/src/netif/bridgeif_fdb.c ****                                          src_addr->addr[0], src_addr->addr[1], src_addr->addr[2], s
 107:../../Middlewares/Third_Party/LwIP/src/netif/bridgeif_fdb.c ****                                          port_idx, i));
 108:../../Middlewares/Third_Party/LwIP/src/netif/bridgeif_fdb.c ****         memcpy(&e->addr, src_addr, sizeof(struct eth_addr));
 109:../../Middlewares/Third_Party/LwIP/src/netif/bridgeif_fdb.c ****         e->ts = BR_FDB_TIMEOUT_SEC;
 110:../../Middlewares/Third_Party/LwIP/src/netif/bridgeif_fdb.c ****         e->port = port_idx;
 111:../../Middlewares/Third_Party/LwIP/src/netif/bridgeif_fdb.c ****         e->used = 1;
 112:../../Middlewares/Third_Party/LwIP/src/netif/bridgeif_fdb.c ****         BRIDGEIF_WRITE_UNPROTECT(lev);
 113:../../Middlewares/Third_Party/LwIP/src/netif/bridgeif_fdb.c ****         BRIDGEIF_READ_UNPROTECT(lev);
 114:../../Middlewares/Third_Party/LwIP/src/netif/bridgeif_fdb.c ****         return;
 115:../../Middlewares/Third_Party/LwIP/src/netif/bridgeif_fdb.c ****       }
 116:../../Middlewares/Third_Party/LwIP/src/netif/bridgeif_fdb.c ****       BRIDGEIF_WRITE_UNPROTECT(lev);
 117:../../Middlewares/Third_Party/LwIP/src/netif/bridgeif_fdb.c ****     }
 118:../../Middlewares/Third_Party/LwIP/src/netif/bridgeif_fdb.c ****   }
 119:../../Middlewares/Third_Party/LwIP/src/netif/bridgeif_fdb.c ****   BRIDGEIF_READ_UNPROTECT(lev);
 120:../../Middlewares/Third_Party/LwIP/src/netif/bridgeif_fdb.c ****   /* not found, no free entry -> flood */
 121:../../Middlewares/Third_Party/LwIP/src/netif/bridgeif_fdb.c **** }
 122:../../Middlewares/Third_Party/LwIP/src/netif/bridgeif_fdb.c **** 
 123:../../Middlewares/Third_Party/LwIP/src/netif/bridgeif_fdb.c **** /** 
 124:../../Middlewares/Third_Party/LwIP/src/netif/bridgeif_fdb.c ****  * @ingroup bridgeif_fdb
 125:../../Middlewares/Third_Party/LwIP/src/netif/bridgeif_fdb.c ****  * Walk our list of auto-learnt fdb entries and return a port to forward or BR_FLOOD if unknown 
 126:../../Middlewares/Third_Party/LwIP/src/netif/bridgeif_fdb.c ****  */
 127:../../Middlewares/Third_Party/LwIP/src/netif/bridgeif_fdb.c **** bridgeif_portmask_t
 128:../../Middlewares/Third_Party/LwIP/src/netif/bridgeif_fdb.c **** bridgeif_fdb_get_dst_ports(void *fdb_ptr, struct eth_addr *dst_addr)
 129:../../Middlewares/Third_Party/LwIP/src/netif/bridgeif_fdb.c **** {
 130:../../Middlewares/Third_Party/LwIP/src/netif/bridgeif_fdb.c ****   int i;
 131:../../Middlewares/Third_Party/LwIP/src/netif/bridgeif_fdb.c ****   bridgeif_dfdb_t *fdb = (bridgeif_dfdb_t *)fdb_ptr;
 132:../../Middlewares/Third_Party/LwIP/src/netif/bridgeif_fdb.c ****   BRIDGEIF_DECL_PROTECT(lev);
 133:../../Middlewares/Third_Party/LwIP/src/netif/bridgeif_fdb.c ****   BRIDGEIF_READ_PROTECT(lev);
 134:../../Middlewares/Third_Party/LwIP/src/netif/bridgeif_fdb.c ****   for (i = 0; i < fdb->max_fdb_entries; i++) {
 135:../../Middlewares/Third_Party/LwIP/src/netif/bridgeif_fdb.c ****     bridgeif_dfdb_entry_t *e = &fdb->fdb[i];
 136:../../Middlewares/Third_Party/LwIP/src/netif/bridgeif_fdb.c ****     if (e->used && e->ts) {
 137:../../Middlewares/Third_Party/LwIP/src/netif/bridgeif_fdb.c ****       if (!memcmp(&e->addr, dst_addr, sizeof(struct eth_addr))) {
 138:../../Middlewares/Third_Party/LwIP/src/netif/bridgeif_fdb.c ****         bridgeif_portmask_t ret = (bridgeif_portmask_t)(1 << e->port);
 139:../../Middlewares/Third_Party/LwIP/src/netif/bridgeif_fdb.c ****         BRIDGEIF_READ_UNPROTECT(lev);
 140:../../Middlewares/Third_Party/LwIP/src/netif/bridgeif_fdb.c ****         return ret;
 141:../../Middlewares/Third_Party/LwIP/src/netif/bridgeif_fdb.c ****       }
 142:../../Middlewares/Third_Party/LwIP/src/netif/bridgeif_fdb.c ****     }
 143:../../Middlewares/Third_Party/LwIP/src/netif/bridgeif_fdb.c ****   }
 144:../../Middlewares/Third_Party/LwIP/src/netif/bridgeif_fdb.c ****   BRIDGEIF_READ_UNPROTECT(lev);
 145:../../Middlewares/Third_Party/LwIP/src/netif/bridgeif_fdb.c ****   return BR_FLOOD;
 146:../../Middlewares/Third_Party/LwIP/src/netif/bridgeif_fdb.c **** }
ARM GAS  C:\Users\minis\AppData\Local\Temp\ccvpxyj4.s 			page 4


 147:../../Middlewares/Third_Party/LwIP/src/netif/bridgeif_fdb.c **** 
 148:../../Middlewares/Third_Party/LwIP/src/netif/bridgeif_fdb.c **** /**
 149:../../Middlewares/Third_Party/LwIP/src/netif/bridgeif_fdb.c ****  * @ingroup bridgeif_fdb
 150:../../Middlewares/Third_Party/LwIP/src/netif/bridgeif_fdb.c ****  * Aging implementation of our simple fdb
 151:../../Middlewares/Third_Party/LwIP/src/netif/bridgeif_fdb.c ****  */
 152:../../Middlewares/Third_Party/LwIP/src/netif/bridgeif_fdb.c **** static void
 153:../../Middlewares/Third_Party/LwIP/src/netif/bridgeif_fdb.c **** bridgeif_fdb_age_one_second(void *fdb_ptr)
 154:../../Middlewares/Third_Party/LwIP/src/netif/bridgeif_fdb.c **** {
  27              		.loc 1 154 1 view -0
  28              		.cfi_startproc
  29              		@ args = 0, pretend = 0, frame = 0
  30              		@ frame_needed = 0, uses_anonymous_args = 0
  31              		@ link register save eliminated.
 155:../../Middlewares/Third_Party/LwIP/src/netif/bridgeif_fdb.c ****   int i;
  32              		.loc 1 155 3 view .LVU1
 156:../../Middlewares/Third_Party/LwIP/src/netif/bridgeif_fdb.c ****   bridgeif_dfdb_t *fdb;
  33              		.loc 1 156 3 view .LVU2
 157:../../Middlewares/Third_Party/LwIP/src/netif/bridgeif_fdb.c ****   BRIDGEIF_DECL_PROTECT(lev);
  34              		.loc 1 157 29 view .LVU3
 158:../../Middlewares/Third_Party/LwIP/src/netif/bridgeif_fdb.c **** 
 159:../../Middlewares/Third_Party/LwIP/src/netif/bridgeif_fdb.c ****   fdb = (bridgeif_dfdb_t *)fdb_ptr;
  35              		.loc 1 159 3 view .LVU4
 160:../../Middlewares/Third_Party/LwIP/src/netif/bridgeif_fdb.c ****   BRIDGEIF_READ_PROTECT(lev);
  36              		.loc 1 160 29 view .LVU5
 161:../../Middlewares/Third_Party/LwIP/src/netif/bridgeif_fdb.c **** 
 162:../../Middlewares/Third_Party/LwIP/src/netif/bridgeif_fdb.c ****   for (i = 0; i < fdb->max_fdb_entries; i++) {
  37              		.loc 1 162 3 view .LVU6
  38              		.loc 1 162 10 is_stmt 0 view .LVU7
  39 0000 0023     		movs	r3, #0
  40              	.LVL1:
  41              		.loc 1 162 17 is_stmt 1 discriminator 1 view .LVU8
  42              		.loc 1 162 22 is_stmt 0 discriminator 1 view .LVU9
  43 0002 0288     		ldrh	r2, [r0]
  44              		.loc 1 162 17 discriminator 1 view .LVU10
  45 0004 9A42     		cmp	r2, r3
  46 0006 1ADD     		ble	.L8
 154:../../Middlewares/Third_Party/LwIP/src/netif/bridgeif_fdb.c ****   int i;
  47              		.loc 1 154 1 view .LVU11
  48 0008 10B4     		push	{r4}
  49              	.LCFI0:
  50              		.cfi_def_cfa_offset 4
  51              		.cfi_offset 4, -4
  52 000a 03E0     		b	.L4
  53              	.LVL2:
  54              	.L3:
  55              	.LBB2:
 163:../../Middlewares/Third_Party/LwIP/src/netif/bridgeif_fdb.c ****     bridgeif_dfdb_entry_t *e = &fdb->fdb[i];
 164:../../Middlewares/Third_Party/LwIP/src/netif/bridgeif_fdb.c ****     if (e->used && e->ts) {
 165:../../Middlewares/Third_Party/LwIP/src/netif/bridgeif_fdb.c ****       BRIDGEIF_WRITE_PROTECT(lev);
 166:../../Middlewares/Third_Party/LwIP/src/netif/bridgeif_fdb.c ****       /* check again when protected */
 167:../../Middlewares/Third_Party/LwIP/src/netif/bridgeif_fdb.c ****       if (e->used && e->ts) {
 168:../../Middlewares/Third_Party/LwIP/src/netif/bridgeif_fdb.c ****         if (--e->ts == 0) {
 169:../../Middlewares/Third_Party/LwIP/src/netif/bridgeif_fdb.c ****           e->used = 0;
 170:../../Middlewares/Third_Party/LwIP/src/netif/bridgeif_fdb.c ****         }
 171:../../Middlewares/Third_Party/LwIP/src/netif/bridgeif_fdb.c ****       }
 172:../../Middlewares/Third_Party/LwIP/src/netif/bridgeif_fdb.c ****       BRIDGEIF_WRITE_UNPROTECT(lev);
  56              		.loc 1 172 36 is_stmt 1 view .LVU12
ARM GAS  C:\Users\minis\AppData\Local\Temp\ccvpxyj4.s 			page 5


  57              	.LBE2:
 162:../../Middlewares/Third_Party/LwIP/src/netif/bridgeif_fdb.c ****     bridgeif_dfdb_entry_t *e = &fdb->fdb[i];
  58              		.loc 1 162 42 discriminator 2 view .LVU13
  59 000c 0133     		adds	r3, r3, #1
  60              	.LVL3:
 162:../../Middlewares/Third_Party/LwIP/src/netif/bridgeif_fdb.c ****     bridgeif_dfdb_entry_t *e = &fdb->fdb[i];
  61              		.loc 1 162 17 discriminator 1 view .LVU14
 162:../../Middlewares/Third_Party/LwIP/src/netif/bridgeif_fdb.c ****     bridgeif_dfdb_entry_t *e = &fdb->fdb[i];
  62              		.loc 1 162 22 is_stmt 0 discriminator 1 view .LVU15
  63 000e 0288     		ldrh	r2, [r0]
 162:../../Middlewares/Third_Party/LwIP/src/netif/bridgeif_fdb.c ****     bridgeif_dfdb_entry_t *e = &fdb->fdb[i];
  64              		.loc 1 162 17 discriminator 1 view .LVU16
  65 0010 9A42     		cmp	r2, r3
  66 0012 11DD     		ble	.L9
  67              	.LVL4:
  68              	.L4:
  69              	.LBB3:
 163:../../Middlewares/Third_Party/LwIP/src/netif/bridgeif_fdb.c ****     bridgeif_dfdb_entry_t *e = &fdb->fdb[i];
  70              		.loc 1 163 5 is_stmt 1 view .LVU17
 163:../../Middlewares/Third_Party/LwIP/src/netif/bridgeif_fdb.c ****     bridgeif_dfdb_entry_t *e = &fdb->fdb[i];
  71              		.loc 1 163 36 is_stmt 0 view .LVU18
  72 0014 4268     		ldr	r2, [r0, #4]
 163:../../Middlewares/Third_Party/LwIP/src/netif/bridgeif_fdb.c ****     bridgeif_dfdb_entry_t *e = &fdb->fdb[i];
  73              		.loc 1 163 41 view .LVU19
  74 0016 1901     		lsls	r1, r3, #4
 163:../../Middlewares/Third_Party/LwIP/src/netif/bridgeif_fdb.c ****     bridgeif_dfdb_entry_t *e = &fdb->fdb[i];
  75              		.loc 1 163 28 view .LVU20
  76 0018 02EB031C 		add	ip, r2, r3, lsl #4
  77              	.LVL5:
 164:../../Middlewares/Third_Party/LwIP/src/netif/bridgeif_fdb.c ****       BRIDGEIF_WRITE_PROTECT(lev);
  78              		.loc 1 164 5 is_stmt 1 view .LVU21
 164:../../Middlewares/Third_Party/LwIP/src/netif/bridgeif_fdb.c ****       BRIDGEIF_WRITE_PROTECT(lev);
  79              		.loc 1 164 10 is_stmt 0 view .LVU22
  80 001c 545C     		ldrb	r4, [r2, r1]	@ zero_extendqisi2
 164:../../Middlewares/Third_Party/LwIP/src/netif/bridgeif_fdb.c ****       BRIDGEIF_WRITE_PROTECT(lev);
  81              		.loc 1 164 8 view .LVU23
  82 001e 002C     		cmp	r4, #0
  83 0020 F4D0     		beq	.L3
 164:../../Middlewares/Third_Party/LwIP/src/netif/bridgeif_fdb.c ****       BRIDGEIF_WRITE_PROTECT(lev);
  84              		.loc 1 164 21 discriminator 1 view .LVU24
  85 0022 DCF80440 		ldr	r4, [ip, #4]
 164:../../Middlewares/Third_Party/LwIP/src/netif/bridgeif_fdb.c ****       BRIDGEIF_WRITE_PROTECT(lev);
  86              		.loc 1 164 17 discriminator 1 view .LVU25
  87 0026 002C     		cmp	r4, #0
  88 0028 F0D0     		beq	.L3
 165:../../Middlewares/Third_Party/LwIP/src/netif/bridgeif_fdb.c ****       /* check again when protected */
  89              		.loc 1 165 34 is_stmt 1 view .LVU26
 167:../../Middlewares/Third_Party/LwIP/src/netif/bridgeif_fdb.c ****         if (--e->ts == 0) {
  90              		.loc 1 167 7 view .LVU27
 168:../../Middlewares/Third_Party/LwIP/src/netif/bridgeif_fdb.c ****           e->used = 0;
  91              		.loc 1 168 9 view .LVU28
 168:../../Middlewares/Third_Party/LwIP/src/netif/bridgeif_fdb.c ****           e->used = 0;
  92              		.loc 1 168 13 is_stmt 0 view .LVU29
  93 002a 013C     		subs	r4, r4, #1
 168:../../Middlewares/Third_Party/LwIP/src/netif/bridgeif_fdb.c ****           e->used = 0;
  94              		.loc 1 168 12 view .LVU30
  95 002c CCF80440 		str	r4, [ip, #4]
ARM GAS  C:\Users\minis\AppData\Local\Temp\ccvpxyj4.s 			page 6


  96 0030 002C     		cmp	r4, #0
  97 0032 EBD1     		bne	.L3
 169:../../Middlewares/Third_Party/LwIP/src/netif/bridgeif_fdb.c ****         }
  98              		.loc 1 169 11 is_stmt 1 view .LVU31
 169:../../Middlewares/Third_Party/LwIP/src/netif/bridgeif_fdb.c ****         }
  99              		.loc 1 169 19 is_stmt 0 view .LVU32
 100 0034 5454     		strb	r4, [r2, r1]
 101 0036 E9E7     		b	.L3
 102              	.L9:
 169:../../Middlewares/Third_Party/LwIP/src/netif/bridgeif_fdb.c ****         }
 103              		.loc 1 169 19 view .LVU33
 104              	.LBE3:
 173:../../Middlewares/Third_Party/LwIP/src/netif/bridgeif_fdb.c ****     }
 174:../../Middlewares/Third_Party/LwIP/src/netif/bridgeif_fdb.c ****   }
 175:../../Middlewares/Third_Party/LwIP/src/netif/bridgeif_fdb.c ****   BRIDGEIF_READ_UNPROTECT(lev);
 176:../../Middlewares/Third_Party/LwIP/src/netif/bridgeif_fdb.c **** }
 105              		.loc 1 176 1 view .LVU34
 106 0038 5DF8044B 		ldr	r4, [sp], #4
 107              	.LCFI1:
 108              		.cfi_restore 4
 109              		.cfi_def_cfa_offset 0
 110 003c 7047     		bx	lr
 111              	.LVL6:
 112              	.L8:
 113              		.loc 1 176 1 view .LVU35
 114 003e 7047     		bx	lr
 115              		.cfi_endproc
 116              	.LFE176:
 118              		.section	.rodata.bridgeif_age_tmr.str1.4,"aMS",%progbits,1
 119              		.align	2
 120              	.LC0:
 121 0000 2E2E2F2E 		.ascii	"../../Middlewares/Third_Party/LwIP/src/netif/bridge"
 121      2E2F4D69 
 121      64646C65 
 121      77617265 
 121      732F5468 
 122 0033 69665F66 		.ascii	"if_fdb.c\000"
 122      64622E63 
 122      00
 123              		.align	2
 124              	.LC1:
 125 003c 696E7661 		.ascii	"invalid arg\000"
 125      6C696420 
 125      61726700 
 126              		.align	2
 127              	.LC2:
 128 0048 41737365 		.ascii	"Assertion \"%s\" failed at line %d in %s\012\000"
 128      7274696F 
 128      6E202225 
 128      73222066 
 128      61696C65 
 129              		.section	.text.bridgeif_age_tmr,"ax",%progbits
 130              		.align	1
 131              		.syntax unified
 132              		.thumb
 133              		.thumb_func
 135              	bridgeif_age_tmr:
ARM GAS  C:\Users\minis\AppData\Local\Temp\ccvpxyj4.s 			page 7


 136              	.LVL7:
 137              	.LFB177:
 177:../../Middlewares/Third_Party/LwIP/src/netif/bridgeif_fdb.c **** 
 178:../../Middlewares/Third_Party/LwIP/src/netif/bridgeif_fdb.c **** /** Timer callback for fdb aging, called once per second */
 179:../../Middlewares/Third_Party/LwIP/src/netif/bridgeif_fdb.c **** static void
 180:../../Middlewares/Third_Party/LwIP/src/netif/bridgeif_fdb.c **** bridgeif_age_tmr(void *arg)
 181:../../Middlewares/Third_Party/LwIP/src/netif/bridgeif_fdb.c **** {
 138              		.loc 1 181 1 is_stmt 1 view -0
 139              		.cfi_startproc
 140              		@ args = 0, pretend = 0, frame = 0
 141              		@ frame_needed = 0, uses_anonymous_args = 0
 142              		.loc 1 181 1 is_stmt 0 view .LVU37
 143 0000 10B5     		push	{r4, lr}
 144              	.LCFI2:
 145              		.cfi_def_cfa_offset 8
 146              		.cfi_offset 4, -8
 147              		.cfi_offset 14, -4
 182:../../Middlewares/Third_Party/LwIP/src/netif/bridgeif_fdb.c ****   bridgeif_dfdb_t *fdb = (bridgeif_dfdb_t *)arg;
 148              		.loc 1 182 3 is_stmt 1 view .LVU38
 149              	.LVL8:
 183:../../Middlewares/Third_Party/LwIP/src/netif/bridgeif_fdb.c **** 
 184:../../Middlewares/Third_Party/LwIP/src/netif/bridgeif_fdb.c ****   LWIP_ASSERT("invalid arg", arg != NULL);
 150              		.loc 1 184 3 view .LVU39
 151              		.loc 1 184 3 view .LVU40
 152 0002 0446     		mov	r4, r0
 153 0004 48B1     		cbz	r0, .L13
 154              	.LVL9:
 155              	.L11:
 156              		.loc 1 184 3 view .LVU41
 157              		.loc 1 184 3 view .LVU42
 185:../../Middlewares/Third_Party/LwIP/src/netif/bridgeif_fdb.c **** 
 186:../../Middlewares/Third_Party/LwIP/src/netif/bridgeif_fdb.c ****   bridgeif_fdb_age_one_second(fdb);
 158              		.loc 1 186 3 view .LVU43
 159 0006 2046     		mov	r0, r4
 160 0008 FFF7FEFF 		bl	bridgeif_fdb_age_one_second
 161              	.LVL10:
 187:../../Middlewares/Third_Party/LwIP/src/netif/bridgeif_fdb.c ****   sys_timeout(BRIDGEIF_AGE_TIMER_MS, bridgeif_age_tmr, arg);
 162              		.loc 1 187 3 view .LVU44
 163 000c 2246     		mov	r2, r4
 164 000e 0649     		ldr	r1, .L14
 165 0010 4FF47A70 		mov	r0, #1000
 166 0014 FFF7FEFF 		bl	sys_timeout
 167              	.LVL11:
 188:../../Middlewares/Third_Party/LwIP/src/netif/bridgeif_fdb.c **** }
 168              		.loc 1 188 1 is_stmt 0 view .LVU45
 169 0018 10BD     		pop	{r4, pc}
 170              	.LVL12:
 171              	.L13:
 184:../../Middlewares/Third_Party/LwIP/src/netif/bridgeif_fdb.c **** 
 172              		.loc 1 184 3 is_stmt 1 discriminator 1 view .LVU46
 184:../../Middlewares/Third_Party/LwIP/src/netif/bridgeif_fdb.c **** 
 173              		.loc 1 184 3 discriminator 1 view .LVU47
 174 001a 044B     		ldr	r3, .L14+4
 175 001c B822     		movs	r2, #184
 176 001e 0449     		ldr	r1, .L14+8
 177 0020 0448     		ldr	r0, .L14+12
 178              	.LVL13:
ARM GAS  C:\Users\minis\AppData\Local\Temp\ccvpxyj4.s 			page 8


 184:../../Middlewares/Third_Party/LwIP/src/netif/bridgeif_fdb.c **** 
 179              		.loc 1 184 3 is_stmt 0 discriminator 1 view .LVU48
 180 0022 FFF7FEFF 		bl	printf
 181              	.LVL14:
 182 0026 EEE7     		b	.L11
 183              	.L15:
 184              		.align	2
 185              	.L14:
 186 0028 00000000 		.word	bridgeif_age_tmr
 187 002c 00000000 		.word	.LC0
 188 0030 3C000000 		.word	.LC1
 189 0034 48000000 		.word	.LC2
 190              		.cfi_endproc
 191              	.LFE177:
 193              		.section	.text.bridgeif_fdb_update_src,"ax",%progbits
 194              		.align	1
 195              		.global	bridgeif_fdb_update_src
 196              		.syntax unified
 197              		.thumb
 198              		.thumb_func
 200              	bridgeif_fdb_update_src:
 201              	.LVL15:
 202              	.LFB174:
  77:../../Middlewares/Third_Party/LwIP/src/netif/bridgeif_fdb.c ****   int i;
 203              		.loc 1 77 1 is_stmt 1 view -0
 204              		.cfi_startproc
 205              		@ args = 0, pretend = 0, frame = 0
 206              		@ frame_needed = 0, uses_anonymous_args = 0
  77:../../Middlewares/Third_Party/LwIP/src/netif/bridgeif_fdb.c ****   int i;
 207              		.loc 1 77 1 is_stmt 0 view .LVU50
 208 0000 2DE9F843 		push	{r3, r4, r5, r6, r7, r8, r9, lr}
 209              	.LCFI3:
 210              		.cfi_def_cfa_offset 32
 211              		.cfi_offset 3, -32
 212              		.cfi_offset 4, -28
 213              		.cfi_offset 5, -24
 214              		.cfi_offset 6, -20
 215              		.cfi_offset 7, -16
 216              		.cfi_offset 8, -12
 217              		.cfi_offset 9, -8
 218              		.cfi_offset 14, -4
 219 0004 0646     		mov	r6, r0
 220 0006 0F46     		mov	r7, r1
 221 0008 9046     		mov	r8, r2
  78:../../Middlewares/Third_Party/LwIP/src/netif/bridgeif_fdb.c ****   bridgeif_dfdb_t *fdb = (bridgeif_dfdb_t *)fdb_ptr;
 222              		.loc 1 78 3 is_stmt 1 view .LVU51
  79:../../Middlewares/Third_Party/LwIP/src/netif/bridgeif_fdb.c ****   BRIDGEIF_DECL_PROTECT(lev);
 223              		.loc 1 79 3 view .LVU52
 224              	.LVL16:
  80:../../Middlewares/Third_Party/LwIP/src/netif/bridgeif_fdb.c ****   BRIDGEIF_READ_PROTECT(lev);
 225              		.loc 1 80 29 view .LVU53
  81:../../Middlewares/Third_Party/LwIP/src/netif/bridgeif_fdb.c ****   for (i = 0; i < fdb->max_fdb_entries; i++) {
 226              		.loc 1 81 29 view .LVU54
  82:../../Middlewares/Third_Party/LwIP/src/netif/bridgeif_fdb.c ****     bridgeif_dfdb_entry_t *e = &fdb->fdb[i];
 227              		.loc 1 82 3 view .LVU55
  82:../../Middlewares/Third_Party/LwIP/src/netif/bridgeif_fdb.c ****     bridgeif_dfdb_entry_t *e = &fdb->fdb[i];
 228              		.loc 1 82 10 is_stmt 0 view .LVU56
ARM GAS  C:\Users\minis\AppData\Local\Temp\ccvpxyj4.s 			page 9


 229 000a 0024     		movs	r4, #0
  82:../../Middlewares/Third_Party/LwIP/src/netif/bridgeif_fdb.c ****     bridgeif_dfdb_entry_t *e = &fdb->fdb[i];
 230              		.loc 1 82 3 view .LVU57
 231 000c 00E0     		b	.L17
 232              	.LVL17:
 233              	.L18:
  82:../../Middlewares/Third_Party/LwIP/src/netif/bridgeif_fdb.c ****     bridgeif_dfdb_entry_t *e = &fdb->fdb[i];
 234              		.loc 1 82 42 is_stmt 1 discriminator 2 view .LVU58
 235 000e 0134     		adds	r4, r4, #1
 236              	.LVL18:
 237              	.L17:
  82:../../Middlewares/Third_Party/LwIP/src/netif/bridgeif_fdb.c ****     bridgeif_dfdb_entry_t *e = &fdb->fdb[i];
 238              		.loc 1 82 17 discriminator 1 view .LVU59
  82:../../Middlewares/Third_Party/LwIP/src/netif/bridgeif_fdb.c ****     bridgeif_dfdb_entry_t *e = &fdb->fdb[i];
 239              		.loc 1 82 22 is_stmt 0 discriminator 1 view .LVU60
 240 0010 3288     		ldrh	r2, [r6]
  82:../../Middlewares/Third_Party/LwIP/src/netif/bridgeif_fdb.c ****     bridgeif_dfdb_entry_t *e = &fdb->fdb[i];
 241              		.loc 1 82 17 discriminator 1 view .LVU61
 242 0012 A242     		cmp	r2, r4
 243 0014 19DD     		ble	.L27
 244              	.LBB4:
  83:../../Middlewares/Third_Party/LwIP/src/netif/bridgeif_fdb.c ****     if (e->used && e->ts) {
 245              		.loc 1 83 5 is_stmt 1 view .LVU62
  83:../../Middlewares/Third_Party/LwIP/src/netif/bridgeif_fdb.c ****     if (e->used && e->ts) {
 246              		.loc 1 83 36 is_stmt 0 view .LVU63
 247 0016 7568     		ldr	r5, [r6, #4]
  83:../../Middlewares/Third_Party/LwIP/src/netif/bridgeif_fdb.c ****     if (e->used && e->ts) {
 248              		.loc 1 83 41 view .LVU64
 249 0018 2301     		lsls	r3, r4, #4
  83:../../Middlewares/Third_Party/LwIP/src/netif/bridgeif_fdb.c ****     if (e->used && e->ts) {
 250              		.loc 1 83 28 view .LVU65
 251 001a 05EB0419 		add	r9, r5, r4, lsl #4
 252              	.LVL19:
  84:../../Middlewares/Third_Party/LwIP/src/netif/bridgeif_fdb.c ****       if (!memcmp(&e->addr, src_addr, sizeof(struct eth_addr))) {
 253              		.loc 1 84 5 is_stmt 1 view .LVU66
  84:../../Middlewares/Third_Party/LwIP/src/netif/bridgeif_fdb.c ****       if (!memcmp(&e->addr, src_addr, sizeof(struct eth_addr))) {
 254              		.loc 1 84 10 is_stmt 0 view .LVU67
 255 001e EB5C     		ldrb	r3, [r5, r3]	@ zero_extendqisi2
  84:../../Middlewares/Third_Party/LwIP/src/netif/bridgeif_fdb.c ****       if (!memcmp(&e->addr, src_addr, sizeof(struct eth_addr))) {
 256              		.loc 1 84 8 view .LVU68
 257 0020 002B     		cmp	r3, #0
 258 0022 F4D0     		beq	.L18
  84:../../Middlewares/Third_Party/LwIP/src/netif/bridgeif_fdb.c ****       if (!memcmp(&e->addr, src_addr, sizeof(struct eth_addr))) {
 259              		.loc 1 84 21 discriminator 1 view .LVU69
 260 0024 D9F80430 		ldr	r3, [r9, #4]
  84:../../Middlewares/Third_Party/LwIP/src/netif/bridgeif_fdb.c ****       if (!memcmp(&e->addr, src_addr, sizeof(struct eth_addr))) {
 261              		.loc 1 84 17 discriminator 1 view .LVU70
 262 0028 002B     		cmp	r3, #0
 263 002a F0D0     		beq	.L18
  85:../../Middlewares/Third_Party/LwIP/src/netif/bridgeif_fdb.c ****         LWIP_DEBUGF(BRIDGEIF_FDB_DEBUG, ("br: update src %02x:%02x:%02x:%02x:%02x:%02x (from %d) @ 
 264              		.loc 1 85 7 is_stmt 1 view .LVU71
  85:../../Middlewares/Third_Party/LwIP/src/netif/bridgeif_fdb.c ****         LWIP_DEBUGF(BRIDGEIF_FDB_DEBUG, ("br: update src %02x:%02x:%02x:%02x:%02x:%02x (from %d) @ 
 265              		.loc 1 85 12 is_stmt 0 view .LVU72
 266 002c 0622     		movs	r2, #6
 267 002e 3946     		mov	r1, r7
 268 0030 09F10800 		add	r0, r9, #8
 269 0034 FFF7FEFF 		bl	memcmp
ARM GAS  C:\Users\minis\AppData\Local\Temp\ccvpxyj4.s 			page 10


 270              	.LVL20:
  85:../../Middlewares/Third_Party/LwIP/src/netif/bridgeif_fdb.c ****         LWIP_DEBUGF(BRIDGEIF_FDB_DEBUG, ("br: update src %02x:%02x:%02x:%02x:%02x:%02x (from %d) @ 
 271              		.loc 1 85 10 discriminator 1 view .LVU73
 272 0038 0028     		cmp	r0, #0
 273 003a E8D1     		bne	.L18
  88:../../Middlewares/Third_Party/LwIP/src/netif/bridgeif_fdb.c ****         BRIDGEIF_WRITE_PROTECT(lev);
 274              		.loc 1 88 55 is_stmt 1 view .LVU74
  89:../../Middlewares/Third_Party/LwIP/src/netif/bridgeif_fdb.c ****         e->ts = BR_FDB_TIMEOUT_SEC;
 275              		.loc 1 89 36 view .LVU75
  90:../../Middlewares/Third_Party/LwIP/src/netif/bridgeif_fdb.c ****         e->port = port_idx;
 276              		.loc 1 90 9 view .LVU76
  90:../../Middlewares/Third_Party/LwIP/src/netif/bridgeif_fdb.c ****         e->port = port_idx;
 277              		.loc 1 90 15 is_stmt 0 view .LVU77
 278 003c 4FF49673 		mov	r3, #300
 279 0040 C9F80430 		str	r3, [r9, #4]
  91:../../Middlewares/Third_Party/LwIP/src/netif/bridgeif_fdb.c ****         BRIDGEIF_WRITE_UNPROTECT(lev);
 280              		.loc 1 91 9 is_stmt 1 view .LVU78
  91:../../Middlewares/Third_Party/LwIP/src/netif/bridgeif_fdb.c ****         BRIDGEIF_WRITE_UNPROTECT(lev);
 281              		.loc 1 91 17 is_stmt 0 view .LVU79
 282 0044 89F80180 		strb	r8, [r9, #1]
  92:../../Middlewares/Third_Party/LwIP/src/netif/bridgeif_fdb.c ****         BRIDGEIF_READ_UNPROTECT(lev);
 283              		.loc 1 92 38 is_stmt 1 view .LVU80
  93:../../Middlewares/Third_Party/LwIP/src/netif/bridgeif_fdb.c ****         return;
 284              		.loc 1 93 37 view .LVU81
  94:../../Middlewares/Third_Party/LwIP/src/netif/bridgeif_fdb.c ****       }
 285              		.loc 1 94 9 view .LVU82
 286 0048 20E0     		b	.L16
 287              	.LVL21:
 288              	.L27:
  94:../../Middlewares/Third_Party/LwIP/src/netif/bridgeif_fdb.c ****       }
 289              		.loc 1 94 9 is_stmt 0 view .LVU83
 290              	.LBE4:
  99:../../Middlewares/Third_Party/LwIP/src/netif/bridgeif_fdb.c ****     bridgeif_dfdb_entry_t *e = &fdb->fdb[i];
 291              		.loc 1 99 10 view .LVU84
 292 004a 0023     		movs	r3, #0
 293 004c 03E0     		b	.L21
 294              	.LVL22:
 295              	.L22:
 296              	.LBB5:
 102:../../Middlewares/Third_Party/LwIP/src/netif/bridgeif_fdb.c ****       /* check again when protected */
 297              		.loc 1 102 34 is_stmt 1 view .LVU85
 104:../../Middlewares/Third_Party/LwIP/src/netif/bridgeif_fdb.c ****         LWIP_DEBUGF(BRIDGEIF_FDB_DEBUG, ("br: create src %02x:%02x:%02x:%02x:%02x:%02x (from %d) @ 
 298              		.loc 1 104 7 view .LVU86
 104:../../Middlewares/Third_Party/LwIP/src/netif/bridgeif_fdb.c ****         LWIP_DEBUGF(BRIDGEIF_FDB_DEBUG, ("br: create src %02x:%02x:%02x:%02x:%02x:%02x (from %d) @ 
 299              		.loc 1 104 10 is_stmt 0 view .LVU87
 300 004e 88B1     		cbz	r0, .L24
 104:../../Middlewares/Third_Party/LwIP/src/netif/bridgeif_fdb.c ****         LWIP_DEBUGF(BRIDGEIF_FDB_DEBUG, ("br: create src %02x:%02x:%02x:%02x:%02x:%02x (from %d) @ 
 301              		.loc 1 104 25 discriminator 1 view .LVU88
 302 0050 6868     		ldr	r0, [r5, #4]
 104:../../Middlewares/Third_Party/LwIP/src/netif/bridgeif_fdb.c ****         LWIP_DEBUGF(BRIDGEIF_FDB_DEBUG, ("br: create src %02x:%02x:%02x:%02x:%02x:%02x (from %d) @ 
 303              		.loc 1 104 20 discriminator 1 view .LVU89
 304 0052 78B1     		cbz	r0, .L24
 305              	.L23:
 116:../../Middlewares/Third_Party/LwIP/src/netif/bridgeif_fdb.c ****     }
 306              		.loc 1 116 36 is_stmt 1 view .LVU90
 307              	.LBE5:
  99:../../Middlewares/Third_Party/LwIP/src/netif/bridgeif_fdb.c ****     bridgeif_dfdb_entry_t *e = &fdb->fdb[i];
ARM GAS  C:\Users\minis\AppData\Local\Temp\ccvpxyj4.s 			page 11


 308              		.loc 1 99 42 discriminator 2 view .LVU91
 309 0054 0133     		adds	r3, r3, #1
 310              	.LVL23:
 311              	.L21:
  99:../../Middlewares/Third_Party/LwIP/src/netif/bridgeif_fdb.c ****     bridgeif_dfdb_entry_t *e = &fdb->fdb[i];
 312              		.loc 1 99 17 discriminator 1 view .LVU92
 313 0056 9A42     		cmp	r2, r3
 314 0058 18DD     		ble	.L16
 315              	.LBB6:
 100:../../Middlewares/Third_Party/LwIP/src/netif/bridgeif_fdb.c ****     if (!e->used || !e->ts) {
 316              		.loc 1 100 5 view .LVU93
 100:../../Middlewares/Third_Party/LwIP/src/netif/bridgeif_fdb.c ****     if (!e->used || !e->ts) {
 317              		.loc 1 100 36 is_stmt 0 view .LVU94
 318 005a 7168     		ldr	r1, [r6, #4]
 100:../../Middlewares/Third_Party/LwIP/src/netif/bridgeif_fdb.c ****     if (!e->used || !e->ts) {
 319              		.loc 1 100 41 view .LVU95
 320 005c 4FEA031C 		lsl	ip, r3, #4
 100:../../Middlewares/Third_Party/LwIP/src/netif/bridgeif_fdb.c ****     if (!e->used || !e->ts) {
 321              		.loc 1 100 28 view .LVU96
 322 0060 01EB0315 		add	r5, r1, r3, lsl #4
 323              	.LVL24:
 101:../../Middlewares/Third_Party/LwIP/src/netif/bridgeif_fdb.c ****       BRIDGEIF_WRITE_PROTECT(lev);
 324              		.loc 1 101 5 is_stmt 1 view .LVU97
 101:../../Middlewares/Third_Party/LwIP/src/netif/bridgeif_fdb.c ****       BRIDGEIF_WRITE_PROTECT(lev);
 325              		.loc 1 101 11 is_stmt 0 view .LVU98
 326 0064 11F80C00 		ldrb	r0, [r1, ip]	@ zero_extendqisi2
 101:../../Middlewares/Third_Party/LwIP/src/netif/bridgeif_fdb.c ****       BRIDGEIF_WRITE_PROTECT(lev);
 327              		.loc 1 101 8 view .LVU99
 328 0068 0028     		cmp	r0, #0
 329 006a F0D0     		beq	.L22
 101:../../Middlewares/Third_Party/LwIP/src/netif/bridgeif_fdb.c ****       BRIDGEIF_WRITE_PROTECT(lev);
 330              		.loc 1 101 23 discriminator 1 view .LVU100
 331 006c 6C68     		ldr	r4, [r5, #4]
 101:../../Middlewares/Third_Party/LwIP/src/netif/bridgeif_fdb.c ****       BRIDGEIF_WRITE_PROTECT(lev);
 332              		.loc 1 101 18 discriminator 1 view .LVU101
 333 006e 002C     		cmp	r4, #0
 334 0070 F0D1     		bne	.L23
 335 0072 ECE7     		b	.L22
 336              	.L24:
 107:../../Middlewares/Third_Party/LwIP/src/netif/bridgeif_fdb.c ****         memcpy(&e->addr, src_addr, sizeof(struct eth_addr));
 337              		.loc 1 107 55 is_stmt 1 view .LVU102
 108:../../Middlewares/Third_Party/LwIP/src/netif/bridgeif_fdb.c ****         e->ts = BR_FDB_TIMEOUT_SEC;
 338              		.loc 1 108 9 view .LVU103
 339 0074 3B68     		ldr	r3, [r7]	@ unaligned
 340              	.LVL25:
 108:../../Middlewares/Third_Party/LwIP/src/netif/bridgeif_fdb.c ****         e->ts = BR_FDB_TIMEOUT_SEC;
 341              		.loc 1 108 9 is_stmt 0 view .LVU104
 342 0076 AB60     		str	r3, [r5, #8]	@ unaligned
 343 0078 BB88     		ldrh	r3, [r7, #4]	@ unaligned
 344 007a AB81     		strh	r3, [r5, #12]	@ unaligned
 109:../../Middlewares/Third_Party/LwIP/src/netif/bridgeif_fdb.c ****         e->port = port_idx;
 345              		.loc 1 109 9 is_stmt 1 view .LVU105
 109:../../Middlewares/Third_Party/LwIP/src/netif/bridgeif_fdb.c ****         e->port = port_idx;
 346              		.loc 1 109 15 is_stmt 0 view .LVU106
 347 007c 4FF49673 		mov	r3, #300
 348 0080 6B60     		str	r3, [r5, #4]
 110:../../Middlewares/Third_Party/LwIP/src/netif/bridgeif_fdb.c ****         e->used = 1;
ARM GAS  C:\Users\minis\AppData\Local\Temp\ccvpxyj4.s 			page 12


 349              		.loc 1 110 9 is_stmt 1 view .LVU107
 110:../../Middlewares/Third_Party/LwIP/src/netif/bridgeif_fdb.c ****         e->used = 1;
 350              		.loc 1 110 17 is_stmt 0 view .LVU108
 351 0082 85F80180 		strb	r8, [r5, #1]
 111:../../Middlewares/Third_Party/LwIP/src/netif/bridgeif_fdb.c ****         BRIDGEIF_WRITE_UNPROTECT(lev);
 352              		.loc 1 111 9 is_stmt 1 view .LVU109
 111:../../Middlewares/Third_Party/LwIP/src/netif/bridgeif_fdb.c ****         BRIDGEIF_WRITE_UNPROTECT(lev);
 353              		.loc 1 111 17 is_stmt 0 view .LVU110
 354 0086 0123     		movs	r3, #1
 355 0088 01F80C30 		strb	r3, [r1, ip]
 112:../../Middlewares/Third_Party/LwIP/src/netif/bridgeif_fdb.c ****         BRIDGEIF_READ_UNPROTECT(lev);
 356              		.loc 1 112 38 is_stmt 1 view .LVU111
 113:../../Middlewares/Third_Party/LwIP/src/netif/bridgeif_fdb.c ****         return;
 357              		.loc 1 113 37 view .LVU112
 114:../../Middlewares/Third_Party/LwIP/src/netif/bridgeif_fdb.c ****       }
 358              		.loc 1 114 9 view .LVU113
 359              	.LVL26:
 360              	.L16:
 114:../../Middlewares/Third_Party/LwIP/src/netif/bridgeif_fdb.c ****       }
 361              		.loc 1 114 9 is_stmt 0 view .LVU114
 362              	.LBE6:
 121:../../Middlewares/Third_Party/LwIP/src/netif/bridgeif_fdb.c **** 
 363              		.loc 1 121 1 view .LVU115
 364 008c BDE8F883 		pop	{r3, r4, r5, r6, r7, r8, r9, pc}
 121:../../Middlewares/Third_Party/LwIP/src/netif/bridgeif_fdb.c **** 
 365              		.loc 1 121 1 view .LVU116
 366              		.cfi_endproc
 367              	.LFE174:
 369              		.section	.text.bridgeif_fdb_get_dst_ports,"ax",%progbits
 370              		.align	1
 371              		.global	bridgeif_fdb_get_dst_ports
 372              		.syntax unified
 373              		.thumb
 374              		.thumb_func
 376              	bridgeif_fdb_get_dst_ports:
 377              	.LVL27:
 378              	.LFB175:
 129:../../Middlewares/Third_Party/LwIP/src/netif/bridgeif_fdb.c ****   int i;
 379              		.loc 1 129 1 is_stmt 1 view -0
 380              		.cfi_startproc
 381              		@ args = 0, pretend = 0, frame = 0
 382              		@ frame_needed = 0, uses_anonymous_args = 0
 129:../../Middlewares/Third_Party/LwIP/src/netif/bridgeif_fdb.c ****   int i;
 383              		.loc 1 129 1 is_stmt 0 view .LVU118
 384 0000 F8B5     		push	{r3, r4, r5, r6, r7, lr}
 385              	.LCFI4:
 386              		.cfi_def_cfa_offset 24
 387              		.cfi_offset 3, -24
 388              		.cfi_offset 4, -20
 389              		.cfi_offset 5, -16
 390              		.cfi_offset 6, -12
 391              		.cfi_offset 7, -8
 392              		.cfi_offset 14, -4
 393 0002 0546     		mov	r5, r0
 394 0004 0E46     		mov	r6, r1
 130:../../Middlewares/Third_Party/LwIP/src/netif/bridgeif_fdb.c ****   bridgeif_dfdb_t *fdb = (bridgeif_dfdb_t *)fdb_ptr;
 395              		.loc 1 130 3 is_stmt 1 view .LVU119
ARM GAS  C:\Users\minis\AppData\Local\Temp\ccvpxyj4.s 			page 13


 131:../../Middlewares/Third_Party/LwIP/src/netif/bridgeif_fdb.c ****   BRIDGEIF_DECL_PROTECT(lev);
 396              		.loc 1 131 3 view .LVU120
 397              	.LVL28:
 132:../../Middlewares/Third_Party/LwIP/src/netif/bridgeif_fdb.c ****   BRIDGEIF_READ_PROTECT(lev);
 398              		.loc 1 132 29 view .LVU121
 133:../../Middlewares/Third_Party/LwIP/src/netif/bridgeif_fdb.c ****   for (i = 0; i < fdb->max_fdb_entries; i++) {
 399              		.loc 1 133 29 view .LVU122
 134:../../Middlewares/Third_Party/LwIP/src/netif/bridgeif_fdb.c ****     bridgeif_dfdb_entry_t *e = &fdb->fdb[i];
 400              		.loc 1 134 3 view .LVU123
 134:../../Middlewares/Third_Party/LwIP/src/netif/bridgeif_fdb.c ****     bridgeif_dfdb_entry_t *e = &fdb->fdb[i];
 401              		.loc 1 134 10 is_stmt 0 view .LVU124
 402 0006 0024     		movs	r4, #0
 134:../../Middlewares/Third_Party/LwIP/src/netif/bridgeif_fdb.c ****     bridgeif_dfdb_entry_t *e = &fdb->fdb[i];
 403              		.loc 1 134 3 view .LVU125
 404 0008 00E0     		b	.L29
 405              	.LVL29:
 406              	.L30:
 134:../../Middlewares/Third_Party/LwIP/src/netif/bridgeif_fdb.c ****     bridgeif_dfdb_entry_t *e = &fdb->fdb[i];
 407              		.loc 1 134 42 is_stmt 1 discriminator 2 view .LVU126
 408 000a 0134     		adds	r4, r4, #1
 409              	.LVL30:
 410              	.L29:
 134:../../Middlewares/Third_Party/LwIP/src/netif/bridgeif_fdb.c ****     bridgeif_dfdb_entry_t *e = &fdb->fdb[i];
 411              		.loc 1 134 17 discriminator 1 view .LVU127
 134:../../Middlewares/Third_Party/LwIP/src/netif/bridgeif_fdb.c ****     bridgeif_dfdb_entry_t *e = &fdb->fdb[i];
 412              		.loc 1 134 22 is_stmt 0 discriminator 1 view .LVU128
 413 000c 2B88     		ldrh	r3, [r5]
 134:../../Middlewares/Third_Party/LwIP/src/netif/bridgeif_fdb.c ****     bridgeif_dfdb_entry_t *e = &fdb->fdb[i];
 414              		.loc 1 134 17 discriminator 1 view .LVU129
 415 000e A342     		cmp	r3, r4
 416 0010 16DD     		ble	.L34
 417              	.LBB7:
 135:../../Middlewares/Third_Party/LwIP/src/netif/bridgeif_fdb.c ****     if (e->used && e->ts) {
 418              		.loc 1 135 5 is_stmt 1 view .LVU130
 135:../../Middlewares/Third_Party/LwIP/src/netif/bridgeif_fdb.c ****     if (e->used && e->ts) {
 419              		.loc 1 135 36 is_stmt 0 view .LVU131
 420 0012 6A68     		ldr	r2, [r5, #4]
 135:../../Middlewares/Third_Party/LwIP/src/netif/bridgeif_fdb.c ****     if (e->used && e->ts) {
 421              		.loc 1 135 41 view .LVU132
 422 0014 2301     		lsls	r3, r4, #4
 135:../../Middlewares/Third_Party/LwIP/src/netif/bridgeif_fdb.c ****     if (e->used && e->ts) {
 423              		.loc 1 135 28 view .LVU133
 424 0016 02EB0417 		add	r7, r2, r4, lsl #4
 425              	.LVL31:
 136:../../Middlewares/Third_Party/LwIP/src/netif/bridgeif_fdb.c ****       if (!memcmp(&e->addr, dst_addr, sizeof(struct eth_addr))) {
 426              		.loc 1 136 5 is_stmt 1 view .LVU134
 136:../../Middlewares/Third_Party/LwIP/src/netif/bridgeif_fdb.c ****       if (!memcmp(&e->addr, dst_addr, sizeof(struct eth_addr))) {
 427              		.loc 1 136 10 is_stmt 0 view .LVU135
 428 001a D35C     		ldrb	r3, [r2, r3]	@ zero_extendqisi2
 136:../../Middlewares/Third_Party/LwIP/src/netif/bridgeif_fdb.c ****       if (!memcmp(&e->addr, dst_addr, sizeof(struct eth_addr))) {
 429              		.loc 1 136 8 view .LVU136
 430 001c 002B     		cmp	r3, #0
 431 001e F4D0     		beq	.L30
 136:../../Middlewares/Third_Party/LwIP/src/netif/bridgeif_fdb.c ****       if (!memcmp(&e->addr, dst_addr, sizeof(struct eth_addr))) {
 432              		.loc 1 136 21 discriminator 1 view .LVU137
 433 0020 7B68     		ldr	r3, [r7, #4]
 136:../../Middlewares/Third_Party/LwIP/src/netif/bridgeif_fdb.c ****       if (!memcmp(&e->addr, dst_addr, sizeof(struct eth_addr))) {
ARM GAS  C:\Users\minis\AppData\Local\Temp\ccvpxyj4.s 			page 14


 434              		.loc 1 136 17 discriminator 1 view .LVU138
 435 0022 002B     		cmp	r3, #0
 436 0024 F1D0     		beq	.L30
 137:../../Middlewares/Third_Party/LwIP/src/netif/bridgeif_fdb.c ****         bridgeif_portmask_t ret = (bridgeif_portmask_t)(1 << e->port);
 437              		.loc 1 137 7 is_stmt 1 view .LVU139
 137:../../Middlewares/Third_Party/LwIP/src/netif/bridgeif_fdb.c ****         bridgeif_portmask_t ret = (bridgeif_portmask_t)(1 << e->port);
 438              		.loc 1 137 12 is_stmt 0 view .LVU140
 439 0026 0622     		movs	r2, #6
 440 0028 3146     		mov	r1, r6
 441 002a 07F10800 		add	r0, r7, #8
 442 002e FFF7FEFF 		bl	memcmp
 443              	.LVL32:
 137:../../Middlewares/Third_Party/LwIP/src/netif/bridgeif_fdb.c ****         bridgeif_portmask_t ret = (bridgeif_portmask_t)(1 << e->port);
 444              		.loc 1 137 10 discriminator 1 view .LVU141
 445 0032 0028     		cmp	r0, #0
 446 0034 E9D1     		bne	.L30
 447              	.LBB8:
 138:../../Middlewares/Third_Party/LwIP/src/netif/bridgeif_fdb.c ****         BRIDGEIF_READ_UNPROTECT(lev);
 448              		.loc 1 138 9 is_stmt 1 view .LVU142
 138:../../Middlewares/Third_Party/LwIP/src/netif/bridgeif_fdb.c ****         BRIDGEIF_READ_UNPROTECT(lev);
 449              		.loc 1 138 63 is_stmt 0 view .LVU143
 450 0036 7B78     		ldrb	r3, [r7, #1]	@ zero_extendqisi2
 138:../../Middlewares/Third_Party/LwIP/src/netif/bridgeif_fdb.c ****         BRIDGEIF_READ_UNPROTECT(lev);
 451              		.loc 1 138 59 view .LVU144
 452 0038 0120     		movs	r0, #1
 453 003a 9840     		lsls	r0, r0, r3
 138:../../Middlewares/Third_Party/LwIP/src/netif/bridgeif_fdb.c ****         BRIDGEIF_READ_UNPROTECT(lev);
 454              		.loc 1 138 29 view .LVU145
 455 003c C0B2     		uxtb	r0, r0
 456              	.LVL33:
 139:../../Middlewares/Third_Party/LwIP/src/netif/bridgeif_fdb.c ****         return ret;
 457              		.loc 1 139 37 is_stmt 1 view .LVU146
 140:../../Middlewares/Third_Party/LwIP/src/netif/bridgeif_fdb.c ****       }
 458              		.loc 1 140 9 view .LVU147
 140:../../Middlewares/Third_Party/LwIP/src/netif/bridgeif_fdb.c ****       }
 459              		.loc 1 140 16 is_stmt 0 view .LVU148
 460 003e 00E0     		b	.L31
 461              	.LVL34:
 462              	.L34:
 140:../../Middlewares/Third_Party/LwIP/src/netif/bridgeif_fdb.c ****       }
 463              		.loc 1 140 16 view .LVU149
 464              	.LBE8:
 465              	.LBE7:
 145:../../Middlewares/Third_Party/LwIP/src/netif/bridgeif_fdb.c **** }
 466              		.loc 1 145 10 view .LVU150
 467 0040 FF20     		movs	r0, #255
 468              	.L31:
 146:../../Middlewares/Third_Party/LwIP/src/netif/bridgeif_fdb.c **** 
 469              		.loc 1 146 1 view .LVU151
 470 0042 F8BD     		pop	{r3, r4, r5, r6, r7, pc}
 146:../../Middlewares/Third_Party/LwIP/src/netif/bridgeif_fdb.c **** 
 471              		.loc 1 146 1 view .LVU152
 472              		.cfi_endproc
 473              	.LFE175:
 475              		.section	.rodata.bridgeif_fdb_init.str1.4,"aMS",%progbits,1
 476              		.align	2
 477              	.LC3:
ARM GAS  C:\Users\minis\AppData\Local\Temp\ccvpxyj4.s 			page 15


 478 0000 616C6C6F 		.ascii	"alloc_len == alloc_len_sizet\000"
 478      635F6C65 
 478      6E203D3D 
 478      20616C6C 
 478      6F635F6C 
 479              		.section	.text.bridgeif_fdb_init,"ax",%progbits
 480              		.align	1
 481              		.global	bridgeif_fdb_init
 482              		.syntax unified
 483              		.thumb
 484              		.thumb_func
 486              	bridgeif_fdb_init:
 487              	.LVL35:
 488              	.LFB178:
 189:../../Middlewares/Third_Party/LwIP/src/netif/bridgeif_fdb.c **** 
 190:../../Middlewares/Third_Party/LwIP/src/netif/bridgeif_fdb.c **** /**
 191:../../Middlewares/Third_Party/LwIP/src/netif/bridgeif_fdb.c ****  * @ingroup bridgeif_fdb
 192:../../Middlewares/Third_Party/LwIP/src/netif/bridgeif_fdb.c ****  * Init our simple fdb list
 193:../../Middlewares/Third_Party/LwIP/src/netif/bridgeif_fdb.c ****  */
 194:../../Middlewares/Third_Party/LwIP/src/netif/bridgeif_fdb.c **** void *
 195:../../Middlewares/Third_Party/LwIP/src/netif/bridgeif_fdb.c **** bridgeif_fdb_init(u16_t max_fdb_entries)
 196:../../Middlewares/Third_Party/LwIP/src/netif/bridgeif_fdb.c **** {
 489              		.loc 1 196 1 is_stmt 1 view -0
 490              		.cfi_startproc
 491              		@ args = 0, pretend = 0, frame = 0
 492              		@ frame_needed = 0, uses_anonymous_args = 0
 493              		.loc 1 196 1 is_stmt 0 view .LVU154
 494 0000 38B5     		push	{r3, r4, r5, lr}
 495              	.LCFI5:
 496              		.cfi_def_cfa_offset 16
 497              		.cfi_offset 3, -16
 498              		.cfi_offset 4, -12
 499              		.cfi_offset 5, -8
 500              		.cfi_offset 14, -4
 501 0002 0446     		mov	r4, r0
 197:../../Middlewares/Third_Party/LwIP/src/netif/bridgeif_fdb.c ****   bridgeif_dfdb_t *fdb;
 502              		.loc 1 197 3 is_stmt 1 view .LVU155
 198:../../Middlewares/Third_Party/LwIP/src/netif/bridgeif_fdb.c ****   size_t alloc_len_sizet = sizeof(bridgeif_dfdb_t) + (max_fdb_entries * sizeof(bridgeif_dfdb_entry_
 503              		.loc 1 198 3 view .LVU156
 504              		.loc 1 198 71 is_stmt 0 view .LVU157
 505 0004 0301     		lsls	r3, r0, #4
 506              		.loc 1 198 10 view .LVU158
 507 0006 0833     		adds	r3, r3, #8
 508              	.LVL36:
 199:../../Middlewares/Third_Party/LwIP/src/netif/bridgeif_fdb.c ****   mem_size_t alloc_len = (mem_size_t)alloc_len_sizet;
 509              		.loc 1 199 3 is_stmt 1 view .LVU159
 510              		.loc 1 199 14 is_stmt 0 view .LVU160
 511 0008 9DB2     		uxth	r5, r3
 512              	.LVL37:
 200:../../Middlewares/Third_Party/LwIP/src/netif/bridgeif_fdb.c ****   LWIP_ASSERT("alloc_len == alloc_len_sizet", alloc_len == alloc_len_sizet);
 513              		.loc 1 200 3 is_stmt 1 view .LVU161
 514              		.loc 1 200 3 view .LVU162
 515 000a B3F5803F 		cmp	r3, #65536
 516 000e 11D2     		bcs	.L39
 517              	.LVL38:
 518              	.L36:
 519              		.loc 1 200 3 view .LVU163
ARM GAS  C:\Users\minis\AppData\Local\Temp\ccvpxyj4.s 			page 16


 520              		.loc 1 200 3 view .LVU164
 201:../../Middlewares/Third_Party/LwIP/src/netif/bridgeif_fdb.c ****   LWIP_DEBUGF(BRIDGEIF_DEBUG, ("bridgeif_fdb_init: allocating %d bytes for private FDB data\n", (in
 521              		.loc 1 201 113 view .LVU165
 202:../../Middlewares/Third_Party/LwIP/src/netif/bridgeif_fdb.c ****   fdb = (bridgeif_dfdb_t *)mem_calloc(1, alloc_len);
 522              		.loc 1 202 3 view .LVU166
 523              		.loc 1 202 28 is_stmt 0 view .LVU167
 524 0010 2946     		mov	r1, r5
 525 0012 0120     		movs	r0, #1
 526 0014 FFF7FEFF 		bl	mem_calloc
 527              	.LVL39:
 203:../../Middlewares/Third_Party/LwIP/src/netif/bridgeif_fdb.c ****   if (fdb == NULL) {
 528              		.loc 1 203 3 is_stmt 1 view .LVU168
 529              		.loc 1 203 6 is_stmt 0 view .LVU169
 530 0018 0546     		mov	r5, r0
 531              	.LVL40:
 532              		.loc 1 203 6 view .LVU170
 533 001a 48B1     		cbz	r0, .L35
 204:../../Middlewares/Third_Party/LwIP/src/netif/bridgeif_fdb.c ****     return NULL;
 205:../../Middlewares/Third_Party/LwIP/src/netif/bridgeif_fdb.c ****   }
 206:../../Middlewares/Third_Party/LwIP/src/netif/bridgeif_fdb.c ****   fdb->max_fdb_entries = max_fdb_entries;
 534              		.loc 1 206 3 is_stmt 1 view .LVU171
 535              		.loc 1 206 24 is_stmt 0 view .LVU172
 536 001c 0346     		mov	r3, r0
 537 001e 23F8084B 		strh	r4, [r3], #8	@ movhi
 207:../../Middlewares/Third_Party/LwIP/src/netif/bridgeif_fdb.c ****   fdb->fdb = (bridgeif_dfdb_entry_t *)(fdb + 1);
 538              		.loc 1 207 3 is_stmt 1 view .LVU173
 539              		.loc 1 207 12 is_stmt 0 view .LVU174
 540 0022 4360     		str	r3, [r0, #4]
 208:../../Middlewares/Third_Party/LwIP/src/netif/bridgeif_fdb.c **** 
 209:../../Middlewares/Third_Party/LwIP/src/netif/bridgeif_fdb.c ****   sys_timeout(BRIDGEIF_AGE_TIMER_MS, bridgeif_age_tmr, fdb);
 541              		.loc 1 209 3 is_stmt 1 view .LVU175
 542 0024 0246     		mov	r2, r0
 543 0026 0749     		ldr	r1, .L40
 544 0028 4FF47A70 		mov	r0, #1000
 545              	.LVL41:
 546              		.loc 1 209 3 is_stmt 0 view .LVU176
 547 002c FFF7FEFF 		bl	sys_timeout
 548              	.LVL42:
 210:../../Middlewares/Third_Party/LwIP/src/netif/bridgeif_fdb.c **** 
 211:../../Middlewares/Third_Party/LwIP/src/netif/bridgeif_fdb.c ****   return fdb;
 549              		.loc 1 211 3 is_stmt 1 view .LVU177
 550              	.L35:
 212:../../Middlewares/Third_Party/LwIP/src/netif/bridgeif_fdb.c **** }
 551              		.loc 1 212 1 is_stmt 0 view .LVU178
 552 0030 2846     		mov	r0, r5
 553 0032 38BD     		pop	{r3, r4, r5, pc}
 554              	.LVL43:
 555              	.L39:
 200:../../Middlewares/Third_Party/LwIP/src/netif/bridgeif_fdb.c ****   LWIP_DEBUGF(BRIDGEIF_DEBUG, ("bridgeif_fdb_init: allocating %d bytes for private FDB data\n", (in
 556              		.loc 1 200 3 is_stmt 1 discriminator 1 view .LVU179
 200:../../Middlewares/Third_Party/LwIP/src/netif/bridgeif_fdb.c ****   LWIP_DEBUGF(BRIDGEIF_DEBUG, ("bridgeif_fdb_init: allocating %d bytes for private FDB data\n", (in
 557              		.loc 1 200 3 discriminator 1 view .LVU180
 558 0034 044B     		ldr	r3, .L40+4
 559              	.LVL44:
 200:../../Middlewares/Third_Party/LwIP/src/netif/bridgeif_fdb.c ****   LWIP_DEBUGF(BRIDGEIF_DEBUG, ("bridgeif_fdb_init: allocating %d bytes for private FDB data\n", (in
 560              		.loc 1 200 3 is_stmt 0 discriminator 1 view .LVU181
 561 0036 C822     		movs	r2, #200
ARM GAS  C:\Users\minis\AppData\Local\Temp\ccvpxyj4.s 			page 17


 562 0038 0449     		ldr	r1, .L40+8
 563 003a 0548     		ldr	r0, .L40+12
 564              	.LVL45:
 200:../../Middlewares/Third_Party/LwIP/src/netif/bridgeif_fdb.c ****   LWIP_DEBUGF(BRIDGEIF_DEBUG, ("bridgeif_fdb_init: allocating %d bytes for private FDB data\n", (in
 565              		.loc 1 200 3 discriminator 1 view .LVU182
 566 003c FFF7FEFF 		bl	printf
 567              	.LVL46:
 568 0040 E6E7     		b	.L36
 569              	.L41:
 570 0042 00BF     		.align	2
 571              	.L40:
 572 0044 00000000 		.word	bridgeif_age_tmr
 573 0048 00000000 		.word	.LC0
 574 004c 00000000 		.word	.LC3
 575 0050 48000000 		.word	.LC2
 576              		.cfi_endproc
 577              	.LFE178:
 579              		.text
 580              	.Letext0:
 581              		.file 2 "C:/Program Files (x86)/Arm GNU Toolchain arm-none-eabi/14.3 rel1/arm-none-eabi/include/ma
 582              		.file 3 "C:/Program Files (x86)/Arm GNU Toolchain arm-none-eabi/14.3 rel1/arm-none-eabi/include/sy
 583              		.file 4 "C:/Program Files (x86)/Arm GNU Toolchain arm-none-eabi/14.3 rel1/lib/gcc/arm-none-eabi/14
 584              		.file 5 "../../Middlewares/Third_Party/LwIP/src/include/lwip/arch.h"
 585              		.file 6 "../../Middlewares/Third_Party/LwIP/src/include/netif/bridgeif.h"
 586              		.file 7 "../../Middlewares/Third_Party/LwIP/src/include/lwip/timeouts.h"
 587              		.file 8 "../../Middlewares/Third_Party/LwIP/src/include/lwip/mem.h"
 588              		.file 9 "../../Middlewares/Third_Party/LwIP/src/include/lwip/prot/ethernet.h"
 589              		.file 10 "C:/Program Files (x86)/Arm GNU Toolchain arm-none-eabi/14.3 rel1/arm-none-eabi/include/s
 590              		.file 11 "C:/Program Files (x86)/Arm GNU Toolchain arm-none-eabi/14.3 rel1/arm-none-eabi/include/s
ARM GAS  C:\Users\minis\AppData\Local\Temp\ccvpxyj4.s 			page 18


DEFINED SYMBOLS
                            *ABS*:00000000 bridgeif_fdb.c
C:\Users\minis\AppData\Local\Temp\ccvpxyj4.s:19     .text.bridgeif_fdb_age_one_second:00000000 $t
C:\Users\minis\AppData\Local\Temp\ccvpxyj4.s:24     .text.bridgeif_fdb_age_one_second:00000000 bridgeif_fdb_age_one_second
C:\Users\minis\AppData\Local\Temp\ccvpxyj4.s:119    .rodata.bridgeif_age_tmr.str1.4:00000000 $d
C:\Users\minis\AppData\Local\Temp\ccvpxyj4.s:130    .text.bridgeif_age_tmr:00000000 $t
C:\Users\minis\AppData\Local\Temp\ccvpxyj4.s:135    .text.bridgeif_age_tmr:00000000 bridgeif_age_tmr
C:\Users\minis\AppData\Local\Temp\ccvpxyj4.s:186    .text.bridgeif_age_tmr:00000028 $d
C:\Users\minis\AppData\Local\Temp\ccvpxyj4.s:194    .text.bridgeif_fdb_update_src:00000000 $t
C:\Users\minis\AppData\Local\Temp\ccvpxyj4.s:200    .text.bridgeif_fdb_update_src:00000000 bridgeif_fdb_update_src
C:\Users\minis\AppData\Local\Temp\ccvpxyj4.s:370    .text.bridgeif_fdb_get_dst_ports:00000000 $t
C:\Users\minis\AppData\Local\Temp\ccvpxyj4.s:376    .text.bridgeif_fdb_get_dst_ports:00000000 bridgeif_fdb_get_dst_ports
C:\Users\minis\AppData\Local\Temp\ccvpxyj4.s:476    .rodata.bridgeif_fdb_init.str1.4:00000000 $d
C:\Users\minis\AppData\Local\Temp\ccvpxyj4.s:480    .text.bridgeif_fdb_init:00000000 $t
C:\Users\minis\AppData\Local\Temp\ccvpxyj4.s:486    .text.bridgeif_fdb_init:00000000 bridgeif_fdb_init
C:\Users\minis\AppData\Local\Temp\ccvpxyj4.s:572    .text.bridgeif_fdb_init:00000044 $d

UNDEFINED SYMBOLS
sys_timeout
printf
memcmp
mem_calloc
