ARM GAS  C:\Users\minis\AppData\Local\Temp\ccSX0Sf0.s 			page 1


   1              		.cpu cortex-m7
   2              		.arch armv7e-m
   3              		.fpu fpv5-d16
   4              		.eabi_attribute 20, 1
   5              		.eabi_attribute 21, 1
   6              		.eabi_attribute 23, 3
   7              		.eabi_attribute 24, 1
   8              		.eabi_attribute 25, 1
   9              		.eabi_attribute 26, 1
  10              		.eabi_attribute 30, 1
  11              		.eabi_attribute 34, 1
  12              		.eabi_attribute 18, 4
  13              		.file	"def.c"
  14              		.text
  15              	.Ltext0:
  16              		.cfi_sections	.debug_frame
  17              		.file 1 "../../Middlewares/Third_Party/LwIP/src/core/def.c"
  18              		.section	.text.lwip_htons,"ax",%progbits
  19              		.align	1
  20              		.global	lwip_htons
  21              		.syntax unified
  22              		.thumb
  23              		.thumb_func
  25              	lwip_htons:
  26              	.LVL0:
  27              	.LFB170:
   1:../../Middlewares/Third_Party/LwIP/src/core/def.c **** /**
   2:../../Middlewares/Third_Party/LwIP/src/core/def.c ****  * @file
   3:../../Middlewares/Third_Party/LwIP/src/core/def.c ****  * Common functions used throughout the stack.
   4:../../Middlewares/Third_Party/LwIP/src/core/def.c ****  *
   5:../../Middlewares/Third_Party/LwIP/src/core/def.c ****  * These are reference implementations of the byte swapping functions.
   6:../../Middlewares/Third_Party/LwIP/src/core/def.c ****  * Again with the aim of being simple, correct and fully portable.
   7:../../Middlewares/Third_Party/LwIP/src/core/def.c ****  * Byte swapping is the second thing you would want to optimize. You will
   8:../../Middlewares/Third_Party/LwIP/src/core/def.c ****  * need to port it to your architecture and in your cc.h:
   9:../../Middlewares/Third_Party/LwIP/src/core/def.c ****  *
  10:../../Middlewares/Third_Party/LwIP/src/core/def.c ****  * \#define lwip_htons(x) your_htons
  11:../../Middlewares/Third_Party/LwIP/src/core/def.c ****  * \#define lwip_htonl(x) your_htonl
  12:../../Middlewares/Third_Party/LwIP/src/core/def.c ****  *
  13:../../Middlewares/Third_Party/LwIP/src/core/def.c ****  * Note lwip_ntohs() and lwip_ntohl() are merely references to the htonx counterparts.
  14:../../Middlewares/Third_Party/LwIP/src/core/def.c ****  *
  15:../../Middlewares/Third_Party/LwIP/src/core/def.c ****  * If you \#define them to htons() and htonl(), you should
  16:../../Middlewares/Third_Party/LwIP/src/core/def.c ****  * \#define LWIP_DONT_PROVIDE_BYTEORDER_FUNCTIONS to prevent lwIP from
  17:../../Middlewares/Third_Party/LwIP/src/core/def.c ****  * defining htonx/ntohx compatibility macros.
  18:../../Middlewares/Third_Party/LwIP/src/core/def.c **** 
  19:../../Middlewares/Third_Party/LwIP/src/core/def.c ****  * @defgroup sys_nonstandard Non-standard functions
  20:../../Middlewares/Third_Party/LwIP/src/core/def.c ****  * @ingroup sys_layer
  21:../../Middlewares/Third_Party/LwIP/src/core/def.c ****  * lwIP provides default implementations for non-standard functions.
  22:../../Middlewares/Third_Party/LwIP/src/core/def.c ****  * These can be mapped to OS functions to reduce code footprint if desired.
  23:../../Middlewares/Third_Party/LwIP/src/core/def.c ****  * All defines related to this section must not be placed in lwipopts.h,
  24:../../Middlewares/Third_Party/LwIP/src/core/def.c ****  * but in arch/cc.h!
  25:../../Middlewares/Third_Party/LwIP/src/core/def.c ****  * These options cannot be \#defined in lwipopts.h since they are not options
  26:../../Middlewares/Third_Party/LwIP/src/core/def.c ****  * of lwIP itself, but options of the lwIP port to your system.
  27:../../Middlewares/Third_Party/LwIP/src/core/def.c ****  */
  28:../../Middlewares/Third_Party/LwIP/src/core/def.c **** 
  29:../../Middlewares/Third_Party/LwIP/src/core/def.c **** /*
  30:../../Middlewares/Third_Party/LwIP/src/core/def.c ****  * Copyright (c) 2001-2004 Swedish Institute of Computer Science.
  31:../../Middlewares/Third_Party/LwIP/src/core/def.c ****  * All rights reserved.
ARM GAS  C:\Users\minis\AppData\Local\Temp\ccSX0Sf0.s 			page 2


  32:../../Middlewares/Third_Party/LwIP/src/core/def.c ****  *
  33:../../Middlewares/Third_Party/LwIP/src/core/def.c ****  * Redistribution and use in source and binary forms, with or without modification,
  34:../../Middlewares/Third_Party/LwIP/src/core/def.c ****  * are permitted provided that the following conditions are met:
  35:../../Middlewares/Third_Party/LwIP/src/core/def.c ****  *
  36:../../Middlewares/Third_Party/LwIP/src/core/def.c ****  * 1. Redistributions of source code must retain the above copyright notice,
  37:../../Middlewares/Third_Party/LwIP/src/core/def.c ****  *    this list of conditions and the following disclaimer.
  38:../../Middlewares/Third_Party/LwIP/src/core/def.c ****  * 2. Redistributions in binary form must reproduce the above copyright notice,
  39:../../Middlewares/Third_Party/LwIP/src/core/def.c ****  *    this list of conditions and the following disclaimer in the documentation
  40:../../Middlewares/Third_Party/LwIP/src/core/def.c ****  *    and/or other materials provided with the distribution.
  41:../../Middlewares/Third_Party/LwIP/src/core/def.c ****  * 3. The name of the author may not be used to endorse or promote products
  42:../../Middlewares/Third_Party/LwIP/src/core/def.c ****  *    derived from this software without specific prior written permission.
  43:../../Middlewares/Third_Party/LwIP/src/core/def.c ****  *
  44:../../Middlewares/Third_Party/LwIP/src/core/def.c ****  * THIS SOFTWARE IS PROVIDED BY THE AUTHOR ``AS IS'' AND ANY EXPRESS OR IMPLIED
  45:../../Middlewares/Third_Party/LwIP/src/core/def.c ****  * WARRANTIES, INCLUDING, BUT NOT LIMITED TO, THE IMPLIED WARRANTIES OF
  46:../../Middlewares/Third_Party/LwIP/src/core/def.c ****  * MERCHANTABILITY AND FITNESS FOR A PARTICULAR PURPOSE ARE DISCLAIMED. IN NO EVENT
  47:../../Middlewares/Third_Party/LwIP/src/core/def.c ****  * SHALL THE AUTHOR BE LIABLE FOR ANY DIRECT, INDIRECT, INCIDENTAL, SPECIAL,
  48:../../Middlewares/Third_Party/LwIP/src/core/def.c ****  * EXEMPLARY, OR CONSEQUENTIAL DAMAGES (INCLUDING, BUT NOT LIMITED TO, PROCUREMENT
  49:../../Middlewares/Third_Party/LwIP/src/core/def.c ****  * OF SUBSTITUTE GOODS OR SERVICES; LOSS OF USE, DATA, OR PROFITS; OR BUSINESS
  50:../../Middlewares/Third_Party/LwIP/src/core/def.c ****  * INTERRUPTION) HOWEVER CAUSED AND ON ANY THEORY OF LIABILITY, WHETHER IN
  51:../../Middlewares/Third_Party/LwIP/src/core/def.c ****  * CONTRACT, STRICT LIABILITY, OR TORT (INCLUDING NEGLIGENCE OR OTHERWISE) ARISING
  52:../../Middlewares/Third_Party/LwIP/src/core/def.c ****  * IN ANY WAY OUT OF THE USE OF THIS SOFTWARE, EVEN IF ADVISED OF THE POSSIBILITY
  53:../../Middlewares/Third_Party/LwIP/src/core/def.c ****  * OF SUCH DAMAGE.
  54:../../Middlewares/Third_Party/LwIP/src/core/def.c ****  *
  55:../../Middlewares/Third_Party/LwIP/src/core/def.c ****  * This file is part of the lwIP TCP/IP stack.
  56:../../Middlewares/Third_Party/LwIP/src/core/def.c ****  *
  57:../../Middlewares/Third_Party/LwIP/src/core/def.c ****  * Author: Simon Goldschmidt
  58:../../Middlewares/Third_Party/LwIP/src/core/def.c ****  *
  59:../../Middlewares/Third_Party/LwIP/src/core/def.c ****  */
  60:../../Middlewares/Third_Party/LwIP/src/core/def.c **** 
  61:../../Middlewares/Third_Party/LwIP/src/core/def.c **** #include "lwip/opt.h"
  62:../../Middlewares/Third_Party/LwIP/src/core/def.c **** #include "lwip/def.h"
  63:../../Middlewares/Third_Party/LwIP/src/core/def.c **** 
  64:../../Middlewares/Third_Party/LwIP/src/core/def.c **** #include <string.h>
  65:../../Middlewares/Third_Party/LwIP/src/core/def.c **** 
  66:../../Middlewares/Third_Party/LwIP/src/core/def.c **** #if BYTE_ORDER == LITTLE_ENDIAN
  67:../../Middlewares/Third_Party/LwIP/src/core/def.c **** 
  68:../../Middlewares/Third_Party/LwIP/src/core/def.c **** #if !defined(lwip_htons)
  69:../../Middlewares/Third_Party/LwIP/src/core/def.c **** /**
  70:../../Middlewares/Third_Party/LwIP/src/core/def.c ****  * Convert an u16_t from host- to network byte order.
  71:../../Middlewares/Third_Party/LwIP/src/core/def.c ****  *
  72:../../Middlewares/Third_Party/LwIP/src/core/def.c ****  * @param n u16_t in host byte order
  73:../../Middlewares/Third_Party/LwIP/src/core/def.c ****  * @return n in network byte order
  74:../../Middlewares/Third_Party/LwIP/src/core/def.c ****  */
  75:../../Middlewares/Third_Party/LwIP/src/core/def.c **** u16_t
  76:../../Middlewares/Third_Party/LwIP/src/core/def.c **** lwip_htons(u16_t n)
  77:../../Middlewares/Third_Party/LwIP/src/core/def.c **** {
  28              		.loc 1 77 1 view -0
  29              		.cfi_startproc
  30              		@ args = 0, pretend = 0, frame = 0
  31              		@ frame_needed = 0, uses_anonymous_args = 0
  32              		@ link register save eliminated.
  78:../../Middlewares/Third_Party/LwIP/src/core/def.c ****   return PP_HTONS(n);
  33              		.loc 1 78 3 view .LVU1
  34              		.loc 1 78 10 is_stmt 0 view .LVU2
  35 0000 0302     		lsls	r3, r0, #8
  36 0002 43EA1020 		orr	r0, r3, r0, lsr #8
  37              	.LVL1:
ARM GAS  C:\Users\minis\AppData\Local\Temp\ccSX0Sf0.s 			page 3


  79:../../Middlewares/Third_Party/LwIP/src/core/def.c **** }
  38              		.loc 1 79 1 view .LVU3
  39 0006 80B2     		uxth	r0, r0
  40 0008 7047     		bx	lr
  41              		.cfi_endproc
  42              	.LFE170:
  44              		.section	.text.lwip_htonl,"ax",%progbits
  45              		.align	1
  46              		.global	lwip_htonl
  47              		.syntax unified
  48              		.thumb
  49              		.thumb_func
  51              	lwip_htonl:
  52              	.LVL2:
  53              	.LFB171:
  80:../../Middlewares/Third_Party/LwIP/src/core/def.c **** #endif /* lwip_htons */
  81:../../Middlewares/Third_Party/LwIP/src/core/def.c **** 
  82:../../Middlewares/Third_Party/LwIP/src/core/def.c **** #if !defined(lwip_htonl)
  83:../../Middlewares/Third_Party/LwIP/src/core/def.c **** /**
  84:../../Middlewares/Third_Party/LwIP/src/core/def.c ****  * Convert an u32_t from host- to network byte order.
  85:../../Middlewares/Third_Party/LwIP/src/core/def.c ****  *
  86:../../Middlewares/Third_Party/LwIP/src/core/def.c ****  * @param n u32_t in host byte order
  87:../../Middlewares/Third_Party/LwIP/src/core/def.c ****  * @return n in network byte order
  88:../../Middlewares/Third_Party/LwIP/src/core/def.c ****  */
  89:../../Middlewares/Third_Party/LwIP/src/core/def.c **** u32_t
  90:../../Middlewares/Third_Party/LwIP/src/core/def.c **** lwip_htonl(u32_t n)
  91:../../Middlewares/Third_Party/LwIP/src/core/def.c **** {
  54              		.loc 1 91 1 is_stmt 1 view -0
  55              		.cfi_startproc
  56              		@ args = 0, pretend = 0, frame = 0
  57              		@ frame_needed = 0, uses_anonymous_args = 0
  58              		@ link register save eliminated.
  92:../../Middlewares/Third_Party/LwIP/src/core/def.c ****   return PP_HTONL(n);
  59              		.loc 1 92 3 view .LVU5
  60              		.loc 1 92 10 is_stmt 0 view .LVU6
  61 0000 0302     		lsls	r3, r0, #8
  62 0002 03F47F03 		and	r3, r3, #16711680
  63 0006 43EA0063 		orr	r3, r3, r0, lsl #24
  64 000a 020A     		lsrs	r2, r0, #8
  65 000c 02F47F42 		and	r2, r2, #65280
  66 0010 1343     		orrs	r3, r3, r2
  93:../../Middlewares/Third_Party/LwIP/src/core/def.c **** }
  67              		.loc 1 93 1 view .LVU7
  68 0012 43EA1060 		orr	r0, r3, r0, lsr #24
  69              	.LVL3:
  70              		.loc 1 93 1 view .LVU8
  71 0016 7047     		bx	lr
  72              		.cfi_endproc
  73              	.LFE171:
  75              		.section	.text.lwip_strnstr,"ax",%progbits
  76              		.align	1
  77              		.global	lwip_strnstr
  78              		.syntax unified
  79              		.thumb
  80              		.thumb_func
  82              	lwip_strnstr:
  83              	.LVL4:
ARM GAS  C:\Users\minis\AppData\Local\Temp\ccSX0Sf0.s 			page 4


  84              	.LFB172:
  94:../../Middlewares/Third_Party/LwIP/src/core/def.c **** #endif /* lwip_htonl */
  95:../../Middlewares/Third_Party/LwIP/src/core/def.c **** 
  96:../../Middlewares/Third_Party/LwIP/src/core/def.c **** #endif /* BYTE_ORDER == LITTLE_ENDIAN */
  97:../../Middlewares/Third_Party/LwIP/src/core/def.c **** 
  98:../../Middlewares/Third_Party/LwIP/src/core/def.c **** #ifndef lwip_strnstr
  99:../../Middlewares/Third_Party/LwIP/src/core/def.c **** /**
 100:../../Middlewares/Third_Party/LwIP/src/core/def.c ****  * @ingroup sys_nonstandard
 101:../../Middlewares/Third_Party/LwIP/src/core/def.c ****  * lwIP default implementation for strnstr() non-standard function.
 102:../../Middlewares/Third_Party/LwIP/src/core/def.c ****  * This can be \#defined to strnstr() depending on your platform port.
 103:../../Middlewares/Third_Party/LwIP/src/core/def.c ****  */
 104:../../Middlewares/Third_Party/LwIP/src/core/def.c **** char *
 105:../../Middlewares/Third_Party/LwIP/src/core/def.c **** lwip_strnstr(const char *buffer, const char *token, size_t n)
 106:../../Middlewares/Third_Party/LwIP/src/core/def.c **** {
  85              		.loc 1 106 1 is_stmt 1 view -0
  86              		.cfi_startproc
  87              		@ args = 0, pretend = 0, frame = 0
  88              		@ frame_needed = 0, uses_anonymous_args = 0
  89              		.loc 1 106 1 is_stmt 0 view .LVU10
  90 0000 2DE9F843 		push	{r3, r4, r5, r6, r7, r8, r9, lr}
  91              	.LCFI0:
  92              		.cfi_def_cfa_offset 32
  93              		.cfi_offset 3, -32
  94              		.cfi_offset 4, -28
  95              		.cfi_offset 5, -24
  96              		.cfi_offset 6, -20
  97              		.cfi_offset 7, -16
  98              		.cfi_offset 8, -12
  99              		.cfi_offset 9, -8
 100              		.cfi_offset 14, -4
 101 0004 0746     		mov	r7, r0
 102 0006 0E46     		mov	r6, r1
 103 0008 9146     		mov	r9, r2
 107:../../Middlewares/Third_Party/LwIP/src/core/def.c ****   const char *p;
 104              		.loc 1 107 3 is_stmt 1 view .LVU11
 108:../../Middlewares/Third_Party/LwIP/src/core/def.c ****   size_t tokenlen = strlen(token);
 105              		.loc 1 108 3 view .LVU12
 106              		.loc 1 108 21 is_stmt 0 view .LVU13
 107 000a 0846     		mov	r0, r1
 108              	.LVL5:
 109              		.loc 1 108 21 view .LVU14
 110 000c FFF7FEFF 		bl	strlen
 111              	.LVL6:
 109:../../Middlewares/Third_Party/LwIP/src/core/def.c ****   if (tokenlen == 0) {
 112              		.loc 1 109 3 is_stmt 1 view .LVU15
 113              		.loc 1 109 6 is_stmt 0 view .LVU16
 114 0010 C0B1     		cbz	r0, .L8
 115 0012 8046     		mov	r8, r0
 110:../../Middlewares/Third_Party/LwIP/src/core/def.c ****     return LWIP_CONST_CAST(char *, buffer);
 111:../../Middlewares/Third_Party/LwIP/src/core/def.c ****   }
 112:../../Middlewares/Third_Party/LwIP/src/core/def.c ****   for (p = buffer; *p && (p + tokenlen <= buffer + n); p++) {
 116              		.loc 1 112 10 view .LVU17
 117 0014 3C46     		mov	r4, r7
 118 0016 00E0     		b	.L5
 119              	.LVL7:
 120              	.L6:
 121              		.loc 1 112 57 is_stmt 1 discriminator 2 view .LVU18
ARM GAS  C:\Users\minis\AppData\Local\Temp\ccSX0Sf0.s 			page 5


 122 0018 0134     		adds	r4, r4, #1
 123              	.LVL8:
 124              	.L5:
 125              		.loc 1 112 23 discriminator 1 view .LVU19
 126              		.loc 1 112 20 is_stmt 0 discriminator 1 view .LVU20
 127 001a 2578     		ldrb	r5, [r4]	@ zero_extendqisi2
 128              		.loc 1 112 23 discriminator 1 view .LVU21
 129 001c B5B1     		cbz	r5, .L9
 130              		.loc 1 112 29 discriminator 3 view .LVU22
 131 001e 04EB0803 		add	r3, r4, r8
 132              		.loc 1 112 50 discriminator 3 view .LVU23
 133 0022 07EB0902 		add	r2, r7, r9
 134              		.loc 1 112 23 discriminator 3 view .LVU24
 135 0026 9342     		cmp	r3, r2
 136 0028 0AD8     		bhi	.L11
 113:../../Middlewares/Third_Party/LwIP/src/core/def.c ****     if ((*p == *token) && (strncmp(p, token, tokenlen) == 0)) {
 137              		.loc 1 113 5 is_stmt 1 view .LVU25
 138              		.loc 1 113 16 is_stmt 0 view .LVU26
 139 002a 3378     		ldrb	r3, [r6]	@ zero_extendqisi2
 140              		.loc 1 113 8 view .LVU27
 141 002c AB42     		cmp	r3, r5
 142 002e F3D1     		bne	.L6
 143              		.loc 1 113 28 discriminator 1 view .LVU28
 144 0030 4246     		mov	r2, r8
 145 0032 3146     		mov	r1, r6
 146 0034 2046     		mov	r0, r4
 147 0036 FFF7FEFF 		bl	strncmp
 148              	.LVL9:
 149              		.loc 1 113 24 discriminator 1 view .LVU29
 150 003a 0028     		cmp	r0, #0
 151 003c ECD1     		bne	.L6
 152 003e 02E0     		b	.L3
 153              	.L11:
 114:../../Middlewares/Third_Party/LwIP/src/core/def.c ****       return LWIP_CONST_CAST(char *, p);
 115:../../Middlewares/Third_Party/LwIP/src/core/def.c ****     }
 116:../../Middlewares/Third_Party/LwIP/src/core/def.c ****   }
 117:../../Middlewares/Third_Party/LwIP/src/core/def.c ****   return NULL;
 154              		.loc 1 117 10 view .LVU30
 155 0040 0024     		movs	r4, #0
 156              	.LVL10:
 157              		.loc 1 117 10 view .LVU31
 158 0042 00E0     		b	.L3
 159              	.LVL11:
 160              	.L8:
 110:../../Middlewares/Third_Party/LwIP/src/core/def.c ****   }
 161              		.loc 1 110 12 view .LVU32
 162 0044 3C46     		mov	r4, r7
 163              	.LVL12:
 164              	.L3:
 118:../../Middlewares/Third_Party/LwIP/src/core/def.c **** }
 165              		.loc 1 118 1 view .LVU33
 166 0046 2046     		mov	r0, r4
 167 0048 BDE8F883 		pop	{r3, r4, r5, r6, r7, r8, r9, pc}
 168              	.LVL13:
 169              	.L9:
 117:../../Middlewares/Third_Party/LwIP/src/core/def.c **** }
 170              		.loc 1 117 10 view .LVU34
ARM GAS  C:\Users\minis\AppData\Local\Temp\ccSX0Sf0.s 			page 6


 171 004c 0024     		movs	r4, #0
 172              	.LVL14:
 117:../../Middlewares/Third_Party/LwIP/src/core/def.c **** }
 173              		.loc 1 117 10 view .LVU35
 174 004e FAE7     		b	.L3
 175              		.cfi_endproc
 176              	.LFE172:
 178              		.section	.text.lwip_stricmp,"ax",%progbits
 179              		.align	1
 180              		.global	lwip_stricmp
 181              		.syntax unified
 182              		.thumb
 183              		.thumb_func
 185              	lwip_stricmp:
 186              	.LFB173:
 119:../../Middlewares/Third_Party/LwIP/src/core/def.c **** #endif
 120:../../Middlewares/Third_Party/LwIP/src/core/def.c **** 
 121:../../Middlewares/Third_Party/LwIP/src/core/def.c **** #ifndef lwip_stricmp
 122:../../Middlewares/Third_Party/LwIP/src/core/def.c **** /**
 123:../../Middlewares/Third_Party/LwIP/src/core/def.c ****  * @ingroup sys_nonstandard
 124:../../Middlewares/Third_Party/LwIP/src/core/def.c ****  * lwIP default implementation for stricmp() non-standard function.
 125:../../Middlewares/Third_Party/LwIP/src/core/def.c ****  * This can be \#defined to stricmp() depending on your platform port.
 126:../../Middlewares/Third_Party/LwIP/src/core/def.c ****  */
 127:../../Middlewares/Third_Party/LwIP/src/core/def.c **** int
 128:../../Middlewares/Third_Party/LwIP/src/core/def.c **** lwip_stricmp(const char *str1, const char *str2)
 129:../../Middlewares/Third_Party/LwIP/src/core/def.c **** {
 187              		.loc 1 129 1 is_stmt 1 view -0
 188              		.cfi_startproc
 189              		@ args = 0, pretend = 0, frame = 0
 190              		@ frame_needed = 0, uses_anonymous_args = 0
 191              	.LVL15:
 192              		.loc 1 129 1 is_stmt 0 view .LVU37
 193 0000 00B5     		push	{lr}
 194              	.LCFI1:
 195              		.cfi_def_cfa_offset 4
 196              		.cfi_offset 14, -4
 197 0002 00E0     		b	.L15
 198              	.LVL16:
 199              	.L13:
 130:../../Middlewares/Third_Party/LwIP/src/core/def.c ****   char c1, c2;
 131:../../Middlewares/Third_Party/LwIP/src/core/def.c **** 
 132:../../Middlewares/Third_Party/LwIP/src/core/def.c ****   do {
 133:../../Middlewares/Third_Party/LwIP/src/core/def.c ****     c1 = *str1++;
 134:../../Middlewares/Third_Party/LwIP/src/core/def.c ****     c2 = *str2++;
 135:../../Middlewares/Third_Party/LwIP/src/core/def.c ****     if (c1 != c2) {
 136:../../Middlewares/Third_Party/LwIP/src/core/def.c ****       char c1_upc = c1 | 0x20;
 137:../../Middlewares/Third_Party/LwIP/src/core/def.c ****       if ((c1_upc >= 'a') && (c1_upc <= 'z')) {
 138:../../Middlewares/Third_Party/LwIP/src/core/def.c ****         /* characters are not equal an one is in the alphabet range:
 139:../../Middlewares/Third_Party/LwIP/src/core/def.c ****         downcase both chars and check again */
 140:../../Middlewares/Third_Party/LwIP/src/core/def.c ****         char c2_upc = c2 | 0x20;
 141:../../Middlewares/Third_Party/LwIP/src/core/def.c ****         if (c1_upc != c2_upc) {
 142:../../Middlewares/Third_Party/LwIP/src/core/def.c ****           /* still not equal */
 143:../../Middlewares/Third_Party/LwIP/src/core/def.c ****           /* don't care for < or > */
 144:../../Middlewares/Third_Party/LwIP/src/core/def.c ****           return 1;
 145:../../Middlewares/Third_Party/LwIP/src/core/def.c ****         }
 146:../../Middlewares/Third_Party/LwIP/src/core/def.c ****       } else {
 147:../../Middlewares/Third_Party/LwIP/src/core/def.c ****         /* characters are not equal but none is in the alphabet range */
ARM GAS  C:\Users\minis\AppData\Local\Temp\ccSX0Sf0.s 			page 7


 148:../../Middlewares/Third_Party/LwIP/src/core/def.c ****         return 1;
 149:../../Middlewares/Third_Party/LwIP/src/core/def.c ****       }
 150:../../Middlewares/Third_Party/LwIP/src/core/def.c ****     }
 151:../../Middlewares/Third_Party/LwIP/src/core/def.c ****   } while (c1 != 0);
 200              		.loc 1 151 15 is_stmt 1 view .LVU38
 201 0004 A2B1     		cbz	r2, .L19
 202              	.LVL17:
 203              	.L15:
 130:../../Middlewares/Third_Party/LwIP/src/core/def.c ****   char c1, c2;
 204              		.loc 1 130 3 view .LVU39
 132:../../Middlewares/Third_Party/LwIP/src/core/def.c ****     c1 = *str1++;
 205              		.loc 1 132 3 view .LVU40
 133:../../Middlewares/Third_Party/LwIP/src/core/def.c ****     c2 = *str2++;
 206              		.loc 1 133 5 view .LVU41
 133:../../Middlewares/Third_Party/LwIP/src/core/def.c ****     c2 = *str2++;
 207              		.loc 1 133 8 is_stmt 0 view .LVU42
 208 0006 0278     		ldrb	r2, [r0]	@ zero_extendqisi2
 209 0008 0130     		adds	r0, r0, #1
 210              	.LVL18:
 134:../../Middlewares/Third_Party/LwIP/src/core/def.c ****     if (c1 != c2) {
 211              		.loc 1 134 5 is_stmt 1 view .LVU43
 134:../../Middlewares/Third_Party/LwIP/src/core/def.c ****     if (c1 != c2) {
 212              		.loc 1 134 8 is_stmt 0 view .LVU44
 213 000a 0B78     		ldrb	r3, [r1]	@ zero_extendqisi2
 214 000c 0131     		adds	r1, r1, #1
 215              	.LVL19:
 135:../../Middlewares/Third_Party/LwIP/src/core/def.c ****       char c1_upc = c1 | 0x20;
 216              		.loc 1 135 5 is_stmt 1 view .LVU45
 135:../../Middlewares/Third_Party/LwIP/src/core/def.c ****       char c1_upc = c1 | 0x20;
 217              		.loc 1 135 8 is_stmt 0 view .LVU46
 218 000e 9A42     		cmp	r2, r3
 219 0010 F8D0     		beq	.L13
 220              	.LBB2:
 136:../../Middlewares/Third_Party/LwIP/src/core/def.c ****       if ((c1_upc >= 'a') && (c1_upc <= 'z')) {
 221              		.loc 1 136 7 is_stmt 1 view .LVU47
 136:../../Middlewares/Third_Party/LwIP/src/core/def.c ****       if ((c1_upc >= 'a') && (c1_upc <= 'z')) {
 222              		.loc 1 136 12 is_stmt 0 view .LVU48
 223 0012 42F0200E 		orr	lr, r2, #32
 224              	.LVL20:
 137:../../Middlewares/Third_Party/LwIP/src/core/def.c ****         /* characters are not equal an one is in the alphabet range:
 225              		.loc 1 137 7 is_stmt 1 view .LVU49
 137:../../Middlewares/Third_Party/LwIP/src/core/def.c ****         /* characters are not equal an one is in the alphabet range:
 226              		.loc 1 137 27 is_stmt 0 view .LVU50
 227 0016 AEF1610C 		sub	ip, lr, #97
 228 001a 5FFA8CFC 		uxtb	ip, ip
 137:../../Middlewares/Third_Party/LwIP/src/core/def.c ****         /* characters are not equal an one is in the alphabet range:
 229              		.loc 1 137 10 view .LVU51
 230 001e BCF1190F 		cmp	ip, #25
 231 0022 08D8     		bhi	.L16
 232              	.LBB3:
 140:../../Middlewares/Third_Party/LwIP/src/core/def.c ****         if (c1_upc != c2_upc) {
 233              		.loc 1 140 9 is_stmt 1 view .LVU52
 140:../../Middlewares/Third_Party/LwIP/src/core/def.c ****         if (c1_upc != c2_upc) {
 234              		.loc 1 140 14 is_stmt 0 view .LVU53
 235 0024 43F02003 		orr	r3, r3, #32
 236              	.LVL21:
 141:../../Middlewares/Third_Party/LwIP/src/core/def.c ****           /* still not equal */
ARM GAS  C:\Users\minis\AppData\Local\Temp\ccSX0Sf0.s 			page 8


 237              		.loc 1 141 9 is_stmt 1 view .LVU54
 141:../../Middlewares/Third_Party/LwIP/src/core/def.c ****           /* still not equal */
 238              		.loc 1 141 12 is_stmt 0 view .LVU55
 239 0028 9E45     		cmp	lr, r3
 240 002a EBD0     		beq	.L13
 144:../../Middlewares/Third_Party/LwIP/src/core/def.c ****         }
 241              		.loc 1 144 18 view .LVU56
 242 002c 0120     		movs	r0, #1
 243              	.LVL22:
 144:../../Middlewares/Third_Party/LwIP/src/core/def.c ****         }
 244              		.loc 1 144 18 view .LVU57
 245 002e 00E0     		b	.L12
 246              	.LVL23:
 247              	.L19:
 144:../../Middlewares/Third_Party/LwIP/src/core/def.c ****         }
 248              		.loc 1 144 18 view .LVU58
 249              	.LBE3:
 250              	.LBE2:
 152:../../Middlewares/Third_Party/LwIP/src/core/def.c ****   return 0;
 251              		.loc 1 152 10 view .LVU59
 252 0030 0020     		movs	r0, #0
 253              	.LVL24:
 254              	.L12:
 153:../../Middlewares/Third_Party/LwIP/src/core/def.c **** }
 255              		.loc 1 153 1 view .LVU60
 256 0032 5DF804FB 		ldr	pc, [sp], #4
 257              	.LVL25:
 258              	.L16:
 259              	.LBB4:
 148:../../Middlewares/Third_Party/LwIP/src/core/def.c ****       }
 260              		.loc 1 148 16 view .LVU61
 261 0036 0120     		movs	r0, #1
 262              	.LVL26:
 148:../../Middlewares/Third_Party/LwIP/src/core/def.c ****       }
 263              		.loc 1 148 16 view .LVU62
 264 0038 FBE7     		b	.L12
 265              	.LBE4:
 266              		.cfi_endproc
 267              	.LFE173:
 269              		.section	.text.lwip_strnicmp,"ax",%progbits
 270              		.align	1
 271              		.global	lwip_strnicmp
 272              		.syntax unified
 273              		.thumb
 274              		.thumb_func
 276              	lwip_strnicmp:
 277              	.LFB174:
 154:../../Middlewares/Third_Party/LwIP/src/core/def.c **** #endif
 155:../../Middlewares/Third_Party/LwIP/src/core/def.c **** 
 156:../../Middlewares/Third_Party/LwIP/src/core/def.c **** #ifndef lwip_strnicmp
 157:../../Middlewares/Third_Party/LwIP/src/core/def.c **** /**
 158:../../Middlewares/Third_Party/LwIP/src/core/def.c ****  * @ingroup sys_nonstandard
 159:../../Middlewares/Third_Party/LwIP/src/core/def.c ****  * lwIP default implementation for strnicmp() non-standard function.
 160:../../Middlewares/Third_Party/LwIP/src/core/def.c ****  * This can be \#defined to strnicmp() depending on your platform port.
 161:../../Middlewares/Third_Party/LwIP/src/core/def.c ****  */
 162:../../Middlewares/Third_Party/LwIP/src/core/def.c **** int
 163:../../Middlewares/Third_Party/LwIP/src/core/def.c **** lwip_strnicmp(const char *str1, const char *str2, size_t len)
ARM GAS  C:\Users\minis\AppData\Local\Temp\ccSX0Sf0.s 			page 9


 164:../../Middlewares/Third_Party/LwIP/src/core/def.c **** {
 278              		.loc 1 164 1 is_stmt 1 view -0
 279              		.cfi_startproc
 280              		@ args = 0, pretend = 0, frame = 0
 281              		@ frame_needed = 0, uses_anonymous_args = 0
 282              	.LVL27:
 283              		.loc 1 164 1 is_stmt 0 view .LVU64
 284 0000 10B5     		push	{r4, lr}
 285              	.LCFI2:
 286              		.cfi_def_cfa_offset 8
 287              		.cfi_offset 4, -8
 288              		.cfi_offset 14, -4
 289 0002 05E0     		b	.L23
 290              	.LVL28:
 291              	.L21:
 165:../../Middlewares/Third_Party/LwIP/src/core/def.c ****   char c1, c2;
 166:../../Middlewares/Third_Party/LwIP/src/core/def.c **** 
 167:../../Middlewares/Third_Party/LwIP/src/core/def.c ****   do {
 168:../../Middlewares/Third_Party/LwIP/src/core/def.c ****     c1 = *str1++;
 169:../../Middlewares/Third_Party/LwIP/src/core/def.c ****     c2 = *str2++;
 170:../../Middlewares/Third_Party/LwIP/src/core/def.c ****     if (c1 != c2) {
 171:../../Middlewares/Third_Party/LwIP/src/core/def.c ****       char c1_upc = c1 | 0x20;
 172:../../Middlewares/Third_Party/LwIP/src/core/def.c ****       if ((c1_upc >= 'a') && (c1_upc <= 'z')) {
 173:../../Middlewares/Third_Party/LwIP/src/core/def.c ****         /* characters are not equal an one is in the alphabet range:
 174:../../Middlewares/Third_Party/LwIP/src/core/def.c ****         downcase both chars and check again */
 175:../../Middlewares/Third_Party/LwIP/src/core/def.c ****         char c2_upc = c2 | 0x20;
 176:../../Middlewares/Third_Party/LwIP/src/core/def.c ****         if (c1_upc != c2_upc) {
 177:../../Middlewares/Third_Party/LwIP/src/core/def.c ****           /* still not equal */
 178:../../Middlewares/Third_Party/LwIP/src/core/def.c ****           /* don't care for < or > */
 179:../../Middlewares/Third_Party/LwIP/src/core/def.c ****           return 1;
 180:../../Middlewares/Third_Party/LwIP/src/core/def.c ****         }
 181:../../Middlewares/Third_Party/LwIP/src/core/def.c ****       } else {
 182:../../Middlewares/Third_Party/LwIP/src/core/def.c ****         /* characters are not equal but none is in the alphabet range */
 183:../../Middlewares/Third_Party/LwIP/src/core/def.c ****         return 1;
 184:../../Middlewares/Third_Party/LwIP/src/core/def.c ****       }
 185:../../Middlewares/Third_Party/LwIP/src/core/def.c ****     }
 186:../../Middlewares/Third_Party/LwIP/src/core/def.c ****     len--;
 292              		.loc 1 186 5 is_stmt 1 view .LVU65
 187:../../Middlewares/Third_Party/LwIP/src/core/def.c ****   } while ((len != 0) && (c1 != 0));
 293              		.loc 1 187 23 view .LVU66
 294              		.loc 1 187 30 is_stmt 0 view .LVU67
 295 0004 003B     		subs	r3, r3, #0
 296              		.loc 1 187 30 view .LVU68
 297 0006 18BF     		it	ne
 298 0008 0123     		movne	r3, #1
 299              	.LVL29:
 300              		.loc 1 187 23 view .LVU69
 301 000a 013A     		subs	r2, r2, #1
 302              	.LVL30:
 303              		.loc 1 187 23 view .LVU70
 304 000c 16D0     		beq	.L27
 305 000e ABB1     		cbz	r3, .L27
 306              	.LVL31:
 307              	.L23:
 165:../../Middlewares/Third_Party/LwIP/src/core/def.c ****   char c1, c2;
 308              		.loc 1 165 3 is_stmt 1 view .LVU71
 167:../../Middlewares/Third_Party/LwIP/src/core/def.c ****     c1 = *str1++;
ARM GAS  C:\Users\minis\AppData\Local\Temp\ccSX0Sf0.s 			page 10


 309              		.loc 1 167 3 view .LVU72
 168:../../Middlewares/Third_Party/LwIP/src/core/def.c ****     c2 = *str2++;
 310              		.loc 1 168 5 view .LVU73
 168:../../Middlewares/Third_Party/LwIP/src/core/def.c ****     c2 = *str2++;
 311              		.loc 1 168 8 is_stmt 0 view .LVU74
 312 0010 0378     		ldrb	r3, [r0]	@ zero_extendqisi2
 313 0012 0130     		adds	r0, r0, #1
 314              	.LVL32:
 169:../../Middlewares/Third_Party/LwIP/src/core/def.c ****     if (c1 != c2) {
 315              		.loc 1 169 5 is_stmt 1 view .LVU75
 169:../../Middlewares/Third_Party/LwIP/src/core/def.c ****     if (c1 != c2) {
 316              		.loc 1 169 8 is_stmt 0 view .LVU76
 317 0014 91F800C0 		ldrb	ip, [r1]	@ zero_extendqisi2
 318 0018 0131     		adds	r1, r1, #1
 319              	.LVL33:
 170:../../Middlewares/Third_Party/LwIP/src/core/def.c ****       char c1_upc = c1 | 0x20;
 320              		.loc 1 170 5 is_stmt 1 view .LVU77
 170:../../Middlewares/Third_Party/LwIP/src/core/def.c ****       char c1_upc = c1 | 0x20;
 321              		.loc 1 170 8 is_stmt 0 view .LVU78
 322 001a 6345     		cmp	r3, ip
 323 001c F2D0     		beq	.L21
 324              	.LBB5:
 171:../../Middlewares/Third_Party/LwIP/src/core/def.c ****       if ((c1_upc >= 'a') && (c1_upc <= 'z')) {
 325              		.loc 1 171 7 is_stmt 1 view .LVU79
 171:../../Middlewares/Third_Party/LwIP/src/core/def.c ****       if ((c1_upc >= 'a') && (c1_upc <= 'z')) {
 326              		.loc 1 171 12 is_stmt 0 view .LVU80
 327 001e 43F02004 		orr	r4, r3, #32
 328              	.LVL34:
 172:../../Middlewares/Third_Party/LwIP/src/core/def.c ****         /* characters are not equal an one is in the alphabet range:
 329              		.loc 1 172 7 is_stmt 1 view .LVU81
 172:../../Middlewares/Third_Party/LwIP/src/core/def.c ****         /* characters are not equal an one is in the alphabet range:
 330              		.loc 1 172 27 is_stmt 0 view .LVU82
 331 0022 A4F1610E 		sub	lr, r4, #97
 332 0026 5FFA8EFE 		uxtb	lr, lr
 172:../../Middlewares/Third_Party/LwIP/src/core/def.c ****         /* characters are not equal an one is in the alphabet range:
 333              		.loc 1 172 10 view .LVU83
 334 002a BEF1190F 		cmp	lr, #25
 335 002e 07D8     		bhi	.L25
 336              	.LBB6:
 175:../../Middlewares/Third_Party/LwIP/src/core/def.c ****         if (c1_upc != c2_upc) {
 337              		.loc 1 175 9 is_stmt 1 view .LVU84
 175:../../Middlewares/Third_Party/LwIP/src/core/def.c ****         if (c1_upc != c2_upc) {
 338              		.loc 1 175 14 is_stmt 0 view .LVU85
 339 0030 4CF0200C 		orr	ip, ip, #32
 340              	.LVL35:
 176:../../Middlewares/Third_Party/LwIP/src/core/def.c ****           /* still not equal */
 341              		.loc 1 176 9 is_stmt 1 view .LVU86
 176:../../Middlewares/Third_Party/LwIP/src/core/def.c ****           /* still not equal */
 342              		.loc 1 176 12 is_stmt 0 view .LVU87
 343 0034 6445     		cmp	r4, ip
 344 0036 E5D0     		beq	.L21
 179:../../Middlewares/Third_Party/LwIP/src/core/def.c ****         }
 345              		.loc 1 179 18 view .LVU88
 346 0038 0120     		movs	r0, #1
 347              	.LVL36:
 179:../../Middlewares/Third_Party/LwIP/src/core/def.c ****         }
 348              		.loc 1 179 18 view .LVU89
ARM GAS  C:\Users\minis\AppData\Local\Temp\ccSX0Sf0.s 			page 11


 349 003a 00E0     		b	.L20
 350              	.LVL37:
 351              	.L27:
 179:../../Middlewares/Third_Party/LwIP/src/core/def.c ****         }
 352              		.loc 1 179 18 view .LVU90
 353              	.LBE6:
 354              	.LBE5:
 188:../../Middlewares/Third_Party/LwIP/src/core/def.c ****   return 0;
 355              		.loc 1 188 10 view .LVU91
 356 003c 0020     		movs	r0, #0
 357              	.LVL38:
 358              	.L20:
 189:../../Middlewares/Third_Party/LwIP/src/core/def.c **** }
 359              		.loc 1 189 1 view .LVU92
 360 003e 10BD     		pop	{r4, pc}
 361              	.LVL39:
 362              	.L25:
 363              	.LBB7:
 183:../../Middlewares/Third_Party/LwIP/src/core/def.c ****       }
 364              		.loc 1 183 16 view .LVU93
 365 0040 0120     		movs	r0, #1
 366              	.LVL40:
 183:../../Middlewares/Third_Party/LwIP/src/core/def.c ****       }
 367              		.loc 1 183 16 view .LVU94
 368 0042 FCE7     		b	.L20
 369              	.LBE7:
 370              		.cfi_endproc
 371              	.LFE174:
 373              		.section	.text.lwip_itoa,"ax",%progbits
 374              		.align	1
 375              		.global	lwip_itoa
 376              		.syntax unified
 377              		.thumb
 378              		.thumb_func
 380              	lwip_itoa:
 381              	.LVL41:
 382              	.LFB175:
 190:../../Middlewares/Third_Party/LwIP/src/core/def.c **** #endif
 191:../../Middlewares/Third_Party/LwIP/src/core/def.c **** 
 192:../../Middlewares/Third_Party/LwIP/src/core/def.c **** #ifndef lwip_itoa
 193:../../Middlewares/Third_Party/LwIP/src/core/def.c **** /**
 194:../../Middlewares/Third_Party/LwIP/src/core/def.c ****  * @ingroup sys_nonstandard
 195:../../Middlewares/Third_Party/LwIP/src/core/def.c ****  * lwIP default implementation for itoa() non-standard function.
 196:../../Middlewares/Third_Party/LwIP/src/core/def.c ****  * This can be \#defined to itoa() or snprintf(result, bufsize, "%d", number) depending on your pla
 197:../../Middlewares/Third_Party/LwIP/src/core/def.c ****  */
 198:../../Middlewares/Third_Party/LwIP/src/core/def.c **** void
 199:../../Middlewares/Third_Party/LwIP/src/core/def.c **** lwip_itoa(char *result, size_t bufsize, int number)
 200:../../Middlewares/Third_Party/LwIP/src/core/def.c **** {
 383              		.loc 1 200 1 is_stmt 1 view -0
 384              		.cfi_startproc
 385              		@ args = 0, pretend = 0, frame = 0
 386              		@ frame_needed = 0, uses_anonymous_args = 0
 387              		.loc 1 200 1 is_stmt 0 view .LVU96
 388 0000 10B5     		push	{r4, lr}
 389              	.LCFI3:
 390              		.cfi_def_cfa_offset 8
 391              		.cfi_offset 4, -8
ARM GAS  C:\Users\minis\AppData\Local\Temp\ccSX0Sf0.s 			page 12


 392              		.cfi_offset 14, -4
 393 0002 8446     		mov	ip, r0
 394 0004 8E46     		mov	lr, r1
 201:../../Middlewares/Third_Party/LwIP/src/core/def.c ****   char *res = result;
 395              		.loc 1 201 3 is_stmt 1 view .LVU97
 396              	.LVL42:
 202:../../Middlewares/Third_Party/LwIP/src/core/def.c ****   char *tmp = result + bufsize - 1;
 397              		.loc 1 202 3 view .LVU98
 398              		.loc 1 202 32 is_stmt 0 view .LVU99
 399 0006 4B1E     		subs	r3, r1, #1
 400              		.loc 1 202 9 view .LVU100
 401 0008 C118     		adds	r1, r0, r3
 402              	.LVL43:
 203:../../Middlewares/Third_Party/LwIP/src/core/def.c ****   int n = (number >= 0) ? number : -number;
 403              		.loc 1 203 3 is_stmt 1 view .LVU101
 404              		.loc 1 203 7 is_stmt 0 view .LVU102
 405 000a 82EAE274 		eor	r4, r2, r2, asr #31
 406 000e A4EBE274 		sub	r4, r4, r2, asr #31
 407              	.LVL44:
 204:../../Middlewares/Third_Party/LwIP/src/core/def.c **** 
 205:../../Middlewares/Third_Party/LwIP/src/core/def.c ****   /* handle invalid bufsize */
 206:../../Middlewares/Third_Party/LwIP/src/core/def.c ****   if (bufsize < 2) {
 408              		.loc 1 206 3 is_stmt 1 view .LVU103
 409              		.loc 1 206 6 is_stmt 0 view .LVU104
 410 0012 BEF1010F 		cmp	lr, #1
 411 0016 05D9     		bls	.L42
 207:../../Middlewares/Third_Party/LwIP/src/core/def.c ****     if (bufsize == 1) {
 208:../../Middlewares/Third_Party/LwIP/src/core/def.c ****       *result = 0;
 209:../../Middlewares/Third_Party/LwIP/src/core/def.c ****     }
 210:../../Middlewares/Third_Party/LwIP/src/core/def.c ****     return;
 211:../../Middlewares/Third_Party/LwIP/src/core/def.c ****   }
 212:../../Middlewares/Third_Party/LwIP/src/core/def.c **** 
 213:../../Middlewares/Third_Party/LwIP/src/core/def.c ****   /* First, add sign */
 214:../../Middlewares/Third_Party/LwIP/src/core/def.c ****   if (number < 0) {
 412              		.loc 1 214 3 is_stmt 1 view .LVU105
 413              		.loc 1 214 6 is_stmt 0 view .LVU106
 414 0018 002A     		cmp	r2, #0
 415 001a 07DB     		blt	.L43
 416              	.LVL45:
 417              	.L33:
 215:../../Middlewares/Third_Party/LwIP/src/core/def.c ****     *res++ = '-';
 216:../../Middlewares/Third_Party/LwIP/src/core/def.c ****   }
 217:../../Middlewares/Third_Party/LwIP/src/core/def.c ****   /* Then create the string from the end and stop if buffer full,
 218:../../Middlewares/Third_Party/LwIP/src/core/def.c ****      and ensure output string is zero terminated */
 219:../../Middlewares/Third_Party/LwIP/src/core/def.c ****   *tmp = 0;
 418              		.loc 1 219 3 is_stmt 1 view .LVU107
 419              		.loc 1 219 8 is_stmt 0 view .LVU108
 420 001c 0022     		movs	r2, #0
 421 001e 0CF80320 		strb	r2, [ip, r3]
 220:../../Middlewares/Third_Party/LwIP/src/core/def.c ****   while ((n != 0) && (tmp > res)) {
 422              		.loc 1 220 3 is_stmt 1 view .LVU109
 423              		.loc 1 220 9 is_stmt 0 view .LVU110
 424 0022 17E0     		b	.L34
 425              	.LVL46:
 426              	.L42:
 207:../../Middlewares/Third_Party/LwIP/src/core/def.c ****     if (bufsize == 1) {
 427              		.loc 1 207 5 is_stmt 1 view .LVU111
ARM GAS  C:\Users\minis\AppData\Local\Temp\ccSX0Sf0.s 			page 13


 207:../../Middlewares/Third_Party/LwIP/src/core/def.c ****     if (bufsize == 1) {
 428              		.loc 1 207 8 is_stmt 0 view .LVU112
 429 0024 28D1     		bne	.L29
 208:../../Middlewares/Third_Party/LwIP/src/core/def.c ****     }
 430              		.loc 1 208 7 is_stmt 1 view .LVU113
 208:../../Middlewares/Third_Party/LwIP/src/core/def.c ****     }
 431              		.loc 1 208 15 is_stmt 0 view .LVU114
 432 0026 0023     		movs	r3, #0
 433 0028 0370     		strb	r3, [r0]
 210:../../Middlewares/Third_Party/LwIP/src/core/def.c ****   }
 434              		.loc 1 210 5 is_stmt 1 view .LVU115
 435 002a 25E0     		b	.L29
 436              	.L43:
 215:../../Middlewares/Third_Party/LwIP/src/core/def.c ****   }
 437              		.loc 1 215 5 view .LVU116
 438              	.LVL47:
 215:../../Middlewares/Third_Party/LwIP/src/core/def.c ****   }
 439              		.loc 1 215 12 is_stmt 0 view .LVU117
 440 002c 2D22     		movs	r2, #45
 441              	.LVL48:
 215:../../Middlewares/Third_Party/LwIP/src/core/def.c ****   }
 442              		.loc 1 215 12 view .LVU118
 443 002e 00F8012B 		strb	r2, [r0], #1
 444              	.LVL49:
 215:../../Middlewares/Third_Party/LwIP/src/core/def.c ****   }
 445              		.loc 1 215 12 view .LVU119
 446 0032 F3E7     		b	.L33
 447              	.L35:
 448              	.LBB8:
 221:../../Middlewares/Third_Party/LwIP/src/core/def.c ****     char val = (char)('0' + (n % 10));
 449              		.loc 1 221 5 is_stmt 1 view .LVU120
 450              		.loc 1 221 32 is_stmt 0 view .LVU121
 451 0034 144A     		ldr	r2, .L45
 452 0036 82FB0432 		smull	r3, r2, r2, r4
 453 003a E317     		asrs	r3, r4, #31
 454 003c C3EBA203 		rsb	r3, r3, r2, asr #2
 455 0040 1A46     		mov	r2, r3
 456 0042 03EB8303 		add	r3, r3, r3, lsl #2
 457 0046 A4EB4303 		sub	r3, r4, r3, lsl #1
 458              		.loc 1 221 16 view .LVU122
 459 004a DBB2     		uxtb	r3, r3
 460              		.loc 1 221 10 view .LVU123
 461 004c 3033     		adds	r3, r3, #48
 462              	.LVL50:
 222:../../Middlewares/Third_Party/LwIP/src/core/def.c ****     tmp--;
 463              		.loc 1 222 5 is_stmt 1 view .LVU124
 223:../../Middlewares/Third_Party/LwIP/src/core/def.c ****     *tmp = val;
 464              		.loc 1 223 5 view .LVU125
 465              		.loc 1 223 10 is_stmt 0 view .LVU126
 466 004e 01F8013D 		strb	r3, [r1, #-1]!
 467              	.LVL51:
 224:../../Middlewares/Third_Party/LwIP/src/core/def.c ****     n = n / 10;
 468              		.loc 1 224 5 is_stmt 1 view .LVU127
 469              		.loc 1 224 7 is_stmt 0 view .LVU128
 470 0052 1446     		mov	r4, r2
 471              	.LVL52:
 472              	.L34:
ARM GAS  C:\Users\minis\AppData\Local\Temp\ccSX0Sf0.s 			page 14


 473              		.loc 1 224 7 view .LVU129
 474              	.LBE8:
 220:../../Middlewares/Third_Party/LwIP/src/core/def.c ****     char val = (char)('0' + (n % 10));
 475              		.loc 1 220 19 is_stmt 1 view .LVU130
 220:../../Middlewares/Third_Party/LwIP/src/core/def.c ****     char val = (char)('0' + (n % 10));
 476              		.loc 1 220 27 is_stmt 0 view .LVU131
 477 0054 8842     		cmp	r0, r1
 478 0056 2CBF     		ite	cs
 479 0058 0023     		movcs	r3, #0
 480 005a 0123     		movcc	r3, #1
 220:../../Middlewares/Third_Party/LwIP/src/core/def.c ****     char val = (char)('0' + (n % 10));
 481              		.loc 1 220 19 view .LVU132
 482 005c 0CB1     		cbz	r4, .L40
 220:../../Middlewares/Third_Party/LwIP/src/core/def.c ****     char val = (char)('0' + (n % 10));
 483              		.loc 1 220 19 view .LVU133
 484 005e 002B     		cmp	r3, #0
 485 0060 E8D1     		bne	.L35
 486              	.L40:
 225:../../Middlewares/Third_Party/LwIP/src/core/def.c ****   }
 226:../../Middlewares/Third_Party/LwIP/src/core/def.c ****   if (n) {
 487              		.loc 1 226 3 is_stmt 1 view .LVU134
 488              		.loc 1 226 6 is_stmt 0 view .LVU135
 489 0062 34B9     		cbnz	r4, .L44
 227:../../Middlewares/Third_Party/LwIP/src/core/def.c ****     /* buffer is too small */
 228:../../Middlewares/Third_Party/LwIP/src/core/def.c ****     *result = 0;
 229:../../Middlewares/Third_Party/LwIP/src/core/def.c ****     return;
 230:../../Middlewares/Third_Party/LwIP/src/core/def.c ****   }
 231:../../Middlewares/Third_Party/LwIP/src/core/def.c ****   if (*tmp == 0) {
 490              		.loc 1 231 3 is_stmt 1 view .LVU136
 491              		.loc 1 231 7 is_stmt 0 view .LVU137
 492 0064 0B78     		ldrb	r3, [r1]	@ zero_extendqisi2
 493              		.loc 1 231 6 view .LVU138
 494 0066 43B9     		cbnz	r3, .L38
 232:../../Middlewares/Third_Party/LwIP/src/core/def.c ****     /* Nothing added? */
 233:../../Middlewares/Third_Party/LwIP/src/core/def.c ****     *res++ = '0';
 495              		.loc 1 233 5 is_stmt 1 view .LVU139
 496              	.LVL53:
 497              		.loc 1 233 12 is_stmt 0 view .LVU140
 498 0068 3023     		movs	r3, #48
 499 006a 0370     		strb	r3, [r0]
 234:../../Middlewares/Third_Party/LwIP/src/core/def.c ****     *res++ = 0;
 500              		.loc 1 234 5 is_stmt 1 view .LVU141
 501              	.LVL54:
 502              		.loc 1 234 12 is_stmt 0 view .LVU142
 503 006c 0023     		movs	r3, #0
 504 006e 4370     		strb	r3, [r0, #1]
 235:../../Middlewares/Third_Party/LwIP/src/core/def.c ****     return;
 505              		.loc 1 235 5 is_stmt 1 view .LVU143
 506 0070 02E0     		b	.L29
 507              	.LVL55:
 508              	.L44:
 228:../../Middlewares/Third_Party/LwIP/src/core/def.c ****     return;
 509              		.loc 1 228 5 view .LVU144
 228:../../Middlewares/Third_Party/LwIP/src/core/def.c ****     return;
 510              		.loc 1 228 13 is_stmt 0 view .LVU145
 511 0072 0023     		movs	r3, #0
 512 0074 8CF80030 		strb	r3, [ip]
ARM GAS  C:\Users\minis\AppData\Local\Temp\ccSX0Sf0.s 			page 15


 229:../../Middlewares/Third_Party/LwIP/src/core/def.c ****   }
 513              		.loc 1 229 5 is_stmt 1 view .LVU146
 514              	.LVL56:
 515              	.L29:
 236:../../Middlewares/Third_Party/LwIP/src/core/def.c ****   }
 237:../../Middlewares/Third_Party/LwIP/src/core/def.c ****   /* move from temporary buffer to output buffer (sign is not moved) */
 238:../../Middlewares/Third_Party/LwIP/src/core/def.c ****   memmove(res, tmp, (size_t)((result + bufsize) - tmp));
 239:../../Middlewares/Third_Party/LwIP/src/core/def.c **** }
 516              		.loc 1 239 1 is_stmt 0 view .LVU147
 517 0078 10BD     		pop	{r4, pc}
 518              	.LVL57:
 519              	.L38:
 238:../../Middlewares/Third_Party/LwIP/src/core/def.c **** }
 520              		.loc 1 238 3 is_stmt 1 view .LVU148
 238:../../Middlewares/Third_Party/LwIP/src/core/def.c **** }
 521              		.loc 1 238 38 is_stmt 0 view .LVU149
 522 007a 0CEB0E02 		add	r2, ip, lr
 238:../../Middlewares/Third_Party/LwIP/src/core/def.c **** }
 523              		.loc 1 238 3 view .LVU150
 524 007e 521A     		subs	r2, r2, r1
 525 0080 FFF7FEFF 		bl	memmove
 526              	.LVL58:
 238:../../Middlewares/Third_Party/LwIP/src/core/def.c **** }
 527              		.loc 1 238 3 view .LVU151
 528 0084 F8E7     		b	.L29
 529              	.L46:
 530 0086 00BF     		.align	2
 531              	.L45:
 532 0088 67666666 		.word	1717986919
 533              		.cfi_endproc
 534              	.LFE175:
 536              		.text
 537              	.Letext0:
 538              		.file 2 "C:/Program Files (x86)/Arm GNU Toolchain arm-none-eabi/14.3 rel1/arm-none-eabi/include/ma
 539              		.file 3 "C:/Program Files (x86)/Arm GNU Toolchain arm-none-eabi/14.3 rel1/arm-none-eabi/include/sy
 540              		.file 4 "C:/Program Files (x86)/Arm GNU Toolchain arm-none-eabi/14.3 rel1/lib/gcc/arm-none-eabi/14
 541              		.file 5 "../../Middlewares/Third_Party/LwIP/src/include/lwip/arch.h"
 542              		.file 6 "C:/Program Files (x86)/Arm GNU Toolchain arm-none-eabi/14.3 rel1/arm-none-eabi/include/st
ARM GAS  C:\Users\minis\AppData\Local\Temp\ccSX0Sf0.s 			page 16


DEFINED SYMBOLS
                            *ABS*:00000000 def.c
C:\Users\minis\AppData\Local\Temp\ccSX0Sf0.s:19     .text.lwip_htons:00000000 $t
C:\Users\minis\AppData\Local\Temp\ccSX0Sf0.s:25     .text.lwip_htons:00000000 lwip_htons
C:\Users\minis\AppData\Local\Temp\ccSX0Sf0.s:45     .text.lwip_htonl:00000000 $t
C:\Users\minis\AppData\Local\Temp\ccSX0Sf0.s:51     .text.lwip_htonl:00000000 lwip_htonl
C:\Users\minis\AppData\Local\Temp\ccSX0Sf0.s:76     .text.lwip_strnstr:00000000 $t
C:\Users\minis\AppData\Local\Temp\ccSX0Sf0.s:82     .text.lwip_strnstr:00000000 lwip_strnstr
C:\Users\minis\AppData\Local\Temp\ccSX0Sf0.s:179    .text.lwip_stricmp:00000000 $t
C:\Users\minis\AppData\Local\Temp\ccSX0Sf0.s:185    .text.lwip_stricmp:00000000 lwip_stricmp
C:\Users\minis\AppData\Local\Temp\ccSX0Sf0.s:270    .text.lwip_strnicmp:00000000 $t
C:\Users\minis\AppData\Local\Temp\ccSX0Sf0.s:276    .text.lwip_strnicmp:00000000 lwip_strnicmp
C:\Users\minis\AppData\Local\Temp\ccSX0Sf0.s:374    .text.lwip_itoa:00000000 $t
C:\Users\minis\AppData\Local\Temp\ccSX0Sf0.s:380    .text.lwip_itoa:00000000 lwip_itoa
C:\Users\minis\AppData\Local\Temp\ccSX0Sf0.s:532    .text.lwip_itoa:00000088 $d

UNDEFINED SYMBOLS
strlen
strncmp
memmove
