ARM GAS  C:\Users\minis\AppData\Local\Temp\ccSfPEL4.s 			page 1


   1              		.cpu cortex-m7
   2              		.arch armv7e-m
   3              		.fpu fpv5-d16
   4              		.eabi_attribute 20, 1
   5              		.eabi_attribute 21, 1
   6              		.eabi_attribute 23, 3
   7              		.eabi_attribute 24, 1
   8              		.eabi_attribute 25, 1
   9              		.eabi_attribute 26, 1
  10              		.eabi_attribute 30, 1
  11              		.eabi_attribute 34, 1
  12              		.eabi_attribute 18, 4
  13              		.file	"fsm.c"
  14              		.text
  15              	.Ltext0:
  16              		.cfi_sections	.debug_frame
  17              		.file 1 "../../Middlewares/Third_Party/LwIP/src/netif/ppp/fsm.c"
  18              	.Letext0:
ARM GAS  C:\Users\minis\AppData\Local\Temp\ccSfPEL4.s 			page 2


DEFINED SYMBOLS
                            *ABS*:00000000 fsm.c

NO UNDEFINED SYMBOLS
