ARM GAS  C:\Users\minis\AppData\Local\Temp\ccE39qv9.s 			page 1


   1              		.cpu cortex-m7
   2              		.arch armv7e-m
   3              		.fpu fpv5-d16
   4              		.eabi_attribute 20, 1
   5              		.eabi_attribute 21, 1
   6              		.eabi_attribute 23, 3
   7              		.eabi_attribute 24, 1
   8              		.eabi_attribute 25, 1
   9              		.eabi_attribute 26, 1
  10              		.eabi_attribute 30, 1
  11              		.eabi_attribute 34, 1
  12              		.eabi_attribute 18, 4
  13              		.file	"gpio.c"
  14              		.text
  15              	.Ltext0:
  16              		.cfi_sections	.debug_frame
  17              		.file 1 "../../CM7/Core/Src/gpio.c"
  18              		.section	.text.MX_GPIO_Init,"ax",%progbits
  19              		.align	1
  20              		.global	MX_GPIO_Init
  21              		.syntax unified
  22              		.thumb
  23              		.thumb_func
  25              	MX_GPIO_Init:
  26              	.LFB147:
   1:../../CM7/Core/Src/gpio.c **** /* USER CODE BEGIN Header */
   2:../../CM7/Core/Src/gpio.c **** /**
   3:../../CM7/Core/Src/gpio.c ****   ******************************************************************************
   4:../../CM7/Core/Src/gpio.c ****   * @file    gpio.c
   5:../../CM7/Core/Src/gpio.c ****   * @brief   This file provides code for the configuration
   6:../../CM7/Core/Src/gpio.c ****   *          of all used GPIO pins.
   7:../../CM7/Core/Src/gpio.c ****   ******************************************************************************
   8:../../CM7/Core/Src/gpio.c ****   * @attention
   9:../../CM7/Core/Src/gpio.c ****   *
  10:../../CM7/Core/Src/gpio.c ****   * Copyright (c) 2025 STMicroelectronics.
  11:../../CM7/Core/Src/gpio.c ****   * All rights reserved.
  12:../../CM7/Core/Src/gpio.c ****   *
  13:../../CM7/Core/Src/gpio.c ****   * This software is licensed under terms that can be found in the LICENSE file
  14:../../CM7/Core/Src/gpio.c ****   * in the root directory of this software component.
  15:../../CM7/Core/Src/gpio.c ****   * If no LICENSE file comes not found, it is provided AS-IS.
  16:../../CM7/Core/Src/gpio.c ****   *
  17:../../CM7/Core/Src/gpio.c ****   ******************************************************************************
  18:../../CM7/Core/Src/gpio.c ****   */
  19:../../CM7/Core/Src/gpio.c **** /* USER CODE END Header */
  20:../../CM7/Core/Src/gpio.c **** 
  21:../../CM7/Core/Src/gpio.c **** /* Includes ------------------------------------------------------------------*/
  22:../../CM7/Core/Src/gpio.c **** #include "gpio.h"
  23:../../CM7/Core/Src/gpio.c **** 
  24:../../CM7/Core/Src/gpio.c **** /* USER CODE BEGIN 0 */
  25:../../CM7/Core/Src/gpio.c **** 
  26:../../CM7/Core/Src/gpio.c **** /* USER CODE END 0 */
  27:../../CM7/Core/Src/gpio.c **** 
  28:../../CM7/Core/Src/gpio.c **** /*----------------------------------------------------------------------------*/
  29:../../CM7/Core/Src/gpio.c **** /* Configure GPIO                                                             */
  30:../../CM7/Core/Src/gpio.c **** /*----------------------------------------------------------------------------*/
  31:../../CM7/Core/Src/gpio.c **** /* USER CODE BEGIN 1 */
  32:../../CM7/Core/Src/gpio.c **** 
ARM GAS  C:\Users\minis\AppData\Local\Temp\ccE39qv9.s 			page 2


  33:../../CM7/Core/Src/gpio.c **** /* USER CODE END 1 */
  34:../../CM7/Core/Src/gpio.c **** 
  35:../../CM7/Core/Src/gpio.c **** /** Configure pins
  36:../../CM7/Core/Src/gpio.c ****      PA8   ------> USB_OTG_FS_SOF
  37:../../CM7/Core/Src/gpio.c ****      PA9   ------> USB_OTG_FS_VBUS
  38:../../CM7/Core/Src/gpio.c ****      PA11   ------> USB_OTG_FS_DM
  39:../../CM7/Core/Src/gpio.c ****      PA12   ------> USB_OTG_FS_DP
  40:../../CM7/Core/Src/gpio.c **** */
  41:../../CM7/Core/Src/gpio.c **** void MX_GPIO_Init(void)
  42:../../CM7/Core/Src/gpio.c **** {
  27              		.loc 1 42 1 view -0
  28              		.cfi_startproc
  29              		@ args = 0, pretend = 0, frame = 40
  30              		@ frame_needed = 0, uses_anonymous_args = 0
  31 0000 F0B5     		push	{r4, r5, r6, r7, lr}
  32              	.LCFI0:
  33              		.cfi_def_cfa_offset 20
  34              		.cfi_offset 4, -20
  35              		.cfi_offset 5, -16
  36              		.cfi_offset 6, -12
  37              		.cfi_offset 7, -8
  38              		.cfi_offset 14, -4
  39 0002 8BB0     		sub	sp, sp, #44
  40              	.LCFI1:
  41              		.cfi_def_cfa_offset 64
  43:../../CM7/Core/Src/gpio.c **** 
  44:../../CM7/Core/Src/gpio.c ****   GPIO_InitTypeDef GPIO_InitStruct = {0};
  42              		.loc 1 44 3 view .LVU1
  43              		.loc 1 44 20 is_stmt 0 view .LVU2
  44 0004 05AD     		add	r5, sp, #20
  45 0006 0024     		movs	r4, #0
  46 0008 0594     		str	r4, [sp, #20]
  47 000a 0694     		str	r4, [sp, #24]
  48 000c 0794     		str	r4, [sp, #28]
  49 000e 0894     		str	r4, [sp, #32]
  50 0010 0994     		str	r4, [sp, #36]
  45:../../CM7/Core/Src/gpio.c **** 
  46:../../CM7/Core/Src/gpio.c ****   /* GPIO Ports Clock Enable */
  47:../../CM7/Core/Src/gpio.c ****   __HAL_RCC_GPIOC_CLK_ENABLE();
  51              		.loc 1 47 3 is_stmt 1 view .LVU3
  52              	.LBB2:
  53              		.loc 1 47 3 view .LVU4
  54              		.loc 1 47 3 view .LVU5
  55 0012 2A4B     		ldr	r3, .L3
  56 0014 D3F8E020 		ldr	r2, [r3, #224]
  57 0018 42F00402 		orr	r2, r2, #4
  58 001c C3F8E020 		str	r2, [r3, #224]
  59              		.loc 1 47 3 view .LVU6
  60 0020 D3F8E020 		ldr	r2, [r3, #224]
  61 0024 02F00402 		and	r2, r2, #4
  62 0028 0192     		str	r2, [sp, #4]
  63              		.loc 1 47 3 view .LVU7
  64 002a 019A     		ldr	r2, [sp, #4]
  65              	.LBE2:
  66              		.loc 1 47 3 view .LVU8
  48:../../CM7/Core/Src/gpio.c ****   __HAL_RCC_GPIOA_CLK_ENABLE();
  67              		.loc 1 48 3 view .LVU9
ARM GAS  C:\Users\minis\AppData\Local\Temp\ccE39qv9.s 			page 3


  68              	.LBB3:
  69              		.loc 1 48 3 view .LVU10
  70              		.loc 1 48 3 view .LVU11
  71 002c D3F8E020 		ldr	r2, [r3, #224]
  72 0030 42F00102 		orr	r2, r2, #1
  73 0034 C3F8E020 		str	r2, [r3, #224]
  74              		.loc 1 48 3 view .LVU12
  75 0038 D3F8E020 		ldr	r2, [r3, #224]
  76 003c 02F00102 		and	r2, r2, #1
  77 0040 0292     		str	r2, [sp, #8]
  78              		.loc 1 48 3 view .LVU13
  79 0042 029A     		ldr	r2, [sp, #8]
  80              	.LBE3:
  81              		.loc 1 48 3 view .LVU14
  49:../../CM7/Core/Src/gpio.c ****   __HAL_RCC_GPIOB_CLK_ENABLE();
  82              		.loc 1 49 3 view .LVU15
  83              	.LBB4:
  84              		.loc 1 49 3 view .LVU16
  85              		.loc 1 49 3 view .LVU17
  86 0044 D3F8E020 		ldr	r2, [r3, #224]
  87 0048 42F00202 		orr	r2, r2, #2
  88 004c C3F8E020 		str	r2, [r3, #224]
  89              		.loc 1 49 3 view .LVU18
  90 0050 D3F8E020 		ldr	r2, [r3, #224]
  91 0054 02F00202 		and	r2, r2, #2
  92 0058 0392     		str	r2, [sp, #12]
  93              		.loc 1 49 3 view .LVU19
  94 005a 039A     		ldr	r2, [sp, #12]
  95              	.LBE4:
  96              		.loc 1 49 3 view .LVU20
  50:../../CM7/Core/Src/gpio.c ****   __HAL_RCC_GPIOG_CLK_ENABLE();
  97              		.loc 1 50 3 view .LVU21
  98              	.LBB5:
  99              		.loc 1 50 3 view .LVU22
 100              		.loc 1 50 3 view .LVU23
 101 005c D3F8E020 		ldr	r2, [r3, #224]
 102 0060 42F04002 		orr	r2, r2, #64
 103 0064 C3F8E020 		str	r2, [r3, #224]
 104              		.loc 1 50 3 view .LVU24
 105 0068 D3F8E030 		ldr	r3, [r3, #224]
 106 006c 03F04003 		and	r3, r3, #64
 107 0070 0493     		str	r3, [sp, #16]
 108              		.loc 1 50 3 view .LVU25
 109 0072 049B     		ldr	r3, [sp, #16]
 110              	.LBE5:
 111              		.loc 1 50 3 view .LVU26
  51:../../CM7/Core/Src/gpio.c **** 
  52:../../CM7/Core/Src/gpio.c ****   /*Configure GPIO pins : PA8 PA11 PA12 */
  53:../../CM7/Core/Src/gpio.c ****   GPIO_InitStruct.Pin = GPIO_PIN_8|GPIO_PIN_11|GPIO_PIN_12;
 112              		.loc 1 53 3 view .LVU27
 113              		.loc 1 53 23 is_stmt 0 view .LVU28
 114 0074 4FF4C853 		mov	r3, #6400
 115 0078 0593     		str	r3, [sp, #20]
  54:../../CM7/Core/Src/gpio.c ****   GPIO_InitStruct.Mode = GPIO_MODE_AF_PP;
 116              		.loc 1 54 3 is_stmt 1 view .LVU29
 117              		.loc 1 54 24 is_stmt 0 view .LVU30
 118 007a 0223     		movs	r3, #2
ARM GAS  C:\Users\minis\AppData\Local\Temp\ccE39qv9.s 			page 4


 119 007c 0693     		str	r3, [sp, #24]
  55:../../CM7/Core/Src/gpio.c ****   GPIO_InitStruct.Pull = GPIO_NOPULL;
 120              		.loc 1 55 3 is_stmt 1 view .LVU31
  56:../../CM7/Core/Src/gpio.c ****   GPIO_InitStruct.Speed = GPIO_SPEED_FREQ_LOW;
 121              		.loc 1 56 3 view .LVU32
  57:../../CM7/Core/Src/gpio.c ****   GPIO_InitStruct.Alternate = GPIO_AF10_OTG1_FS;
 122              		.loc 1 57 3 view .LVU33
 123              		.loc 1 57 29 is_stmt 0 view .LVU34
 124 007e 0A23     		movs	r3, #10
 125 0080 0993     		str	r3, [sp, #36]
  58:../../CM7/Core/Src/gpio.c ****   HAL_GPIO_Init(GPIOA, &GPIO_InitStruct);
 126              		.loc 1 58 3 is_stmt 1 view .LVU35
 127 0082 2946     		mov	r1, r5
 128 0084 0E48     		ldr	r0, .L3+4
 129 0086 FFF7FEFF 		bl	HAL_GPIO_Init
 130              	.LVL0:
  59:../../CM7/Core/Src/gpio.c **** 
  60:../../CM7/Core/Src/gpio.c ****   /* USER CODE BEGIN 2 */
  61:../../CM7/Core/Src/gpio.c ****   /* Configure LED pins (PB0 = Green, PB14 = Red) as outputs */
  62:../../CM7/Core/Src/gpio.c ****   GPIO_InitStruct.Pin = GPIO_PIN_0 | GPIO_PIN_14;
 131              		.loc 1 62 3 view .LVU36
 132              		.loc 1 62 23 is_stmt 0 view .LVU37
 133 008a 44F20103 		movw	r3, #16385
 134 008e 0593     		str	r3, [sp, #20]
  63:../../CM7/Core/Src/gpio.c ****   GPIO_InitStruct.Mode = GPIO_MODE_OUTPUT_PP;
 135              		.loc 1 63 3 is_stmt 1 view .LVU38
 136              		.loc 1 63 24 is_stmt 0 view .LVU39
 137 0090 0127     		movs	r7, #1
 138 0092 0697     		str	r7, [sp, #24]
  64:../../CM7/Core/Src/gpio.c ****   GPIO_InitStruct.Pull = GPIO_NOPULL;
 139              		.loc 1 64 3 is_stmt 1 view .LVU40
 140              		.loc 1 64 24 is_stmt 0 view .LVU41
 141 0094 0794     		str	r4, [sp, #28]
  65:../../CM7/Core/Src/gpio.c ****   GPIO_InitStruct.Speed = GPIO_SPEED_FREQ_LOW;
 142              		.loc 1 65 3 is_stmt 1 view .LVU42
 143              		.loc 1 65 25 is_stmt 0 view .LVU43
 144 0096 0894     		str	r4, [sp, #32]
  66:../../CM7/Core/Src/gpio.c ****   HAL_GPIO_Init(GPIOB, &GPIO_InitStruct);
 145              		.loc 1 66 3 is_stmt 1 view .LVU44
 146 0098 0A4E     		ldr	r6, .L3+8
 147 009a 2946     		mov	r1, r5
 148 009c 3046     		mov	r0, r6
 149 009e FFF7FEFF 		bl	HAL_GPIO_Init
 150              	.LVL1:
  67:../../CM7/Core/Src/gpio.c ****   
  68:../../CM7/Core/Src/gpio.c ****   /* Turn LEDs off initially */
  69:../../CM7/Core/Src/gpio.c ****   HAL_GPIO_WritePin(GPIOB, GPIO_PIN_0, GPIO_PIN_RESET);
 151              		.loc 1 69 3 view .LVU45
 152 00a2 2246     		mov	r2, r4
 153 00a4 3946     		mov	r1, r7
 154 00a6 3046     		mov	r0, r6
 155 00a8 FFF7FEFF 		bl	HAL_GPIO_WritePin
 156              	.LVL2:
  70:../../CM7/Core/Src/gpio.c ****   HAL_GPIO_WritePin(GPIOB, GPIO_PIN_14, GPIO_PIN_RESET);
 157              		.loc 1 70 3 view .LVU46
 158 00ac 2246     		mov	r2, r4
 159 00ae 4FF48041 		mov	r1, #16384
ARM GAS  C:\Users\minis\AppData\Local\Temp\ccE39qv9.s 			page 5


 160 00b2 3046     		mov	r0, r6
 161 00b4 FFF7FEFF 		bl	HAL_GPIO_WritePin
 162              	.LVL3:
  71:../../CM7/Core/Src/gpio.c ****   /* USER CODE END 2 */
  72:../../CM7/Core/Src/gpio.c **** }
 163              		.loc 1 72 1 is_stmt 0 view .LVU47
 164 00b8 0BB0     		add	sp, sp, #44
 165              	.LCFI2:
 166              		.cfi_def_cfa_offset 20
 167              		@ sp needed
 168 00ba F0BD     		pop	{r4, r5, r6, r7, pc}
 169              	.L4:
 170              		.align	2
 171              	.L3:
 172 00bc 00440258 		.word	1476543488
 173 00c0 00000258 		.word	1476526080
 174 00c4 00040258 		.word	1476527104
 175              		.cfi_endproc
 176              	.LFE147:
 178              		.text
 179              	.Letext0:
 180              		.file 2 "C:/Program Files (x86)/Arm GNU Toolchain arm-none-eabi/14.3 rel1/arm-none-eabi/include/ma
 181              		.file 3 "C:/Program Files (x86)/Arm GNU Toolchain arm-none-eabi/14.3 rel1/arm-none-eabi/include/sy
 182              		.file 4 "../../Drivers/CMSIS/Device/ST/STM32H7xx/Include/stm32h755xx.h"
 183              		.file 5 "../../Drivers/STM32H7xx_HAL_Driver/Inc/stm32h7xx_hal_gpio.h"
ARM GAS  C:\Users\minis\AppData\Local\Temp\ccE39qv9.s 			page 6


DEFINED SYMBOLS
                            *ABS*:00000000 gpio.c
C:\Users\minis\AppData\Local\Temp\ccE39qv9.s:19     .text.MX_GPIO_Init:00000000 $t
C:\Users\minis\AppData\Local\Temp\ccE39qv9.s:25     .text.MX_GPIO_Init:00000000 MX_GPIO_Init
C:\Users\minis\AppData\Local\Temp\ccE39qv9.s:172    .text.MX_GPIO_Init:000000bc $d

UNDEFINED SYMBOLS
HAL_GPIO_Init
HAL_GPIO_WritePin
