ARM GAS  C:\Users\minis\AppData\Local\Temp\ccDYsr3G.s 			page 1


   1              		.cpu cortex-m7
   2              		.arch armv7e-m
   3              		.fpu fpv5-d16
   4              		.eabi_attribute 20, 1
   5              		.eabi_attribute 21, 1
   6              		.eabi_attribute 23, 3
   7              		.eabi_attribute 24, 1
   8              		.eabi_attribute 25, 1
   9              		.eabi_attribute 26, 1
  10              		.eabi_attribute 30, 1
  11              		.eabi_attribute 34, 1
  12              		.eabi_attribute 18, 4
  13              		.file	"ip.c"
  14              		.text
  15              	.Ltext0:
  16              		.cfi_sections	.debug_frame
  17              		.file 1 "../../Middlewares/Third_Party/LwIP/src/core/ip.c"
  18              		.global	ip_data
  19              		.section	.bss.ip_data,"aw",%nobits
  20              		.align	2
  23              	ip_data:
  24 0000 00000000 		.space	24
  24      00000000 
  24      00000000 
  24      00000000 
  24      00000000 
  25              		.text
  26              	.Letext0:
  27              		.file 2 "C:/Program Files (x86)/Arm GNU Toolchain arm-none-eabi/14.3 rel1/arm-none-eabi/include/ma
  28              		.file 3 "C:/Program Files (x86)/Arm GNU Toolchain arm-none-eabi/14.3 rel1/arm-none-eabi/include/sy
  29              		.file 4 "../../Middlewares/Third_Party/LwIP/src/include/lwip/arch.h"
  30              		.file 5 "../../Middlewares/Third_Party/LwIP/src/include/lwip/ip4_addr.h"
  31              		.file 6 "../../Middlewares/Third_Party/LwIP/src/include/lwip/ip_addr.h"
  32              		.file 7 "../../Middlewares/Third_Party/LwIP/src/include/lwip/err.h"
  33              		.file 8 "../../Middlewares/Third_Party/LwIP/src/include/lwip/pbuf.h"
  34              		.file 9 "../../Middlewares/Third_Party/LwIP/src/include/lwip/netif.h"
  35              		.file 10 "../../Middlewares/Third_Party/LwIP/src/include/lwip/prot/ip4.h"
  36              		.file 11 "../../Middlewares/Third_Party/LwIP/src/include/lwip/ip.h"
  37              		.file 12 "../../Middlewares/Third_Party/LwIP/src/include/lwip/memp.h"
ARM GAS  C:\Users\minis\AppData\Local\Temp\ccDYsr3G.s 			page 2


DEFINED SYMBOLS
                            *ABS*:00000000 ip.c
C:\Users\minis\AppData\Local\Temp\ccDYsr3G.s:23     .bss.ip_data:00000000 ip_data
C:\Users\minis\AppData\Local\Temp\ccDYsr3G.s:20     .bss.ip_data:00000000 $d

NO UNDEFINED SYMBOLS
