ARM GAS  C:\Users\minis\AppData\Local\Temp\cc8p9tht.s 			page 1


   1              		.cpu cortex-m7
   2              		.arch armv7e-m
   3              		.fpu fpv5-d16
   4              		.eabi_attribute 20, 1
   5              		.eabi_attribute 21, 1
   6              		.eabi_attribute 23, 3
   7              		.eabi_attribute 24, 1
   8              		.eabi_attribute 25, 1
   9              		.eabi_attribute 26, 1
  10              		.eabi_attribute 30, 1
  11              		.eabi_attribute 34, 1
  12              		.eabi_attribute 18, 4
  13              		.file	"microros_time.c"
  14              		.text
  15              	.Ltext0:
  16              		.cfi_sections	.debug_frame
  17              		.file 1 "../../micro_ros_stm32cubemx_utils/extra_sources/microros_time.c"
  18              		.section	.text.UTILS_NanosecondsToTimespec,"ax",%progbits
  19              		.align	1
  20              		.global	UTILS_NanosecondsToTimespec
  21              		.syntax unified
  22              		.thumb
  23              		.thumb_func
  25              	UTILS_NanosecondsToTimespec:
  26              	.LVL0:
  27              	.LFB4:
   1:../../micro_ros_stm32cubemx_utils/extra_sources/microros_time.c **** #include <unistd.h>
   2:../../micro_ros_stm32cubemx_utils/extra_sources/microros_time.c **** #include <time.h>
   3:../../micro_ros_stm32cubemx_utils/extra_sources/microros_time.c **** #include "cmsis_os.h"
   4:../../micro_ros_stm32cubemx_utils/extra_sources/microros_time.c **** 
   5:../../micro_ros_stm32cubemx_utils/extra_sources/microros_time.c **** #define MICROSECONDS_PER_SECOND    ( 1000000LL )                                   /**< Microsecond
   6:../../micro_ros_stm32cubemx_utils/extra_sources/microros_time.c **** #define NANOSECONDS_PER_SECOND     ( 1000000000LL )                                /**< Nanoseconds
   7:../../micro_ros_stm32cubemx_utils/extra_sources/microros_time.c **** #define NANOSECONDS_PER_TICK       ( NANOSECONDS_PER_SECOND / configTICK_RATE_HZ ) /**< Nanoseconds
   8:../../micro_ros_stm32cubemx_utils/extra_sources/microros_time.c **** 
   9:../../micro_ros_stm32cubemx_utils/extra_sources/microros_time.c **** void UTILS_NanosecondsToTimespec( int64_t llSource,
  10:../../micro_ros_stm32cubemx_utils/extra_sources/microros_time.c ****                                   struct timespec * const pxDestination )
  11:../../micro_ros_stm32cubemx_utils/extra_sources/microros_time.c **** {
  28              		.loc 1 11 1 view -0
  29              		.cfi_startproc
  30              		@ args = 0, pretend = 0, frame = 0
  31              		@ frame_needed = 0, uses_anonymous_args = 0
  32              		.loc 1 11 1 is_stmt 0 view .LVU1
  33 0000 2DE9F041 		push	{r4, r5, r6, r7, r8, lr}
  34              	.LCFI0:
  35              		.cfi_def_cfa_offset 24
  36              		.cfi_offset 4, -24
  37              		.cfi_offset 5, -20
  38              		.cfi_offset 6, -16
  39              		.cfi_offset 7, -12
  40              		.cfi_offset 8, -8
  41              		.cfi_offset 14, -4
  42 0004 0746     		mov	r7, r0
  43 0006 0E46     		mov	r6, r1
  44 0008 1446     		mov	r4, r2
  12:../../micro_ros_stm32cubemx_utils/extra_sources/microros_time.c ****     long lCarrySec = 0;
  45              		.loc 1 12 5 is_stmt 1 view .LVU2
  46              	.LVL1:
ARM GAS  C:\Users\minis\AppData\Local\Temp\cc8p9tht.s 			page 2


  13:../../micro_ros_stm32cubemx_utils/extra_sources/microros_time.c **** 
  14:../../micro_ros_stm32cubemx_utils/extra_sources/microros_time.c ****     /* Convert to timespec. */
  15:../../micro_ros_stm32cubemx_utils/extra_sources/microros_time.c ****     pxDestination->tv_sec = ( time_t ) ( llSource / NANOSECONDS_PER_SECOND );
  47              		.loc 1 15 5 view .LVU3
  48              		.loc 1 15 29 is_stmt 0 view .LVU4
  49 000a 15A3     		adr	r3, .L5+8
  50 000c D3E90023 		ldrd	r2, [r3]
  51              	.LVL2:
  52              		.loc 1 15 29 view .LVU5
  53 0010 FFF7FEFF 		bl	__aeabi_ldivmod
  54              	.LVL3:
  55              		.loc 1 15 29 view .LVU6
  56 0014 0D46     		mov	r5, r1
  57 0016 8046     		mov	r8, r0
  58              		.loc 1 15 27 view .LVU7
  59 0018 2060     		str	r0, [r4]
  60 001a 6160     		str	r1, [r4, #4]
  16:../../micro_ros_stm32cubemx_utils/extra_sources/microros_time.c ****     pxDestination->tv_nsec = ( long ) ( llSource % NANOSECONDS_PER_SECOND );
  61              		.loc 1 16 5 is_stmt 1 view .LVU8
  62              		.loc 1 16 50 is_stmt 0 view .LVU9
  63 001c 10A3     		adr	r3, .L5+8
  64 001e D3E90023 		ldrd	r2, [r3]
  65 0022 3846     		mov	r0, r7
  66 0024 3146     		mov	r1, r6
  67 0026 FFF7FEFF 		bl	__aeabi_ldivmod
  68              	.LVL4:
  69              		.loc 1 16 28 view .LVU10
  70 002a A260     		str	r2, [r4, #8]
  17:../../micro_ros_stm32cubemx_utils/extra_sources/microros_time.c **** 
  18:../../micro_ros_stm32cubemx_utils/extra_sources/microros_time.c ****     /* Subtract from tv_sec if tv_nsec < 0. */
  19:../../micro_ros_stm32cubemx_utils/extra_sources/microros_time.c ****     if( pxDestination->tv_nsec < 0L )
  71              		.loc 1 19 5 is_stmt 1 view .LVU11
  72              		.loc 1 19 7 is_stmt 0 view .LVU12
  73 002c 002A     		cmp	r2, #0
  74 002e 01DB     		blt	.L4
  75              	.LVL5:
  76              	.L1:
  20:../../micro_ros_stm32cubemx_utils/extra_sources/microros_time.c ****     {
  21:../../micro_ros_stm32cubemx_utils/extra_sources/microros_time.c ****         /* Compute the number of seconds to carry. */
  22:../../micro_ros_stm32cubemx_utils/extra_sources/microros_time.c ****         lCarrySec = ( pxDestination->tv_nsec / ( long ) NANOSECONDS_PER_SECOND ) + 1L;
  23:../../micro_ros_stm32cubemx_utils/extra_sources/microros_time.c **** 
  24:../../micro_ros_stm32cubemx_utils/extra_sources/microros_time.c ****         pxDestination->tv_sec -= ( time_t ) ( lCarrySec );
  25:../../micro_ros_stm32cubemx_utils/extra_sources/microros_time.c ****         pxDestination->tv_nsec += lCarrySec * ( long ) NANOSECONDS_PER_SECOND;
  26:../../micro_ros_stm32cubemx_utils/extra_sources/microros_time.c ****     }
  27:../../micro_ros_stm32cubemx_utils/extra_sources/microros_time.c **** }
  77              		.loc 1 27 1 view .LVU13
  78 0030 BDE8F081 		pop	{r4, r5, r6, r7, r8, pc}
  79              	.LVL6:
  80              	.L4:
  22:../../micro_ros_stm32cubemx_utils/extra_sources/microros_time.c **** 
  81              		.loc 1 22 9 is_stmt 1 view .LVU14
  22:../../micro_ros_stm32cubemx_utils/extra_sources/microros_time.c **** 
  82              		.loc 1 22 46 is_stmt 0 view .LVU15
  83 0034 0849     		ldr	r1, .L5
  84 0036 81FB0231 		smull	r3, r1, r1, r2
  85 003a D317     		asrs	r3, r2, #31
  86 003c C3EB2173 		rsb	r3, r3, r1, asr #28
ARM GAS  C:\Users\minis\AppData\Local\Temp\cc8p9tht.s 			page 3


  22:../../micro_ros_stm32cubemx_utils/extra_sources/microros_time.c **** 
  87              		.loc 1 22 19 view .LVU16
  88 0040 0133     		adds	r3, r3, #1
  89              	.LVL7:
  24:../../micro_ros_stm32cubemx_utils/extra_sources/microros_time.c ****         pxDestination->tv_nsec += lCarrySec * ( long ) NANOSECONDS_PER_SECOND;
  90              		.loc 1 24 9 is_stmt 1 view .LVU17
  24:../../micro_ros_stm32cubemx_utils/extra_sources/microros_time.c ****         pxDestination->tv_nsec += lCarrySec * ( long ) NANOSECONDS_PER_SECOND;
  91              		.loc 1 24 31 is_stmt 0 view .LVU18
  92 0042 B8EB0301 		subs	r1, r8, r3
  93 0046 65EBE375 		sbc	r5, r5, r3, asr #31
  94 004a 2160     		str	r1, [r4]
  95 004c 6560     		str	r5, [r4, #4]
  25:../../micro_ros_stm32cubemx_utils/extra_sources/microros_time.c ****     }
  96              		.loc 1 25 9 is_stmt 1 view .LVU19
  25:../../micro_ros_stm32cubemx_utils/extra_sources/microros_time.c ****     }
  97              		.loc 1 25 32 is_stmt 0 view .LVU20
  98 004e 0349     		ldr	r1, .L5+4
  99 0050 01FB0322 		mla	r2, r1, r3, r2
 100 0054 A260     		str	r2, [r4, #8]
 101              		.loc 1 27 1 view .LVU21
 102 0056 EBE7     		b	.L1
 103              	.L6:
 104              		.align	3
 105              	.L5:
 106 0058 A12FB844 		.word	1152921505
 107 005c 00CA9A3B 		.word	1000000000
 108 0060 00CA9A3B 		.word	1000000000
 109 0064 00000000 		.word	0
 110              		.cfi_endproc
 111              	.LFE4:
 113              		.section	.text.clock_gettime,"ax",%progbits
 114              		.align	1
 115              		.global	clock_gettime
 116              		.syntax unified
 117              		.thumb
 118              		.thumb_func
 120              	clock_gettime:
 121              	.LVL8:
 122              	.LFB5:
  28:../../micro_ros_stm32cubemx_utils/extra_sources/microros_time.c **** 
  29:../../micro_ros_stm32cubemx_utils/extra_sources/microros_time.c **** int clock_gettime( int clock_id,
  30:../../micro_ros_stm32cubemx_utils/extra_sources/microros_time.c ****                    struct timespec * tp )
  31:../../micro_ros_stm32cubemx_utils/extra_sources/microros_time.c **** {
 123              		.loc 1 31 1 is_stmt 1 view -0
 124              		.cfi_startproc
 125              		@ args = 0, pretend = 0, frame = 8
 126              		@ frame_needed = 0, uses_anonymous_args = 0
 127              		.loc 1 31 1 is_stmt 0 view .LVU23
 128 0000 70B5     		push	{r4, r5, r6, lr}
 129              	.LCFI1:
 130              		.cfi_def_cfa_offset 16
 131              		.cfi_offset 4, -16
 132              		.cfi_offset 5, -12
 133              		.cfi_offset 6, -8
 134              		.cfi_offset 14, -4
 135 0002 82B0     		sub	sp, sp, #8
 136              	.LCFI2:
ARM GAS  C:\Users\minis\AppData\Local\Temp\cc8p9tht.s 			page 4


 137              		.cfi_def_cfa_offset 24
 138 0004 0D46     		mov	r5, r1
  32:../../micro_ros_stm32cubemx_utils/extra_sources/microros_time.c ****     TimeOut_t xCurrentTime = { 0 };
 139              		.loc 1 32 5 is_stmt 1 view .LVU24
 140              		.loc 1 32 15 is_stmt 0 view .LVU25
 141 0006 6846     		mov	r0, sp
 142              	.LVL9:
 143              		.loc 1 32 15 view .LVU26
 144 0008 0024     		movs	r4, #0
 145 000a 0094     		str	r4, [sp]
 146 000c 0194     		str	r4, [sp, #4]
  33:../../micro_ros_stm32cubemx_utils/extra_sources/microros_time.c **** 
  34:../../micro_ros_stm32cubemx_utils/extra_sources/microros_time.c ****     /* Intermediate variable used to convert TimeOut_t to struct timespec.
  35:../../micro_ros_stm32cubemx_utils/extra_sources/microros_time.c ****      * Also used to detect overflow issues. It must be unsigned because the
  36:../../micro_ros_stm32cubemx_utils/extra_sources/microros_time.c ****      * behavior of signed integer overflow is undefined. */
  37:../../micro_ros_stm32cubemx_utils/extra_sources/microros_time.c ****     uint64_t ullTickCount = 0ULL;
 147              		.loc 1 37 5 is_stmt 1 view .LVU27
 148              	.LVL10:
  38:../../micro_ros_stm32cubemx_utils/extra_sources/microros_time.c **** 
  39:../../micro_ros_stm32cubemx_utils/extra_sources/microros_time.c ****     /* Silence warnings about unused parameters. */
  40:../../micro_ros_stm32cubemx_utils/extra_sources/microros_time.c ****     ( void ) clock_id;
 149              		.loc 1 40 5 view .LVU28
  41:../../micro_ros_stm32cubemx_utils/extra_sources/microros_time.c **** 
  42:../../micro_ros_stm32cubemx_utils/extra_sources/microros_time.c ****     /* Get the current tick count and overflow count. vTaskSetTimeOutState()
  43:../../micro_ros_stm32cubemx_utils/extra_sources/microros_time.c ****      * is used to get these values because they are both static in tasks.c. */
  44:../../micro_ros_stm32cubemx_utils/extra_sources/microros_time.c ****     vTaskSetTimeOutState( &xCurrentTime );
 150              		.loc 1 44 5 view .LVU29
 151 000e FFF7FEFF 		bl	vTaskSetTimeOutState
 152              	.LVL11:
  45:../../micro_ros_stm32cubemx_utils/extra_sources/microros_time.c **** 
  46:../../micro_ros_stm32cubemx_utils/extra_sources/microros_time.c ****     /* Adjust the tick count for the number of times a TickType_t has overflowed.
  47:../../micro_ros_stm32cubemx_utils/extra_sources/microros_time.c ****      * portMAX_DELAY should be the maximum value of a TickType_t. */
  48:../../micro_ros_stm32cubemx_utils/extra_sources/microros_time.c ****     ullTickCount = ( uint64_t ) ( xCurrentTime.xOverflowCount ) << ( sizeof( TickType_t ) * 8 );
 153              		.loc 1 48 5 view .LVU30
 154              		.loc 1 48 47 is_stmt 0 view .LVU31
 155 0012 009E     		ldr	r6, [sp]
 156              	.LVL12:
  49:../../micro_ros_stm32cubemx_utils/extra_sources/microros_time.c **** 
  50:../../micro_ros_stm32cubemx_utils/extra_sources/microros_time.c ****     /* Add the current tick count. */
  51:../../micro_ros_stm32cubemx_utils/extra_sources/microros_time.c ****     ullTickCount += xCurrentTime.xTimeOnEntering;
 157              		.loc 1 51 5 is_stmt 1 view .LVU32
 158              		.loc 1 51 18 is_stmt 0 view .LVU33
 159 0014 019A     		ldr	r2, [sp, #4]
 160              	.LVL13:
  52:../../micro_ros_stm32cubemx_utils/extra_sources/microros_time.c **** 
  53:../../micro_ros_stm32cubemx_utils/extra_sources/microros_time.c ****     /* Convert ullTickCount to timespec. */
  54:../../micro_ros_stm32cubemx_utils/extra_sources/microros_time.c ****     UTILS_NanosecondsToTimespec( ( int64_t ) ullTickCount * NANOSECONDS_PER_TICK, tp );
 161              		.loc 1 54 5 is_stmt 1 view .LVU34
 162 0016 4FEA461C 		lsl	ip, r6, #5
 163 001a 4CEAD26C 		orr	ip, ip, r2, lsr #27
 164 001e 5301     		lsls	r3, r2, #5
 165 0020 9B1A     		subs	r3, r3, r2
 166 0022 6CEB060C 		sbc	ip, ip, r6
 167 0026 4FEA4C2C 		lsl	ip, ip, #9
 168 002a 4CEAD35C 		orr	ip, ip, r3, lsr #23
 169 002e 5B02     		lsls	r3, r3, #9
 170 0030 9B18     		adds	r3, r3, r2
ARM GAS  C:\Users\minis\AppData\Local\Temp\cc8p9tht.s 			page 5


 171 0032 46EB0C0C 		adc	ip, r6, ip
 172 0036 4FEA8C11 		lsl	r1, ip, #6
 173 003a 41EA9361 		orr	r1, r1, r3, lsr #26
 174 003e 9801     		lsls	r0, r3, #6
 175 0040 C01A     		subs	r0, r0, r3
 176 0042 61EB0C01 		sbc	r1, r1, ip
 177 0046 8018     		adds	r0, r0, r2
 178 0048 2A46     		mov	r2, r5
 179              	.LVL14:
 180              		.loc 1 54 5 is_stmt 0 view .LVU35
 181 004a 46EB0101 		adc	r1, r6, r1
 182 004e FFF7FEFF 		bl	UTILS_NanosecondsToTimespec
 183              	.LVL15:
  55:../../micro_ros_stm32cubemx_utils/extra_sources/microros_time.c **** 
  56:../../micro_ros_stm32cubemx_utils/extra_sources/microros_time.c ****     return 0;
 184              		.loc 1 56 5 is_stmt 1 view .LVU36
  57:../../micro_ros_stm32cubemx_utils/extra_sources/microros_time.c **** }...
 185              		.loc 1 57 1 is_stmt 0 view .LVU37
 186 0052 2046     		mov	r0, r4
 187 0054 02B0     		add	sp, sp, #8
 188              	.LCFI3:
 189              		.cfi_def_cfa_offset 16
 190              		@ sp needed
 191 0056 70BD     		pop	{r4, r5, r6, pc}
 192              		.loc 1 57 1 view .LVU38
 193              		.cfi_endproc
 194              	.LFE5:
 196              		.text
 197              	.Letext0:
 198              		.file 2 "C:/Program Files (x86)/Arm GNU Toolchain arm-none-eabi/14.3 rel1/arm-none-eabi/include/ma
 199              		.file 3 "C:/Program Files (x86)/Arm GNU Toolchain arm-none-eabi/14.3 rel1/arm-none-eabi/include/sy
 200              		.file 4 "C:/Program Files (x86)/Arm GNU Toolchain arm-none-eabi/14.3 rel1/arm-none-eabi/include/sy
 201              		.file 5 "C:/Program Files (x86)/Arm GNU Toolchain arm-none-eabi/14.3 rel1/arm-none-eabi/include/sy
 202              		.file 6 "../../Middlewares/Third_Party/FreeRTOS/Source/portable/GCC/ARM_CM4F/portmacro.h"
 203              		.file 7 "../../Middlewares/Third_Party/FreeRTOS/Source/include/task.h"
ARM GAS  C:\Users\minis\AppData\Local\Temp\cc8p9tht.s 			page 6


DEFINED SYMBOLS
                            *ABS*:00000000 microros_time.c
C:\Users\minis\AppData\Local\Temp\cc8p9tht.s:19     .text.UTILS_NanosecondsToTimespec:00000000 $t
C:\Users\minis\AppData\Local\Temp\cc8p9tht.s:25     .text.UTILS_NanosecondsToTimespec:00000000 UTILS_NanosecondsToTimespec
C:\Users\minis\AppData\Local\Temp\cc8p9tht.s:106    .text.UTILS_NanosecondsToTimespec:00000058 $d
C:\Users\minis\AppData\Local\Temp\cc8p9tht.s:114    .text.clock_gettime:00000000 $t
C:\Users\minis\AppData\Local\Temp\cc8p9tht.s:120    .text.clock_gettime:00000000 clock_gettime

UNDEFINED SYMBOLS
__aeabi_ldivmod
vTaskSetTimeOutState
