ARM GAS  C:\Users\minis\AppData\Local\Temp\ccu9M36h.s 			page 1


   1              		.cpu cortex-m7
   2              		.arch armv7e-m
   3              		.fpu fpv5-d16
   4              		.eabi_attribute 20, 1
   5              		.eabi_attribute 21, 1
   6              		.eabi_attribute 23, 3
   7              		.eabi_attribute 24, 1
   8              		.eabi_attribute 25, 1
   9              		.eabi_attribute 26, 1
  10              		.eabi_attribute 30, 1
  11              		.eabi_attribute 34, 1
  12              		.eabi_attribute 18, 4
  13              		.file	"stm32h7xx_hal_timebase_tim.c"
  14              		.text
  15              	.Ltext0:
  16              		.cfi_sections	.debug_frame
  17              		.file 1 "../../CM7/Core/Src/stm32h7xx_hal_timebase_tim.c"
  18              		.section	.text.HAL_InitTick,"ax",%progbits
  19              		.align	1
  20              		.global	HAL_InitTick
  21              		.syntax unified
  22              		.thumb
  23              		.thumb_func
  25              	HAL_InitTick:
  26              	.LVL0:
  27              	.LFB144:
   1:../../CM7/Core/Src/stm32h7xx_hal_timebase_tim.c **** /* USER CODE BEGIN Header */
   2:../../CM7/Core/Src/stm32h7xx_hal_timebase_tim.c **** /**
   3:../../CM7/Core/Src/stm32h7xx_hal_timebase_tim.c ****   ******************************************************************************
   4:../../CM7/Core/Src/stm32h7xx_hal_timebase_tim.c ****   * @file    stm32h7xx_hal_timebase_tim.c
   5:../../CM7/Core/Src/stm32h7xx_hal_timebase_tim.c ****   * @brief   HAL time base based on the hardware TIM.
   6:../../CM7/Core/Src/stm32h7xx_hal_timebase_tim.c ****   ******************************************************************************
   7:../../CM7/Core/Src/stm32h7xx_hal_timebase_tim.c ****   * @attention
   8:../../CM7/Core/Src/stm32h7xx_hal_timebase_tim.c ****   *
   9:../../CM7/Core/Src/stm32h7xx_hal_timebase_tim.c ****   * Copyright (c) 2025 STMicroelectronics.
  10:../../CM7/Core/Src/stm32h7xx_hal_timebase_tim.c ****   * All rights reserved.
  11:../../CM7/Core/Src/stm32h7xx_hal_timebase_tim.c ****   *
  12:../../CM7/Core/Src/stm32h7xx_hal_timebase_tim.c ****   * This software is licensed under terms that can be found in the LICENSE file
  13:../../CM7/Core/Src/stm32h7xx_hal_timebase_tim.c ****   * in the root directory of this software component.
  14:../../CM7/Core/Src/stm32h7xx_hal_timebase_tim.c ****   * If no LICENSE file comes with this software, it is provided AS-IS.
  15:../../CM7/Core/Src/stm32h7xx_hal_timebase_tim.c ****   *
  16:../../CM7/Core/Src/stm32h7xx_hal_timebase_tim.c ****   ******************************************************************************
  17:../../CM7/Core/Src/stm32h7xx_hal_timebase_tim.c ****   */
  18:../../CM7/Core/Src/stm32h7xx_hal_timebase_tim.c **** /* USER CODE END Header */
  19:../../CM7/Core/Src/stm32h7xx_hal_timebase_tim.c **** 
  20:../../CM7/Core/Src/stm32h7xx_hal_timebase_tim.c **** /* Includes ------------------------------------------------------------------*/
  21:../../CM7/Core/Src/stm32h7xx_hal_timebase_tim.c **** #include "stm32h7xx_hal.h"
  22:../../CM7/Core/Src/stm32h7xx_hal_timebase_tim.c **** #include "stm32h7xx_hal_tim.h"
  23:../../CM7/Core/Src/stm32h7xx_hal_timebase_tim.c **** 
  24:../../CM7/Core/Src/stm32h7xx_hal_timebase_tim.c **** /* Private typedef -----------------------------------------------------------*/
  25:../../CM7/Core/Src/stm32h7xx_hal_timebase_tim.c **** /* Private define ------------------------------------------------------------*/
  26:../../CM7/Core/Src/stm32h7xx_hal_timebase_tim.c **** /* Private macro -------------------------------------------------------------*/
  27:../../CM7/Core/Src/stm32h7xx_hal_timebase_tim.c **** /* Private variables ---------------------------------------------------------*/
  28:../../CM7/Core/Src/stm32h7xx_hal_timebase_tim.c **** TIM_HandleTypeDef        htim1;
  29:../../CM7/Core/Src/stm32h7xx_hal_timebase_tim.c **** /* Private function prototypes -----------------------------------------------*/
  30:../../CM7/Core/Src/stm32h7xx_hal_timebase_tim.c **** /* Private functions ---------------------------------------------------------*/
  31:../../CM7/Core/Src/stm32h7xx_hal_timebase_tim.c **** 
ARM GAS  C:\Users\minis\AppData\Local\Temp\ccu9M36h.s 			page 2


  32:../../CM7/Core/Src/stm32h7xx_hal_timebase_tim.c **** /**
  33:../../CM7/Core/Src/stm32h7xx_hal_timebase_tim.c ****   * @brief  This function configures the TIM1 as a time base source.
  34:../../CM7/Core/Src/stm32h7xx_hal_timebase_tim.c ****   *         The time source is configured  to have 1ms time base with a dedicated
  35:../../CM7/Core/Src/stm32h7xx_hal_timebase_tim.c ****   *         Tick interrupt priority.
  36:../../CM7/Core/Src/stm32h7xx_hal_timebase_tim.c ****   * @note   This function is called  automatically at the beginning of program after
  37:../../CM7/Core/Src/stm32h7xx_hal_timebase_tim.c ****   *         reset by HAL_Init() or at any time when clock is configured, by HAL_RCC_ClockConfig().
  38:../../CM7/Core/Src/stm32h7xx_hal_timebase_tim.c ****   * @param  TickPriority: Tick interrupt priority.
  39:../../CM7/Core/Src/stm32h7xx_hal_timebase_tim.c ****   * @retval HAL status
  40:../../CM7/Core/Src/stm32h7xx_hal_timebase_tim.c ****   */
  41:../../CM7/Core/Src/stm32h7xx_hal_timebase_tim.c **** HAL_StatusTypeDef HAL_InitTick(uint32_t TickPriority)
  42:../../CM7/Core/Src/stm32h7xx_hal_timebase_tim.c **** {
  28              		.loc 1 42 1 view -0
  29              		.cfi_startproc
  30              		@ args = 0, pretend = 0, frame = 40
  31              		@ frame_needed = 0, uses_anonymous_args = 0
  43:../../CM7/Core/Src/stm32h7xx_hal_timebase_tim.c ****   RCC_ClkInitTypeDef    clkconfig;
  32              		.loc 1 43 3 view .LVU1
  44:../../CM7/Core/Src/stm32h7xx_hal_timebase_tim.c ****   uint32_t              uwTimclock;
  33              		.loc 1 44 3 view .LVU2
  45:../../CM7/Core/Src/stm32h7xx_hal_timebase_tim.c ****   uint32_t              uwPrescalerValue;
  34              		.loc 1 45 3 view .LVU3
  46:../../CM7/Core/Src/stm32h7xx_hal_timebase_tim.c ****   uint32_t              pFLatency;
  35              		.loc 1 46 3 view .LVU4
  47:../../CM7/Core/Src/stm32h7xx_hal_timebase_tim.c **** 
  48:../../CM7/Core/Src/stm32h7xx_hal_timebase_tim.c ****   /*Configure the TIM1 IRQ priority */
  49:../../CM7/Core/Src/stm32h7xx_hal_timebase_tim.c ****   if (TickPriority < (1UL << __NVIC_PRIO_BITS))
  36              		.loc 1 49 3 view .LVU5
  37              		.loc 1 49 6 is_stmt 0 view .LVU6
  38 0000 0F28     		cmp	r0, #15
  39 0002 01D9     		bls	.L9
  50:../../CM7/Core/Src/stm32h7xx_hal_timebase_tim.c ****    {
  51:../../CM7/Core/Src/stm32h7xx_hal_timebase_tim.c ****      HAL_NVIC_SetPriority(TIM1_UP_IRQn, TickPriority ,0);
  52:../../CM7/Core/Src/stm32h7xx_hal_timebase_tim.c **** 
  53:../../CM7/Core/Src/stm32h7xx_hal_timebase_tim.c ****      /* Enable the TIM1 global Interrupt */
  54:../../CM7/Core/Src/stm32h7xx_hal_timebase_tim.c ****      HAL_NVIC_EnableIRQ(TIM1_UP_IRQn);
  55:../../CM7/Core/Src/stm32h7xx_hal_timebase_tim.c ****      uwTickPrio = TickPriority;
  56:../../CM7/Core/Src/stm32h7xx_hal_timebase_tim.c ****     }
  57:../../CM7/Core/Src/stm32h7xx_hal_timebase_tim.c ****   else
  58:../../CM7/Core/Src/stm32h7xx_hal_timebase_tim.c ****   {
  59:../../CM7/Core/Src/stm32h7xx_hal_timebase_tim.c ****     return HAL_ERROR;
  40              		.loc 1 59 12 view .LVU7
  41 0004 0120     		movs	r0, #1
  42              	.LVL1:
  60:../../CM7/Core/Src/stm32h7xx_hal_timebase_tim.c ****   }
  61:../../CM7/Core/Src/stm32h7xx_hal_timebase_tim.c **** 
  62:../../CM7/Core/Src/stm32h7xx_hal_timebase_tim.c ****   /* Enable TIM1 clock */
  63:../../CM7/Core/Src/stm32h7xx_hal_timebase_tim.c ****   __HAL_RCC_TIM1_CLK_ENABLE();
  64:../../CM7/Core/Src/stm32h7xx_hal_timebase_tim.c **** 
  65:../../CM7/Core/Src/stm32h7xx_hal_timebase_tim.c ****   /* Get clock configuration */
  66:../../CM7/Core/Src/stm32h7xx_hal_timebase_tim.c ****   HAL_RCC_GetClockConfig(&clkconfig, &pFLatency);
  67:../../CM7/Core/Src/stm32h7xx_hal_timebase_tim.c **** 
  68:../../CM7/Core/Src/stm32h7xx_hal_timebase_tim.c ****   /* Compute TIM1 clock */
  69:../../CM7/Core/Src/stm32h7xx_hal_timebase_tim.c ****       uwTimclock = 2*HAL_RCC_GetPCLK2Freq();
  70:../../CM7/Core/Src/stm32h7xx_hal_timebase_tim.c **** 
  71:../../CM7/Core/Src/stm32h7xx_hal_timebase_tim.c ****   /* Compute the prescaler value to have TIM1 counter clock equal to 1MHz */
  72:../../CM7/Core/Src/stm32h7xx_hal_timebase_tim.c ****   uwPrescalerValue = (uint32_t) ((uwTimclock / 1000000U) - 1U);
  73:../../CM7/Core/Src/stm32h7xx_hal_timebase_tim.c **** 
ARM GAS  C:\Users\minis\AppData\Local\Temp\ccu9M36h.s 			page 3


  74:../../CM7/Core/Src/stm32h7xx_hal_timebase_tim.c ****   /* Initialize TIM1 */
  75:../../CM7/Core/Src/stm32h7xx_hal_timebase_tim.c ****   htim1.Instance = TIM1;
  76:../../CM7/Core/Src/stm32h7xx_hal_timebase_tim.c **** 
  77:../../CM7/Core/Src/stm32h7xx_hal_timebase_tim.c ****   /* Initialize TIMx peripheral as follow:
  78:../../CM7/Core/Src/stm32h7xx_hal_timebase_tim.c ****    * Period = [(TIM1CLK/1000) - 1]. to have a (1/1000) s time base.
  79:../../CM7/Core/Src/stm32h7xx_hal_timebase_tim.c ****    * Prescaler = (uwTimclock/1000000 - 1) to have a 1MHz counter clock.
  80:../../CM7/Core/Src/stm32h7xx_hal_timebase_tim.c ****    * ClockDivision = 0
  81:../../CM7/Core/Src/stm32h7xx_hal_timebase_tim.c ****    * Counter direction = Up
  82:../../CM7/Core/Src/stm32h7xx_hal_timebase_tim.c ****    */
  83:../../CM7/Core/Src/stm32h7xx_hal_timebase_tim.c ****   htim1.Init.Period = (1000000U / 1000U) - 1U;
  84:../../CM7/Core/Src/stm32h7xx_hal_timebase_tim.c ****   htim1.Init.Prescaler = uwPrescalerValue;
  85:../../CM7/Core/Src/stm32h7xx_hal_timebase_tim.c ****   htim1.Init.ClockDivision = 0;
  86:../../CM7/Core/Src/stm32h7xx_hal_timebase_tim.c ****   htim1.Init.CounterMode = TIM_COUNTERMODE_UP;
  87:../../CM7/Core/Src/stm32h7xx_hal_timebase_tim.c **** 
  88:../../CM7/Core/Src/stm32h7xx_hal_timebase_tim.c ****   if(HAL_TIM_Base_Init(&htim1) == HAL_OK)
  89:../../CM7/Core/Src/stm32h7xx_hal_timebase_tim.c ****   {
  90:../../CM7/Core/Src/stm32h7xx_hal_timebase_tim.c ****     /* Start the TIM time Base generation in interrupt mode */
  91:../../CM7/Core/Src/stm32h7xx_hal_timebase_tim.c ****     return HAL_TIM_Base_Start_IT(&htim1);
  92:../../CM7/Core/Src/stm32h7xx_hal_timebase_tim.c ****   }
  93:../../CM7/Core/Src/stm32h7xx_hal_timebase_tim.c **** 
  94:../../CM7/Core/Src/stm32h7xx_hal_timebase_tim.c ****   /* Return function status */
  95:../../CM7/Core/Src/stm32h7xx_hal_timebase_tim.c ****   return HAL_ERROR;
  96:../../CM7/Core/Src/stm32h7xx_hal_timebase_tim.c **** }
  43              		.loc 1 96 1 view .LVU8
  44 0006 7047     		bx	lr
  45              	.LVL2:
  46              	.L9:
  42:../../CM7/Core/Src/stm32h7xx_hal_timebase_tim.c ****   RCC_ClkInitTypeDef    clkconfig;
  47              		.loc 1 42 1 view .LVU9
  48 0008 10B5     		push	{r4, lr}
  49              	.LCFI0:
  50              		.cfi_def_cfa_offset 8
  51              		.cfi_offset 4, -8
  52              		.cfi_offset 14, -4
  53 000a 8AB0     		sub	sp, sp, #40
  54              	.LCFI1:
  55              		.cfi_def_cfa_offset 48
  56 000c 0446     		mov	r4, r0
  51:../../CM7/Core/Src/stm32h7xx_hal_timebase_tim.c **** 
  57              		.loc 1 51 6 is_stmt 1 view .LVU10
  58 000e 0022     		movs	r2, #0
  59 0010 0146     		mov	r1, r0
  60 0012 1920     		movs	r0, #25
  61              	.LVL3:
  51:../../CM7/Core/Src/stm32h7xx_hal_timebase_tim.c **** 
  62              		.loc 1 51 6 is_stmt 0 view .LVU11
  63 0014 FFF7FEFF 		bl	HAL_NVIC_SetPriority
  64              	.LVL4:
  54:../../CM7/Core/Src/stm32h7xx_hal_timebase_tim.c ****      uwTickPrio = TickPriority;
  65              		.loc 1 54 6 is_stmt 1 view .LVU12
  66 0018 1920     		movs	r0, #25
  67 001a FFF7FEFF 		bl	HAL_NVIC_EnableIRQ
  68              	.LVL5:
  55:../../CM7/Core/Src/stm32h7xx_hal_timebase_tim.c ****     }
  69              		.loc 1 55 6 view .LVU13
  55:../../CM7/Core/Src/stm32h7xx_hal_timebase_tim.c ****     }
  70              		.loc 1 55 17 is_stmt 0 view .LVU14
ARM GAS  C:\Users\minis\AppData\Local\Temp\ccu9M36h.s 			page 4


  71 001e 174B     		ldr	r3, .L11
  72 0020 1C60     		str	r4, [r3]
  63:../../CM7/Core/Src/stm32h7xx_hal_timebase_tim.c **** 
  73              		.loc 1 63 3 is_stmt 1 view .LVU15
  74              	.LBB2:
  63:../../CM7/Core/Src/stm32h7xx_hal_timebase_tim.c **** 
  75              		.loc 1 63 3 view .LVU16
  63:../../CM7/Core/Src/stm32h7xx_hal_timebase_tim.c **** 
  76              		.loc 1 63 3 view .LVU17
  77 0022 174B     		ldr	r3, .L11+4
  78 0024 D3F8F020 		ldr	r2, [r3, #240]
  79 0028 42F00102 		orr	r2, r2, #1
  80 002c C3F8F020 		str	r2, [r3, #240]
  63:../../CM7/Core/Src/stm32h7xx_hal_timebase_tim.c **** 
  81              		.loc 1 63 3 view .LVU18
  82 0030 D3F8F030 		ldr	r3, [r3, #240]
  83 0034 03F00103 		and	r3, r3, #1
  84 0038 0093     		str	r3, [sp]
  63:../../CM7/Core/Src/stm32h7xx_hal_timebase_tim.c **** 
  85              		.loc 1 63 3 view .LVU19
  86 003a 009B     		ldr	r3, [sp]
  87              	.LBE2:
  63:../../CM7/Core/Src/stm32h7xx_hal_timebase_tim.c **** 
  88              		.loc 1 63 3 view .LVU20
  66:../../CM7/Core/Src/stm32h7xx_hal_timebase_tim.c **** 
  89              		.loc 1 66 3 view .LVU21
  90 003c 01A9     		add	r1, sp, #4
  91 003e 02A8     		add	r0, sp, #8
  92 0040 FFF7FEFF 		bl	HAL_RCC_GetClockConfig
  93              	.LVL6:
  69:../../CM7/Core/Src/stm32h7xx_hal_timebase_tim.c **** 
  94              		.loc 1 69 7 view .LVU22
  69:../../CM7/Core/Src/stm32h7xx_hal_timebase_tim.c **** 
  95              		.loc 1 69 22 is_stmt 0 view .LVU23
  96 0044 FFF7FEFF 		bl	HAL_RCC_GetPCLK2Freq
  97              	.LVL7:
  69:../../CM7/Core/Src/stm32h7xx_hal_timebase_tim.c **** 
  98              		.loc 1 69 18 discriminator 1 view .LVU24
  99 0048 4300     		lsls	r3, r0, #1
 100              	.LVL8:
  72:../../CM7/Core/Src/stm32h7xx_hal_timebase_tim.c **** 
 101              		.loc 1 72 3 is_stmt 1 view .LVU25
  72:../../CM7/Core/Src/stm32h7xx_hal_timebase_tim.c **** 
 102              		.loc 1 72 46 is_stmt 0 view .LVU26
 103 004a 0E4A     		ldr	r2, .L11+8
 104 004c A2FB0323 		umull	r2, r3, r2, r3
 105              	.LVL9:
  72:../../CM7/Core/Src/stm32h7xx_hal_timebase_tim.c **** 
 106              		.loc 1 72 46 view .LVU27
 107 0050 9B0C     		lsrs	r3, r3, #18
  72:../../CM7/Core/Src/stm32h7xx_hal_timebase_tim.c **** 
 108              		.loc 1 72 20 view .LVU28
 109 0052 013B     		subs	r3, r3, #1
 110              	.LVL10:
  75:../../CM7/Core/Src/stm32h7xx_hal_timebase_tim.c **** 
 111              		.loc 1 75 3 is_stmt 1 view .LVU29
  75:../../CM7/Core/Src/stm32h7xx_hal_timebase_tim.c **** 
ARM GAS  C:\Users\minis\AppData\Local\Temp\ccu9M36h.s 			page 5


 112              		.loc 1 75 18 is_stmt 0 view .LVU30
 113 0054 0C48     		ldr	r0, .L11+12
 114              	.LVL11:
  75:../../CM7/Core/Src/stm32h7xx_hal_timebase_tim.c **** 
 115              		.loc 1 75 18 view .LVU31
 116 0056 0D4A     		ldr	r2, .L11+16
 117 0058 0260     		str	r2, [r0]
  83:../../CM7/Core/Src/stm32h7xx_hal_timebase_tim.c ****   htim1.Init.Prescaler = uwPrescalerValue;
 118              		.loc 1 83 3 is_stmt 1 view .LVU32
  83:../../CM7/Core/Src/stm32h7xx_hal_timebase_tim.c ****   htim1.Init.Prescaler = uwPrescalerValue;
 119              		.loc 1 83 21 is_stmt 0 view .LVU33
 120 005a 40F2E732 		movw	r2, #999
 121 005e C260     		str	r2, [r0, #12]
  84:../../CM7/Core/Src/stm32h7xx_hal_timebase_tim.c ****   htim1.Init.ClockDivision = 0;
 122              		.loc 1 84 3 is_stmt 1 view .LVU34
  84:../../CM7/Core/Src/stm32h7xx_hal_timebase_tim.c ****   htim1.Init.ClockDivision = 0;
 123              		.loc 1 84 24 is_stmt 0 view .LVU35
 124 0060 4360     		str	r3, [r0, #4]
  85:../../CM7/Core/Src/stm32h7xx_hal_timebase_tim.c ****   htim1.Init.CounterMode = TIM_COUNTERMODE_UP;
 125              		.loc 1 85 3 is_stmt 1 view .LVU36
  85:../../CM7/Core/Src/stm32h7xx_hal_timebase_tim.c ****   htim1.Init.CounterMode = TIM_COUNTERMODE_UP;
 126              		.loc 1 85 28 is_stmt 0 view .LVU37
 127 0062 0023     		movs	r3, #0
 128              	.LVL12:
  85:../../CM7/Core/Src/stm32h7xx_hal_timebase_tim.c ****   htim1.Init.CounterMode = TIM_COUNTERMODE_UP;
 129              		.loc 1 85 28 view .LVU38
 130 0064 0361     		str	r3, [r0, #16]
  86:../../CM7/Core/Src/stm32h7xx_hal_timebase_tim.c **** 
 131              		.loc 1 86 3 is_stmt 1 view .LVU39
  86:../../CM7/Core/Src/stm32h7xx_hal_timebase_tim.c **** 
 132              		.loc 1 86 26 is_stmt 0 view .LVU40
 133 0066 8360     		str	r3, [r0, #8]
  88:../../CM7/Core/Src/stm32h7xx_hal_timebase_tim.c ****   {
 134              		.loc 1 88 3 is_stmt 1 view .LVU41
  88:../../CM7/Core/Src/stm32h7xx_hal_timebase_tim.c ****   {
 135              		.loc 1 88 6 is_stmt 0 view .LVU42
 136 0068 FFF7FEFF 		bl	HAL_TIM_Base_Init
 137              	.LVL13:
  88:../../CM7/Core/Src/stm32h7xx_hal_timebase_tim.c ****   {
 138              		.loc 1 88 5 discriminator 1 view .LVU43
 139 006c 10B1     		cbz	r0, .L10
  95:../../CM7/Core/Src/stm32h7xx_hal_timebase_tim.c **** }
 140              		.loc 1 95 10 view .LVU44
 141 006e 0120     		movs	r0, #1
 142              	.L2:
 143              		.loc 1 96 1 view .LVU45
 144 0070 0AB0     		add	sp, sp, #40
 145              	.LCFI2:
 146              		.cfi_remember_state
 147              		.cfi_def_cfa_offset 8
 148              		@ sp needed
 149 0072 10BD     		pop	{r4, pc}
 150              	.LVL14:
 151              	.L10:
 152              	.LCFI3:
 153              		.cfi_restore_state
  91:../../CM7/Core/Src/stm32h7xx_hal_timebase_tim.c ****   }
ARM GAS  C:\Users\minis\AppData\Local\Temp\ccu9M36h.s 			page 6


 154              		.loc 1 91 5 is_stmt 1 view .LVU46
  91:../../CM7/Core/Src/stm32h7xx_hal_timebase_tim.c ****   }
 155              		.loc 1 91 12 is_stmt 0 view .LVU47
 156 0074 0448     		ldr	r0, .L11+12
 157 0076 FFF7FEFF 		bl	HAL_TIM_Base_Start_IT
 158              	.LVL15:
 159 007a F9E7     		b	.L2
 160              	.L12:
 161              		.align	2
 162              	.L11:
 163 007c 00000000 		.word	uwTickPrio
 164 0080 00440258 		.word	1476543488
 165 0084 83DE1B43 		.word	1125899907
 166 0088 00000000 		.word	htim1
 167 008c 00000140 		.word	1073807360
 168              		.cfi_endproc
 169              	.LFE144:
 171              		.section	.text.HAL_SuspendTick,"ax",%progbits
 172              		.align	1
 173              		.global	HAL_SuspendTick
 174              		.syntax unified
 175              		.thumb
 176              		.thumb_func
 178              	HAL_SuspendTick:
 179              	.LFB145:
  97:../../CM7/Core/Src/stm32h7xx_hal_timebase_tim.c **** 
  98:../../CM7/Core/Src/stm32h7xx_hal_timebase_tim.c **** /**
  99:../../CM7/Core/Src/stm32h7xx_hal_timebase_tim.c ****   * @brief  Suspend Tick increment.
 100:../../CM7/Core/Src/stm32h7xx_hal_timebase_tim.c ****   * @note   Disable the tick increment by disabling TIM1 update interrupt.
 101:../../CM7/Core/Src/stm32h7xx_hal_timebase_tim.c ****   * @param  None
 102:../../CM7/Core/Src/stm32h7xx_hal_timebase_tim.c ****   * @retval None
 103:../../CM7/Core/Src/stm32h7xx_hal_timebase_tim.c ****   */
 104:../../CM7/Core/Src/stm32h7xx_hal_timebase_tim.c **** void HAL_SuspendTick(void)
 105:../../CM7/Core/Src/stm32h7xx_hal_timebase_tim.c **** {
 180              		.loc 1 105 1 is_stmt 1 view -0
 181              		.cfi_startproc
 182              		@ args = 0, pretend = 0, frame = 0
 183              		@ frame_needed = 0, uses_anonymous_args = 0
 184              		@ link register save eliminated.
 106:../../CM7/Core/Src/stm32h7xx_hal_timebase_tim.c ****   /* Disable TIM1 update Interrupt */
 107:../../CM7/Core/Src/stm32h7xx_hal_timebase_tim.c ****   __HAL_TIM_DISABLE_IT(&htim1, TIM_IT_UPDATE);
 185              		.loc 1 107 3 view .LVU49
 186 0000 034B     		ldr	r3, .L14
 187 0002 1A68     		ldr	r2, [r3]
 188 0004 D368     		ldr	r3, [r2, #12]
 189 0006 23F00103 		bic	r3, r3, #1
 190 000a D360     		str	r3, [r2, #12]
 108:../../CM7/Core/Src/stm32h7xx_hal_timebase_tim.c **** }
 191              		.loc 1 108 1 is_stmt 0 view .LVU50
 192 000c 7047     		bx	lr
 193              	.L15:
 194 000e 00BF     		.align	2
 195              	.L14:
 196 0010 00000000 		.word	htim1
 197              		.cfi_endproc
 198              	.LFE145:
 200              		.section	.text.HAL_ResumeTick,"ax",%progbits
ARM GAS  C:\Users\minis\AppData\Local\Temp\ccu9M36h.s 			page 7


 201              		.align	1
 202              		.global	HAL_ResumeTick
 203              		.syntax unified
 204              		.thumb
 205              		.thumb_func
 207              	HAL_ResumeTick:
 208              	.LFB146:
 109:../../CM7/Core/Src/stm32h7xx_hal_timebase_tim.c **** 
 110:../../CM7/Core/Src/stm32h7xx_hal_timebase_tim.c **** /**
 111:../../CM7/Core/Src/stm32h7xx_hal_timebase_tim.c ****   * @brief  Resume Tick increment.
 112:../../CM7/Core/Src/stm32h7xx_hal_timebase_tim.c ****   * @note   Enable the tick increment by Enabling TIM1 update interrupt.
 113:../../CM7/Core/Src/stm32h7xx_hal_timebase_tim.c ****   * @param  None
 114:../../CM7/Core/Src/stm32h7xx_hal_timebase_tim.c ****   * @retval None
 115:../../CM7/Core/Src/stm32h7xx_hal_timebase_tim.c ****   */
 116:../../CM7/Core/Src/stm32h7xx_hal_timebase_tim.c **** void HAL_ResumeTick(void)
 117:../../CM7/Core/Src/stm32h7xx_hal_timebase_tim.c **** {
 209              		.loc 1 117 1 is_stmt 1 view -0
 210              		.cfi_startproc
 211              		@ args = 0, pretend = 0, frame = 0
 212              		@ frame_needed = 0, uses_anonymous_args = 0
 213              		@ link register save eliminated.
 118:../../CM7/Core/Src/stm32h7xx_hal_timebase_tim.c ****   /* Enable TIM1 Update interrupt */
 119:../../CM7/Core/Src/stm32h7xx_hal_timebase_tim.c ****   __HAL_TIM_ENABLE_IT(&htim1, TIM_IT_UPDATE);
 214              		.loc 1 119 3 view .LVU52
 215 0000 034B     		ldr	r3, .L17
 216 0002 1A68     		ldr	r2, [r3]
 217 0004 D368     		ldr	r3, [r2, #12]
 218 0006 43F00103 		orr	r3, r3, #1
 219 000a D360     		str	r3, [r2, #12]
 120:../../CM7/Core/Src/stm32h7xx_hal_timebase_tim.c **** }
 220              		.loc 1 120 1 is_stmt 0 view .LVU53
 221 000c 7047     		bx	lr
 222              	.L18:
 223 000e 00BF     		.align	2
 224              	.L17:
 225 0010 00000000 		.word	htim1
 226              		.cfi_endproc
 227              	.LFE146:
 229              		.global	htim1
 230              		.section	.bss.htim1,"aw",%nobits
 231              		.align	2
 234              	htim1:
 235 0000 00000000 		.space	76
 235      00000000 
 235      00000000 
 235      00000000 
 235      00000000 
 236              		.text
 237              	.Letext0:
 238              		.file 2 "../../Drivers/CMSIS/Device/ST/STM32H7xx/Include/stm32h755xx.h"
 239              		.file 3 "C:/Program Files (x86)/Arm GNU Toolchain arm-none-eabi/14.3 rel1/arm-none-eabi/include/ma
 240              		.file 4 "C:/Program Files (x86)/Arm GNU Toolchain arm-none-eabi/14.3 rel1/arm-none-eabi/include/sy
 241              		.file 5 "../../Drivers/STM32H7xx_HAL_Driver/Inc/stm32h7xx_hal_def.h"
 242              		.file 6 "../../Drivers/STM32H7xx_HAL_Driver/Inc/stm32h7xx_hal_rcc.h"
 243              		.file 7 "../../Drivers/STM32H7xx_HAL_Driver/Inc/stm32h7xx_hal_dma.h"
 244              		.file 8 "../../Drivers/STM32H7xx_HAL_Driver/Inc/stm32h7xx_hal_tim.h"
 245              		.file 9 "../../Drivers/STM32H7xx_HAL_Driver/Inc/stm32h7xx_hal.h"
ARM GAS  C:\Users\minis\AppData\Local\Temp\ccu9M36h.s 			page 8


 246              		.file 10 "../../Drivers/STM32H7xx_HAL_Driver/Inc/stm32h7xx_hal_cortex.h"
ARM GAS  C:\Users\minis\AppData\Local\Temp\ccu9M36h.s 			page 9


DEFINED SYMBOLS
                            *ABS*:00000000 stm32h7xx_hal_timebase_tim.c
C:\Users\minis\AppData\Local\Temp\ccu9M36h.s:19     .text.HAL_InitTick:00000000 $t
C:\Users\minis\AppData\Local\Temp\ccu9M36h.s:25     .text.HAL_InitTick:00000000 HAL_InitTick
C:\Users\minis\AppData\Local\Temp\ccu9M36h.s:163    .text.HAL_InitTick:0000007c $d
C:\Users\minis\AppData\Local\Temp\ccu9M36h.s:234    .bss.htim1:00000000 htim1
C:\Users\minis\AppData\Local\Temp\ccu9M36h.s:172    .text.HAL_SuspendTick:00000000 $t
C:\Users\minis\AppData\Local\Temp\ccu9M36h.s:178    .text.HAL_SuspendTick:00000000 HAL_SuspendTick
C:\Users\minis\AppData\Local\Temp\ccu9M36h.s:196    .text.HAL_SuspendTick:00000010 $d
C:\Users\minis\AppData\Local\Temp\ccu9M36h.s:201    .text.HAL_ResumeTick:00000000 $t
C:\Users\minis\AppData\Local\Temp\ccu9M36h.s:207    .text.HAL_ResumeTick:00000000 HAL_ResumeTick
C:\Users\minis\AppData\Local\Temp\ccu9M36h.s:225    .text.HAL_ResumeTick:00000010 $d
C:\Users\minis\AppData\Local\Temp\ccu9M36h.s:231    .bss.htim1:00000000 $d

UNDEFINED SYMBOLS
HAL_NVIC_SetPriority
HAL_NVIC_EnableIRQ
HAL_RCC_GetClockConfig
HAL_RCC_GetPCLK2Freq
HAL_TIM_Base_Init
HAL_TIM_Base_Start_IT
uwTickPrio
