ARM GAS  C:\Users\minis\AppData\Local\Temp\ccTSfoUV.s 			page 1


   1              		.cpu cortex-m7
   2              		.arch armv7e-m
   3              		.fpu fpv5-d16
   4              		.eabi_attribute 20, 1
   5              		.eabi_attribute 21, 1
   6              		.eabi_attribute 23, 3
   7              		.eabi_attribute 24, 1
   8              		.eabi_attribute 25, 1
   9              		.eabi_attribute 26, 1
  10              		.eabi_attribute 30, 1
  11              		.eabi_attribute 34, 1
  12              		.eabi_attribute 18, 4
  13              		.file	"stm32h7xx_it.c"
  14              		.text
  15              	.Ltext0:
  16              		.cfi_sections	.debug_frame
  17              		.file 1 "../../CM7/Core/Src/stm32h7xx_it.c"
  18              		.section	.text.NMI_Handler,"ax",%progbits
  19              		.align	1
  20              		.global	NMI_Handler
  21              		.syntax unified
  22              		.thumb
  23              		.thumb_func
  25              	NMI_Handler:
  26              	.LFB147:
   1:../../CM7/Core/Src/stm32h7xx_it.c **** /* USER CODE BEGIN Header */
   2:../../CM7/Core/Src/stm32h7xx_it.c **** /**
   3:../../CM7/Core/Src/stm32h7xx_it.c ****   ******************************************************************************
   4:../../CM7/Core/Src/stm32h7xx_it.c ****   * @file    stm32h7xx_it.c
   5:../../CM7/Core/Src/stm32h7xx_it.c ****   * @brief   Interrupt Service Routines.
   6:../../CM7/Core/Src/stm32h7xx_it.c ****   ******************************************************************************
   7:../../CM7/Core/Src/stm32h7xx_it.c ****   * @attention
   8:../../CM7/Core/Src/stm32h7xx_it.c ****   *
   9:../../CM7/Core/Src/stm32h7xx_it.c ****   * Copyright (c) 2025 STMicroelectronics.
  10:../../CM7/Core/Src/stm32h7xx_it.c ****   * All rights reserved.
  11:../../CM7/Core/Src/stm32h7xx_it.c ****   *
  12:../../CM7/Core/Src/stm32h7xx_it.c ****   * This software is licensed under terms that can be found in the LICENSE file
  13:../../CM7/Core/Src/stm32h7xx_it.c ****   * in the root directory of this software component.
  14:../../CM7/Core/Src/stm32h7xx_it.c ****   * If no LICENSE file comes with this software, it is provided AS-IS.
  15:../../CM7/Core/Src/stm32h7xx_it.c ****   *
  16:../../CM7/Core/Src/stm32h7xx_it.c ****   ******************************************************************************
  17:../../CM7/Core/Src/stm32h7xx_it.c ****   */
  18:../../CM7/Core/Src/stm32h7xx_it.c **** /* USER CODE END Header */
  19:../../CM7/Core/Src/stm32h7xx_it.c **** 
  20:../../CM7/Core/Src/stm32h7xx_it.c **** /* Includes ------------------------------------------------------------------*/
  21:../../CM7/Core/Src/stm32h7xx_it.c **** #include "main.h"
  22:../../CM7/Core/Src/stm32h7xx_it.c **** #include "stm32h7xx_it.h"
  23:../../CM7/Core/Src/stm32h7xx_it.c **** /* Private includes ----------------------------------------------------------*/
  24:../../CM7/Core/Src/stm32h7xx_it.c **** /* USER CODE BEGIN Includes */
  25:../../CM7/Core/Src/stm32h7xx_it.c **** /* USER CODE END Includes */
  26:../../CM7/Core/Src/stm32h7xx_it.c **** 
  27:../../CM7/Core/Src/stm32h7xx_it.c **** /* Private typedef -----------------------------------------------------------*/
  28:../../CM7/Core/Src/stm32h7xx_it.c **** /* USER CODE BEGIN TD */
  29:../../CM7/Core/Src/stm32h7xx_it.c **** 
  30:../../CM7/Core/Src/stm32h7xx_it.c **** /* USER CODE END TD */
  31:../../CM7/Core/Src/stm32h7xx_it.c **** 
  32:../../CM7/Core/Src/stm32h7xx_it.c **** /* Private define ------------------------------------------------------------*/
ARM GAS  C:\Users\minis\AppData\Local\Temp\ccTSfoUV.s 			page 2


  33:../../CM7/Core/Src/stm32h7xx_it.c **** /* USER CODE BEGIN PD */
  34:../../CM7/Core/Src/stm32h7xx_it.c **** 
  35:../../CM7/Core/Src/stm32h7xx_it.c **** /* USER CODE END PD */
  36:../../CM7/Core/Src/stm32h7xx_it.c **** 
  37:../../CM7/Core/Src/stm32h7xx_it.c **** /* Private macro -------------------------------------------------------------*/
  38:../../CM7/Core/Src/stm32h7xx_it.c **** /* USER CODE BEGIN PM */
  39:../../CM7/Core/Src/stm32h7xx_it.c **** 
  40:../../CM7/Core/Src/stm32h7xx_it.c **** /* USER CODE END PM */
  41:../../CM7/Core/Src/stm32h7xx_it.c **** 
  42:../../CM7/Core/Src/stm32h7xx_it.c **** /* Private variables ---------------------------------------------------------*/
  43:../../CM7/Core/Src/stm32h7xx_it.c **** /* USER CODE BEGIN PV */
  44:../../CM7/Core/Src/stm32h7xx_it.c **** 
  45:../../CM7/Core/Src/stm32h7xx_it.c **** /* USER CODE END PV */
  46:../../CM7/Core/Src/stm32h7xx_it.c **** 
  47:../../CM7/Core/Src/stm32h7xx_it.c **** /* Private function prototypes -----------------------------------------------*/
  48:../../CM7/Core/Src/stm32h7xx_it.c **** /* USER CODE BEGIN PFP */
  49:../../CM7/Core/Src/stm32h7xx_it.c **** 
  50:../../CM7/Core/Src/stm32h7xx_it.c **** /* USER CODE END PFP */
  51:../../CM7/Core/Src/stm32h7xx_it.c **** 
  52:../../CM7/Core/Src/stm32h7xx_it.c **** /* Private user code ---------------------------------------------------------*/
  53:../../CM7/Core/Src/stm32h7xx_it.c **** /* USER CODE BEGIN 0 */
  54:../../CM7/Core/Src/stm32h7xx_it.c **** 
  55:../../CM7/Core/Src/stm32h7xx_it.c **** /* USER CODE END 0 */
  56:../../CM7/Core/Src/stm32h7xx_it.c **** 
  57:../../CM7/Core/Src/stm32h7xx_it.c **** /* External variables --------------------------------------------------------*/
  58:../../CM7/Core/Src/stm32h7xx_it.c **** extern ETH_HandleTypeDef heth;
  59:../../CM7/Core/Src/stm32h7xx_it.c **** extern TIM_HandleTypeDef htim1;
  60:../../CM7/Core/Src/stm32h7xx_it.c **** 
  61:../../CM7/Core/Src/stm32h7xx_it.c **** /* USER CODE BEGIN EV */
  62:../../CM7/Core/Src/stm32h7xx_it.c **** 
  63:../../CM7/Core/Src/stm32h7xx_it.c **** /* USER CODE END EV */
  64:../../CM7/Core/Src/stm32h7xx_it.c **** 
  65:../../CM7/Core/Src/stm32h7xx_it.c **** /******************************************************************************/
  66:../../CM7/Core/Src/stm32h7xx_it.c **** /*           Cortex Processor Interruption and Exception Handlers          */
  67:../../CM7/Core/Src/stm32h7xx_it.c **** /******************************************************************************/
  68:../../CM7/Core/Src/stm32h7xx_it.c **** /**
  69:../../CM7/Core/Src/stm32h7xx_it.c ****   * @brief This function handles Non maskable interrupt.
  70:../../CM7/Core/Src/stm32h7xx_it.c ****   */
  71:../../CM7/Core/Src/stm32h7xx_it.c **** void NMI_Handler(void)
  72:../../CM7/Core/Src/stm32h7xx_it.c **** {
  27              		.loc 1 72 1 view -0
  28              		.cfi_startproc
  29              		@ Volatile: function does not return.
  30              		@ args = 0, pretend = 0, frame = 0
  31              		@ frame_needed = 0, uses_anonymous_args = 0
  32              		@ link register save eliminated.
  33              	.L2:
  73:../../CM7/Core/Src/stm32h7xx_it.c ****   /* USER CODE BEGIN NonMaskableInt_IRQn 0 */
  74:../../CM7/Core/Src/stm32h7xx_it.c **** 
  75:../../CM7/Core/Src/stm32h7xx_it.c ****   /* USER CODE END NonMaskableInt_IRQn 0 */
  76:../../CM7/Core/Src/stm32h7xx_it.c ****   /* USER CODE BEGIN NonMaskableInt_IRQn 1 */
  77:../../CM7/Core/Src/stm32h7xx_it.c ****    while (1)
  34              		.loc 1 77 4 view .LVU1
  78:../../CM7/Core/Src/stm32h7xx_it.c ****   {
  79:../../CM7/Core/Src/stm32h7xx_it.c ****   }
  35              		.loc 1 79 3 view .LVU2
  77:../../CM7/Core/Src/stm32h7xx_it.c ****   {
ARM GAS  C:\Users\minis\AppData\Local\Temp\ccTSfoUV.s 			page 3


  36              		.loc 1 77 10 view .LVU3
  37 0000 FEE7     		b	.L2
  38              		.cfi_endproc
  39              	.LFE147:
  41              		.section	.text.HardFault_Handler,"ax",%progbits
  42              		.align	1
  43              		.global	HardFault_Handler
  44              		.syntax unified
  45              		.thumb
  46              		.thumb_func
  48              	HardFault_Handler:
  49              	.LFB148:
  80:../../CM7/Core/Src/stm32h7xx_it.c ****   /* USER CODE END NonMaskableInt_IRQn 1 */
  81:../../CM7/Core/Src/stm32h7xx_it.c **** }
  82:../../CM7/Core/Src/stm32h7xx_it.c **** 
  83:../../CM7/Core/Src/stm32h7xx_it.c **** /**
  84:../../CM7/Core/Src/stm32h7xx_it.c ****   * @brief This function handles Hard fault interrupt.
  85:../../CM7/Core/Src/stm32h7xx_it.c ****   */
  86:../../CM7/Core/Src/stm32h7xx_it.c **** void HardFault_Handler(void)
  87:../../CM7/Core/Src/stm32h7xx_it.c **** {
  50              		.loc 1 87 1 view -0
  51              		.cfi_startproc
  52              		@ Volatile: function does not return.
  53              		@ args = 0, pretend = 0, frame = 0
  54              		@ frame_needed = 0, uses_anonymous_args = 0
  55              		@ link register save eliminated.
  56              	.L4:
  88:../../CM7/Core/Src/stm32h7xx_it.c ****   /* USER CODE BEGIN HardFault_IRQn 0 */
  89:../../CM7/Core/Src/stm32h7xx_it.c **** 
  90:../../CM7/Core/Src/stm32h7xx_it.c ****   /* USER CODE END HardFault_IRQn 0 */
  91:../../CM7/Core/Src/stm32h7xx_it.c ****   while (1)
  57              		.loc 1 91 3 view .LVU5
  92:../../CM7/Core/Src/stm32h7xx_it.c ****   {
  93:../../CM7/Core/Src/stm32h7xx_it.c ****     /* USER CODE BEGIN W1_HardFault_IRQn 0 */
  94:../../CM7/Core/Src/stm32h7xx_it.c ****     /* USER CODE END W1_HardFault_IRQn 0 */
  95:../../CM7/Core/Src/stm32h7xx_it.c ****   }
  58              		.loc 1 95 3 view .LVU6
  91:../../CM7/Core/Src/stm32h7xx_it.c ****   {
  59              		.loc 1 91 9 view .LVU7
  60 0000 FEE7     		b	.L4
  61              		.cfi_endproc
  62              	.LFE148:
  64              		.section	.text.MemManage_Handler,"ax",%progbits
  65              		.align	1
  66              		.global	MemManage_Handler
  67              		.syntax unified
  68              		.thumb
  69              		.thumb_func
  71              	MemManage_Handler:
  72              	.LFB149:
  96:../../CM7/Core/Src/stm32h7xx_it.c **** }
  97:../../CM7/Core/Src/stm32h7xx_it.c **** 
  98:../../CM7/Core/Src/stm32h7xx_it.c **** /**
  99:../../CM7/Core/Src/stm32h7xx_it.c ****   * @brief This function handles Memory management fault.
 100:../../CM7/Core/Src/stm32h7xx_it.c ****   */
 101:../../CM7/Core/Src/stm32h7xx_it.c **** void MemManage_Handler(void)
 102:../../CM7/Core/Src/stm32h7xx_it.c **** {
ARM GAS  C:\Users\minis\AppData\Local\Temp\ccTSfoUV.s 			page 4


  73              		.loc 1 102 1 view -0
  74              		.cfi_startproc
  75              		@ Volatile: function does not return.
  76              		@ args = 0, pretend = 0, frame = 0
  77              		@ frame_needed = 0, uses_anonymous_args = 0
  78              		@ link register save eliminated.
  79              	.L6:
 103:../../CM7/Core/Src/stm32h7xx_it.c ****   /* USER CODE BEGIN MemoryManagement_IRQn 0 */
 104:../../CM7/Core/Src/stm32h7xx_it.c **** 
 105:../../CM7/Core/Src/stm32h7xx_it.c ****   /* USER CODE END MemoryManagement_IRQn 0 */
 106:../../CM7/Core/Src/stm32h7xx_it.c ****   while (1)
  80              		.loc 1 106 3 view .LVU9
 107:../../CM7/Core/Src/stm32h7xx_it.c ****   {
 108:../../CM7/Core/Src/stm32h7xx_it.c ****     /* USER CODE BEGIN W1_MemoryManagement_IRQn 0 */
 109:../../CM7/Core/Src/stm32h7xx_it.c ****     /* USER CODE END W1_MemoryManagement_IRQn 0 */
 110:../../CM7/Core/Src/stm32h7xx_it.c ****   }
  81              		.loc 1 110 3 view .LVU10
 106:../../CM7/Core/Src/stm32h7xx_it.c ****   {
  82              		.loc 1 106 9 view .LVU11
  83 0000 FEE7     		b	.L6
  84              		.cfi_endproc
  85              	.LFE149:
  87              		.section	.text.BusFault_Handler,"ax",%progbits
  88              		.align	1
  89              		.global	BusFault_Handler
  90              		.syntax unified
  91              		.thumb
  92              		.thumb_func
  94              	BusFault_Handler:
  95              	.LFB150:
 111:../../CM7/Core/Src/stm32h7xx_it.c **** }
 112:../../CM7/Core/Src/stm32h7xx_it.c **** 
 113:../../CM7/Core/Src/stm32h7xx_it.c **** /**
 114:../../CM7/Core/Src/stm32h7xx_it.c ****   * @brief This function handles Pre-fetch fault, memory access fault.
 115:../../CM7/Core/Src/stm32h7xx_it.c ****   */
 116:../../CM7/Core/Src/stm32h7xx_it.c **** void BusFault_Handler(void)
 117:../../CM7/Core/Src/stm32h7xx_it.c **** {
  96              		.loc 1 117 1 view -0
  97              		.cfi_startproc
  98              		@ Volatile: function does not return.
  99              		@ args = 0, pretend = 0, frame = 0
 100              		@ frame_needed = 0, uses_anonymous_args = 0
 101              		@ link register save eliminated.
 102              	.L8:
 118:../../CM7/Core/Src/stm32h7xx_it.c ****   /* USER CODE BEGIN BusFault_IRQn 0 */
 119:../../CM7/Core/Src/stm32h7xx_it.c **** 
 120:../../CM7/Core/Src/stm32h7xx_it.c ****   /* USER CODE END BusFault_IRQn 0 */
 121:../../CM7/Core/Src/stm32h7xx_it.c ****   while (1)
 103              		.loc 1 121 3 view .LVU13
 122:../../CM7/Core/Src/stm32h7xx_it.c ****   {
 123:../../CM7/Core/Src/stm32h7xx_it.c ****     /* USER CODE BEGIN W1_BusFault_IRQn 0 */
 124:../../CM7/Core/Src/stm32h7xx_it.c ****     /* USER CODE END W1_BusFault_IRQn 0 */
 125:../../CM7/Core/Src/stm32h7xx_it.c ****   }
 104              		.loc 1 125 3 view .LVU14
 121:../../CM7/Core/Src/stm32h7xx_it.c ****   {
 105              		.loc 1 121 9 view .LVU15
 106 0000 FEE7     		b	.L8
ARM GAS  C:\Users\minis\AppData\Local\Temp\ccTSfoUV.s 			page 5


 107              		.cfi_endproc
 108              	.LFE150:
 110              		.section	.text.UsageFault_Handler,"ax",%progbits
 111              		.align	1
 112              		.global	UsageFault_Handler
 113              		.syntax unified
 114              		.thumb
 115              		.thumb_func
 117              	UsageFault_Handler:
 118              	.LFB151:
 126:../../CM7/Core/Src/stm32h7xx_it.c **** }
 127:../../CM7/Core/Src/stm32h7xx_it.c **** 
 128:../../CM7/Core/Src/stm32h7xx_it.c **** /**
 129:../../CM7/Core/Src/stm32h7xx_it.c ****   * @brief This function handles Undefined instruction or illegal state.
 130:../../CM7/Core/Src/stm32h7xx_it.c ****   */
 131:../../CM7/Core/Src/stm32h7xx_it.c **** void UsageFault_Handler(void)
 132:../../CM7/Core/Src/stm32h7xx_it.c **** {
 119              		.loc 1 132 1 view -0
 120              		.cfi_startproc
 121              		@ Volatile: function does not return.
 122              		@ args = 0, pretend = 0, frame = 0
 123              		@ frame_needed = 0, uses_anonymous_args = 0
 124              		@ link register save eliminated.
 125              	.L10:
 133:../../CM7/Core/Src/stm32h7xx_it.c ****   /* USER CODE BEGIN UsageFault_IRQn 0 */
 134:../../CM7/Core/Src/stm32h7xx_it.c **** 
 135:../../CM7/Core/Src/stm32h7xx_it.c ****   /* USER CODE END UsageFault_IRQn 0 */
 136:../../CM7/Core/Src/stm32h7xx_it.c ****   while (1)
 126              		.loc 1 136 3 view .LVU17
 137:../../CM7/Core/Src/stm32h7xx_it.c ****   {
 138:../../CM7/Core/Src/stm32h7xx_it.c ****     /* USER CODE BEGIN W1_UsageFault_IRQn 0 */
 139:../../CM7/Core/Src/stm32h7xx_it.c ****     /* USER CODE END W1_UsageFault_IRQn 0 */
 140:../../CM7/Core/Src/stm32h7xx_it.c ****   }
 127              		.loc 1 140 3 view .LVU18
 136:../../CM7/Core/Src/stm32h7xx_it.c ****   {
 128              		.loc 1 136 9 view .LVU19
 129 0000 FEE7     		b	.L10
 130              		.cfi_endproc
 131              	.LFE151:
 133              		.section	.text.DebugMon_Handler,"ax",%progbits
 134              		.align	1
 135              		.global	DebugMon_Handler
 136              		.syntax unified
 137              		.thumb
 138              		.thumb_func
 140              	DebugMon_Handler:
 141              	.LFB152:
 141:../../CM7/Core/Src/stm32h7xx_it.c **** }
 142:../../CM7/Core/Src/stm32h7xx_it.c **** 
 143:../../CM7/Core/Src/stm32h7xx_it.c **** /**
 144:../../CM7/Core/Src/stm32h7xx_it.c ****   * @brief This function handles Debug monitor.
 145:../../CM7/Core/Src/stm32h7xx_it.c ****   */
 146:../../CM7/Core/Src/stm32h7xx_it.c **** void DebugMon_Handler(void)
 147:../../CM7/Core/Src/stm32h7xx_it.c **** {
 142              		.loc 1 147 1 view -0
 143              		.cfi_startproc
 144              		@ args = 0, pretend = 0, frame = 0
ARM GAS  C:\Users\minis\AppData\Local\Temp\ccTSfoUV.s 			page 6


 145              		@ frame_needed = 0, uses_anonymous_args = 0
 146              		@ link register save eliminated.
 148:../../CM7/Core/Src/stm32h7xx_it.c ****   /* USER CODE BEGIN DebugMonitor_IRQn 0 */
 149:../../CM7/Core/Src/stm32h7xx_it.c **** 
 150:../../CM7/Core/Src/stm32h7xx_it.c ****   /* USER CODE END DebugMonitor_IRQn 0 */
 151:../../CM7/Core/Src/stm32h7xx_it.c ****   /* USER CODE BEGIN DebugMonitor_IRQn 1 */
 152:../../CM7/Core/Src/stm32h7xx_it.c **** 
 153:../../CM7/Core/Src/stm32h7xx_it.c ****   /* USER CODE END DebugMonitor_IRQn 1 */
 154:../../CM7/Core/Src/stm32h7xx_it.c **** }
 147              		.loc 1 154 1 view .LVU21
 148 0000 7047     		bx	lr
 149              		.cfi_endproc
 150              	.LFE152:
 152              		.section	.text.TIM1_UP_IRQHandler,"ax",%progbits
 153              		.align	1
 154              		.global	TIM1_UP_IRQHandler
 155              		.syntax unified
 156              		.thumb
 157              		.thumb_func
 159              	TIM1_UP_IRQHandler:
 160              	.LFB153:
 155:../../CM7/Core/Src/stm32h7xx_it.c **** 
 156:../../CM7/Core/Src/stm32h7xx_it.c **** /******************************************************************************/
 157:../../CM7/Core/Src/stm32h7xx_it.c **** /* STM32H7xx Peripheral Interrupt Handlers                                    */
 158:../../CM7/Core/Src/stm32h7xx_it.c **** /* Add here the Interrupt Handlers for the used peripherals.                  */
 159:../../CM7/Core/Src/stm32h7xx_it.c **** /* For the available peripheral interrupt handler names,                      */
 160:../../CM7/Core/Src/stm32h7xx_it.c **** /* please refer to the startup file (startup_stm32h7xx.s).                    */
 161:../../CM7/Core/Src/stm32h7xx_it.c **** /******************************************************************************/
 162:../../CM7/Core/Src/stm32h7xx_it.c **** 
 163:../../CM7/Core/Src/stm32h7xx_it.c **** /**
 164:../../CM7/Core/Src/stm32h7xx_it.c ****   * @brief This function handles TIM1 update interrupt.
 165:../../CM7/Core/Src/stm32h7xx_it.c ****   */
 166:../../CM7/Core/Src/stm32h7xx_it.c **** void TIM1_UP_IRQHandler(void)
 167:../../CM7/Core/Src/stm32h7xx_it.c **** {
 161              		.loc 1 167 1 view -0
 162              		.cfi_startproc
 163              		@ args = 0, pretend = 0, frame = 0
 164              		@ frame_needed = 0, uses_anonymous_args = 0
 165 0000 08B5     		push	{r3, lr}
 166              	.LCFI0:
 167              		.cfi_def_cfa_offset 8
 168              		.cfi_offset 3, -8
 169              		.cfi_offset 14, -4
 168:../../CM7/Core/Src/stm32h7xx_it.c ****   /* USER CODE BEGIN TIM1_UP_IRQn 0 */
 169:../../CM7/Core/Src/stm32h7xx_it.c **** 
 170:../../CM7/Core/Src/stm32h7xx_it.c ****   /* USER CODE END TIM1_UP_IRQn 0 */
 171:../../CM7/Core/Src/stm32h7xx_it.c ****   HAL_TIM_IRQHandler(&htim1);
 170              		.loc 1 171 3 view .LVU23
 171 0002 0248     		ldr	r0, .L14
 172 0004 FFF7FEFF 		bl	HAL_TIM_IRQHandler
 173              	.LVL0:
 172:../../CM7/Core/Src/stm32h7xx_it.c ****   /* USER CODE BEGIN TIM1_UP_IRQn 1 */
 173:../../CM7/Core/Src/stm32h7xx_it.c **** 
 174:../../CM7/Core/Src/stm32h7xx_it.c ****   /* USER CODE END TIM1_UP_IRQn 1 */
 175:../../CM7/Core/Src/stm32h7xx_it.c **** }
 174              		.loc 1 175 1 is_stmt 0 view .LVU24
 175 0008 08BD     		pop	{r3, pc}
ARM GAS  C:\Users\minis\AppData\Local\Temp\ccTSfoUV.s 			page 7


 176              	.L15:
 177 000a 00BF     		.align	2
 178              	.L14:
 179 000c 00000000 		.word	htim1
 180              		.cfi_endproc
 181              	.LFE153:
 183              		.section	.text.EXTI15_10_IRQHandler,"ax",%progbits
 184              		.align	1
 185              		.global	EXTI15_10_IRQHandler
 186              		.syntax unified
 187              		.thumb
 188              		.thumb_func
 190              	EXTI15_10_IRQHandler:
 191              	.LFB154:
 176:../../CM7/Core/Src/stm32h7xx_it.c **** 
 177:../../CM7/Core/Src/stm32h7xx_it.c **** /**
 178:../../CM7/Core/Src/stm32h7xx_it.c ****   * @brief This function handles EXTI line[15:10] interrupts.
 179:../../CM7/Core/Src/stm32h7xx_it.c ****   */
 180:../../CM7/Core/Src/stm32h7xx_it.c **** void EXTI15_10_IRQHandler(void)
 181:../../CM7/Core/Src/stm32h7xx_it.c **** {
 192              		.loc 1 181 1 is_stmt 1 view -0
 193              		.cfi_startproc
 194              		@ args = 0, pretend = 0, frame = 0
 195              		@ frame_needed = 0, uses_anonymous_args = 0
 196 0000 08B5     		push	{r3, lr}
 197              	.LCFI1:
 198              		.cfi_def_cfa_offset 8
 199              		.cfi_offset 3, -8
 200              		.cfi_offset 14, -4
 182:../../CM7/Core/Src/stm32h7xx_it.c ****   /* USER CODE BEGIN EXTI15_10_IRQn 0 */
 183:../../CM7/Core/Src/stm32h7xx_it.c **** 
 184:../../CM7/Core/Src/stm32h7xx_it.c ****   /* USER CODE END EXTI15_10_IRQn 0 */
 185:../../CM7/Core/Src/stm32h7xx_it.c ****   BSP_PB_IRQHandler(BUTTON_USER);
 201              		.loc 1 185 3 view .LVU26
 202 0002 0020     		movs	r0, #0
 203 0004 FFF7FEFF 		bl	BSP_PB_IRQHandler
 204              	.LVL1:
 186:../../CM7/Core/Src/stm32h7xx_it.c ****   /* USER CODE BEGIN EXTI15_10_IRQn 1 */
 187:../../CM7/Core/Src/stm32h7xx_it.c **** 
 188:../../CM7/Core/Src/stm32h7xx_it.c ****   /* USER CODE END EXTI15_10_IRQn 1 */
 189:../../CM7/Core/Src/stm32h7xx_it.c **** }
 205              		.loc 1 189 1 is_stmt 0 view .LVU27
 206 0008 08BD     		pop	{r3, pc}
 207              		.cfi_endproc
 208              	.LFE154:
 210              		.section	.text.ETH_IRQHandler,"ax",%progbits
 211              		.align	1
 212              		.global	ETH_IRQHandler
 213              		.syntax unified
 214              		.thumb
 215              		.thumb_func
 217              	ETH_IRQHandler:
 218              	.LFB155:
 190:../../CM7/Core/Src/stm32h7xx_it.c **** 
 191:../../CM7/Core/Src/stm32h7xx_it.c **** /**
 192:../../CM7/Core/Src/stm32h7xx_it.c ****   * @brief This function handles Ethernet global interrupt.
 193:../../CM7/Core/Src/stm32h7xx_it.c ****   */
ARM GAS  C:\Users\minis\AppData\Local\Temp\ccTSfoUV.s 			page 8


 194:../../CM7/Core/Src/stm32h7xx_it.c **** void ETH_IRQHandler(void)
 195:../../CM7/Core/Src/stm32h7xx_it.c **** {
 219              		.loc 1 195 1 is_stmt 1 view -0
 220              		.cfi_startproc
 221              		@ args = 0, pretend = 0, frame = 0
 222              		@ frame_needed = 0, uses_anonymous_args = 0
 223 0000 08B5     		push	{r3, lr}
 224              	.LCFI2:
 225              		.cfi_def_cfa_offset 8
 226              		.cfi_offset 3, -8
 227              		.cfi_offset 14, -4
 196:../../CM7/Core/Src/stm32h7xx_it.c ****   /* USER CODE BEGIN ETH_IRQn 0 */
 197:../../CM7/Core/Src/stm32h7xx_it.c **** 
 198:../../CM7/Core/Src/stm32h7xx_it.c ****   /* USER CODE END ETH_IRQn 0 */
 199:../../CM7/Core/Src/stm32h7xx_it.c ****   HAL_ETH_IRQHandler(&heth);
 228              		.loc 1 199 3 view .LVU29
 229 0002 0248     		ldr	r0, .L20
 230 0004 FFF7FEFF 		bl	HAL_ETH_IRQHandler
 231              	.LVL2:
 200:../../CM7/Core/Src/stm32h7xx_it.c ****   /* USER CODE BEGIN ETH_IRQn 1 */
 201:../../CM7/Core/Src/stm32h7xx_it.c **** 
 202:../../CM7/Core/Src/stm32h7xx_it.c ****   /* USER CODE END ETH_IRQn 1 */
 203:../../CM7/Core/Src/stm32h7xx_it.c **** }
 232              		.loc 1 203 1 is_stmt 0 view .LVU30
 233 0008 08BD     		pop	{r3, pc}
 234              	.L21:
 235 000a 00BF     		.align	2
 236              	.L20:
 237 000c 00000000 		.word	heth
 238              		.cfi_endproc
 239              	.LFE155:
 241              		.text
 242              	.Letext0:
 243              		.file 2 "C:/Program Files (x86)/Arm GNU Toolchain arm-none-eabi/14.3 rel1/arm-none-eabi/include/ma
 244              		.file 3 "C:/Program Files (x86)/Arm GNU Toolchain arm-none-eabi/14.3 rel1/arm-none-eabi/include/sy
 245              		.file 4 "../../Drivers/CMSIS/Device/ST/STM32H7xx/Include/stm32h755xx.h"
 246              		.file 5 "../../Drivers/STM32H7xx_HAL_Driver/Inc/stm32h7xx_hal_def.h"
 247              		.file 6 "../../Drivers/STM32H7xx_HAL_Driver/Inc/stm32h7xx_hal_dma.h"
 248              		.file 7 "../../Drivers/STM32H7xx_HAL_Driver/Inc/stm32h7xx_hal_eth.h"
 249              		.file 8 "../../Drivers/STM32H7xx_HAL_Driver/Inc/stm32h7xx_hal_tim.h"
 250              		.file 9 "../../Drivers/BSP/STM32H7xx_Nucleo/stm32h7xx_nucleo.h"
 251              		.file 10 "../../CM7/Core/Inc/main.h"
ARM GAS  C:\Users\minis\AppData\Local\Temp\ccTSfoUV.s 			page 9


DEFINED SYMBOLS
                            *ABS*:00000000 stm32h7xx_it.c
C:\Users\minis\AppData\Local\Temp\ccTSfoUV.s:19     .text.NMI_Handler:00000000 $t
C:\Users\minis\AppData\Local\Temp\ccTSfoUV.s:25     .text.NMI_Handler:00000000 NMI_Handler
C:\Users\minis\AppData\Local\Temp\ccTSfoUV.s:42     .text.HardFault_Handler:00000000 $t
C:\Users\minis\AppData\Local\Temp\ccTSfoUV.s:48     .text.HardFault_Handler:00000000 HardFault_Handler
C:\Users\minis\AppData\Local\Temp\ccTSfoUV.s:65     .text.MemManage_Handler:00000000 $t
C:\Users\minis\AppData\Local\Temp\ccTSfoUV.s:71     .text.MemManage_Handler:00000000 MemManage_Handler
C:\Users\minis\AppData\Local\Temp\ccTSfoUV.s:88     .text.BusFault_Handler:00000000 $t
C:\Users\minis\AppData\Local\Temp\ccTSfoUV.s:94     .text.BusFault_Handler:00000000 BusFault_Handler
C:\Users\minis\AppData\Local\Temp\ccTSfoUV.s:111    .text.UsageFault_Handler:00000000 $t
C:\Users\minis\AppData\Local\Temp\ccTSfoUV.s:117    .text.UsageFault_Handler:00000000 UsageFault_Handler
C:\Users\minis\AppData\Local\Temp\ccTSfoUV.s:134    .text.DebugMon_Handler:00000000 $t
C:\Users\minis\AppData\Local\Temp\ccTSfoUV.s:140    .text.DebugMon_Handler:00000000 DebugMon_Handler
C:\Users\minis\AppData\Local\Temp\ccTSfoUV.s:153    .text.TIM1_UP_IRQHandler:00000000 $t
C:\Users\minis\AppData\Local\Temp\ccTSfoUV.s:159    .text.TIM1_UP_IRQHandler:00000000 TIM1_UP_IRQHandler
C:\Users\minis\AppData\Local\Temp\ccTSfoUV.s:179    .text.TIM1_UP_IRQHandler:0000000c $d
C:\Users\minis\AppData\Local\Temp\ccTSfoUV.s:184    .text.EXTI15_10_IRQHandler:00000000 $t
C:\Users\minis\AppData\Local\Temp\ccTSfoUV.s:190    .text.EXTI15_10_IRQHandler:00000000 EXTI15_10_IRQHandler
C:\Users\minis\AppData\Local\Temp\ccTSfoUV.s:211    .text.ETH_IRQHandler:00000000 $t
C:\Users\minis\AppData\Local\Temp\ccTSfoUV.s:217    .text.ETH_IRQHandler:00000000 ETH_IRQHandler
C:\Users\minis\AppData\Local\Temp\ccTSfoUV.s:237    .text.ETH_IRQHandler:0000000c $d

UNDEFINED SYMBOLS
HAL_TIM_IRQHandler
htim1
BSP_PB_IRQHandler
HAL_ETH_IRQHandler
heth
