ARM GAS  C:\Users\minis\AppData\Local\Temp\ccVzqsTM.s 			page 1


   1              		.cpu cortex-m7
   2              		.arch armv7e-m
   3              		.fpu fpv5-d16
   4              		.eabi_attribute 20, 1
   5              		.eabi_attribute 21, 1
   6              		.eabi_attribute 23, 3
   7              		.eabi_attribute 24, 1
   8              		.eabi_attribute 25, 1
   9              		.eabi_attribute 26, 1
  10              		.eabi_attribute 30, 1
  11              		.eabi_attribute 34, 1
  12              		.eabi_attribute 18, 4
  13              		.file	"system_stm32h7xx_dualcore_boot_cm4_cm7.c"
  14              		.text
  15              	.Ltext0:
  16              		.cfi_sections	.debug_frame
  17              		.file 1 "../../Common/Src/system_stm32h7xx_dualcore_boot_cm4_cm7.c"
  18              		.section	.text.SystemInit,"ax",%progbits
  19              		.align	1
  20              		.global	SystemInit
  21              		.syntax unified
  22              		.thumb
  23              		.thumb_func
  25              	SystemInit:
  26              	.LFB144:
   1:../../Common/Src/system_stm32h7xx_dualcore_boot_cm4_cm7.c **** /**
   2:../../Common/Src/system_stm32h7xx_dualcore_boot_cm4_cm7.c ****   ******************************************************************************
   3:../../Common/Src/system_stm32h7xx_dualcore_boot_cm4_cm7.c ****   * @file    system_stm32h7xx_dualcore_boot_cm4_cm7.c
   4:../../Common/Src/system_stm32h7xx_dualcore_boot_cm4_cm7.c ****   * @author  MCD Application Team
   5:../../Common/Src/system_stm32h7xx_dualcore_boot_cm4_cm7.c ****   * @brief   CMSIS Cortex-Mx Device Peripheral Access Layer System Source File.
   6:../../Common/Src/system_stm32h7xx_dualcore_boot_cm4_cm7.c ****   *          This provides system initialization template function is case of
   7:../../Common/Src/system_stm32h7xx_dualcore_boot_cm4_cm7.c ****   *          an application using a dual core STM32H7 device where
   8:../../Common/Src/system_stm32h7xx_dualcore_boot_cm4_cm7.c ****   *          Cortex-M7 and Cortex-M4 boot are enabled at the FLASH option bytes
   9:../../Common/Src/system_stm32h7xx_dualcore_boot_cm4_cm7.c ****   *
  10:../../Common/Src/system_stm32h7xx_dualcore_boot_cm4_cm7.c ****   *   This file provides two functions and one global variable to be called from
  11:../../Common/Src/system_stm32h7xx_dualcore_boot_cm4_cm7.c ****   *   user application:
  12:../../Common/Src/system_stm32h7xx_dualcore_boot_cm4_cm7.c ****   *      - ExitRun0Mode(): Specifies the Power Supply source. This function is
  13:../../Common/Src/system_stm32h7xx_dualcore_boot_cm4_cm7.c ****   *                        called at startup just after reset and before the call
  14:../../Common/Src/system_stm32h7xx_dualcore_boot_cm4_cm7.c ****   *                        of SystemInit(). This call is made inside
  15:../../Common/Src/system_stm32h7xx_dualcore_boot_cm4_cm7.c ****   *                        the "startup_stm32h7xx.s" file.
  16:../../Common/Src/system_stm32h7xx_dualcore_boot_cm4_cm7.c ****   *
  17:../../Common/Src/system_stm32h7xx_dualcore_boot_cm4_cm7.c ****   *      - SystemInit(): This function is called at startup just after reset and
  18:../../Common/Src/system_stm32h7xx_dualcore_boot_cm4_cm7.c ****   *                      before branch to main program. This call is made inside
  19:../../Common/Src/system_stm32h7xx_dualcore_boot_cm4_cm7.c ****   *                      the "startup_stm32h7xx.s" file.
  20:../../Common/Src/system_stm32h7xx_dualcore_boot_cm4_cm7.c ****   *
  21:../../Common/Src/system_stm32h7xx_dualcore_boot_cm4_cm7.c ****   *      - SystemCoreClock variable: Contains the core clock, it can be used
  22:../../Common/Src/system_stm32h7xx_dualcore_boot_cm4_cm7.c ****   *                                  by the user application to setup the SysTick
  23:../../Common/Src/system_stm32h7xx_dualcore_boot_cm4_cm7.c ****   *                                  timer or configure other parameters.
  24:../../Common/Src/system_stm32h7xx_dualcore_boot_cm4_cm7.c ****   *
  25:../../Common/Src/system_stm32h7xx_dualcore_boot_cm4_cm7.c ****   *      - SystemCoreClockUpdate(): Updates the variable SystemCoreClock and must
  26:../../Common/Src/system_stm32h7xx_dualcore_boot_cm4_cm7.c ****   *                                 be called whenever the core clock is changed
  27:../../Common/Src/system_stm32h7xx_dualcore_boot_cm4_cm7.c ****   *                                 during program execution.
  28:../../Common/Src/system_stm32h7xx_dualcore_boot_cm4_cm7.c ****   *
  29:../../Common/Src/system_stm32h7xx_dualcore_boot_cm4_cm7.c ****   *
  30:../../Common/Src/system_stm32h7xx_dualcore_boot_cm4_cm7.c ****   ******************************************************************************
  31:../../Common/Src/system_stm32h7xx_dualcore_boot_cm4_cm7.c ****   * @attention
  32:../../Common/Src/system_stm32h7xx_dualcore_boot_cm4_cm7.c ****   *
ARM GAS  C:\Users\minis\AppData\Local\Temp\ccVzqsTM.s 			page 2


  33:../../Common/Src/system_stm32h7xx_dualcore_boot_cm4_cm7.c ****   * Copyright (c) 2017 STMicroelectronics.
  34:../../Common/Src/system_stm32h7xx_dualcore_boot_cm4_cm7.c ****   * All rights reserved.
  35:../../Common/Src/system_stm32h7xx_dualcore_boot_cm4_cm7.c ****   *
  36:../../Common/Src/system_stm32h7xx_dualcore_boot_cm4_cm7.c ****   * This software is licensed under terms that can be found in the LICENSE file
  37:../../Common/Src/system_stm32h7xx_dualcore_boot_cm4_cm7.c ****   * in the root directory of this software component.
  38:../../Common/Src/system_stm32h7xx_dualcore_boot_cm4_cm7.c ****   * If no LICENSE file comes with this software, it is provided AS-IS.
  39:../../Common/Src/system_stm32h7xx_dualcore_boot_cm4_cm7.c ****   *
  40:../../Common/Src/system_stm32h7xx_dualcore_boot_cm4_cm7.c ****   ******************************************************************************
  41:../../Common/Src/system_stm32h7xx_dualcore_boot_cm4_cm7.c ****   */
  42:../../Common/Src/system_stm32h7xx_dualcore_boot_cm4_cm7.c **** 
  43:../../Common/Src/system_stm32h7xx_dualcore_boot_cm4_cm7.c **** /** @addtogroup CMSIS
  44:../../Common/Src/system_stm32h7xx_dualcore_boot_cm4_cm7.c ****   * @{
  45:../../Common/Src/system_stm32h7xx_dualcore_boot_cm4_cm7.c ****   */
  46:../../Common/Src/system_stm32h7xx_dualcore_boot_cm4_cm7.c **** 
  47:../../Common/Src/system_stm32h7xx_dualcore_boot_cm4_cm7.c **** /** @addtogroup stm32h7xx_system
  48:../../Common/Src/system_stm32h7xx_dualcore_boot_cm4_cm7.c ****   * @{
  49:../../Common/Src/system_stm32h7xx_dualcore_boot_cm4_cm7.c ****   */
  50:../../Common/Src/system_stm32h7xx_dualcore_boot_cm4_cm7.c **** 
  51:../../Common/Src/system_stm32h7xx_dualcore_boot_cm4_cm7.c **** /** @addtogroup STM32H7xx_System_Private_Includes
  52:../../Common/Src/system_stm32h7xx_dualcore_boot_cm4_cm7.c ****   * @{
  53:../../Common/Src/system_stm32h7xx_dualcore_boot_cm4_cm7.c ****   */
  54:../../Common/Src/system_stm32h7xx_dualcore_boot_cm4_cm7.c **** 
  55:../../Common/Src/system_stm32h7xx_dualcore_boot_cm4_cm7.c **** #include "stm32h7xx.h"
  56:../../Common/Src/system_stm32h7xx_dualcore_boot_cm4_cm7.c **** #include <math.h>
  57:../../Common/Src/system_stm32h7xx_dualcore_boot_cm4_cm7.c **** 
  58:../../Common/Src/system_stm32h7xx_dualcore_boot_cm4_cm7.c **** #if !defined  (HSE_VALUE)
  59:../../Common/Src/system_stm32h7xx_dualcore_boot_cm4_cm7.c **** #define HSE_VALUE    ((uint32_t)25000000) /*!< Value of the External oscillator in Hz */
  60:../../Common/Src/system_stm32h7xx_dualcore_boot_cm4_cm7.c **** #endif /* HSE_VALUE */
  61:../../Common/Src/system_stm32h7xx_dualcore_boot_cm4_cm7.c **** 
  62:../../Common/Src/system_stm32h7xx_dualcore_boot_cm4_cm7.c **** #if !defined  (CSI_VALUE)
  63:../../Common/Src/system_stm32h7xx_dualcore_boot_cm4_cm7.c ****   #define CSI_VALUE    ((uint32_t)4000000) /*!< Value of the Internal oscillator in Hz*/
  64:../../Common/Src/system_stm32h7xx_dualcore_boot_cm4_cm7.c **** #endif /* CSI_VALUE */
  65:../../Common/Src/system_stm32h7xx_dualcore_boot_cm4_cm7.c **** 
  66:../../Common/Src/system_stm32h7xx_dualcore_boot_cm4_cm7.c **** #if !defined  (HSI_VALUE)
  67:../../Common/Src/system_stm32h7xx_dualcore_boot_cm4_cm7.c ****   #define HSI_VALUE    ((uint32_t)64000000) /*!< Value of the Internal oscillator in Hz*/
  68:../../Common/Src/system_stm32h7xx_dualcore_boot_cm4_cm7.c **** #endif /* HSI_VALUE */
  69:../../Common/Src/system_stm32h7xx_dualcore_boot_cm4_cm7.c **** 
  70:../../Common/Src/system_stm32h7xx_dualcore_boot_cm4_cm7.c **** 
  71:../../Common/Src/system_stm32h7xx_dualcore_boot_cm4_cm7.c **** /**
  72:../../Common/Src/system_stm32h7xx_dualcore_boot_cm4_cm7.c ****   * @}
  73:../../Common/Src/system_stm32h7xx_dualcore_boot_cm4_cm7.c ****   */
  74:../../Common/Src/system_stm32h7xx_dualcore_boot_cm4_cm7.c **** 
  75:../../Common/Src/system_stm32h7xx_dualcore_boot_cm4_cm7.c **** /** @addtogroup STM32H7xx_System_Private_TypesDefinitions
  76:../../Common/Src/system_stm32h7xx_dualcore_boot_cm4_cm7.c ****   * @{
  77:../../Common/Src/system_stm32h7xx_dualcore_boot_cm4_cm7.c ****   */
  78:../../Common/Src/system_stm32h7xx_dualcore_boot_cm4_cm7.c **** 
  79:../../Common/Src/system_stm32h7xx_dualcore_boot_cm4_cm7.c **** /**
  80:../../Common/Src/system_stm32h7xx_dualcore_boot_cm4_cm7.c ****   * @}
  81:../../Common/Src/system_stm32h7xx_dualcore_boot_cm4_cm7.c ****   */
  82:../../Common/Src/system_stm32h7xx_dualcore_boot_cm4_cm7.c **** 
  83:../../Common/Src/system_stm32h7xx_dualcore_boot_cm4_cm7.c **** /** @addtogroup STM32H7xx_System_Private_Defines
  84:../../Common/Src/system_stm32h7xx_dualcore_boot_cm4_cm7.c ****   * @{
  85:../../Common/Src/system_stm32h7xx_dualcore_boot_cm4_cm7.c ****   */
  86:../../Common/Src/system_stm32h7xx_dualcore_boot_cm4_cm7.c **** 
  87:../../Common/Src/system_stm32h7xx_dualcore_boot_cm4_cm7.c **** /************************* Miscellaneous Configuration ************************/
  88:../../Common/Src/system_stm32h7xx_dualcore_boot_cm4_cm7.c **** /* Note: Following vector table addresses must be defined in line with linker
  89:../../Common/Src/system_stm32h7xx_dualcore_boot_cm4_cm7.c ****          configuration. */
ARM GAS  C:\Users\minis\AppData\Local\Temp\ccVzqsTM.s 			page 3


  90:../../Common/Src/system_stm32h7xx_dualcore_boot_cm4_cm7.c **** /*!< Uncomment the following line if you need to relocate the vector table
  91:../../Common/Src/system_stm32h7xx_dualcore_boot_cm4_cm7.c ****      anywhere in FLASH BANK1 or AXI SRAM, else the vector table is kept at the automatic
  92:../../Common/Src/system_stm32h7xx_dualcore_boot_cm4_cm7.c ****      remap of boot address selected */
  93:../../Common/Src/system_stm32h7xx_dualcore_boot_cm4_cm7.c **** #define USER_VECT_TAB_ADDRESS
  94:../../Common/Src/system_stm32h7xx_dualcore_boot_cm4_cm7.c **** 
  95:../../Common/Src/system_stm32h7xx_dualcore_boot_cm4_cm7.c **** #if defined(USER_VECT_TAB_ADDRESS)
  96:../../Common/Src/system_stm32h7xx_dualcore_boot_cm4_cm7.c **** #if defined(CORE_CM4)
  97:../../Common/Src/system_stm32h7xx_dualcore_boot_cm4_cm7.c **** /*!< Uncomment the following line if you need to relocate your vector Table
  98:../../Common/Src/system_stm32h7xx_dualcore_boot_cm4_cm7.c ****      in D2 AXI SRAM else user remap will be done in FLASH BANK2. */
  99:../../Common/Src/system_stm32h7xx_dualcore_boot_cm4_cm7.c **** /* #define VECT_TAB_SRAM */
 100:../../Common/Src/system_stm32h7xx_dualcore_boot_cm4_cm7.c **** #if defined(VECT_TAB_SRAM)
 101:../../Common/Src/system_stm32h7xx_dualcore_boot_cm4_cm7.c **** #define VECT_TAB_BASE_ADDRESS   D2_AXISRAM_BASE   /*!< Vector Table base address field.
 102:../../Common/Src/system_stm32h7xx_dualcore_boot_cm4_cm7.c ****                                                        This value must be a multiple of 0x400. */
 103:../../Common/Src/system_stm32h7xx_dualcore_boot_cm4_cm7.c **** #define VECT_TAB_OFFSET         0x00000000U       /*!< Vector Table base offset field.
 104:../../Common/Src/system_stm32h7xx_dualcore_boot_cm4_cm7.c ****                                                        This value must be a multiple of 0x400. */
 105:../../Common/Src/system_stm32h7xx_dualcore_boot_cm4_cm7.c **** #else
 106:../../Common/Src/system_stm32h7xx_dualcore_boot_cm4_cm7.c **** #define VECT_TAB_BASE_ADDRESS   FLASH_BANK2_BASE  /*!< Vector Table base address field.
 107:../../Common/Src/system_stm32h7xx_dualcore_boot_cm4_cm7.c ****                                                        This value must be a multiple of 0x400. */
 108:../../Common/Src/system_stm32h7xx_dualcore_boot_cm4_cm7.c **** #define VECT_TAB_OFFSET         0x00000000U       /*!< Vector Table base offset field.
 109:../../Common/Src/system_stm32h7xx_dualcore_boot_cm4_cm7.c ****                                                        This value must be a multiple of 0x400. */
 110:../../Common/Src/system_stm32h7xx_dualcore_boot_cm4_cm7.c **** #endif /* VECT_TAB_SRAM */
 111:../../Common/Src/system_stm32h7xx_dualcore_boot_cm4_cm7.c **** #elif defined(CORE_CM7)
 112:../../Common/Src/system_stm32h7xx_dualcore_boot_cm4_cm7.c **** /*!< Uncomment the following line if you need to relocate your vector Table
 113:../../Common/Src/system_stm32h7xx_dualcore_boot_cm4_cm7.c ****      in D1 AXI SRAM else user remap will be done in FLASH BANK1. */
 114:../../Common/Src/system_stm32h7xx_dualcore_boot_cm4_cm7.c **** /* #define VECT_TAB_SRAM */
 115:../../Common/Src/system_stm32h7xx_dualcore_boot_cm4_cm7.c **** #if defined(VECT_TAB_SRAM)
 116:../../Common/Src/system_stm32h7xx_dualcore_boot_cm4_cm7.c **** #define VECT_TAB_BASE_ADDRESS   D1_AXISRAM_BASE   /*!< Vector Table base address field.
 117:../../Common/Src/system_stm32h7xx_dualcore_boot_cm4_cm7.c ****                                                        This value must be a multiple of 0x400. */
 118:../../Common/Src/system_stm32h7xx_dualcore_boot_cm4_cm7.c **** #define VECT_TAB_OFFSET         0x00000000U       /*!< Vector Table base offset field.
 119:../../Common/Src/system_stm32h7xx_dualcore_boot_cm4_cm7.c ****                                                        This value must be a multiple of 0x400. */
 120:../../Common/Src/system_stm32h7xx_dualcore_boot_cm4_cm7.c **** #else
 121:../../Common/Src/system_stm32h7xx_dualcore_boot_cm4_cm7.c **** #define VECT_TAB_BASE_ADDRESS   FLASH_BANK1_BASE  /*!< Vector Table base address field.
 122:../../Common/Src/system_stm32h7xx_dualcore_boot_cm4_cm7.c ****                                                        This value must be a multiple of 0x400. */
 123:../../Common/Src/system_stm32h7xx_dualcore_boot_cm4_cm7.c **** #define VECT_TAB_OFFSET         0x00000000U       /*!< Vector Table base offset field.
 124:../../Common/Src/system_stm32h7xx_dualcore_boot_cm4_cm7.c ****                                                        This value must be a multiple of 0x400. */
 125:../../Common/Src/system_stm32h7xx_dualcore_boot_cm4_cm7.c **** #endif /* VECT_TAB_SRAM */
 126:../../Common/Src/system_stm32h7xx_dualcore_boot_cm4_cm7.c **** #else
 127:../../Common/Src/system_stm32h7xx_dualcore_boot_cm4_cm7.c **** #error Please #define CORE_CM4 or CORE_CM7
 128:../../Common/Src/system_stm32h7xx_dualcore_boot_cm4_cm7.c **** #endif /* CORE_CM4 */
 129:../../Common/Src/system_stm32h7xx_dualcore_boot_cm4_cm7.c **** #endif /* USER_VECT_TAB_ADDRESS */
 130:../../Common/Src/system_stm32h7xx_dualcore_boot_cm4_cm7.c **** /******************************************************************************/
 131:../../Common/Src/system_stm32h7xx_dualcore_boot_cm4_cm7.c **** 
 132:../../Common/Src/system_stm32h7xx_dualcore_boot_cm4_cm7.c **** /**
 133:../../Common/Src/system_stm32h7xx_dualcore_boot_cm4_cm7.c ****   * @}
 134:../../Common/Src/system_stm32h7xx_dualcore_boot_cm4_cm7.c ****   */
 135:../../Common/Src/system_stm32h7xx_dualcore_boot_cm4_cm7.c **** 
 136:../../Common/Src/system_stm32h7xx_dualcore_boot_cm4_cm7.c **** /** @addtogroup STM32H7xx_System_Private_Macros
 137:../../Common/Src/system_stm32h7xx_dualcore_boot_cm4_cm7.c ****   * @{
 138:../../Common/Src/system_stm32h7xx_dualcore_boot_cm4_cm7.c ****   */
 139:../../Common/Src/system_stm32h7xx_dualcore_boot_cm4_cm7.c **** 
 140:../../Common/Src/system_stm32h7xx_dualcore_boot_cm4_cm7.c **** /**
 141:../../Common/Src/system_stm32h7xx_dualcore_boot_cm4_cm7.c ****   * @}
 142:../../Common/Src/system_stm32h7xx_dualcore_boot_cm4_cm7.c ****   */
 143:../../Common/Src/system_stm32h7xx_dualcore_boot_cm4_cm7.c **** 
 144:../../Common/Src/system_stm32h7xx_dualcore_boot_cm4_cm7.c **** /** @addtogroup STM32H7xx_System_Private_Variables
 145:../../Common/Src/system_stm32h7xx_dualcore_boot_cm4_cm7.c ****   * @{
 146:../../Common/Src/system_stm32h7xx_dualcore_boot_cm4_cm7.c ****   */
ARM GAS  C:\Users\minis\AppData\Local\Temp\ccVzqsTM.s 			page 4


 147:../../Common/Src/system_stm32h7xx_dualcore_boot_cm4_cm7.c ****   /* This variable is updated in three ways:
 148:../../Common/Src/system_stm32h7xx_dualcore_boot_cm4_cm7.c ****       1) by calling CMSIS function SystemCoreClockUpdate()
 149:../../Common/Src/system_stm32h7xx_dualcore_boot_cm4_cm7.c ****       2) by calling HAL API function HAL_RCC_GetHCLKFreq()
 150:../../Common/Src/system_stm32h7xx_dualcore_boot_cm4_cm7.c ****       3) each time HAL_RCC_ClockConfig() is called to configure the system clock frequency
 151:../../Common/Src/system_stm32h7xx_dualcore_boot_cm4_cm7.c ****          Note: If you use this function to configure the system clock; then there
 152:../../Common/Src/system_stm32h7xx_dualcore_boot_cm4_cm7.c ****                is no need to call the 2 first functions listed above, since SystemCoreClock
 153:../../Common/Src/system_stm32h7xx_dualcore_boot_cm4_cm7.c ****                variable is updated automatically.
 154:../../Common/Src/system_stm32h7xx_dualcore_boot_cm4_cm7.c ****   */
 155:../../Common/Src/system_stm32h7xx_dualcore_boot_cm4_cm7.c ****   uint32_t SystemCoreClock = 64000000;
 156:../../Common/Src/system_stm32h7xx_dualcore_boot_cm4_cm7.c ****   uint32_t SystemD2Clock = 64000000;
 157:../../Common/Src/system_stm32h7xx_dualcore_boot_cm4_cm7.c ****   const  uint8_t D1CorePrescTable[16] = {0, 0, 0, 0, 1, 2, 3, 4, 1, 2, 3, 4, 6, 7, 8, 9};
 158:../../Common/Src/system_stm32h7xx_dualcore_boot_cm4_cm7.c **** 
 159:../../Common/Src/system_stm32h7xx_dualcore_boot_cm4_cm7.c **** /**
 160:../../Common/Src/system_stm32h7xx_dualcore_boot_cm4_cm7.c ****   * @}
 161:../../Common/Src/system_stm32h7xx_dualcore_boot_cm4_cm7.c ****   */
 162:../../Common/Src/system_stm32h7xx_dualcore_boot_cm4_cm7.c **** 
 163:../../Common/Src/system_stm32h7xx_dualcore_boot_cm4_cm7.c **** /** @addtogroup STM32H7xx_System_Private_FunctionPrototypes
 164:../../Common/Src/system_stm32h7xx_dualcore_boot_cm4_cm7.c ****   * @{
 165:../../Common/Src/system_stm32h7xx_dualcore_boot_cm4_cm7.c ****   */
 166:../../Common/Src/system_stm32h7xx_dualcore_boot_cm4_cm7.c **** 
 167:../../Common/Src/system_stm32h7xx_dualcore_boot_cm4_cm7.c **** /**
 168:../../Common/Src/system_stm32h7xx_dualcore_boot_cm4_cm7.c ****   * @}
 169:../../Common/Src/system_stm32h7xx_dualcore_boot_cm4_cm7.c ****   */
 170:../../Common/Src/system_stm32h7xx_dualcore_boot_cm4_cm7.c **** 
 171:../../Common/Src/system_stm32h7xx_dualcore_boot_cm4_cm7.c **** /** @addtogroup STM32H7xx_System_Private_Functions
 172:../../Common/Src/system_stm32h7xx_dualcore_boot_cm4_cm7.c ****   * @{
 173:../../Common/Src/system_stm32h7xx_dualcore_boot_cm4_cm7.c ****   */
 174:../../Common/Src/system_stm32h7xx_dualcore_boot_cm4_cm7.c **** 
 175:../../Common/Src/system_stm32h7xx_dualcore_boot_cm4_cm7.c **** /**
 176:../../Common/Src/system_stm32h7xx_dualcore_boot_cm4_cm7.c ****   * @brief  Setup the microcontroller system
 177:../../Common/Src/system_stm32h7xx_dualcore_boot_cm4_cm7.c ****   *         Initialize the FPU setting and  vector table location
 178:../../Common/Src/system_stm32h7xx_dualcore_boot_cm4_cm7.c ****   *         configuration.
 179:../../Common/Src/system_stm32h7xx_dualcore_boot_cm4_cm7.c ****   * @param  None
 180:../../Common/Src/system_stm32h7xx_dualcore_boot_cm4_cm7.c ****   * @retval None
 181:../../Common/Src/system_stm32h7xx_dualcore_boot_cm4_cm7.c ****   */
 182:../../Common/Src/system_stm32h7xx_dualcore_boot_cm4_cm7.c **** void SystemInit (void)
 183:../../Common/Src/system_stm32h7xx_dualcore_boot_cm4_cm7.c **** {
  27              		.loc 1 183 1 view -0
  28              		.cfi_startproc
  29              		@ args = 0, pretend = 0, frame = 0
  30              		@ frame_needed = 0, uses_anonymous_args = 0
  31              		@ link register save eliminated.
 184:../../Common/Src/system_stm32h7xx_dualcore_boot_cm4_cm7.c ****   /* FPU settings ------------------------------------------------------------*/
 185:../../Common/Src/system_stm32h7xx_dualcore_boot_cm4_cm7.c ****   #if (__FPU_PRESENT == 1) && (__FPU_USED == 1)
 186:../../Common/Src/system_stm32h7xx_dualcore_boot_cm4_cm7.c ****     SCB->CPACR |= ((3UL << (10*2))|(3UL << (11*2)));  /* set CP10 and CP11 Full Access */
  32              		.loc 1 186 5 view .LVU1
  33              		.loc 1 186 8 is_stmt 0 view .LVU2
  34 0000 394B     		ldr	r3, .L6
  35 0002 D3F88820 		ldr	r2, [r3, #136]
  36              		.loc 1 186 16 view .LVU3
  37 0006 42F47002 		orr	r2, r2, #15728640
  38 000a C3F88820 		str	r2, [r3, #136]
 187:../../Common/Src/system_stm32h7xx_dualcore_boot_cm4_cm7.c ****   #endif
 188:../../Common/Src/system_stm32h7xx_dualcore_boot_cm4_cm7.c **** 
 189:../../Common/Src/system_stm32h7xx_dualcore_boot_cm4_cm7.c ****     /*SEVONPEND enabled so that an interrupt coming from the CPU(n) interrupt signal is
 190:../../Common/Src/system_stm32h7xx_dualcore_boot_cm4_cm7.c ****      detectable by the CPU after a WFI/WFE instruction.*/
 191:../../Common/Src/system_stm32h7xx_dualcore_boot_cm4_cm7.c ****  SCB->SCR |= SCB_SCR_SEVONPEND_Msk;
ARM GAS  C:\Users\minis\AppData\Local\Temp\ccVzqsTM.s 			page 5


  39              		.loc 1 191 2 is_stmt 1 view .LVU4
  40              		.loc 1 191 5 is_stmt 0 view .LVU5
  41 000e 1A69     		ldr	r2, [r3, #16]
  42              		.loc 1 191 11 view .LVU6
  43 0010 42F01002 		orr	r2, r2, #16
  44 0014 1A61     		str	r2, [r3, #16]
 192:../../Common/Src/system_stm32h7xx_dualcore_boot_cm4_cm7.c **** 
 193:../../Common/Src/system_stm32h7xx_dualcore_boot_cm4_cm7.c **** #if defined(CORE_CM7)
 194:../../Common/Src/system_stm32h7xx_dualcore_boot_cm4_cm7.c ****   /* Reset the RCC clock configuration to the default reset state ------------*/
 195:../../Common/Src/system_stm32h7xx_dualcore_boot_cm4_cm7.c ****    /* Increasing the CPU frequency */
 196:../../Common/Src/system_stm32h7xx_dualcore_boot_cm4_cm7.c ****   if(FLASH_LATENCY_DEFAULT  > (READ_BIT((FLASH->ACR), FLASH_ACR_LATENCY)))
  45              		.loc 1 196 3 is_stmt 1 view .LVU7
  46              		.loc 1 196 32 is_stmt 0 view .LVU8
  47 0016 354B     		ldr	r3, .L6+4
  48 0018 1B68     		ldr	r3, [r3]
  49 001a 03F00F03 		and	r3, r3, #15
  50              		.loc 1 196 5 view .LVU9
  51 001e 062B     		cmp	r3, #6
  52 0020 06D8     		bhi	.L2
 197:../../Common/Src/system_stm32h7xx_dualcore_boot_cm4_cm7.c ****   {
 198:../../Common/Src/system_stm32h7xx_dualcore_boot_cm4_cm7.c ****     /* Program the new number of wait states to the LATENCY bits in the FLASH_ACR register */
 199:../../Common/Src/system_stm32h7xx_dualcore_boot_cm4_cm7.c ****     MODIFY_REG(FLASH->ACR, FLASH_ACR_LATENCY, (uint32_t)(FLASH_LATENCY_DEFAULT));
  53              		.loc 1 199 5 is_stmt 1 view .LVU10
  54 0022 324A     		ldr	r2, .L6+4
  55 0024 1368     		ldr	r3, [r2]
  56 0026 23F00F03 		bic	r3, r3, #15
  57 002a 43F00703 		orr	r3, r3, #7
  58 002e 1360     		str	r3, [r2]
  59              	.L2:
 200:../../Common/Src/system_stm32h7xx_dualcore_boot_cm4_cm7.c ****   }
 201:../../Common/Src/system_stm32h7xx_dualcore_boot_cm4_cm7.c **** 
 202:../../Common/Src/system_stm32h7xx_dualcore_boot_cm4_cm7.c ****   /* Set HSION bit */
 203:../../Common/Src/system_stm32h7xx_dualcore_boot_cm4_cm7.c ****   RCC->CR |= RCC_CR_HSION;
  60              		.loc 1 203 3 view .LVU11
  61              		.loc 1 203 6 is_stmt 0 view .LVU12
  62 0030 2F4B     		ldr	r3, .L6+8
  63 0032 1A68     		ldr	r2, [r3]
  64              		.loc 1 203 11 view .LVU13
  65 0034 42F00102 		orr	r2, r2, #1
  66 0038 1A60     		str	r2, [r3]
 204:../../Common/Src/system_stm32h7xx_dualcore_boot_cm4_cm7.c **** 
 205:../../Common/Src/system_stm32h7xx_dualcore_boot_cm4_cm7.c ****   /* Reset CFGR register */
 206:../../Common/Src/system_stm32h7xx_dualcore_boot_cm4_cm7.c ****   RCC->CFGR = 0x00000000;
  67              		.loc 1 206 3 is_stmt 1 view .LVU14
  68              		.loc 1 206 13 is_stmt 0 view .LVU15
  69 003a 0022     		movs	r2, #0
  70 003c 1A61     		str	r2, [r3, #16]
 207:../../Common/Src/system_stm32h7xx_dualcore_boot_cm4_cm7.c **** 
 208:../../Common/Src/system_stm32h7xx_dualcore_boot_cm4_cm7.c ****   /* Reset HSEON, HSECSSON, CSION, HSI48ON, CSIKERON, PLL1ON, PLL2ON and PLL3ON bits */
 209:../../Common/Src/system_stm32h7xx_dualcore_boot_cm4_cm7.c ****   RCC->CR &= 0xEAF6ED7FU;
  71              		.loc 1 209 3 is_stmt 1 view .LVU16
  72              		.loc 1 209 6 is_stmt 0 view .LVU17
  73 003e 1968     		ldr	r1, [r3]
  74              		.loc 1 209 11 view .LVU18
  75 0040 2C4A     		ldr	r2, .L6+12
  76 0042 0A40     		ands	r2, r2, r1
  77 0044 1A60     		str	r2, [r3]
ARM GAS  C:\Users\minis\AppData\Local\Temp\ccVzqsTM.s 			page 6


 210:../../Common/Src/system_stm32h7xx_dualcore_boot_cm4_cm7.c **** 
 211:../../Common/Src/system_stm32h7xx_dualcore_boot_cm4_cm7.c ****    /* Decreasing the number of wait states because of lower CPU frequency */
 212:../../Common/Src/system_stm32h7xx_dualcore_boot_cm4_cm7.c ****   if(FLASH_LATENCY_DEFAULT  < (READ_BIT((FLASH->ACR), FLASH_ACR_LATENCY)))
  78              		.loc 1 212 3 is_stmt 1 view .LVU19
  79              		.loc 1 212 32 is_stmt 0 view .LVU20
  80 0046 294B     		ldr	r3, .L6+4
  81 0048 1B68     		ldr	r3, [r3]
  82              		.loc 1 212 5 view .LVU21
  83 004a 13F0080F 		tst	r3, #8
  84 004e 06D0     		beq	.L3
 213:../../Common/Src/system_stm32h7xx_dualcore_boot_cm4_cm7.c ****   {
 214:../../Common/Src/system_stm32h7xx_dualcore_boot_cm4_cm7.c ****     /* Program the new number of wait states to the LATENCY bits in the FLASH_ACR register */
 215:../../Common/Src/system_stm32h7xx_dualcore_boot_cm4_cm7.c ****     MODIFY_REG(FLASH->ACR, FLASH_ACR_LATENCY, (uint32_t)(FLASH_LATENCY_DEFAULT));
  85              		.loc 1 215 5 is_stmt 1 view .LVU22
  86 0050 264A     		ldr	r2, .L6+4
  87 0052 1368     		ldr	r3, [r2]
  88 0054 23F00F03 		bic	r3, r3, #15
  89 0058 43F00703 		orr	r3, r3, #7
  90 005c 1360     		str	r3, [r2]
  91              	.L3:
 216:../../Common/Src/system_stm32h7xx_dualcore_boot_cm4_cm7.c ****   }
 217:../../Common/Src/system_stm32h7xx_dualcore_boot_cm4_cm7.c **** 
 218:../../Common/Src/system_stm32h7xx_dualcore_boot_cm4_cm7.c ****   /* Reset D1CFGR register */
 219:../../Common/Src/system_stm32h7xx_dualcore_boot_cm4_cm7.c ****   RCC->D1CFGR = 0x00000000;
  92              		.loc 1 219 3 view .LVU23
  93              		.loc 1 219 15 is_stmt 0 view .LVU24
  94 005e 244B     		ldr	r3, .L6+8
  95 0060 0022     		movs	r2, #0
  96 0062 9A61     		str	r2, [r3, #24]
 220:../../Common/Src/system_stm32h7xx_dualcore_boot_cm4_cm7.c **** 
 221:../../Common/Src/system_stm32h7xx_dualcore_boot_cm4_cm7.c ****   /* Reset D2CFGR register */
 222:../../Common/Src/system_stm32h7xx_dualcore_boot_cm4_cm7.c ****   RCC->D2CFGR = 0x00000000;
  97              		.loc 1 222 3 is_stmt 1 view .LVU25
  98              		.loc 1 222 15 is_stmt 0 view .LVU26
  99 0064 DA61     		str	r2, [r3, #28]
 223:../../Common/Src/system_stm32h7xx_dualcore_boot_cm4_cm7.c **** 
 224:../../Common/Src/system_stm32h7xx_dualcore_boot_cm4_cm7.c ****   /* Reset D3CFGR register */
 225:../../Common/Src/system_stm32h7xx_dualcore_boot_cm4_cm7.c ****   RCC->D3CFGR = 0x00000000;
 100              		.loc 1 225 3 is_stmt 1 view .LVU27
 101              		.loc 1 225 15 is_stmt 0 view .LVU28
 102 0066 1A62     		str	r2, [r3, #32]
 226:../../Common/Src/system_stm32h7xx_dualcore_boot_cm4_cm7.c **** 
 227:../../Common/Src/system_stm32h7xx_dualcore_boot_cm4_cm7.c ****   /* Reset PLLCKSELR register */
 228:../../Common/Src/system_stm32h7xx_dualcore_boot_cm4_cm7.c ****   RCC->PLLCKSELR = 0x02020200;
 103              		.loc 1 228 3 is_stmt 1 view .LVU29
 104              		.loc 1 228 18 is_stmt 0 view .LVU30
 105 0068 2349     		ldr	r1, .L6+16
 106 006a 9962     		str	r1, [r3, #40]
 229:../../Common/Src/system_stm32h7xx_dualcore_boot_cm4_cm7.c **** 
 230:../../Common/Src/system_stm32h7xx_dualcore_boot_cm4_cm7.c ****   /* Reset PLLCFGR register */
 231:../../Common/Src/system_stm32h7xx_dualcore_boot_cm4_cm7.c ****   RCC->PLLCFGR = 0x01FF0000;
 107              		.loc 1 231 3 is_stmt 1 view .LVU31
 108              		.loc 1 231 16 is_stmt 0 view .LVU32
 109 006c 2349     		ldr	r1, .L6+20
 110 006e D962     		str	r1, [r3, #44]
 232:../../Common/Src/system_stm32h7xx_dualcore_boot_cm4_cm7.c ****   /* Reset PLL1DIVR register */
 233:../../Common/Src/system_stm32h7xx_dualcore_boot_cm4_cm7.c ****   RCC->PLL1DIVR = 0x01010280;
ARM GAS  C:\Users\minis\AppData\Local\Temp\ccVzqsTM.s 			page 7


 111              		.loc 1 233 3 is_stmt 1 view .LVU33
 112              		.loc 1 233 17 is_stmt 0 view .LVU34
 113 0070 2349     		ldr	r1, .L6+24
 114 0072 1963     		str	r1, [r3, #48]
 234:../../Common/Src/system_stm32h7xx_dualcore_boot_cm4_cm7.c ****   /* Reset PLL1FRACR register */
 235:../../Common/Src/system_stm32h7xx_dualcore_boot_cm4_cm7.c ****   RCC->PLL1FRACR = 0x00000000;
 115              		.loc 1 235 3 is_stmt 1 view .LVU35
 116              		.loc 1 235 18 is_stmt 0 view .LVU36
 117 0074 5A63     		str	r2, [r3, #52]
 236:../../Common/Src/system_stm32h7xx_dualcore_boot_cm4_cm7.c **** 
 237:../../Common/Src/system_stm32h7xx_dualcore_boot_cm4_cm7.c ****   /* Reset PLL2DIVR register */
 238:../../Common/Src/system_stm32h7xx_dualcore_boot_cm4_cm7.c ****   RCC->PLL2DIVR = 0x01010280;
 118              		.loc 1 238 3 is_stmt 1 view .LVU37
 119              		.loc 1 238 17 is_stmt 0 view .LVU38
 120 0076 9963     		str	r1, [r3, #56]
 239:../../Common/Src/system_stm32h7xx_dualcore_boot_cm4_cm7.c **** 
 240:../../Common/Src/system_stm32h7xx_dualcore_boot_cm4_cm7.c ****   /* Reset PLL2FRACR register */
 241:../../Common/Src/system_stm32h7xx_dualcore_boot_cm4_cm7.c **** 
 242:../../Common/Src/system_stm32h7xx_dualcore_boot_cm4_cm7.c ****   RCC->PLL2FRACR = 0x00000000;
 121              		.loc 1 242 3 is_stmt 1 view .LVU39
 122              		.loc 1 242 18 is_stmt 0 view .LVU40
 123 0078 DA63     		str	r2, [r3, #60]
 243:../../Common/Src/system_stm32h7xx_dualcore_boot_cm4_cm7.c ****   /* Reset PLL3DIVR register */
 244:../../Common/Src/system_stm32h7xx_dualcore_boot_cm4_cm7.c ****   RCC->PLL3DIVR = 0x01010280;
 124              		.loc 1 244 3 is_stmt 1 view .LVU41
 125              		.loc 1 244 17 is_stmt 0 view .LVU42
 126 007a 1964     		str	r1, [r3, #64]
 245:../../Common/Src/system_stm32h7xx_dualcore_boot_cm4_cm7.c **** 
 246:../../Common/Src/system_stm32h7xx_dualcore_boot_cm4_cm7.c ****   /* Reset PLL3FRACR register */
 247:../../Common/Src/system_stm32h7xx_dualcore_boot_cm4_cm7.c ****   RCC->PLL3FRACR = 0x00000000;
 127              		.loc 1 247 3 is_stmt 1 view .LVU43
 128              		.loc 1 247 18 is_stmt 0 view .LVU44
 129 007c 5A64     		str	r2, [r3, #68]
 248:../../Common/Src/system_stm32h7xx_dualcore_boot_cm4_cm7.c **** 
 249:../../Common/Src/system_stm32h7xx_dualcore_boot_cm4_cm7.c ****   /* Reset HSEBYP bit */
 250:../../Common/Src/system_stm32h7xx_dualcore_boot_cm4_cm7.c ****   RCC->CR &= 0xFFFBFFFFU;
 130              		.loc 1 250 3 is_stmt 1 view .LVU45
 131              		.loc 1 250 6 is_stmt 0 view .LVU46
 132 007e 1968     		ldr	r1, [r3]
 133              		.loc 1 250 11 view .LVU47
 134 0080 21F48021 		bic	r1, r1, #262144
 135 0084 1960     		str	r1, [r3]
 251:../../Common/Src/system_stm32h7xx_dualcore_boot_cm4_cm7.c **** 
 252:../../Common/Src/system_stm32h7xx_dualcore_boot_cm4_cm7.c ****   /* Disable all interrupts */
 253:../../Common/Src/system_stm32h7xx_dualcore_boot_cm4_cm7.c ****   RCC->CIER = 0x00000000;
 136              		.loc 1 253 3 is_stmt 1 view .LVU48
 137              		.loc 1 253 13 is_stmt 0 view .LVU49
 138 0086 1A66     		str	r2, [r3, #96]
 254:../../Common/Src/system_stm32h7xx_dualcore_boot_cm4_cm7.c **** 
 255:../../Common/Src/system_stm32h7xx_dualcore_boot_cm4_cm7.c ****   /* Enable CortexM7 HSEM EXTI line (line 78)*/
 256:../../Common/Src/system_stm32h7xx_dualcore_boot_cm4_cm7.c ****   EXTI_D2->EMR3 |= 0x4000UL;
 139              		.loc 1 256 3 is_stmt 1 view .LVU50
 140              		.loc 1 256 10 is_stmt 0 view .LVU51
 141 0088 4FF0B042 		mov	r2, #1476395008
 142 008c D2F8E430 		ldr	r3, [r2, #228]
 143              		.loc 1 256 17 view .LVU52
 144 0090 43F48043 		orr	r3, r3, #16384
ARM GAS  C:\Users\minis\AppData\Local\Temp\ccVzqsTM.s 			page 8


 145 0094 C2F8E430 		str	r3, [r2, #228]
 257:../../Common/Src/system_stm32h7xx_dualcore_boot_cm4_cm7.c **** 
 258:../../Common/Src/system_stm32h7xx_dualcore_boot_cm4_cm7.c ****   if((DBGMCU->IDCODE & 0xFFFF0000U) < 0x20000000U)
 146              		.loc 1 258 3 is_stmt 1 view .LVU53
 147              		.loc 1 258 13 is_stmt 0 view .LVU54
 148 0098 1A4B     		ldr	r3, .L6+28
 149 009a 1B68     		ldr	r3, [r3]
 150              		.loc 1 258 22 view .LVU55
 151 009c 6FF30F03 		bfc	r3, #0, #16
 152              		.loc 1 258 5 view .LVU56
 153 00a0 B3F1005F 		cmp	r3, #536870912
 154 00a4 03D2     		bcs	.L4
 259:../../Common/Src/system_stm32h7xx_dualcore_boot_cm4_cm7.c ****   {
 260:../../Common/Src/system_stm32h7xx_dualcore_boot_cm4_cm7.c ****     /* if stm32h7 revY*/
 261:../../Common/Src/system_stm32h7xx_dualcore_boot_cm4_cm7.c ****     /* Change  the switch matrix read issuing capability to 1 for the AXI SRAM target (Target 7) */
 262:../../Common/Src/system_stm32h7xx_dualcore_boot_cm4_cm7.c ****     *((__IO uint32_t*)0x51008108) = 0x000000001U;
 155              		.loc 1 262 5 is_stmt 1 view .LVU57
 156              		.loc 1 262 35 is_stmt 0 view .LVU58
 157 00a6 184B     		ldr	r3, .L6+32
 158 00a8 0122     		movs	r2, #1
 159 00aa C3F80821 		str	r2, [r3, #264]
 160              	.L4:
 263:../../Common/Src/system_stm32h7xx_dualcore_boot_cm4_cm7.c ****   }
 264:../../Common/Src/system_stm32h7xx_dualcore_boot_cm4_cm7.c **** 
 265:../../Common/Src/system_stm32h7xx_dualcore_boot_cm4_cm7.c **** #endif /* CORE_CM7*/
 266:../../Common/Src/system_stm32h7xx_dualcore_boot_cm4_cm7.c **** 
 267:../../Common/Src/system_stm32h7xx_dualcore_boot_cm4_cm7.c **** #if defined(CORE_CM4)
 268:../../Common/Src/system_stm32h7xx_dualcore_boot_cm4_cm7.c ****   /* Configure the Vector Table location add offset address for cortex-M4 ------------------*/
 269:../../Common/Src/system_stm32h7xx_dualcore_boot_cm4_cm7.c **** #if defined(USER_VECT_TAB_ADDRESS)
 270:../../Common/Src/system_stm32h7xx_dualcore_boot_cm4_cm7.c ****   SCB->VTOR = VECT_TAB_BASE_ADDRESS | VECT_TAB_OFFSET; /* Vector Table Relocation in Internal D2 AX
 271:../../Common/Src/system_stm32h7xx_dualcore_boot_cm4_cm7.c **** #endif /* USER_VECT_TAB_ADDRESS */
 272:../../Common/Src/system_stm32h7xx_dualcore_boot_cm4_cm7.c **** 
 273:../../Common/Src/system_stm32h7xx_dualcore_boot_cm4_cm7.c **** #elif defined(CORE_CM7)
 274:../../Common/Src/system_stm32h7xx_dualcore_boot_cm4_cm7.c ****   if(READ_BIT(RCC->AHB3ENR, RCC_AHB3ENR_FMCEN) == 0U)
 161              		.loc 1 274 3 is_stmt 1 view .LVU59
 162              		.loc 1 274 6 is_stmt 0 view .LVU60
 163 00ae 104B     		ldr	r3, .L6+8
 164 00b0 D3F8D430 		ldr	r3, [r3, #212]
 165              		.loc 1 274 5 view .LVU61
 166 00b4 13F4805F 		tst	r3, #4096
 167 00b8 10D1     		bne	.L5
 275:../../Common/Src/system_stm32h7xx_dualcore_boot_cm4_cm7.c ****   {
 276:../../Common/Src/system_stm32h7xx_dualcore_boot_cm4_cm7.c ****     /* Enable the FMC interface clock */
 277:../../Common/Src/system_stm32h7xx_dualcore_boot_cm4_cm7.c ****     SET_BIT(RCC->AHB3ENR, RCC_AHB3ENR_FMCEN);
 168              		.loc 1 277 5 is_stmt 1 view .LVU62
 169 00ba 0D4B     		ldr	r3, .L6+8
 170 00bc D3F8D420 		ldr	r2, [r3, #212]
 171 00c0 42F48052 		orr	r2, r2, #4096
 172 00c4 C3F8D420 		str	r2, [r3, #212]
 278:../../Common/Src/system_stm32h7xx_dualcore_boot_cm4_cm7.c **** 
 279:../../Common/Src/system_stm32h7xx_dualcore_boot_cm4_cm7.c ****     /*
 280:../../Common/Src/system_stm32h7xx_dualcore_boot_cm4_cm7.c ****      * Disable the FMC bank1 (enabled after reset).
 281:../../Common/Src/system_stm32h7xx_dualcore_boot_cm4_cm7.c ****      * This, prevents CPU speculation access on this bank which blocks the use of FMC during
 282:../../Common/Src/system_stm32h7xx_dualcore_boot_cm4_cm7.c ****      * 24us. During this time the others FMC master (such as LTDC) cannot use it!
 283:../../Common/Src/system_stm32h7xx_dualcore_boot_cm4_cm7.c ****      */
 284:../../Common/Src/system_stm32h7xx_dualcore_boot_cm4_cm7.c ****     FMC_Bank1_R->BTCR[0] = 0x000030D2;
 173              		.loc 1 284 5 view .LVU63
ARM GAS  C:\Users\minis\AppData\Local\Temp\ccVzqsTM.s 			page 9


 174              		.loc 1 284 26 is_stmt 0 view .LVU64
 175 00c8 104A     		ldr	r2, .L6+36
 176 00ca 43F2D201 		movw	r1, #12498
 177 00ce 1160     		str	r1, [r2]
 285:../../Common/Src/system_stm32h7xx_dualcore_boot_cm4_cm7.c **** 
 286:../../Common/Src/system_stm32h7xx_dualcore_boot_cm4_cm7.c ****     /* Disable the FMC interface clock */
 287:../../Common/Src/system_stm32h7xx_dualcore_boot_cm4_cm7.c ****     CLEAR_BIT(RCC->AHB3ENR, RCC_AHB3ENR_FMCEN);
 178              		.loc 1 287 5 is_stmt 1 view .LVU65
 179 00d0 D3F8D420 		ldr	r2, [r3, #212]
 180 00d4 22F48052 		bic	r2, r2, #4096
 181 00d8 C3F8D420 		str	r2, [r3, #212]
 182              	.L5:
 288:../../Common/Src/system_stm32h7xx_dualcore_boot_cm4_cm7.c ****   }
 289:../../Common/Src/system_stm32h7xx_dualcore_boot_cm4_cm7.c **** 
 290:../../Common/Src/system_stm32h7xx_dualcore_boot_cm4_cm7.c ****   /* Configure the Vector Table location -------------------------------------*/
 291:../../Common/Src/system_stm32h7xx_dualcore_boot_cm4_cm7.c **** #if defined(USER_VECT_TAB_ADDRESS)
 292:../../Common/Src/system_stm32h7xx_dualcore_boot_cm4_cm7.c ****   SCB->VTOR = VECT_TAB_BASE_ADDRESS | VECT_TAB_OFFSET; /* Vector Table Relocation in Internal D1 AX
 183              		.loc 1 292 3 view .LVU66
 184              		.loc 1 292 13 is_stmt 0 view .LVU67
 185 00dc 024B     		ldr	r3, .L6
 186 00de 4FF00062 		mov	r2, #134217728
 187 00e2 9A60     		str	r2, [r3, #8]
 293:../../Common/Src/system_stm32h7xx_dualcore_boot_cm4_cm7.c **** #endif /* USER_VECT_TAB_ADDRESS */
 294:../../Common/Src/system_stm32h7xx_dualcore_boot_cm4_cm7.c **** 
 295:../../Common/Src/system_stm32h7xx_dualcore_boot_cm4_cm7.c **** #else
 296:../../Common/Src/system_stm32h7xx_dualcore_boot_cm4_cm7.c **** #error Please #define CORE_CM4 or CORE_CM7
 297:../../Common/Src/system_stm32h7xx_dualcore_boot_cm4_cm7.c **** #endif /* CORE_CM4 */
 298:../../Common/Src/system_stm32h7xx_dualcore_boot_cm4_cm7.c **** }
 188              		.loc 1 298 1 view .LVU68
 189 00e4 7047     		bx	lr
 190              	.L7:
 191 00e6 00BF     		.align	2
 192              	.L6:
 193 00e8 00ED00E0 		.word	-536810240
 194 00ec 00200052 		.word	1375739904
 195 00f0 00440258 		.word	1476543488
 196 00f4 7FEDF6EA 		.word	-352916097
 197 00f8 00020202 		.word	33686016
 198 00fc 0000FF01 		.word	33488896
 199 0100 80020101 		.word	16843392
 200 0104 0010005C 		.word	1543507968
 201 0108 00800051 		.word	1358987264
 202 010c 00400052 		.word	1375748096
 203              		.cfi_endproc
 204              	.LFE144:
 206              		.section	.text.SystemCoreClockUpdate,"ax",%progbits
 207              		.align	1
 208              		.global	SystemCoreClockUpdate
 209              		.syntax unified
 210              		.thumb
 211              		.thumb_func
 213              	SystemCoreClockUpdate:
 214              	.LFB145:
 299:../../Common/Src/system_stm32h7xx_dualcore_boot_cm4_cm7.c **** 
 300:../../Common/Src/system_stm32h7xx_dualcore_boot_cm4_cm7.c **** /**
 301:../../Common/Src/system_stm32h7xx_dualcore_boot_cm4_cm7.c ****   * @brief  Update SystemCoreClock variable according to Clock Register Values.
 302:../../Common/Src/system_stm32h7xx_dualcore_boot_cm4_cm7.c ****   *         The SystemCoreClock variable contains the core clock , it can
ARM GAS  C:\Users\minis\AppData\Local\Temp\ccVzqsTM.s 			page 10


 303:../../Common/Src/system_stm32h7xx_dualcore_boot_cm4_cm7.c ****   *         be used by the user application to setup the SysTick timer or configure
 304:../../Common/Src/system_stm32h7xx_dualcore_boot_cm4_cm7.c ****   *         other parameters.
 305:../../Common/Src/system_stm32h7xx_dualcore_boot_cm4_cm7.c ****   *
 306:../../Common/Src/system_stm32h7xx_dualcore_boot_cm4_cm7.c ****   * @note   Each time the core clock changes, this function must be called
 307:../../Common/Src/system_stm32h7xx_dualcore_boot_cm4_cm7.c ****   *         to update SystemCoreClock variable value. Otherwise, any configuration
 308:../../Common/Src/system_stm32h7xx_dualcore_boot_cm4_cm7.c ****   *         based on this variable will be incorrect.
 309:../../Common/Src/system_stm32h7xx_dualcore_boot_cm4_cm7.c ****   *
 310:../../Common/Src/system_stm32h7xx_dualcore_boot_cm4_cm7.c ****   * @note   - The system frequency computed by this function is not the real
 311:../../Common/Src/system_stm32h7xx_dualcore_boot_cm4_cm7.c ****   *           frequency in the chip. It is calculated based on the predefined
 312:../../Common/Src/system_stm32h7xx_dualcore_boot_cm4_cm7.c ****   *           constant and the selected clock source:
 313:../../Common/Src/system_stm32h7xx_dualcore_boot_cm4_cm7.c ****   *
 314:../../Common/Src/system_stm32h7xx_dualcore_boot_cm4_cm7.c ****   *           - If SYSCLK source is CSI, SystemCoreClock will contain the CSI_VALUE(*)
 315:../../Common/Src/system_stm32h7xx_dualcore_boot_cm4_cm7.c ****   *           - If SYSCLK source is HSI, SystemCoreClock will contain the HSI_VALUE(**)
 316:../../Common/Src/system_stm32h7xx_dualcore_boot_cm4_cm7.c ****   *           - If SYSCLK source is HSE, SystemCoreClock will contain the HSE_VALUE(***)
 317:../../Common/Src/system_stm32h7xx_dualcore_boot_cm4_cm7.c ****   *           - If SYSCLK source is PLL, SystemCoreClock will contain the CSI_VALUE(*),
 318:../../Common/Src/system_stm32h7xx_dualcore_boot_cm4_cm7.c ****   *             HSI_VALUE(**) or HSE_VALUE(***) multiplied/divided by the PLL factors.
 319:../../Common/Src/system_stm32h7xx_dualcore_boot_cm4_cm7.c ****   *
 320:../../Common/Src/system_stm32h7xx_dualcore_boot_cm4_cm7.c ****   *         (*) CSI_VALUE is a constant defined in stm32h7xx_hal.h file (default value
 321:../../Common/Src/system_stm32h7xx_dualcore_boot_cm4_cm7.c ****   *             4 MHz) but the real value may vary depending on the variations
 322:../../Common/Src/system_stm32h7xx_dualcore_boot_cm4_cm7.c ****   *             in voltage and temperature.
 323:../../Common/Src/system_stm32h7xx_dualcore_boot_cm4_cm7.c ****   *         (**) HSI_VALUE is a constant defined in stm32h7xx_hal.h file (default value
 324:../../Common/Src/system_stm32h7xx_dualcore_boot_cm4_cm7.c ****   *             64 MHz) but the real value may vary depending on the variations
 325:../../Common/Src/system_stm32h7xx_dualcore_boot_cm4_cm7.c ****   *             in voltage and temperature.
 326:../../Common/Src/system_stm32h7xx_dualcore_boot_cm4_cm7.c ****   *
 327:../../Common/Src/system_stm32h7xx_dualcore_boot_cm4_cm7.c ****   *         (***)HSE_VALUE is a constant defined in stm32h7xx_hal.h file (default value
 328:../../Common/Src/system_stm32h7xx_dualcore_boot_cm4_cm7.c ****   *              25 MHz), user has to ensure that HSE_VALUE is same as the real
 329:../../Common/Src/system_stm32h7xx_dualcore_boot_cm4_cm7.c ****   *              frequency of the crystal used. Otherwise, this function may
 330:../../Common/Src/system_stm32h7xx_dualcore_boot_cm4_cm7.c ****   *              have wrong result.
 331:../../Common/Src/system_stm32h7xx_dualcore_boot_cm4_cm7.c ****   *
 332:../../Common/Src/system_stm32h7xx_dualcore_boot_cm4_cm7.c ****   *         - The result of this function could be not correct when using fractional
 333:../../Common/Src/system_stm32h7xx_dualcore_boot_cm4_cm7.c ****   *           value for HSE crystal.
 334:../../Common/Src/system_stm32h7xx_dualcore_boot_cm4_cm7.c ****   * @param  None
 335:../../Common/Src/system_stm32h7xx_dualcore_boot_cm4_cm7.c ****   * @retval None
 336:../../Common/Src/system_stm32h7xx_dualcore_boot_cm4_cm7.c ****   */
 337:../../Common/Src/system_stm32h7xx_dualcore_boot_cm4_cm7.c **** void SystemCoreClockUpdate (void)
 338:../../Common/Src/system_stm32h7xx_dualcore_boot_cm4_cm7.c **** {
 215              		.loc 1 338 1 is_stmt 1 view -0
 216              		.cfi_startproc
 217              		@ args = 0, pretend = 0, frame = 0
 218              		@ frame_needed = 0, uses_anonymous_args = 0
 219              		@ link register save eliminated.
 220 0000 10B4     		push	{r4}
 221              	.LCFI0:
 222              		.cfi_def_cfa_offset 4
 223              		.cfi_offset 4, -4
 339:../../Common/Src/system_stm32h7xx_dualcore_boot_cm4_cm7.c ****   uint32_t pllp, pllsource, pllm, pllfracen, hsivalue, tmp;
 224              		.loc 1 339 3 view .LVU70
 340:../../Common/Src/system_stm32h7xx_dualcore_boot_cm4_cm7.c ****   uint32_t common_system_clock;
 225              		.loc 1 340 3 view .LVU71
 341:../../Common/Src/system_stm32h7xx_dualcore_boot_cm4_cm7.c ****   float_t fracn1, pllvco;
 226              		.loc 1 341 3 view .LVU72
 342:../../Common/Src/system_stm32h7xx_dualcore_boot_cm4_cm7.c **** 
 343:../../Common/Src/system_stm32h7xx_dualcore_boot_cm4_cm7.c ****   /* Get SYSCLK source -------------------------------------------------------*/
 344:../../Common/Src/system_stm32h7xx_dualcore_boot_cm4_cm7.c **** 
 345:../../Common/Src/system_stm32h7xx_dualcore_boot_cm4_cm7.c ****   switch (RCC->CFGR & RCC_CFGR_SWS)
 227              		.loc 1 345 3 view .LVU73
 228              		.loc 1 345 14 is_stmt 0 view .LVU74
ARM GAS  C:\Users\minis\AppData\Local\Temp\ccVzqsTM.s 			page 11


 229 0002 7B4B     		ldr	r3, .L21
 230 0004 1B69     		ldr	r3, [r3, #16]
 231              		.loc 1 345 21 view .LVU75
 232 0006 03F03803 		and	r3, r3, #56
 233              		.loc 1 345 3 view .LVU76
 234 000a 182B     		cmp	r3, #24
 235 000c 00F2D280 		bhi	.L9
 236 0010 DFE813F0 		tbh	[pc, r3, lsl #1]
 237              	.L11:
 238 0014 1B00     		.2byte	(.L14-.L11)/2
 239 0016 D000     		.2byte	(.L9-.L11)/2
 240 0018 D000     		.2byte	(.L9-.L11)/2
 241 001a D000     		.2byte	(.L9-.L11)/2
 242 001c D000     		.2byte	(.L9-.L11)/2
 243 001e D000     		.2byte	(.L9-.L11)/2
 244 0020 D000     		.2byte	(.L9-.L11)/2
 245 0022 D000     		.2byte	(.L9-.L11)/2
 246 0024 1900     		.2byte	(.L13-.L11)/2
 247 0026 D000     		.2byte	(.L9-.L11)/2
 248 0028 D000     		.2byte	(.L9-.L11)/2
 249 002a D000     		.2byte	(.L9-.L11)/2
 250 002c D000     		.2byte	(.L9-.L11)/2
 251 002e D000     		.2byte	(.L9-.L11)/2
 252 0030 D000     		.2byte	(.L9-.L11)/2
 253 0032 D000     		.2byte	(.L9-.L11)/2
 254 0034 EC00     		.2byte	(.L19-.L11)/2
 255 0036 D000     		.2byte	(.L9-.L11)/2
 256 0038 D000     		.2byte	(.L9-.L11)/2
 257 003a D000     		.2byte	(.L9-.L11)/2
 258 003c D000     		.2byte	(.L9-.L11)/2
 259 003e D000     		.2byte	(.L9-.L11)/2
 260 0040 D000     		.2byte	(.L9-.L11)/2
 261 0042 D000     		.2byte	(.L9-.L11)/2
 262 0044 2200     		.2byte	(.L10-.L11)/2
 263              		.p2align 1
 264              	.L13:
 265 0046 6B4A     		ldr	r2, .L21+4
 266 0048 BAE0     		b	.L12
 267              	.L14:
 346:../../Common/Src/system_stm32h7xx_dualcore_boot_cm4_cm7.c ****   {
 347:../../Common/Src/system_stm32h7xx_dualcore_boot_cm4_cm7.c ****   case RCC_CFGR_SWS_HSI:  /* HSI used as system clock source */
 348:../../Common/Src/system_stm32h7xx_dualcore_boot_cm4_cm7.c ****     common_system_clock = (uint32_t) (HSI_VALUE >> ((RCC->CR & RCC_CR_HSIDIV)>> 3));
 268              		.loc 1 348 5 is_stmt 1 view .LVU77
 269              		.loc 1 348 57 is_stmt 0 view .LVU78
 270 004a 694B     		ldr	r3, .L21
 271 004c 1B68     		ldr	r3, [r3]
 272              		.loc 1 348 78 view .LVU79
 273 004e C3F3C103 		ubfx	r3, r3, #3, #2
 274              		.loc 1 348 25 view .LVU80
 275 0052 694A     		ldr	r2, .L21+8
 276 0054 DA40     		lsrs	r2, r2, r3
 277              	.LVL0:
 349:../../Common/Src/system_stm32h7xx_dualcore_boot_cm4_cm7.c ****     break;
 278              		.loc 1 349 5 is_stmt 1 view .LVU81
 279 0056 B3E0     		b	.L12
 280              	.LVL1:
 281              	.L10:
ARM GAS  C:\Users\minis\AppData\Local\Temp\ccVzqsTM.s 			page 12


 350:../../Common/Src/system_stm32h7xx_dualcore_boot_cm4_cm7.c **** 
 351:../../Common/Src/system_stm32h7xx_dualcore_boot_cm4_cm7.c ****   case RCC_CFGR_SWS_CSI:  /* CSI used as system clock  source */
 352:../../Common/Src/system_stm32h7xx_dualcore_boot_cm4_cm7.c ****     common_system_clock = CSI_VALUE;
 353:../../Common/Src/system_stm32h7xx_dualcore_boot_cm4_cm7.c ****     break;
 354:../../Common/Src/system_stm32h7xx_dualcore_boot_cm4_cm7.c **** 
 355:../../Common/Src/system_stm32h7xx_dualcore_boot_cm4_cm7.c ****   case RCC_CFGR_SWS_HSE:  /* HSE used as system clock  source */
 356:../../Common/Src/system_stm32h7xx_dualcore_boot_cm4_cm7.c ****     common_system_clock = HSE_VALUE;
 357:../../Common/Src/system_stm32h7xx_dualcore_boot_cm4_cm7.c ****     break;
 358:../../Common/Src/system_stm32h7xx_dualcore_boot_cm4_cm7.c **** 
 359:../../Common/Src/system_stm32h7xx_dualcore_boot_cm4_cm7.c ****   case RCC_CFGR_SWS_PLL1:  /* PLL1 used as system clock  source */
 360:../../Common/Src/system_stm32h7xx_dualcore_boot_cm4_cm7.c **** 
 361:../../Common/Src/system_stm32h7xx_dualcore_boot_cm4_cm7.c ****     /* PLL_VCO = (HSE_VALUE or HSI_VALUE or CSI_VALUE/ PLLM) * PLLN
 362:../../Common/Src/system_stm32h7xx_dualcore_boot_cm4_cm7.c ****     SYSCLK = PLL_VCO / PLLR
 363:../../Common/Src/system_stm32h7xx_dualcore_boot_cm4_cm7.c ****     */
 364:../../Common/Src/system_stm32h7xx_dualcore_boot_cm4_cm7.c ****     pllsource = (RCC->PLLCKSELR & RCC_PLLCKSELR_PLLSRC);
 282              		.loc 1 364 5 view .LVU82
 283              		.loc 1 364 21 is_stmt 0 view .LVU83
 284 0058 654B     		ldr	r3, .L21
 285 005a 996A     		ldr	r1, [r3, #40]
 286              		.loc 1 364 15 view .LVU84
 287 005c 01F00301 		and	r1, r1, #3
 288              	.LVL2:
 365:../../Common/Src/system_stm32h7xx_dualcore_boot_cm4_cm7.c ****     pllm = ((RCC->PLLCKSELR & RCC_PLLCKSELR_DIVM1)>> 4)  ;
 289              		.loc 1 365 5 is_stmt 1 view .LVU85
 290              		.loc 1 365 17 is_stmt 0 view .LVU86
 291 0060 9C6A     		ldr	r4, [r3, #40]
 292              		.loc 1 365 10 view .LVU87
 293 0062 C4F30512 		ubfx	r2, r4, #4, #6
 294              	.LVL3:
 366:../../Common/Src/system_stm32h7xx_dualcore_boot_cm4_cm7.c ****     pllfracen = ((RCC->PLLCFGR & RCC_PLLCFGR_PLL1FRACEN)>>RCC_PLLCFGR_PLL1FRACEN_Pos);
 295              		.loc 1 366 5 is_stmt 1 view .LVU88
 296              		.loc 1 366 22 is_stmt 0 view .LVU89
 297 0066 D86A     		ldr	r0, [r3, #44]
 298              		.loc 1 366 15 view .LVU90
 299 0068 00F00100 		and	r0, r0, #1
 300              	.LVL4:
 367:../../Common/Src/system_stm32h7xx_dualcore_boot_cm4_cm7.c ****     fracn1 = (float_t)(uint32_t)(pllfracen* ((RCC->PLL1FRACR & RCC_PLL1FRACR_FRACN1)>> 3));
 301              		.loc 1 367 5 is_stmt 1 view .LVU91
 302              		.loc 1 367 50 is_stmt 0 view .LVU92
 303 006c 5B6B     		ldr	r3, [r3, #52]
 304              		.loc 1 367 85 view .LVU93
 305 006e C3F3CC03 		ubfx	r3, r3, #3, #13
 306              		.loc 1 367 23 view .LVU94
 307 0072 00FB03F3 		mul	r3, r0, r3
 308              		.loc 1 367 12 view .LVU95
 309 0076 07EE903A 		vmov	s15, r3	@ int
 310 007a F8EE677A 		vcvt.f32.u32	s15, s15
 311              	.LVL5:
 368:../../Common/Src/system_stm32h7xx_dualcore_boot_cm4_cm7.c **** 
 369:../../Common/Src/system_stm32h7xx_dualcore_boot_cm4_cm7.c ****     if (pllm != 0U)
 312              		.loc 1 369 5 is_stmt 1 view .LVU96
 313              		.loc 1 369 8 is_stmt 0 view .LVU97
 314 007e 14F47C7F 		tst	r4, #1008
 315 0082 00F09D80 		beq	.L12
 370:../../Common/Src/system_stm32h7xx_dualcore_boot_cm4_cm7.c ****     {
 371:../../Common/Src/system_stm32h7xx_dualcore_boot_cm4_cm7.c ****       switch (pllsource)
 316              		.loc 1 371 7 is_stmt 1 view .LVU98
ARM GAS  C:\Users\minis\AppData\Local\Temp\ccVzqsTM.s 			page 13


 317 0086 0129     		cmp	r1, #1
 318 0088 36D0     		beq	.L15
 319 008a 0229     		cmp	r1, #2
 320 008c 51D0     		beq	.L16
 321 008e 0029     		cmp	r1, #0
 322 0090 6CD1     		bne	.L17
 372:../../Common/Src/system_stm32h7xx_dualcore_boot_cm4_cm7.c ****       {
 373:../../Common/Src/system_stm32h7xx_dualcore_boot_cm4_cm7.c ****         case RCC_PLLCKSELR_PLLSRC_HSI:  /* HSI used as PLL clock source */
 374:../../Common/Src/system_stm32h7xx_dualcore_boot_cm4_cm7.c **** 
 375:../../Common/Src/system_stm32h7xx_dualcore_boot_cm4_cm7.c ****         hsivalue = (HSI_VALUE >> ((RCC->CR & RCC_CR_HSIDIV)>> 3)) ;
 323              		.loc 1 375 9 view .LVU99
 324              		.loc 1 375 39 is_stmt 0 view .LVU100
 325 0092 5748     		ldr	r0, .L21
 326              	.LVL6:
 327              		.loc 1 375 39 view .LVU101
 328 0094 0168     		ldr	r1, [r0]
 329              	.LVL7:
 330              		.loc 1 375 60 view .LVU102
 331 0096 C1F3C101 		ubfx	r1, r1, #3, #2
 332              		.loc 1 375 18 view .LVU103
 333 009a 574B     		ldr	r3, .L21+8
 334 009c CB40     		lsrs	r3, r3, r1
 335              	.LVL8:
 376:../../Common/Src/system_stm32h7xx_dualcore_boot_cm4_cm7.c ****         pllvco = ( (float_t)hsivalue / (float_t)pllm) * ((float_t)(uint32_t)(RCC->PLL1DIVR & RCC_PL
 336              		.loc 1 376 9 is_stmt 1 view .LVU104
 337              		.loc 1 376 20 is_stmt 0 view .LVU105
 338 009e 07EE103A 		vmov	s14, r3	@ int
 339 00a2 F8EE476A 		vcvt.f32.u32	s13, s14
 340              		.loc 1 376 40 view .LVU106
 341 00a6 07EE102A 		vmov	s14, r2	@ int
 342 00aa B8EE476A 		vcvt.f32.u32	s12, s14
 343              		.loc 1 376 38 view .LVU107
 344 00ae 86EE867A 		vdiv.f32	s14, s13, s12
 345              		.loc 1 376 81 view .LVU108
 346 00b2 036B     		ldr	r3, [r0, #48]
 347              	.LVL9:
 348              		.loc 1 376 67 view .LVU109
 349 00b4 C3F30803 		ubfx	r3, r3, #0, #9
 350              		.loc 1 376 58 view .LVU110
 351 00b8 06EE903A 		vmov	s13, r3	@ int
 352 00bc F8EE666A 		vcvt.f32.u32	s13, s13
 353              		.loc 1 376 120 view .LVU111
 354 00c0 9FED4E6A 		vldr.32	s12, .L21+12
 355 00c4 67EE867A 		vmul.f32	s15, s15, s12
 356              	.LVL10:
 357              		.loc 1 376 111 view .LVU112
 358 00c8 76EEA77A 		vadd.f32	s15, s13, s15
 359              		.loc 1 376 138 view .LVU113
 360 00cc F7EE006A 		vmov.f32	s13, #1.0e+0
 361 00d0 77EEA67A 		vadd.f32	s15, s15, s13
 362              		.loc 1 376 16 view .LVU114
 363 00d4 27EE277A 		vmul.f32	s14, s14, s15
 364              	.LVL11:
 377:../../Common/Src/system_stm32h7xx_dualcore_boot_cm4_cm7.c **** 
 378:../../Common/Src/system_stm32h7xx_dualcore_boot_cm4_cm7.c ****         break;
 365              		.loc 1 378 9 is_stmt 1 view .LVU115
 366              	.L18:
ARM GAS  C:\Users\minis\AppData\Local\Temp\ccVzqsTM.s 			page 14


 379:../../Common/Src/system_stm32h7xx_dualcore_boot_cm4_cm7.c **** 
 380:../../Common/Src/system_stm32h7xx_dualcore_boot_cm4_cm7.c ****         case RCC_PLLCKSELR_PLLSRC_CSI:  /* CSI used as PLL clock source */
 381:../../Common/Src/system_stm32h7xx_dualcore_boot_cm4_cm7.c ****           pllvco = ((float_t)CSI_VALUE / (float_t)pllm) * ((float_t)(uint32_t)(RCC->PLL1DIVR & RCC_
 382:../../Common/Src/system_stm32h7xx_dualcore_boot_cm4_cm7.c ****         break;
 383:../../Common/Src/system_stm32h7xx_dualcore_boot_cm4_cm7.c **** 
 384:../../Common/Src/system_stm32h7xx_dualcore_boot_cm4_cm7.c ****         case RCC_PLLCKSELR_PLLSRC_HSE:  /* HSE used as PLL clock source */
 385:../../Common/Src/system_stm32h7xx_dualcore_boot_cm4_cm7.c ****           pllvco = ((float_t)HSE_VALUE / (float_t)pllm) * ((float_t)(uint32_t)(RCC->PLL1DIVR & RCC_
 386:../../Common/Src/system_stm32h7xx_dualcore_boot_cm4_cm7.c ****         break;
 387:../../Common/Src/system_stm32h7xx_dualcore_boot_cm4_cm7.c **** 
 388:../../Common/Src/system_stm32h7xx_dualcore_boot_cm4_cm7.c ****       default:
 389:../../Common/Src/system_stm32h7xx_dualcore_boot_cm4_cm7.c ****           hsivalue = (HSI_VALUE >> ((RCC->CR & RCC_CR_HSIDIV)>> 3)) ;
 390:../../Common/Src/system_stm32h7xx_dualcore_boot_cm4_cm7.c ****           pllvco = ((float_t)hsivalue / (float_t)pllm) * ((float_t)(uint32_t)(RCC->PLL1DIVR & RCC_P
 391:../../Common/Src/system_stm32h7xx_dualcore_boot_cm4_cm7.c ****         break;
 392:../../Common/Src/system_stm32h7xx_dualcore_boot_cm4_cm7.c ****       }
 393:../../Common/Src/system_stm32h7xx_dualcore_boot_cm4_cm7.c ****       pllp = (((RCC->PLL1DIVR & RCC_PLL1DIVR_P1) >>9) + 1U ) ;
 367              		.loc 1 393 7 view .LVU116
 368              		.loc 1 393 20 is_stmt 0 view .LVU117
 369 00d8 454B     		ldr	r3, .L21
 370 00da 1B6B     		ldr	r3, [r3, #48]
 371              		.loc 1 393 50 view .LVU118
 372 00dc C3F34623 		ubfx	r3, r3, #9, #7
 373              		.loc 1 393 12 view .LVU119
 374 00e0 0133     		adds	r3, r3, #1
 375              	.LVL12:
 394:../../Common/Src/system_stm32h7xx_dualcore_boot_cm4_cm7.c ****       common_system_clock =  (uint32_t)(float_t)(pllvco/(float_t)pllp);
 376              		.loc 1 394 7 is_stmt 1 view .LVU120
 377              		.loc 1 394 57 is_stmt 0 view .LVU121
 378 00e2 07EE903A 		vmov	s15, r3	@ int
 379 00e6 F8EE677A 		vcvt.f32.u32	s15, s15
 380              		.loc 1 394 40 view .LVU122
 381 00ea C7EE276A 		vdiv.f32	s13, s14, s15
 382              		.loc 1 394 27 view .LVU123
 383 00ee FCEEE67A 		vcvt.u32.f32	s15, s13
 384 00f2 17EE902A 		vmov	r2, s15	@ int
 385              	.LVL13:
 386              		.loc 1 394 27 view .LVU124
 387 00f6 63E0     		b	.L12
 388              	.LVL14:
 389              	.L15:
 381:../../Common/Src/system_stm32h7xx_dualcore_boot_cm4_cm7.c ****         break;
 390              		.loc 1 381 11 is_stmt 1 view .LVU125
 381:../../Common/Src/system_stm32h7xx_dualcore_boot_cm4_cm7.c ****         break;
 391              		.loc 1 381 42 is_stmt 0 view .LVU126
 392 00f8 07EE102A 		vmov	s14, r2	@ int
 393 00fc F8EE476A 		vcvt.f32.u32	s13, s14
 381:../../Common/Src/system_stm32h7xx_dualcore_boot_cm4_cm7.c ****         break;
 394              		.loc 1 381 40 view .LVU127
 395 0100 9FED3F6A 		vldr.32	s12, .L21+16
 396 0104 86EE267A 		vdiv.f32	s14, s12, s13
 381:../../Common/Src/system_stm32h7xx_dualcore_boot_cm4_cm7.c ****         break;
 397              		.loc 1 381 83 view .LVU128
 398 0108 394B     		ldr	r3, .L21
 399 010a 1B6B     		ldr	r3, [r3, #48]
 381:../../Common/Src/system_stm32h7xx_dualcore_boot_cm4_cm7.c ****         break;
 400              		.loc 1 381 69 view .LVU129
 401 010c C3F30803 		ubfx	r3, r3, #0, #9
 381:../../Common/Src/system_stm32h7xx_dualcore_boot_cm4_cm7.c ****         break;
ARM GAS  C:\Users\minis\AppData\Local\Temp\ccVzqsTM.s 			page 15


 402              		.loc 1 381 60 view .LVU130
 403 0110 06EE903A 		vmov	s13, r3	@ int
 404 0114 F8EE666A 		vcvt.f32.u32	s13, s13
 381:../../Common/Src/system_stm32h7xx_dualcore_boot_cm4_cm7.c ****         break;
 405              		.loc 1 381 122 view .LVU131
 406 0118 9FED386A 		vldr.32	s12, .L21+12
 407 011c 67EE867A 		vmul.f32	s15, s15, s12
 408              	.LVL15:
 381:../../Common/Src/system_stm32h7xx_dualcore_boot_cm4_cm7.c ****         break;
 409              		.loc 1 381 113 view .LVU132
 410 0120 76EEA77A 		vadd.f32	s15, s13, s15
 381:../../Common/Src/system_stm32h7xx_dualcore_boot_cm4_cm7.c ****         break;
 411              		.loc 1 381 140 view .LVU133
 412 0124 F7EE006A 		vmov.f32	s13, #1.0e+0
 413 0128 77EEA67A 		vadd.f32	s15, s15, s13
 381:../../Common/Src/system_stm32h7xx_dualcore_boot_cm4_cm7.c ****         break;
 414              		.loc 1 381 18 view .LVU134
 415 012c 27EE277A 		vmul.f32	s14, s14, s15
 416              	.LVL16:
 382:../../Common/Src/system_stm32h7xx_dualcore_boot_cm4_cm7.c **** 
 417              		.loc 1 382 9 is_stmt 1 view .LVU135
 418 0130 D2E7     		b	.L18
 419              	.LVL17:
 420              	.L16:
 385:../../Common/Src/system_stm32h7xx_dualcore_boot_cm4_cm7.c ****         break;
 421              		.loc 1 385 11 view .LVU136
 385:../../Common/Src/system_stm32h7xx_dualcore_boot_cm4_cm7.c ****         break;
 422              		.loc 1 385 42 is_stmt 0 view .LVU137
 423 0132 07EE102A 		vmov	s14, r2	@ int
 424 0136 F8EE476A 		vcvt.f32.u32	s13, s14
 385:../../Common/Src/system_stm32h7xx_dualcore_boot_cm4_cm7.c ****         break;
 425              		.loc 1 385 40 view .LVU138
 426 013a 9FED326A 		vldr.32	s12, .L21+20
 427 013e 86EE267A 		vdiv.f32	s14, s12, s13
 385:../../Common/Src/system_stm32h7xx_dualcore_boot_cm4_cm7.c ****         break;
 428              		.loc 1 385 83 view .LVU139
 429 0142 2B4B     		ldr	r3, .L21
 430 0144 1B6B     		ldr	r3, [r3, #48]
 385:../../Common/Src/system_stm32h7xx_dualcore_boot_cm4_cm7.c ****         break;
 431              		.loc 1 385 69 view .LVU140
 432 0146 C3F30803 		ubfx	r3, r3, #0, #9
 385:../../Common/Src/system_stm32h7xx_dualcore_boot_cm4_cm7.c ****         break;
 433              		.loc 1 385 60 view .LVU141
 434 014a 06EE903A 		vmov	s13, r3	@ int
 435 014e F8EE666A 		vcvt.f32.u32	s13, s13
 385:../../Common/Src/system_stm32h7xx_dualcore_boot_cm4_cm7.c ****         break;
 436              		.loc 1 385 122 view .LVU142
 437 0152 9FED2A6A 		vldr.32	s12, .L21+12
 438 0156 67EE867A 		vmul.f32	s15, s15, s12
 439              	.LVL18:
 385:../../Common/Src/system_stm32h7xx_dualcore_boot_cm4_cm7.c ****         break;
 440              		.loc 1 385 113 view .LVU143
 441 015a 76EEA77A 		vadd.f32	s15, s13, s15
 385:../../Common/Src/system_stm32h7xx_dualcore_boot_cm4_cm7.c ****         break;
 442              		.loc 1 385 140 view .LVU144
 443 015e F7EE006A 		vmov.f32	s13, #1.0e+0
 444 0162 77EEA67A 		vadd.f32	s15, s15, s13
ARM GAS  C:\Users\minis\AppData\Local\Temp\ccVzqsTM.s 			page 16


 385:../../Common/Src/system_stm32h7xx_dualcore_boot_cm4_cm7.c ****         break;
 445              		.loc 1 385 18 view .LVU145
 446 0166 27EE277A 		vmul.f32	s14, s14, s15
 447              	.LVL19:
 386:../../Common/Src/system_stm32h7xx_dualcore_boot_cm4_cm7.c **** 
 448              		.loc 1 386 9 is_stmt 1 view .LVU146
 449 016a B5E7     		b	.L18
 450              	.LVL20:
 451              	.L17:
 389:../../Common/Src/system_stm32h7xx_dualcore_boot_cm4_cm7.c ****           pllvco = ((float_t)hsivalue / (float_t)pllm) * ((float_t)(uint32_t)(RCC->PLL1DIVR & RCC_P
 452              		.loc 1 389 11 view .LVU147
 389:../../Common/Src/system_stm32h7xx_dualcore_boot_cm4_cm7.c ****           pllvco = ((float_t)hsivalue / (float_t)pllm) * ((float_t)(uint32_t)(RCC->PLL1DIVR & RCC_P
 453              		.loc 1 389 41 is_stmt 0 view .LVU148
 454 016c 2048     		ldr	r0, .L21
 455              	.LVL21:
 389:../../Common/Src/system_stm32h7xx_dualcore_boot_cm4_cm7.c ****           pllvco = ((float_t)hsivalue / (float_t)pllm) * ((float_t)(uint32_t)(RCC->PLL1DIVR & RCC_P
 456              		.loc 1 389 41 view .LVU149
 457 016e 0168     		ldr	r1, [r0]
 458              	.LVL22:
 389:../../Common/Src/system_stm32h7xx_dualcore_boot_cm4_cm7.c ****           pllvco = ((float_t)hsivalue / (float_t)pllm) * ((float_t)(uint32_t)(RCC->PLL1DIVR & RCC_P
 459              		.loc 1 389 62 view .LVU150
 460 0170 C1F3C101 		ubfx	r1, r1, #3, #2
 389:../../Common/Src/system_stm32h7xx_dualcore_boot_cm4_cm7.c ****           pllvco = ((float_t)hsivalue / (float_t)pllm) * ((float_t)(uint32_t)(RCC->PLL1DIVR & RCC_P
 461              		.loc 1 389 20 view .LVU151
 462 0174 204B     		ldr	r3, .L21+8
 463 0176 CB40     		lsrs	r3, r3, r1
 464              	.LVL23:
 390:../../Common/Src/system_stm32h7xx_dualcore_boot_cm4_cm7.c ****         break;
 465              		.loc 1 390 11 is_stmt 1 view .LVU152
 390:../../Common/Src/system_stm32h7xx_dualcore_boot_cm4_cm7.c ****         break;
 466              		.loc 1 390 21 is_stmt 0 view .LVU153
 467 0178 07EE103A 		vmov	s14, r3	@ int
 468 017c F8EE476A 		vcvt.f32.u32	s13, s14
 390:../../Common/Src/system_stm32h7xx_dualcore_boot_cm4_cm7.c ****         break;
 469              		.loc 1 390 41 view .LVU154
 470 0180 07EE102A 		vmov	s14, r2	@ int
 471 0184 B8EE476A 		vcvt.f32.u32	s12, s14
 390:../../Common/Src/system_stm32h7xx_dualcore_boot_cm4_cm7.c ****         break;
 472              		.loc 1 390 39 view .LVU155
 473 0188 86EE867A 		vdiv.f32	s14, s13, s12
 390:../../Common/Src/system_stm32h7xx_dualcore_boot_cm4_cm7.c ****         break;
 474              		.loc 1 390 82 view .LVU156
 475 018c 036B     		ldr	r3, [r0, #48]
 476              	.LVL24:
 390:../../Common/Src/system_stm32h7xx_dualcore_boot_cm4_cm7.c ****         break;
 477              		.loc 1 390 68 view .LVU157
 478 018e C3F30803 		ubfx	r3, r3, #0, #9
 390:../../Common/Src/system_stm32h7xx_dualcore_boot_cm4_cm7.c ****         break;
 479              		.loc 1 390 59 view .LVU158
 480 0192 06EE903A 		vmov	s13, r3	@ int
 481 0196 F8EE666A 		vcvt.f32.u32	s13, s13
 390:../../Common/Src/system_stm32h7xx_dualcore_boot_cm4_cm7.c ****         break;
 482              		.loc 1 390 121 view .LVU159
 483 019a 9FED186A 		vldr.32	s12, .L21+12
 484 019e 67EE867A 		vmul.f32	s15, s15, s12
 485              	.LVL25:
 390:../../Common/Src/system_stm32h7xx_dualcore_boot_cm4_cm7.c ****         break;
ARM GAS  C:\Users\minis\AppData\Local\Temp\ccVzqsTM.s 			page 17


 486              		.loc 1 390 112 view .LVU160
 487 01a2 76EEA77A 		vadd.f32	s15, s13, s15
 390:../../Common/Src/system_stm32h7xx_dualcore_boot_cm4_cm7.c ****         break;
 488              		.loc 1 390 139 view .LVU161
 489 01a6 F7EE006A 		vmov.f32	s13, #1.0e+0
 490 01aa 77EEA67A 		vadd.f32	s15, s15, s13
 390:../../Common/Src/system_stm32h7xx_dualcore_boot_cm4_cm7.c ****         break;
 491              		.loc 1 390 18 view .LVU162
 492 01ae 27EE277A 		vmul.f32	s14, s14, s15
 493              	.LVL26:
 391:../../Common/Src/system_stm32h7xx_dualcore_boot_cm4_cm7.c ****       }
 494              		.loc 1 391 9 is_stmt 1 view .LVU163
 495 01b2 91E7     		b	.L18
 496              	.LVL27:
 497              	.L9:
 395:../../Common/Src/system_stm32h7xx_dualcore_boot_cm4_cm7.c ****     }
 396:../../Common/Src/system_stm32h7xx_dualcore_boot_cm4_cm7.c ****     else
 397:../../Common/Src/system_stm32h7xx_dualcore_boot_cm4_cm7.c ****     {
 398:../../Common/Src/system_stm32h7xx_dualcore_boot_cm4_cm7.c ****       common_system_clock = 0U;
 399:../../Common/Src/system_stm32h7xx_dualcore_boot_cm4_cm7.c ****     }
 400:../../Common/Src/system_stm32h7xx_dualcore_boot_cm4_cm7.c ****     break;
 401:../../Common/Src/system_stm32h7xx_dualcore_boot_cm4_cm7.c **** 
 402:../../Common/Src/system_stm32h7xx_dualcore_boot_cm4_cm7.c ****   default:
 403:../../Common/Src/system_stm32h7xx_dualcore_boot_cm4_cm7.c ****     common_system_clock = (uint32_t) (HSI_VALUE >> ((RCC->CR & RCC_CR_HSIDIV)>> 3));
 498              		.loc 1 403 5 view .LVU164
 499              		.loc 1 403 57 is_stmt 0 view .LVU165
 500 01b4 0E4B     		ldr	r3, .L21
 501 01b6 1B68     		ldr	r3, [r3]
 502              		.loc 1 403 78 view .LVU166
 503 01b8 C3F3C103 		ubfx	r3, r3, #3, #2
 504              		.loc 1 403 25 view .LVU167
 505 01bc 0E4A     		ldr	r2, .L21+8
 506 01be DA40     		lsrs	r2, r2, r3
 507              	.LVL28:
 404:../../Common/Src/system_stm32h7xx_dualcore_boot_cm4_cm7.c ****     break;
 508              		.loc 1 404 5 is_stmt 1 view .LVU168
 509              	.L12:
 405:../../Common/Src/system_stm32h7xx_dualcore_boot_cm4_cm7.c ****   }
 406:../../Common/Src/system_stm32h7xx_dualcore_boot_cm4_cm7.c **** 
 407:../../Common/Src/system_stm32h7xx_dualcore_boot_cm4_cm7.c ****   /* Compute SystemClock frequency --------------------------------------------------*/
 408:../../Common/Src/system_stm32h7xx_dualcore_boot_cm4_cm7.c ****   tmp = D1CorePrescTable[(RCC->D1CFGR & RCC_D1CFGR_D1CPRE)>> RCC_D1CFGR_D1CPRE_Pos];
 510              		.loc 1 408 3 view .LVU169
 511              		.loc 1 408 30 is_stmt 0 view .LVU170
 512 01c0 0B48     		ldr	r0, .L21
 513 01c2 8369     		ldr	r3, [r0, #24]
 514              		.loc 1 408 59 view .LVU171
 515 01c4 C3F30323 		ubfx	r3, r3, #8, #4
 516              		.loc 1 408 25 view .LVU172
 517 01c8 0F49     		ldr	r1, .L21+24
 518 01ca CB5C     		ldrb	r3, [r1, r3]	@ zero_extendqisi2
 519              	.LVL29:
 409:../../Common/Src/system_stm32h7xx_dualcore_boot_cm4_cm7.c **** 
 410:../../Common/Src/system_stm32h7xx_dualcore_boot_cm4_cm7.c ****   /* common_system_clock frequency : CM7 CPU frequency  */
 411:../../Common/Src/system_stm32h7xx_dualcore_boot_cm4_cm7.c ****   common_system_clock >>= tmp;
 520              		.loc 1 411 3 is_stmt 1 view .LVU173
 521              		.loc 1 411 23 is_stmt 0 view .LVU174
 522 01cc DA40     		lsrs	r2, r2, r3
ARM GAS  C:\Users\minis\AppData\Local\Temp\ccVzqsTM.s 			page 18


 523              	.LVL30:
 412:../../Common/Src/system_stm32h7xx_dualcore_boot_cm4_cm7.c **** 
 413:../../Common/Src/system_stm32h7xx_dualcore_boot_cm4_cm7.c ****   /* SystemD2Clock frequency : CM4 CPU, AXI and AHBs Clock frequency  */
 414:../../Common/Src/system_stm32h7xx_dualcore_boot_cm4_cm7.c ****   SystemD2Clock = (common_system_clock >> ((D1CorePrescTable[(RCC->D1CFGR & RCC_D1CFGR_HPRE)>> RCC_
 524              		.loc 1 414 3 is_stmt 1 view .LVU175
 525              		.loc 1 414 66 is_stmt 0 view .LVU176
 526 01ce 8369     		ldr	r3, [r0, #24]
 527              	.LVL31:
 528              		.loc 1 414 93 view .LVU177
 529 01d0 03F00F03 		and	r3, r3, #15
 530              		.loc 1 414 61 view .LVU178
 531 01d4 CB5C     		ldrb	r3, [r1, r3]	@ zero_extendqisi2
 532              		.loc 1 414 118 view .LVU179
 533 01d6 03F01F03 		and	r3, r3, #31
 534              		.loc 1 414 40 view .LVU180
 535 01da 22FA03F3 		lsr	r3, r2, r3
 536              		.loc 1 414 17 view .LVU181
 537 01de 0B49     		ldr	r1, .L21+28
 538              		.loc 1 414 17 view .LVU182
 539 01e0 0B60     		str	r3, [r1]
 415:../../Common/Src/system_stm32h7xx_dualcore_boot_cm4_cm7.c **** 
 416:../../Common/Src/system_stm32h7xx_dualcore_boot_cm4_cm7.c **** #if defined(CORE_CM4)
 417:../../Common/Src/system_stm32h7xx_dualcore_boot_cm4_cm7.c ****   SystemCoreClock = SystemD2Clock;
 418:../../Common/Src/system_stm32h7xx_dualcore_boot_cm4_cm7.c **** #else
 419:../../Common/Src/system_stm32h7xx_dualcore_boot_cm4_cm7.c ****   SystemCoreClock = common_system_clock;
 540              		.loc 1 419 3 is_stmt 1 view .LVU183
 541              		.loc 1 419 19 is_stmt 0 view .LVU184
 542 01e2 0B4B     		ldr	r3, .L21+32
 543 01e4 1A60     		str	r2, [r3]
 420:../../Common/Src/system_stm32h7xx_dualcore_boot_cm4_cm7.c **** #endif /* CORE_CM4 */
 421:../../Common/Src/system_stm32h7xx_dualcore_boot_cm4_cm7.c **** }
 544              		.loc 1 421 1 view .LVU185
 545 01e6 5DF8044B 		ldr	r4, [sp], #4
 546              	.LCFI1:
 547              		.cfi_remember_state
 548              		.cfi_restore 4
 549              		.cfi_def_cfa_offset 0
 550 01ea 7047     		bx	lr
 551              	.LVL32:
 552              	.L19:
 553              	.LCFI2:
 554              		.cfi_restore_state
 356:../../Common/Src/system_stm32h7xx_dualcore_boot_cm4_cm7.c ****     break;
 555              		.loc 1 356 25 view .LVU186
 556 01ec 094A     		ldr	r2, .L21+36
 557 01ee E7E7     		b	.L12
 558              	.L22:
 559              		.align	2
 560              	.L21:
 561 01f0 00440258 		.word	1476543488
 562 01f4 00093D00 		.word	4000000
 563 01f8 0090D003 		.word	64000000
 564 01fc 00000039 		.word	956301312
 565 0200 0024744A 		.word	1249125376
 566 0204 20BCBE4B 		.word	1270791200
 567 0208 00000000 		.word	D1CorePrescTable
 568 020c 00000000 		.word	SystemD2Clock
ARM GAS  C:\Users\minis\AppData\Local\Temp\ccVzqsTM.s 			page 19


 569 0210 00000000 		.word	SystemCoreClock
 570 0214 40787D01 		.word	25000000
 571              		.cfi_endproc
 572              	.LFE145:
 574              		.section	.text.ExitRun0Mode,"ax",%progbits
 575              		.align	1
 576              		.global	ExitRun0Mode
 577              		.syntax unified
 578              		.thumb
 579              		.thumb_func
 581              	ExitRun0Mode:
 582              	.LFB146:
 422:../../Common/Src/system_stm32h7xx_dualcore_boot_cm4_cm7.c **** 
 423:../../Common/Src/system_stm32h7xx_dualcore_boot_cm4_cm7.c **** /**
 424:../../Common/Src/system_stm32h7xx_dualcore_boot_cm4_cm7.c ****   * @brief  Exit Run* mode and Configure the system Power Supply
 425:../../Common/Src/system_stm32h7xx_dualcore_boot_cm4_cm7.c ****   *
 426:../../Common/Src/system_stm32h7xx_dualcore_boot_cm4_cm7.c ****   * @note   This function exits the Run* mode and configures the system power supply
 427:../../Common/Src/system_stm32h7xx_dualcore_boot_cm4_cm7.c ****   *         according to the definition to be used at compilation preprocessing level.
 428:../../Common/Src/system_stm32h7xx_dualcore_boot_cm4_cm7.c ****   *         The application shall set one of the following configuration option:
 429:../../Common/Src/system_stm32h7xx_dualcore_boot_cm4_cm7.c ****   *           - PWR_LDO_SUPPLY
 430:../../Common/Src/system_stm32h7xx_dualcore_boot_cm4_cm7.c ****   *           - PWR_DIRECT_SMPS_SUPPLY
 431:../../Common/Src/system_stm32h7xx_dualcore_boot_cm4_cm7.c ****   *           - PWR_EXTERNAL_SOURCE_SUPPLY
 432:../../Common/Src/system_stm32h7xx_dualcore_boot_cm4_cm7.c ****   *           - PWR_SMPS_1V8_SUPPLIES_LDO
 433:../../Common/Src/system_stm32h7xx_dualcore_boot_cm4_cm7.c ****   *           - PWR_SMPS_2V5_SUPPLIES_LDO
 434:../../Common/Src/system_stm32h7xx_dualcore_boot_cm4_cm7.c ****   *           - PWR_SMPS_1V8_SUPPLIES_EXT_AND_LDO
 435:../../Common/Src/system_stm32h7xx_dualcore_boot_cm4_cm7.c ****   *           - PWR_SMPS_2V5_SUPPLIES_EXT_AND_LDO
 436:../../Common/Src/system_stm32h7xx_dualcore_boot_cm4_cm7.c ****   *           - PWR_SMPS_1V8_SUPPLIES_EXT
 437:../../Common/Src/system_stm32h7xx_dualcore_boot_cm4_cm7.c ****   *           - PWR_SMPS_2V5_SUPPLIES_EXT
 438:../../Common/Src/system_stm32h7xx_dualcore_boot_cm4_cm7.c ****   *
 439:../../Common/Src/system_stm32h7xx_dualcore_boot_cm4_cm7.c ****   * @note   The function modifies the PWR->CR3 register to enable or disable specific
 440:../../Common/Src/system_stm32h7xx_dualcore_boot_cm4_cm7.c ****   *         power supply modes and waits until the voltage level flag is set, indicating
 441:../../Common/Src/system_stm32h7xx_dualcore_boot_cm4_cm7.c ****   *         that the power supply configuration is stable.
 442:../../Common/Src/system_stm32h7xx_dualcore_boot_cm4_cm7.c ****   *
 443:../../Common/Src/system_stm32h7xx_dualcore_boot_cm4_cm7.c ****   * @param  None
 444:../../Common/Src/system_stm32h7xx_dualcore_boot_cm4_cm7.c ****   * @retval None
 445:../../Common/Src/system_stm32h7xx_dualcore_boot_cm4_cm7.c ****   */
 446:../../Common/Src/system_stm32h7xx_dualcore_boot_cm4_cm7.c **** void ExitRun0Mode(void)
 447:../../Common/Src/system_stm32h7xx_dualcore_boot_cm4_cm7.c **** {
 583              		.loc 1 447 1 is_stmt 1 view -0
 584              		.cfi_startproc
 585              		@ args = 0, pretend = 0, frame = 0
 586              		@ frame_needed = 0, uses_anonymous_args = 0
 587              		@ link register save eliminated.
 448:../../Common/Src/system_stm32h7xx_dualcore_boot_cm4_cm7.c **** #if defined(USE_PWR_LDO_SUPPLY)
 449:../../Common/Src/system_stm32h7xx_dualcore_boot_cm4_cm7.c ****   #if defined(SMPS)
 450:../../Common/Src/system_stm32h7xx_dualcore_boot_cm4_cm7.c ****     /* Exit Run* mode by disabling SMPS and enabling LDO */
 451:../../Common/Src/system_stm32h7xx_dualcore_boot_cm4_cm7.c ****     PWR->CR3 = (PWR->CR3 & ~PWR_CR3_SMPSEN) | PWR_CR3_LDOEN;
 452:../../Common/Src/system_stm32h7xx_dualcore_boot_cm4_cm7.c ****   #else
 453:../../Common/Src/system_stm32h7xx_dualcore_boot_cm4_cm7.c ****     /* Enable LDO mode */
 454:../../Common/Src/system_stm32h7xx_dualcore_boot_cm4_cm7.c ****     PWR->CR3 |= PWR_CR3_LDOEN;
 455:../../Common/Src/system_stm32h7xx_dualcore_boot_cm4_cm7.c ****   #endif /* SMPS */
 456:../../Common/Src/system_stm32h7xx_dualcore_boot_cm4_cm7.c ****   /* Wait till voltage level flag is set */
 457:../../Common/Src/system_stm32h7xx_dualcore_boot_cm4_cm7.c ****   while ((PWR->CSR1 & PWR_CSR1_ACTVOSRDY) == 0U)
 458:../../Common/Src/system_stm32h7xx_dualcore_boot_cm4_cm7.c ****   {}
 459:../../Common/Src/system_stm32h7xx_dualcore_boot_cm4_cm7.c **** #elif defined(USE_PWR_EXTERNAL_SOURCE_SUPPLY)
 460:../../Common/Src/system_stm32h7xx_dualcore_boot_cm4_cm7.c ****   #if defined(SMPS)
 461:../../Common/Src/system_stm32h7xx_dualcore_boot_cm4_cm7.c ****     /* Exit Run* mode */
ARM GAS  C:\Users\minis\AppData\Local\Temp\ccVzqsTM.s 			page 20


 462:../../Common/Src/system_stm32h7xx_dualcore_boot_cm4_cm7.c ****     PWR->CR3 = (PWR->CR3 & ~(PWR_CR3_SMPSEN | PWR_CR3_LDOEN)) | PWR_CR3_BYPASS;
 463:../../Common/Src/system_stm32h7xx_dualcore_boot_cm4_cm7.c ****   #else
 464:../../Common/Src/system_stm32h7xx_dualcore_boot_cm4_cm7.c ****     PWR->CR3 = (PWR->CR3 & ~(PWR_CR3_LDOEN)) | PWR_CR3_BYPASS;
 465:../../Common/Src/system_stm32h7xx_dualcore_boot_cm4_cm7.c ****   #endif /* SMPS */
 466:../../Common/Src/system_stm32h7xx_dualcore_boot_cm4_cm7.c ****   /* Wait till voltage level flag is set */
 467:../../Common/Src/system_stm32h7xx_dualcore_boot_cm4_cm7.c ****   while ((PWR->CSR1 & PWR_CSR1_ACTVOSRDY) == 0U)
 468:../../Common/Src/system_stm32h7xx_dualcore_boot_cm4_cm7.c ****   {}
 469:../../Common/Src/system_stm32h7xx_dualcore_boot_cm4_cm7.c **** #elif defined(USE_PWR_DIRECT_SMPS_SUPPLY) && defined(SMPS)
 470:../../Common/Src/system_stm32h7xx_dualcore_boot_cm4_cm7.c ****   /* Exit Run* mode */
 471:../../Common/Src/system_stm32h7xx_dualcore_boot_cm4_cm7.c ****   PWR->CR3 &= ~(PWR_CR3_LDOEN);
 588              		.loc 1 471 3 view .LVU188
 589              		.loc 1 471 6 is_stmt 0 view .LVU189
 590 0000 054A     		ldr	r2, .L25
 591 0002 D368     		ldr	r3, [r2, #12]
 592              		.loc 1 471 12 view .LVU190
 593 0004 23F00203 		bic	r3, r3, #2
 594 0008 D360     		str	r3, [r2, #12]
 472:../../Common/Src/system_stm32h7xx_dualcore_boot_cm4_cm7.c ****   /* Wait till voltage level flag is set */
 473:../../Common/Src/system_stm32h7xx_dualcore_boot_cm4_cm7.c ****   while ((PWR->CSR1 & PWR_CSR1_ACTVOSRDY) == 0U)
 595              		.loc 1 473 3 is_stmt 1 view .LVU191
 596              	.L24:
 474:../../Common/Src/system_stm32h7xx_dualcore_boot_cm4_cm7.c ****   {}
 597              		.loc 1 474 4 view .LVU192
 473:../../Common/Src/system_stm32h7xx_dualcore_boot_cm4_cm7.c ****   {}
 598              		.loc 1 473 43 discriminator 1 view .LVU193
 473:../../Common/Src/system_stm32h7xx_dualcore_boot_cm4_cm7.c ****   {}
 599              		.loc 1 473 14 is_stmt 0 discriminator 1 view .LVU194
 600 000a 034B     		ldr	r3, .L25
 601 000c 5B68     		ldr	r3, [r3, #4]
 473:../../Common/Src/system_stm32h7xx_dualcore_boot_cm4_cm7.c ****   {}
 602              		.loc 1 473 43 discriminator 1 view .LVU195
 603 000e 13F4005F 		tst	r3, #8192
 604 0012 FAD0     		beq	.L24
 475:../../Common/Src/system_stm32h7xx_dualcore_boot_cm4_cm7.c **** #elif defined(USE_PWR_SMPS_1V8_SUPPLIES_LDO) && defined(SMPS)
 476:../../Common/Src/system_stm32h7xx_dualcore_boot_cm4_cm7.c ****   /* Exit Run* mode */
 477:../../Common/Src/system_stm32h7xx_dualcore_boot_cm4_cm7.c ****   PWR->CR3 |= PWR_CR3_SMPSLEVEL_0 | PWR_CR3_SMPSEN | PWR_CR3_LDOEN;
 478:../../Common/Src/system_stm32h7xx_dualcore_boot_cm4_cm7.c ****   /* Wait till voltage level flag is set */
 479:../../Common/Src/system_stm32h7xx_dualcore_boot_cm4_cm7.c ****   while ((PWR->CSR1 & PWR_CSR1_ACTVOSRDY) == 0U)
 480:../../Common/Src/system_stm32h7xx_dualcore_boot_cm4_cm7.c ****   {}
 481:../../Common/Src/system_stm32h7xx_dualcore_boot_cm4_cm7.c **** #elif defined(USE_PWR_SMPS_2V5_SUPPLIES_LDO) && defined(SMPS)
 482:../../Common/Src/system_stm32h7xx_dualcore_boot_cm4_cm7.c ****   /* Exit Run* mode */
 483:../../Common/Src/system_stm32h7xx_dualcore_boot_cm4_cm7.c ****   PWR->CR3 |= PWR_CR3_SMPSLEVEL_1 | PWR_CR3_SMPSEN | PWR_CR3_LDOEN;
 484:../../Common/Src/system_stm32h7xx_dualcore_boot_cm4_cm7.c ****   /* Wait till voltage level flag is set */
 485:../../Common/Src/system_stm32h7xx_dualcore_boot_cm4_cm7.c ****   while ((PWR->CSR1 & PWR_CSR1_ACTVOSRDY) == 0U)
 486:../../Common/Src/system_stm32h7xx_dualcore_boot_cm4_cm7.c ****   {}
 487:../../Common/Src/system_stm32h7xx_dualcore_boot_cm4_cm7.c **** #elif defined(USE_PWR_SMPS_1V8_SUPPLIES_EXT_AND_LDO) && defined(SMPS)
 488:../../Common/Src/system_stm32h7xx_dualcore_boot_cm4_cm7.c ****   /* Exit Run* mode */
 489:../../Common/Src/system_stm32h7xx_dualcore_boot_cm4_cm7.c ****   PWR->CR3 |= PWR_CR3_SMPSLEVEL_0 | PWR_CR3_SMPSEXTHP | PWR_CR3_SMPSEN | PWR_CR3_LDOEN;
 490:../../Common/Src/system_stm32h7xx_dualcore_boot_cm4_cm7.c ****   /* Wait till voltage level flag is set */
 491:../../Common/Src/system_stm32h7xx_dualcore_boot_cm4_cm7.c ****   while ((PWR->CSR1 & PWR_CSR1_ACTVOSRDY) == 0U)
 492:../../Common/Src/system_stm32h7xx_dualcore_boot_cm4_cm7.c ****   {}
 493:../../Common/Src/system_stm32h7xx_dualcore_boot_cm4_cm7.c **** #elif defined(USE_PWR_SMPS_2V5_SUPPLIES_EXT_AND_LDO) && defined(SMPS)
 494:../../Common/Src/system_stm32h7xx_dualcore_boot_cm4_cm7.c ****   /* Exit Run* mode */
 495:../../Common/Src/system_stm32h7xx_dualcore_boot_cm4_cm7.c ****   PWR->CR3 |= PWR_CR3_SMPSLEVEL_1 | PWR_CR3_SMPSEXTHP | PWR_CR3_SMPSEN | PWR_CR3_LDOEN;
 496:../../Common/Src/system_stm32h7xx_dualcore_boot_cm4_cm7.c ****   /* Wait till voltage level flag is set */
 497:../../Common/Src/system_stm32h7xx_dualcore_boot_cm4_cm7.c ****   while ((PWR->CSR1 & PWR_CSR1_ACTVOSRDY) == 0U)
 498:../../Common/Src/system_stm32h7xx_dualcore_boot_cm4_cm7.c ****   {}
ARM GAS  C:\Users\minis\AppData\Local\Temp\ccVzqsTM.s 			page 21


 499:../../Common/Src/system_stm32h7xx_dualcore_boot_cm4_cm7.c **** #elif defined(USE_PWR_SMPS_1V8_SUPPLIES_EXT) && defined(SMPS)
 500:../../Common/Src/system_stm32h7xx_dualcore_boot_cm4_cm7.c ****   /* Exit Run* mode */
 501:../../Common/Src/system_stm32h7xx_dualcore_boot_cm4_cm7.c ****   PWR->CR3 = (PWR->CR3 & ~(PWR_CR3_LDOEN)) | PWR_CR3_SMPSLEVEL_0 | PWR_CR3_SMPSEXTHP | PWR_CR3_SMPS
 502:../../Common/Src/system_stm32h7xx_dualcore_boot_cm4_cm7.c ****   /* Wait till voltage level flag is set */
 503:../../Common/Src/system_stm32h7xx_dualcore_boot_cm4_cm7.c ****   while ((PWR->CSR1 & PWR_CSR1_ACTVOSRDY) == 0U)
 504:../../Common/Src/system_stm32h7xx_dualcore_boot_cm4_cm7.c ****   {}
 505:../../Common/Src/system_stm32h7xx_dualcore_boot_cm4_cm7.c **** #elif defined(USE_PWR_SMPS_2V5_SUPPLIES_EXT) && defined(SMPS)
 506:../../Common/Src/system_stm32h7xx_dualcore_boot_cm4_cm7.c ****   /* Exit Run* mode */
 507:../../Common/Src/system_stm32h7xx_dualcore_boot_cm4_cm7.c ****   PWR->CR3 = (PWR->CR3 & ~(PWR_CR3_LDOEN)) | PWR_CR3_SMPSLEVEL_1 | PWR_CR3_SMPSEXTHP | PWR_CR3_SMPS
 508:../../Common/Src/system_stm32h7xx_dualcore_boot_cm4_cm7.c ****   /* Wait till voltage level flag is set */
 509:../../Common/Src/system_stm32h7xx_dualcore_boot_cm4_cm7.c ****   while ((PWR->CSR1 & PWR_CSR1_ACTVOSRDY) == 0U)
 510:../../Common/Src/system_stm32h7xx_dualcore_boot_cm4_cm7.c ****   {}
 511:../../Common/Src/system_stm32h7xx_dualcore_boot_cm4_cm7.c **** #else
 512:../../Common/Src/system_stm32h7xx_dualcore_boot_cm4_cm7.c ****   /* No system power supply configuration is selected at exit Run* mode */
 513:../../Common/Src/system_stm32h7xx_dualcore_boot_cm4_cm7.c **** #endif /* USE_PWR_LDO_SUPPLY */
 514:../../Common/Src/system_stm32h7xx_dualcore_boot_cm4_cm7.c **** }
 605              		.loc 1 514 1 view .LVU196
 606 0014 7047     		bx	lr
 607              	.L26:
 608 0016 00BF     		.align	2
 609              	.L25:
 610 0018 00480258 		.word	1476544512
 611              		.cfi_endproc
 612              	.LFE146:
 614              		.global	D1CorePrescTable
 615              		.section	.rodata.D1CorePrescTable,"a"
 616              		.align	2
 619              	D1CorePrescTable:
 620 0000 00000000 		.ascii	"\000\000\000\000\001\002\003\004\001\002\003\004\006"
 620      01020304 
 620      01020304 
 620      06
 621 000d 070809   		.ascii	"\007\010\011"
 622              		.global	SystemD2Clock
 623              		.section	.data.SystemD2Clock,"aw"
 624              		.align	2
 627              	SystemD2Clock:
 628 0000 0090D003 		.word	64000000
 629              		.global	SystemCoreClock
 630              		.section	.data.SystemCoreClock,"aw"
 631              		.align	2
 634              	SystemCoreClock:
 635 0000 0090D003 		.word	64000000
 636              		.text
 637              	.Letext0:
 638              		.file 2 "C:/Program Files (x86)/Arm GNU Toolchain arm-none-eabi/14.3 rel1/arm-none-eabi/include/ma
 639              		.file 3 "C:/Program Files (x86)/Arm GNU Toolchain arm-none-eabi/14.3 rel1/arm-none-eabi/include/sy
 640              		.file 4 "../../Drivers/CMSIS/Include/core_cm7.h"
 641              		.file 5 "../../Drivers/CMSIS/Device/ST/STM32H7xx/Include/system_stm32h7xx.h"
 642              		.file 6 "../../Drivers/CMSIS/Device/ST/STM32H7xx/Include/stm32h755xx.h"
 643              		.file 7 "C:/Program Files (x86)/Arm GNU Toolchain arm-none-eabi/14.3 rel1/arm-none-eabi/include/ma
ARM GAS  C:\Users\minis\AppData\Local\Temp\ccVzqsTM.s 			page 22


DEFINED SYMBOLS
                            *ABS*:00000000 system_stm32h7xx_dualcore_boot_cm4_cm7.c
C:\Users\minis\AppData\Local\Temp\ccVzqsTM.s:19     .text.SystemInit:00000000 $t
C:\Users\minis\AppData\Local\Temp\ccVzqsTM.s:25     .text.SystemInit:00000000 SystemInit
C:\Users\minis\AppData\Local\Temp\ccVzqsTM.s:193    .text.SystemInit:000000e8 $d
C:\Users\minis\AppData\Local\Temp\ccVzqsTM.s:207    .text.SystemCoreClockUpdate:00000000 $t
C:\Users\minis\AppData\Local\Temp\ccVzqsTM.s:213    .text.SystemCoreClockUpdate:00000000 SystemCoreClockUpdate
C:\Users\minis\AppData\Local\Temp\ccVzqsTM.s:238    .text.SystemCoreClockUpdate:00000014 $d
C:\Users\minis\AppData\Local\Temp\ccVzqsTM.s:263    .text.SystemCoreClockUpdate:00000046 $t
C:\Users\minis\AppData\Local\Temp\ccVzqsTM.s:561    .text.SystemCoreClockUpdate:000001f0 $d
C:\Users\minis\AppData\Local\Temp\ccVzqsTM.s:619    .rodata.D1CorePrescTable:00000000 D1CorePrescTable
C:\Users\minis\AppData\Local\Temp\ccVzqsTM.s:627    .data.SystemD2Clock:00000000 SystemD2Clock
C:\Users\minis\AppData\Local\Temp\ccVzqsTM.s:634    .data.SystemCoreClock:00000000 SystemCoreClock
C:\Users\minis\AppData\Local\Temp\ccVzqsTM.s:575    .text.ExitRun0Mode:00000000 $t
C:\Users\minis\AppData\Local\Temp\ccVzqsTM.s:581    .text.ExitRun0Mode:00000000 ExitRun0Mode
C:\Users\minis\AppData\Local\Temp\ccVzqsTM.s:610    .text.ExitRun0Mode:00000018 $d
C:\Users\minis\AppData\Local\Temp\ccVzqsTM.s:616    .rodata.D1CorePrescTable:00000000 $d
C:\Users\minis\AppData\Local\Temp\ccVzqsTM.s:624    .data.SystemD2Clock:00000000 $d
C:\Users\minis\AppData\Local\Temp\ccVzqsTM.s:631    .data.SystemCoreClock:00000000 $d

NO UNDEFINED SYMBOLS
