ARM GAS  C:\Users\minis\AppData\Local\Temp\ccdfXcGh.s 			page 1


   1              		.cpu cortex-m4
   2              		.arch armv7e-m
   3              		.fpu softvfp
   4              		.eabi_attribute 20, 1
   5              		.eabi_attribute 21, 1
   6              		.eabi_attribute 23, 3
   7              		.eabi_attribute 24, 1
   8              		.eabi_attribute 25, 1
   9              		.eabi_attribute 26, 1
  10              		.eabi_attribute 30, 1
  11              		.eabi_attribute 34, 1
  12              		.eabi_attribute 18, 4
  13              		.file	"stm32h7xx_nucleo.c"
  14              		.text
  15              	.Ltext0:
  16              		.cfi_sections	.debug_frame
  17              		.file 1 "../../Drivers/BSP/STM32H7xx_Nucleo/stm32h7xx_nucleo.c"
  18              		.section	.text.BSP_GetVersion,"ax",%progbits
  19              		.align	1
  20              		.global	BSP_GetVersion
  21              		.syntax unified
  22              		.thumb
  23              		.thumb_func
  25              	BSP_GetVersion:
  26              	.LFB132:
   1:../../Drivers/BSP/STM32H7xx_Nucleo/stm32h7xx_nucleo.c **** /**
   2:../../Drivers/BSP/STM32H7xx_Nucleo/stm32h7xx_nucleo.c ****   ******************************************************************************
   3:../../Drivers/BSP/STM32H7xx_Nucleo/stm32h7xx_nucleo.c ****   * @file    stm32h7xx_nucleo.c
   4:../../Drivers/BSP/STM32H7xx_Nucleo/stm32h7xx_nucleo.c ****   * @author  MCD Application Team
   5:../../Drivers/BSP/STM32H7xx_Nucleo/stm32h7xx_nucleo.c ****   * @brief   This file provides set of firmware functions to manage:
   6:../../Drivers/BSP/STM32H7xx_Nucleo/stm32h7xx_nucleo.c ****   *          - LEDs and push-button available on STM32H7xx-Nucleo Kit
   7:../../Drivers/BSP/STM32H7xx_Nucleo/stm32h7xx_nucleo.c ****   *            from STMicroelectronics
   8:../../Drivers/BSP/STM32H7xx_Nucleo/stm32h7xx_nucleo.c ****   ******************************************************************************
   9:../../Drivers/BSP/STM32H7xx_Nucleo/stm32h7xx_nucleo.c ****   * @attention
  10:../../Drivers/BSP/STM32H7xx_Nucleo/stm32h7xx_nucleo.c ****   *
  11:../../Drivers/BSP/STM32H7xx_Nucleo/stm32h7xx_nucleo.c ****   * Copyright (c) 2018 STMicroelectronics.
  12:../../Drivers/BSP/STM32H7xx_Nucleo/stm32h7xx_nucleo.c ****   * All rights reserved.
  13:../../Drivers/BSP/STM32H7xx_Nucleo/stm32h7xx_nucleo.c ****   *
  14:../../Drivers/BSP/STM32H7xx_Nucleo/stm32h7xx_nucleo.c ****   * This software is licensed under terms that can be found in the LICENSE file
  15:../../Drivers/BSP/STM32H7xx_Nucleo/stm32h7xx_nucleo.c ****   * in the root directory of this software component.
  16:../../Drivers/BSP/STM32H7xx_Nucleo/stm32h7xx_nucleo.c ****   * If no LICENSE file comes with this software, it is provided AS-IS.
  17:../../Drivers/BSP/STM32H7xx_Nucleo/stm32h7xx_nucleo.c ****   *
  18:../../Drivers/BSP/STM32H7xx_Nucleo/stm32h7xx_nucleo.c ****   ******************************************************************************
  19:../../Drivers/BSP/STM32H7xx_Nucleo/stm32h7xx_nucleo.c ****   */
  20:../../Drivers/BSP/STM32H7xx_Nucleo/stm32h7xx_nucleo.c **** 
  21:../../Drivers/BSP/STM32H7xx_Nucleo/stm32h7xx_nucleo.c **** /* Includes ------------------------------------------------------------------*/
  22:../../Drivers/BSP/STM32H7xx_Nucleo/stm32h7xx_nucleo.c **** #include "stm32h7xx_nucleo.h"
  23:../../Drivers/BSP/STM32H7xx_Nucleo/stm32h7xx_nucleo.c **** 
  24:../../Drivers/BSP/STM32H7xx_Nucleo/stm32h7xx_nucleo.c **** /** @addtogroup BSP
  25:../../Drivers/BSP/STM32H7xx_Nucleo/stm32h7xx_nucleo.c ****   * @{
  26:../../Drivers/BSP/STM32H7xx_Nucleo/stm32h7xx_nucleo.c ****   */
  27:../../Drivers/BSP/STM32H7xx_Nucleo/stm32h7xx_nucleo.c **** 
  28:../../Drivers/BSP/STM32H7xx_Nucleo/stm32h7xx_nucleo.c **** /** @addtogroup STM32H7XX_NUCLEO
  29:../../Drivers/BSP/STM32H7xx_Nucleo/stm32h7xx_nucleo.c ****   * @{
  30:../../Drivers/BSP/STM32H7xx_Nucleo/stm32h7xx_nucleo.c ****   */
  31:../../Drivers/BSP/STM32H7xx_Nucleo/stm32h7xx_nucleo.c **** 
  32:../../Drivers/BSP/STM32H7xx_Nucleo/stm32h7xx_nucleo.c **** /** @addtogroup STM32H7XX_NUCLEO_LOW_LEVEL
ARM GAS  C:\Users\minis\AppData\Local\Temp\ccdfXcGh.s 			page 2


  33:../../Drivers/BSP/STM32H7xx_Nucleo/stm32h7xx_nucleo.c ****   * @brief This file provides set of firmware functions to manage Leds and push-button
  34:../../Drivers/BSP/STM32H7xx_Nucleo/stm32h7xx_nucleo.c ****   *        available on STM32H7xx-Nucleo Kit from STMicroelectronics.
  35:../../Drivers/BSP/STM32H7xx_Nucleo/stm32h7xx_nucleo.c ****   * @{
  36:../../Drivers/BSP/STM32H7xx_Nucleo/stm32h7xx_nucleo.c ****   */
  37:../../Drivers/BSP/STM32H7xx_Nucleo/stm32h7xx_nucleo.c **** 
  38:../../Drivers/BSP/STM32H7xx_Nucleo/stm32h7xx_nucleo.c **** /** @defgroup STM32H7XX_NUCLEO_LOW_LEVEL_Private_Defines LOW LEVEL Private Defines
  39:../../Drivers/BSP/STM32H7xx_Nucleo/stm32h7xx_nucleo.c ****   * @{
  40:../../Drivers/BSP/STM32H7xx_Nucleo/stm32h7xx_nucleo.c ****   */
  41:../../Drivers/BSP/STM32H7xx_Nucleo/stm32h7xx_nucleo.c **** 
  42:../../Drivers/BSP/STM32H7xx_Nucleo/stm32h7xx_nucleo.c **** /**
  43:../../Drivers/BSP/STM32H7xx_Nucleo/stm32h7xx_nucleo.c ****   * @}
  44:../../Drivers/BSP/STM32H7xx_Nucleo/stm32h7xx_nucleo.c ****   */
  45:../../Drivers/BSP/STM32H7xx_Nucleo/stm32h7xx_nucleo.c **** 
  46:../../Drivers/BSP/STM32H7xx_Nucleo/stm32h7xx_nucleo.c **** /** @defgroup STM32H7XX_NUCLEO_LOW_LEVEL_Private_TypesDefinitions LOW LEVEL Private Typedef
  47:../../Drivers/BSP/STM32H7xx_Nucleo/stm32h7xx_nucleo.c ****   * @{
  48:../../Drivers/BSP/STM32H7xx_Nucleo/stm32h7xx_nucleo.c ****   */
  49:../../Drivers/BSP/STM32H7xx_Nucleo/stm32h7xx_nucleo.c **** typedef void (* BSP_EXTI_LineCallback) (void);
  50:../../Drivers/BSP/STM32H7xx_Nucleo/stm32h7xx_nucleo.c **** /**
  51:../../Drivers/BSP/STM32H7xx_Nucleo/stm32h7xx_nucleo.c ****   * @}
  52:../../Drivers/BSP/STM32H7xx_Nucleo/stm32h7xx_nucleo.c ****   */
  53:../../Drivers/BSP/STM32H7xx_Nucleo/stm32h7xx_nucleo.c **** 
  54:../../Drivers/BSP/STM32H7xx_Nucleo/stm32h7xx_nucleo.c **** /** @defgroup STM32H7XX_NUCLEO_LOW_LEVEL_Exported_Variables LOW LEVEL Exported Variables
  55:../../Drivers/BSP/STM32H7xx_Nucleo/stm32h7xx_nucleo.c ****   * @{
  56:../../Drivers/BSP/STM32H7xx_Nucleo/stm32h7xx_nucleo.c ****   */
  57:../../Drivers/BSP/STM32H7xx_Nucleo/stm32h7xx_nucleo.c **** EXTI_HandleTypeDef hpb_exti[BUTTONn];
  58:../../Drivers/BSP/STM32H7xx_Nucleo/stm32h7xx_nucleo.c **** #if (USE_BSP_COM_FEATURE > 0)
  59:../../Drivers/BSP/STM32H7xx_Nucleo/stm32h7xx_nucleo.c **** UART_HandleTypeDef hcom_uart[COMn];
  60:../../Drivers/BSP/STM32H7xx_Nucleo/stm32h7xx_nucleo.c **** USART_TypeDef* COM_USART[COMn]   = {COM1_UART};
  61:../../Drivers/BSP/STM32H7xx_Nucleo/stm32h7xx_nucleo.c **** #endif
  62:../../Drivers/BSP/STM32H7xx_Nucleo/stm32h7xx_nucleo.c **** /**
  63:../../Drivers/BSP/STM32H7xx_Nucleo/stm32h7xx_nucleo.c ****   * @}
  64:../../Drivers/BSP/STM32H7xx_Nucleo/stm32h7xx_nucleo.c ****   */
  65:../../Drivers/BSP/STM32H7xx_Nucleo/stm32h7xx_nucleo.c **** /** @defgroup STM32H7XX_NUCLEO_LOW_LEVEL_Private_Variables LOW LEVEL Private Variables
  66:../../Drivers/BSP/STM32H7xx_Nucleo/stm32h7xx_nucleo.c ****   * @{
  67:../../Drivers/BSP/STM32H7xx_Nucleo/stm32h7xx_nucleo.c ****   */
  68:../../Drivers/BSP/STM32H7xx_Nucleo/stm32h7xx_nucleo.c **** static GPIO_TypeDef* LED_PORT[LEDn] = {LED1_GPIO_PORT,
  69:../../Drivers/BSP/STM32H7xx_Nucleo/stm32h7xx_nucleo.c ****                                        LED2_GPIO_PORT,
  70:../../Drivers/BSP/STM32H7xx_Nucleo/stm32h7xx_nucleo.c ****                                        LED3_GPIO_PORT};
  71:../../Drivers/BSP/STM32H7xx_Nucleo/stm32h7xx_nucleo.c **** 
  72:../../Drivers/BSP/STM32H7xx_Nucleo/stm32h7xx_nucleo.c **** static const uint16_t LED_PIN[LEDn] = {LED1_PIN,
  73:../../Drivers/BSP/STM32H7xx_Nucleo/stm32h7xx_nucleo.c ****                                        LED2_PIN,
  74:../../Drivers/BSP/STM32H7xx_Nucleo/stm32h7xx_nucleo.c ****                                        LED3_PIN};
  75:../../Drivers/BSP/STM32H7xx_Nucleo/stm32h7xx_nucleo.c **** 
  76:../../Drivers/BSP/STM32H7xx_Nucleo/stm32h7xx_nucleo.c **** static GPIO_TypeDef* BUTTON_PORT[BUTTONn] = {BUTTON_USER_GPIO_PORT};
  77:../../Drivers/BSP/STM32H7xx_Nucleo/stm32h7xx_nucleo.c **** static const uint16_t BUTTON_PIN[BUTTONn] = {BUTTON_USER_PIN};
  78:../../Drivers/BSP/STM32H7xx_Nucleo/stm32h7xx_nucleo.c **** static const IRQn_Type BUTTON_IRQn[BUTTONn] = {BUTTON_USER_EXTI_IRQn};
  79:../../Drivers/BSP/STM32H7xx_Nucleo/stm32h7xx_nucleo.c **** 
  80:../../Drivers/BSP/STM32H7xx_Nucleo/stm32h7xx_nucleo.c **** 
  81:../../Drivers/BSP/STM32H7xx_Nucleo/stm32h7xx_nucleo.c **** 
  82:../../Drivers/BSP/STM32H7xx_Nucleo/stm32h7xx_nucleo.c **** #if (USE_BSP_COM_FEATURE > 0)
  83:../../Drivers/BSP/STM32H7xx_Nucleo/stm32h7xx_nucleo.c ****   #if (USE_COM_LOG > 0)
  84:../../Drivers/BSP/STM32H7xx_Nucleo/stm32h7xx_nucleo.c ****      static COM_TypeDef COM_ActiveLogPort = COM1;
  85:../../Drivers/BSP/STM32H7xx_Nucleo/stm32h7xx_nucleo.c ****   #endif
  86:../../Drivers/BSP/STM32H7xx_Nucleo/stm32h7xx_nucleo.c ****   #if (USE_HAL_UART_REGISTER_CALLBACKS == 1)
  87:../../Drivers/BSP/STM32H7xx_Nucleo/stm32h7xx_nucleo.c ****      static uint32_t IsComMspCbValid[COMn] = {0};
  88:../../Drivers/BSP/STM32H7xx_Nucleo/stm32h7xx_nucleo.c ****   #endif
  89:../../Drivers/BSP/STM32H7xx_Nucleo/stm32h7xx_nucleo.c **** #endif
ARM GAS  C:\Users\minis\AppData\Local\Temp\ccdfXcGh.s 			page 3


  90:../../Drivers/BSP/STM32H7xx_Nucleo/stm32h7xx_nucleo.c **** 
  91:../../Drivers/BSP/STM32H7xx_Nucleo/stm32h7xx_nucleo.c **** /**
  92:../../Drivers/BSP/STM32H7xx_Nucleo/stm32h7xx_nucleo.c ****   * @}
  93:../../Drivers/BSP/STM32H7xx_Nucleo/stm32h7xx_nucleo.c ****   */
  94:../../Drivers/BSP/STM32H7xx_Nucleo/stm32h7xx_nucleo.c **** 
  95:../../Drivers/BSP/STM32H7xx_Nucleo/stm32h7xx_nucleo.c **** /** @defgroup STM32H7XX_NUCLEO_LOW_LEVEL_Private_FunctionPrototypes LOW LEVEL Private functions Pro
  96:../../Drivers/BSP/STM32H7xx_Nucleo/stm32h7xx_nucleo.c ****   * @{
  97:../../Drivers/BSP/STM32H7xx_Nucleo/stm32h7xx_nucleo.c ****   */
  98:../../Drivers/BSP/STM32H7xx_Nucleo/stm32h7xx_nucleo.c **** static void BUTTON_USER_EXTI_Callback(void);
  99:../../Drivers/BSP/STM32H7xx_Nucleo/stm32h7xx_nucleo.c **** #if (USE_BSP_COM_FEATURE > 0)
 100:../../Drivers/BSP/STM32H7xx_Nucleo/stm32h7xx_nucleo.c **** static void COM1_MspInit(UART_HandleTypeDef *huart);
 101:../../Drivers/BSP/STM32H7xx_Nucleo/stm32h7xx_nucleo.c **** static void COM1_MspDeInit(UART_HandleTypeDef *huart);
 102:../../Drivers/BSP/STM32H7xx_Nucleo/stm32h7xx_nucleo.c **** #endif
 103:../../Drivers/BSP/STM32H7xx_Nucleo/stm32h7xx_nucleo.c **** /**
 104:../../Drivers/BSP/STM32H7xx_Nucleo/stm32h7xx_nucleo.c ****   * @}
 105:../../Drivers/BSP/STM32H7xx_Nucleo/stm32h7xx_nucleo.c ****   */
 106:../../Drivers/BSP/STM32H7xx_Nucleo/stm32h7xx_nucleo.c **** 
 107:../../Drivers/BSP/STM32H7xx_Nucleo/stm32h7xx_nucleo.c **** /** @defgroup STM32H7XX_NUCLEO_LOW_LEVEL_Exported_Functions LOW LEVEL Exported Functions
 108:../../Drivers/BSP/STM32H7xx_Nucleo/stm32h7xx_nucleo.c ****   * @{
 109:../../Drivers/BSP/STM32H7xx_Nucleo/stm32h7xx_nucleo.c ****   */
 110:../../Drivers/BSP/STM32H7xx_Nucleo/stm32h7xx_nucleo.c **** 
 111:../../Drivers/BSP/STM32H7xx_Nucleo/stm32h7xx_nucleo.c **** /**
 112:../../Drivers/BSP/STM32H7xx_Nucleo/stm32h7xx_nucleo.c ****   * @brief  This method returns the STM32H7XX NUCLEO BSP Driver revision
 113:../../Drivers/BSP/STM32H7xx_Nucleo/stm32h7xx_nucleo.c ****   * @retval version: 0xXYZR (8bits for each decimal, R for RC)
 114:../../Drivers/BSP/STM32H7xx_Nucleo/stm32h7xx_nucleo.c ****   */
 115:../../Drivers/BSP/STM32H7xx_Nucleo/stm32h7xx_nucleo.c **** int32_t BSP_GetVersion(void)
 116:../../Drivers/BSP/STM32H7xx_Nucleo/stm32h7xx_nucleo.c **** {
  27              		.loc 1 116 1 view -0
  28              		.cfi_startproc
  29              		@ args = 0, pretend = 0, frame = 0
  30              		@ frame_needed = 0, uses_anonymous_args = 0
  31              		@ link register save eliminated.
 117:../../Drivers/BSP/STM32H7xx_Nucleo/stm32h7xx_nucleo.c ****   return (int32_t)STM32H7XX_NUCLEO_BSP_VERSION;
  32              		.loc 1 117 3 view .LVU1
 118:../../Drivers/BSP/STM32H7xx_Nucleo/stm32h7xx_nucleo.c **** }
  33              		.loc 1 118 1 is_stmt 0 view .LVU2
  34 0000 0048     		ldr	r0, .L2
  35 0002 7047     		bx	lr
  36              	.L3:
  37              		.align	2
  38              	.L2:
  39 0004 00030301 		.word	16974592
  40              		.cfi_endproc
  41              	.LFE132:
  43              		.section	.text.BSP_LED_Init,"ax",%progbits
  44              		.align	1
  45              		.global	BSP_LED_Init
  46              		.syntax unified
  47              		.thumb
  48              		.thumb_func
  50              	BSP_LED_Init:
  51              	.LVL0:
  52              	.LFB133:
 119:../../Drivers/BSP/STM32H7xx_Nucleo/stm32h7xx_nucleo.c **** 
 120:../../Drivers/BSP/STM32H7xx_Nucleo/stm32h7xx_nucleo.c **** /**
 121:../../Drivers/BSP/STM32H7xx_Nucleo/stm32h7xx_nucleo.c ****   * @brief  Configures LED GPIO.
 122:../../Drivers/BSP/STM32H7xx_Nucleo/stm32h7xx_nucleo.c ****   * @param  Led Specifies the Led to be configured.
ARM GAS  C:\Users\minis\AppData\Local\Temp\ccdfXcGh.s 			page 4


 123:../../Drivers/BSP/STM32H7xx_Nucleo/stm32h7xx_nucleo.c ****   *   This parameter can be one of following parameters:
 124:../../Drivers/BSP/STM32H7xx_Nucleo/stm32h7xx_nucleo.c ****   *     @arg  LED1
 125:../../Drivers/BSP/STM32H7xx_Nucleo/stm32h7xx_nucleo.c ****   *     @arg  LED2
 126:../../Drivers/BSP/STM32H7xx_Nucleo/stm32h7xx_nucleo.c ****   *     @arg  LED3
 127:../../Drivers/BSP/STM32H7xx_Nucleo/stm32h7xx_nucleo.c ****   * @retval BSP status
 128:../../Drivers/BSP/STM32H7xx_Nucleo/stm32h7xx_nucleo.c ****   */
 129:../../Drivers/BSP/STM32H7xx_Nucleo/stm32h7xx_nucleo.c **** int32_t BSP_LED_Init(Led_TypeDef Led)
 130:../../Drivers/BSP/STM32H7xx_Nucleo/stm32h7xx_nucleo.c **** {
  53              		.loc 1 130 1 is_stmt 1 view -0
  54              		.cfi_startproc
  55              		@ args = 0, pretend = 0, frame = 32
  56              		@ frame_needed = 0, uses_anonymous_args = 0
 131:../../Drivers/BSP/STM32H7xx_Nucleo/stm32h7xx_nucleo.c ****   int32_t ret = BSP_ERROR_NONE;
  57              		.loc 1 131 3 view .LVU4
 132:../../Drivers/BSP/STM32H7xx_Nucleo/stm32h7xx_nucleo.c ****   GPIO_InitTypeDef  gpio_init_structure;
  58              		.loc 1 132 3 view .LVU5
 133:../../Drivers/BSP/STM32H7xx_Nucleo/stm32h7xx_nucleo.c **** 
 134:../../Drivers/BSP/STM32H7xx_Nucleo/stm32h7xx_nucleo.c ****   if((Led != LED1) && (Led != LED2) && (Led != LED3))
  59              		.loc 1 134 3 view .LVU6
  60              		.loc 1 134 5 is_stmt 0 view .LVU7
  61 0000 0228     		cmp	r0, #2
  62 0002 46D8     		bhi	.L9
 130:../../Drivers/BSP/STM32H7xx_Nucleo/stm32h7xx_nucleo.c ****   int32_t ret = BSP_ERROR_NONE;
  63              		.loc 1 130 1 view .LVU8
  64 0004 70B5     		push	{r4, r5, r6, lr}
  65              	.LCFI0:
  66              		.cfi_def_cfa_offset 16
  67              		.cfi_offset 4, -16
  68              		.cfi_offset 5, -12
  69              		.cfi_offset 6, -8
  70              		.cfi_offset 14, -4
  71 0006 88B0     		sub	sp, sp, #32
  72              	.LCFI1:
  73              		.cfi_def_cfa_offset 48
 135:../../Drivers/BSP/STM32H7xx_Nucleo/stm32h7xx_nucleo.c ****   {
 136:../../Drivers/BSP/STM32H7xx_Nucleo/stm32h7xx_nucleo.c ****     ret = BSP_ERROR_WRONG_PARAM;
 137:../../Drivers/BSP/STM32H7xx_Nucleo/stm32h7xx_nucleo.c ****   }
 138:../../Drivers/BSP/STM32H7xx_Nucleo/stm32h7xx_nucleo.c ****   else
 139:../../Drivers/BSP/STM32H7xx_Nucleo/stm32h7xx_nucleo.c ****   {
 140:../../Drivers/BSP/STM32H7xx_Nucleo/stm32h7xx_nucleo.c ****     /* Enable the GPIO LED Clock */
 141:../../Drivers/BSP/STM32H7xx_Nucleo/stm32h7xx_nucleo.c ****     if(Led == LED1)
  74              		.loc 1 141 5 is_stmt 1 view .LVU9
  75              		.loc 1 141 7 is_stmt 0 view .LVU10
  76 0008 28BB     		cbnz	r0, .L6
 142:../../Drivers/BSP/STM32H7xx_Nucleo/stm32h7xx_nucleo.c ****     {
 143:../../Drivers/BSP/STM32H7xx_Nucleo/stm32h7xx_nucleo.c ****       LED1_GPIO_CLK_ENABLE();
  77              		.loc 1 143 7 is_stmt 1 view .LVU11
  78              	.LBB2:
  79              		.loc 1 143 7 view .LVU12
  80              		.loc 1 143 7 view .LVU13
  81 000a 234B     		ldr	r3, .L15
  82 000c D3F8E020 		ldr	r2, [r3, #224]
  83 0010 42F00202 		orr	r2, r2, #2
  84 0014 C3F8E020 		str	r2, [r3, #224]
  85              		.loc 1 143 7 view .LVU14
  86 0018 D3F8E030 		ldr	r3, [r3, #224]
  87 001c 03F00203 		and	r3, r3, #2
ARM GAS  C:\Users\minis\AppData\Local\Temp\ccdfXcGh.s 			page 5


  88 0020 0093     		str	r3, [sp]
  89              		.loc 1 143 7 view .LVU15
  90 0022 009B     		ldr	r3, [sp]
  91              	.LBE2:
  92              		.loc 1 143 7 view .LVU16
  93              	.L7:
 144:../../Drivers/BSP/STM32H7xx_Nucleo/stm32h7xx_nucleo.c ****     }
 145:../../Drivers/BSP/STM32H7xx_Nucleo/stm32h7xx_nucleo.c ****     else if(Led == LED2)
 146:../../Drivers/BSP/STM32H7xx_Nucleo/stm32h7xx_nucleo.c ****     {
 147:../../Drivers/BSP/STM32H7xx_Nucleo/stm32h7xx_nucleo.c ****       LED2_GPIO_CLK_ENABLE();
 148:../../Drivers/BSP/STM32H7xx_Nucleo/stm32h7xx_nucleo.c ****     }
 149:../../Drivers/BSP/STM32H7xx_Nucleo/stm32h7xx_nucleo.c ****     else
 150:../../Drivers/BSP/STM32H7xx_Nucleo/stm32h7xx_nucleo.c ****     {
 151:../../Drivers/BSP/STM32H7xx_Nucleo/stm32h7xx_nucleo.c ****       LED3_GPIO_CLK_ENABLE();
  94              		.loc 1 151 7 view .LVU17
 152:../../Drivers/BSP/STM32H7xx_Nucleo/stm32h7xx_nucleo.c ****     }
 153:../../Drivers/BSP/STM32H7xx_Nucleo/stm32h7xx_nucleo.c ****     /* Configure the GPIO_LED pin */
 154:../../Drivers/BSP/STM32H7xx_Nucleo/stm32h7xx_nucleo.c ****     gpio_init_structure.Pin   = LED_PIN[Led];
  95              		.loc 1 154 5 view .LVU18
  96              		.loc 1 154 40 is_stmt 0 view .LVU19
  97 0024 1D4B     		ldr	r3, .L15+4
  98 0026 33F81060 		ldrh	r6, [r3, r0, lsl #1]
  99              		.loc 1 154 31 view .LVU20
 100 002a 0396     		str	r6, [sp, #12]
 155:../../Drivers/BSP/STM32H7xx_Nucleo/stm32h7xx_nucleo.c ****     gpio_init_structure.Mode  = GPIO_MODE_OUTPUT_PP;
 101              		.loc 1 155 5 is_stmt 1 view .LVU21
 102              		.loc 1 155 31 is_stmt 0 view .LVU22
 103 002c 0123     		movs	r3, #1
 104 002e 0493     		str	r3, [sp, #16]
 156:../../Drivers/BSP/STM32H7xx_Nucleo/stm32h7xx_nucleo.c ****     gpio_init_structure.Pull  = GPIO_NOPULL;
 105              		.loc 1 156 5 is_stmt 1 view .LVU23
 106              		.loc 1 156 31 is_stmt 0 view .LVU24
 107 0030 0024     		movs	r4, #0
 108 0032 0594     		str	r4, [sp, #20]
 157:../../Drivers/BSP/STM32H7xx_Nucleo/stm32h7xx_nucleo.c ****     gpio_init_structure.Speed = GPIO_SPEED_FREQ_VERY_HIGH;
 109              		.loc 1 157 5 is_stmt 1 view .LVU25
 110              		.loc 1 157 31 is_stmt 0 view .LVU26
 111 0034 0323     		movs	r3, #3
 112 0036 0693     		str	r3, [sp, #24]
 158:../../Drivers/BSP/STM32H7xx_Nucleo/stm32h7xx_nucleo.c **** 
 159:../../Drivers/BSP/STM32H7xx_Nucleo/stm32h7xx_nucleo.c ****     HAL_GPIO_Init(LED_PORT[Led], &gpio_init_structure);
 113              		.loc 1 159 5 is_stmt 1 view .LVU27
 114 0038 194B     		ldr	r3, .L15+8
 115 003a 53F82050 		ldr	r5, [r3, r0, lsl #2]
 116 003e 03A9     		add	r1, sp, #12
 117 0040 2846     		mov	r0, r5
 118              	.LVL1:
 119              		.loc 1 159 5 is_stmt 0 view .LVU28
 120 0042 FFF7FEFF 		bl	HAL_GPIO_Init
 121              	.LVL2:
 160:../../Drivers/BSP/STM32H7xx_Nucleo/stm32h7xx_nucleo.c ****     HAL_GPIO_WritePin(LED_PORT[Led], LED_PIN[Led], GPIO_PIN_RESET);
 122              		.loc 1 160 5 is_stmt 1 view .LVU29
 123 0046 2246     		mov	r2, r4
 124 0048 3146     		mov	r1, r6
 125 004a 2846     		mov	r0, r5
 126 004c FFF7FEFF 		bl	HAL_GPIO_WritePin
 127              	.LVL3:
ARM GAS  C:\Users\minis\AppData\Local\Temp\ccdfXcGh.s 			page 6


 131:../../Drivers/BSP/STM32H7xx_Nucleo/stm32h7xx_nucleo.c ****   GPIO_InitTypeDef  gpio_init_structure;
 128              		.loc 1 131 11 is_stmt 0 view .LVU30
 129 0050 2046     		mov	r0, r4
 161:../../Drivers/BSP/STM32H7xx_Nucleo/stm32h7xx_nucleo.c ****   }
 162:../../Drivers/BSP/STM32H7xx_Nucleo/stm32h7xx_nucleo.c **** 
 163:../../Drivers/BSP/STM32H7xx_Nucleo/stm32h7xx_nucleo.c ****   return ret;
 164:../../Drivers/BSP/STM32H7xx_Nucleo/stm32h7xx_nucleo.c **** }
 130              		.loc 1 164 1 view .LVU31
 131 0052 08B0     		add	sp, sp, #32
 132              	.LCFI2:
 133              		.cfi_remember_state
 134              		.cfi_def_cfa_offset 16
 135              		@ sp needed
 136 0054 70BD     		pop	{r4, r5, r6, pc}
 137              	.LVL4:
 138              	.L6:
 139              	.LCFI3:
 140              		.cfi_restore_state
 145:../../Drivers/BSP/STM32H7xx_Nucleo/stm32h7xx_nucleo.c ****     {
 141              		.loc 1 145 10 is_stmt 1 view .LVU32
 145:../../Drivers/BSP/STM32H7xx_Nucleo/stm32h7xx_nucleo.c ****     {
 142              		.loc 1 145 12 is_stmt 0 view .LVU33
 143 0056 0128     		cmp	r0, #1
 144 0058 0DD0     		beq	.L14
 151:../../Drivers/BSP/STM32H7xx_Nucleo/stm32h7xx_nucleo.c ****     }
 145              		.loc 1 151 7 is_stmt 1 view .LVU34
 146              	.LBB3:
 151:../../Drivers/BSP/STM32H7xx_Nucleo/stm32h7xx_nucleo.c ****     }
 147              		.loc 1 151 7 view .LVU35
 151:../../Drivers/BSP/STM32H7xx_Nucleo/stm32h7xx_nucleo.c ****     }
 148              		.loc 1 151 7 view .LVU36
 149 005a 0F4B     		ldr	r3, .L15
 150 005c D3F8E020 		ldr	r2, [r3, #224]
 151 0060 42F00202 		orr	r2, r2, #2
 152 0064 C3F8E020 		str	r2, [r3, #224]
 151:../../Drivers/BSP/STM32H7xx_Nucleo/stm32h7xx_nucleo.c ****     }
 153              		.loc 1 151 7 view .LVU37
 154 0068 D3F8E030 		ldr	r3, [r3, #224]
 155 006c 03F00203 		and	r3, r3, #2
 156 0070 0293     		str	r3, [sp, #8]
 151:../../Drivers/BSP/STM32H7xx_Nucleo/stm32h7xx_nucleo.c ****     }
 157              		.loc 1 151 7 view .LVU38
 158 0072 029B     		ldr	r3, [sp, #8]
 159 0074 D6E7     		b	.L7
 160              	.L14:
 161              	.LBE3:
 147:../../Drivers/BSP/STM32H7xx_Nucleo/stm32h7xx_nucleo.c ****     }
 162              		.loc 1 147 7 view .LVU39
 163              	.LBB4:
 147:../../Drivers/BSP/STM32H7xx_Nucleo/stm32h7xx_nucleo.c ****     }
 164              		.loc 1 147 7 view .LVU40
 147:../../Drivers/BSP/STM32H7xx_Nucleo/stm32h7xx_nucleo.c ****     }
 165              		.loc 1 147 7 view .LVU41
 166 0076 084B     		ldr	r3, .L15
 167 0078 D3F8E020 		ldr	r2, [r3, #224]
 168 007c 42F01002 		orr	r2, r2, #16
 169 0080 C3F8E020 		str	r2, [r3, #224]
ARM GAS  C:\Users\minis\AppData\Local\Temp\ccdfXcGh.s 			page 7


 147:../../Drivers/BSP/STM32H7xx_Nucleo/stm32h7xx_nucleo.c ****     }
 170              		.loc 1 147 7 view .LVU42
 171 0084 D3F8E030 		ldr	r3, [r3, #224]
 172 0088 03F01003 		and	r3, r3, #16
 173 008c 0193     		str	r3, [sp, #4]
 147:../../Drivers/BSP/STM32H7xx_Nucleo/stm32h7xx_nucleo.c ****     }
 174              		.loc 1 147 7 view .LVU43
 175 008e 019B     		ldr	r3, [sp, #4]
 176              	.LBE4:
 147:../../Drivers/BSP/STM32H7xx_Nucleo/stm32h7xx_nucleo.c ****     }
 177              		.loc 1 147 7 view .LVU44
 178 0090 C8E7     		b	.L7
 179              	.L9:
 180              	.LCFI4:
 181              		.cfi_def_cfa_offset 0
 182              		.cfi_restore 4
 183              		.cfi_restore 5
 184              		.cfi_restore 6
 185              		.cfi_restore 14
 136:../../Drivers/BSP/STM32H7xx_Nucleo/stm32h7xx_nucleo.c ****   }
 186              		.loc 1 136 9 is_stmt 0 view .LVU45
 187 0092 6FF00100 		mvn	r0, #1
 188              	.LVL5:
 163:../../Drivers/BSP/STM32H7xx_Nucleo/stm32h7xx_nucleo.c **** }
 189              		.loc 1 163 3 is_stmt 1 view .LVU46
 190              		.loc 1 164 1 is_stmt 0 view .LVU47
 191 0096 7047     		bx	lr
 192              	.L16:
 193              		.align	2
 194              	.L15:
 195 0098 00440258 		.word	1476543488
 196 009c 00000000 		.word	LED_PIN
 197 00a0 00000000 		.word	LED_PORT
 198              		.cfi_endproc
 199              	.LFE133:
 201              		.section	.text.BSP_LED_DeInit,"ax",%progbits
 202              		.align	1
 203              		.global	BSP_LED_DeInit
 204              		.syntax unified
 205              		.thumb
 206              		.thumb_func
 208              	BSP_LED_DeInit:
 209              	.LVL6:
 210              	.LFB134:
 165:../../Drivers/BSP/STM32H7xx_Nucleo/stm32h7xx_nucleo.c **** 
 166:../../Drivers/BSP/STM32H7xx_Nucleo/stm32h7xx_nucleo.c **** /**
 167:../../Drivers/BSP/STM32H7xx_Nucleo/stm32h7xx_nucleo.c ****   * @brief  DeInit LEDs.
 168:../../Drivers/BSP/STM32H7xx_Nucleo/stm32h7xx_nucleo.c ****   * @param  Led LED to be de-init.
 169:../../Drivers/BSP/STM32H7xx_Nucleo/stm32h7xx_nucleo.c ****   *   This parameter can be one of the following values:
 170:../../Drivers/BSP/STM32H7xx_Nucleo/stm32h7xx_nucleo.c ****   *     @arg  LED1
 171:../../Drivers/BSP/STM32H7xx_Nucleo/stm32h7xx_nucleo.c ****   *     @arg  LED2
 172:../../Drivers/BSP/STM32H7xx_Nucleo/stm32h7xx_nucleo.c ****   *     @arg  LED3
 173:../../Drivers/BSP/STM32H7xx_Nucleo/stm32h7xx_nucleo.c ****   * @note Led DeInit does not disable the GPIO clock nor disable the Mfx
 174:../../Drivers/BSP/STM32H7xx_Nucleo/stm32h7xx_nucleo.c ****   * @retval BSP status
 175:../../Drivers/BSP/STM32H7xx_Nucleo/stm32h7xx_nucleo.c ****   */
 176:../../Drivers/BSP/STM32H7xx_Nucleo/stm32h7xx_nucleo.c **** int32_t BSP_LED_DeInit(Led_TypeDef Led)
 177:../../Drivers/BSP/STM32H7xx_Nucleo/stm32h7xx_nucleo.c **** {
ARM GAS  C:\Users\minis\AppData\Local\Temp\ccdfXcGh.s 			page 8


 211              		.loc 1 177 1 is_stmt 1 view -0
 212              		.cfi_startproc
 213              		@ args = 0, pretend = 0, frame = 24
 214              		@ frame_needed = 0, uses_anonymous_args = 0
 178:../../Drivers/BSP/STM32H7xx_Nucleo/stm32h7xx_nucleo.c ****   int32_t ret = BSP_ERROR_NONE;
 215              		.loc 1 178 3 view .LVU49
 179:../../Drivers/BSP/STM32H7xx_Nucleo/stm32h7xx_nucleo.c ****   GPIO_InitTypeDef  gpio_init_structure;
 216              		.loc 1 179 3 view .LVU50
 180:../../Drivers/BSP/STM32H7xx_Nucleo/stm32h7xx_nucleo.c **** 
 181:../../Drivers/BSP/STM32H7xx_Nucleo/stm32h7xx_nucleo.c ****   if((Led != LED1) && (Led != LED2) && (Led != LED3))
 217              		.loc 1 181 3 view .LVU51
 218              		.loc 1 181 5 is_stmt 0 view .LVU52
 219 0000 0228     		cmp	r0, #2
 220 0002 14D8     		bhi	.L19
 177:../../Drivers/BSP/STM32H7xx_Nucleo/stm32h7xx_nucleo.c ****   int32_t ret = BSP_ERROR_NONE;
 221              		.loc 1 177 1 view .LVU53
 222 0004 30B5     		push	{r4, r5, lr}
 223              	.LCFI5:
 224              		.cfi_def_cfa_offset 12
 225              		.cfi_offset 4, -12
 226              		.cfi_offset 5, -8
 227              		.cfi_offset 14, -4
 228 0006 87B0     		sub	sp, sp, #28
 229              	.LCFI6:
 230              		.cfi_def_cfa_offset 40
 182:../../Drivers/BSP/STM32H7xx_Nucleo/stm32h7xx_nucleo.c ****   {
 183:../../Drivers/BSP/STM32H7xx_Nucleo/stm32h7xx_nucleo.c ****     ret = BSP_ERROR_WRONG_PARAM;
 184:../../Drivers/BSP/STM32H7xx_Nucleo/stm32h7xx_nucleo.c ****   }
 185:../../Drivers/BSP/STM32H7xx_Nucleo/stm32h7xx_nucleo.c ****   else
 186:../../Drivers/BSP/STM32H7xx_Nucleo/stm32h7xx_nucleo.c ****   {
 187:../../Drivers/BSP/STM32H7xx_Nucleo/stm32h7xx_nucleo.c ****     /* Turn off LED */
 188:../../Drivers/BSP/STM32H7xx_Nucleo/stm32h7xx_nucleo.c ****     HAL_GPIO_WritePin(LED_PORT[Led], LED_PIN[Led], GPIO_PIN_RESET);
 231              		.loc 1 188 5 is_stmt 1 view .LVU54
 232              		.loc 1 188 45 is_stmt 0 view .LVU55
 233 0008 0A4B     		ldr	r3, .L24
 234 000a 33F81040 		ldrh	r4, [r3, r0, lsl #1]
 235              		.loc 1 188 5 view .LVU56
 236 000e 0A4B     		ldr	r3, .L24+4
 237 0010 53F82050 		ldr	r5, [r3, r0, lsl #2]
 238 0014 0022     		movs	r2, #0
 239 0016 2146     		mov	r1, r4
 240 0018 2846     		mov	r0, r5
 241              	.LVL7:
 242              		.loc 1 188 5 view .LVU57
 243 001a FFF7FEFF 		bl	HAL_GPIO_WritePin
 244              	.LVL8:
 189:../../Drivers/BSP/STM32H7xx_Nucleo/stm32h7xx_nucleo.c ****     /* DeInit the GPIO_LED pin */
 190:../../Drivers/BSP/STM32H7xx_Nucleo/stm32h7xx_nucleo.c ****     gpio_init_structure.Pin = LED_PIN[Led];
 245              		.loc 1 190 5 is_stmt 1 view .LVU58
 246              		.loc 1 190 29 is_stmt 0 view .LVU59
 247 001e 0194     		str	r4, [sp, #4]
 191:../../Drivers/BSP/STM32H7xx_Nucleo/stm32h7xx_nucleo.c ****     HAL_GPIO_DeInit(LED_PORT[Led], gpio_init_structure.Pin);
 248              		.loc 1 191 5 is_stmt 1 view .LVU60
 249 0020 2146     		mov	r1, r4
 250 0022 2846     		mov	r0, r5
 251 0024 FFF7FEFF 		bl	HAL_GPIO_DeInit
 252              	.LVL9:
ARM GAS  C:\Users\minis\AppData\Local\Temp\ccdfXcGh.s 			page 9


 178:../../Drivers/BSP/STM32H7xx_Nucleo/stm32h7xx_nucleo.c ****   GPIO_InitTypeDef  gpio_init_structure;
 253              		.loc 1 178 11 is_stmt 0 view .LVU61
 254 0028 0020     		movs	r0, #0
 192:../../Drivers/BSP/STM32H7xx_Nucleo/stm32h7xx_nucleo.c ****   }
 193:../../Drivers/BSP/STM32H7xx_Nucleo/stm32h7xx_nucleo.c **** 
 194:../../Drivers/BSP/STM32H7xx_Nucleo/stm32h7xx_nucleo.c ****   return ret;
 195:../../Drivers/BSP/STM32H7xx_Nucleo/stm32h7xx_nucleo.c **** }
 255              		.loc 1 195 1 view .LVU62
 256 002a 07B0     		add	sp, sp, #28
 257              	.LCFI7:
 258              		.cfi_def_cfa_offset 12
 259              		@ sp needed
 260 002c 30BD     		pop	{r4, r5, pc}
 261              	.LVL10:
 262              	.L19:
 263              	.LCFI8:
 264              		.cfi_def_cfa_offset 0
 265              		.cfi_restore 4
 266              		.cfi_restore 5
 267              		.cfi_restore 14
 183:../../Drivers/BSP/STM32H7xx_Nucleo/stm32h7xx_nucleo.c ****   }
 268              		.loc 1 183 9 view .LVU63
 269 002e 6FF00100 		mvn	r0, #1
 270              	.LVL11:
 194:../../Drivers/BSP/STM32H7xx_Nucleo/stm32h7xx_nucleo.c **** }
 271              		.loc 1 194 3 is_stmt 1 view .LVU64
 272              		.loc 1 195 1 is_stmt 0 view .LVU65
 273 0032 7047     		bx	lr
 274              	.L25:
 275              		.align	2
 276              	.L24:
 277 0034 00000000 		.word	LED_PIN
 278 0038 00000000 		.word	LED_PORT
 279              		.cfi_endproc
 280              	.LFE134:
 282              		.section	.text.BSP_LED_On,"ax",%progbits
 283              		.align	1
 284              		.global	BSP_LED_On
 285              		.syntax unified
 286              		.thumb
 287              		.thumb_func
 289              	BSP_LED_On:
 290              	.LVL12:
 291              	.LFB135:
 196:../../Drivers/BSP/STM32H7xx_Nucleo/stm32h7xx_nucleo.c **** 
 197:../../Drivers/BSP/STM32H7xx_Nucleo/stm32h7xx_nucleo.c **** /**
 198:../../Drivers/BSP/STM32H7xx_Nucleo/stm32h7xx_nucleo.c ****   * @brief  Turns selected LED On.
 199:../../Drivers/BSP/STM32H7xx_Nucleo/stm32h7xx_nucleo.c ****   * @param  Led Specifies the Led to be set on.
 200:../../Drivers/BSP/STM32H7xx_Nucleo/stm32h7xx_nucleo.c ****   *   This parameter can be one of following parameters:
 201:../../Drivers/BSP/STM32H7xx_Nucleo/stm32h7xx_nucleo.c ****   *     @arg  LED1
 202:../../Drivers/BSP/STM32H7xx_Nucleo/stm32h7xx_nucleo.c ****   *     @arg  LED2
 203:../../Drivers/BSP/STM32H7xx_Nucleo/stm32h7xx_nucleo.c ****   *     @arg  LED3
 204:../../Drivers/BSP/STM32H7xx_Nucleo/stm32h7xx_nucleo.c ****   * @retval BSP status
 205:../../Drivers/BSP/STM32H7xx_Nucleo/stm32h7xx_nucleo.c ****   */
 206:../../Drivers/BSP/STM32H7xx_Nucleo/stm32h7xx_nucleo.c **** int32_t BSP_LED_On(Led_TypeDef Led)
 207:../../Drivers/BSP/STM32H7xx_Nucleo/stm32h7xx_nucleo.c **** {
 292              		.loc 1 207 1 is_stmt 1 view -0
ARM GAS  C:\Users\minis\AppData\Local\Temp\ccdfXcGh.s 			page 10


 293              		.cfi_startproc
 294              		@ args = 0, pretend = 0, frame = 0
 295              		@ frame_needed = 0, uses_anonymous_args = 0
 208:../../Drivers/BSP/STM32H7xx_Nucleo/stm32h7xx_nucleo.c ****   int32_t ret = BSP_ERROR_NONE;
 296              		.loc 1 208 3 view .LVU67
 209:../../Drivers/BSP/STM32H7xx_Nucleo/stm32h7xx_nucleo.c **** 
 210:../../Drivers/BSP/STM32H7xx_Nucleo/stm32h7xx_nucleo.c ****   if((Led != LED1) && (Led != LED2) && (Led != LED3))
 297              		.loc 1 210 3 view .LVU68
 298              		.loc 1 210 5 is_stmt 0 view .LVU69
 299 0000 0228     		cmp	r0, #2
 300 0002 0BD8     		bhi	.L28
 207:../../Drivers/BSP/STM32H7xx_Nucleo/stm32h7xx_nucleo.c ****   int32_t ret = BSP_ERROR_NONE;
 301              		.loc 1 207 1 view .LVU70
 302 0004 08B5     		push	{r3, lr}
 303              	.LCFI9:
 304              		.cfi_def_cfa_offset 8
 305              		.cfi_offset 3, -8
 306              		.cfi_offset 14, -4
 211:../../Drivers/BSP/STM32H7xx_Nucleo/stm32h7xx_nucleo.c ****   {
 212:../../Drivers/BSP/STM32H7xx_Nucleo/stm32h7xx_nucleo.c ****     ret = BSP_ERROR_WRONG_PARAM;
 213:../../Drivers/BSP/STM32H7xx_Nucleo/stm32h7xx_nucleo.c ****   }
 214:../../Drivers/BSP/STM32H7xx_Nucleo/stm32h7xx_nucleo.c ****   else
 215:../../Drivers/BSP/STM32H7xx_Nucleo/stm32h7xx_nucleo.c ****   {
 216:../../Drivers/BSP/STM32H7xx_Nucleo/stm32h7xx_nucleo.c ****     HAL_GPIO_WritePin(LED_PORT[Led], LED_PIN[Led], GPIO_PIN_SET);
 307              		.loc 1 216 5 is_stmt 1 view .LVU71
 308 0006 0122     		movs	r2, #1
 309 0008 064B     		ldr	r3, .L33
 310 000a 33F81010 		ldrh	r1, [r3, r0, lsl #1]
 311 000e 064B     		ldr	r3, .L33+4
 312 0010 53F82000 		ldr	r0, [r3, r0, lsl #2]
 313              	.LVL13:
 314              		.loc 1 216 5 is_stmt 0 view .LVU72
 315 0014 FFF7FEFF 		bl	HAL_GPIO_WritePin
 316              	.LVL14:
 208:../../Drivers/BSP/STM32H7xx_Nucleo/stm32h7xx_nucleo.c **** 
 317              		.loc 1 208 11 view .LVU73
 318 0018 0020     		movs	r0, #0
 217:../../Drivers/BSP/STM32H7xx_Nucleo/stm32h7xx_nucleo.c ****   }
 218:../../Drivers/BSP/STM32H7xx_Nucleo/stm32h7xx_nucleo.c **** 
 219:../../Drivers/BSP/STM32H7xx_Nucleo/stm32h7xx_nucleo.c ****   return ret;
 220:../../Drivers/BSP/STM32H7xx_Nucleo/stm32h7xx_nucleo.c **** }
 319              		.loc 1 220 1 view .LVU74
 320 001a 08BD     		pop	{r3, pc}
 321              	.LVL15:
 322              	.L28:
 323              	.LCFI10:
 324              		.cfi_def_cfa_offset 0
 325              		.cfi_restore 3
 326              		.cfi_restore 14
 212:../../Drivers/BSP/STM32H7xx_Nucleo/stm32h7xx_nucleo.c ****   }
 327              		.loc 1 212 9 view .LVU75
 328 001c 6FF00100 		mvn	r0, #1
 329              	.LVL16:
 219:../../Drivers/BSP/STM32H7xx_Nucleo/stm32h7xx_nucleo.c **** }
 330              		.loc 1 219 3 is_stmt 1 view .LVU76
 331              		.loc 1 220 1 is_stmt 0 view .LVU77
 332 0020 7047     		bx	lr
ARM GAS  C:\Users\minis\AppData\Local\Temp\ccdfXcGh.s 			page 11


 333              	.L34:
 334 0022 00BF     		.align	2
 335              	.L33:
 336 0024 00000000 		.word	LED_PIN
 337 0028 00000000 		.word	LED_PORT
 338              		.cfi_endproc
 339              	.LFE135:
 341              		.section	.text.BSP_LED_Off,"ax",%progbits
 342              		.align	1
 343              		.global	BSP_LED_Off
 344              		.syntax unified
 345              		.thumb
 346              		.thumb_func
 348              	BSP_LED_Off:
 349              	.LVL17:
 350              	.LFB136:
 221:../../Drivers/BSP/STM32H7xx_Nucleo/stm32h7xx_nucleo.c **** 
 222:../../Drivers/BSP/STM32H7xx_Nucleo/stm32h7xx_nucleo.c **** /**
 223:../../Drivers/BSP/STM32H7xx_Nucleo/stm32h7xx_nucleo.c ****   * @brief  Turns selected LED Off.
 224:../../Drivers/BSP/STM32H7xx_Nucleo/stm32h7xx_nucleo.c ****   * @param  Led: Specifies the Led to be set off.
 225:../../Drivers/BSP/STM32H7xx_Nucleo/stm32h7xx_nucleo.c ****   *   This parameter can be one of following parameters:
 226:../../Drivers/BSP/STM32H7xx_Nucleo/stm32h7xx_nucleo.c ****   *     @arg  LED1
 227:../../Drivers/BSP/STM32H7xx_Nucleo/stm32h7xx_nucleo.c ****   *     @arg  LED2
 228:../../Drivers/BSP/STM32H7xx_Nucleo/stm32h7xx_nucleo.c ****   *     @arg  LED3
 229:../../Drivers/BSP/STM32H7xx_Nucleo/stm32h7xx_nucleo.c ****   * @retval BSP status
 230:../../Drivers/BSP/STM32H7xx_Nucleo/stm32h7xx_nucleo.c ****   */
 231:../../Drivers/BSP/STM32H7xx_Nucleo/stm32h7xx_nucleo.c **** int32_t BSP_LED_Off(Led_TypeDef Led)
 232:../../Drivers/BSP/STM32H7xx_Nucleo/stm32h7xx_nucleo.c **** {
 351              		.loc 1 232 1 is_stmt 1 view -0
 352              		.cfi_startproc
 353              		@ args = 0, pretend = 0, frame = 0
 354              		@ frame_needed = 0, uses_anonymous_args = 0
 233:../../Drivers/BSP/STM32H7xx_Nucleo/stm32h7xx_nucleo.c ****   int32_t ret = BSP_ERROR_NONE;
 355              		.loc 1 233 3 view .LVU79
 234:../../Drivers/BSP/STM32H7xx_Nucleo/stm32h7xx_nucleo.c **** 
 235:../../Drivers/BSP/STM32H7xx_Nucleo/stm32h7xx_nucleo.c ****   if((Led != LED1) && (Led != LED2) && (Led != LED3))
 356              		.loc 1 235 3 view .LVU80
 357              		.loc 1 235 5 is_stmt 0 view .LVU81
 358 0000 0228     		cmp	r0, #2
 359 0002 0BD8     		bhi	.L37
 232:../../Drivers/BSP/STM32H7xx_Nucleo/stm32h7xx_nucleo.c ****   int32_t ret = BSP_ERROR_NONE;
 360              		.loc 1 232 1 view .LVU82
 361 0004 08B5     		push	{r3, lr}
 362              	.LCFI11:
 363              		.cfi_def_cfa_offset 8
 364              		.cfi_offset 3, -8
 365              		.cfi_offset 14, -4
 236:../../Drivers/BSP/STM32H7xx_Nucleo/stm32h7xx_nucleo.c ****   {
 237:../../Drivers/BSP/STM32H7xx_Nucleo/stm32h7xx_nucleo.c ****     ret = BSP_ERROR_WRONG_PARAM;
 238:../../Drivers/BSP/STM32H7xx_Nucleo/stm32h7xx_nucleo.c ****   }
 239:../../Drivers/BSP/STM32H7xx_Nucleo/stm32h7xx_nucleo.c ****   else
 240:../../Drivers/BSP/STM32H7xx_Nucleo/stm32h7xx_nucleo.c ****   {
 241:../../Drivers/BSP/STM32H7xx_Nucleo/stm32h7xx_nucleo.c ****     HAL_GPIO_WritePin(LED_PORT[Led], LED_PIN[Led], GPIO_PIN_RESET);
 366              		.loc 1 241 5 is_stmt 1 view .LVU83
 367 0006 0022     		movs	r2, #0
 368 0008 064B     		ldr	r3, .L42
 369 000a 33F81010 		ldrh	r1, [r3, r0, lsl #1]
ARM GAS  C:\Users\minis\AppData\Local\Temp\ccdfXcGh.s 			page 12


 370 000e 064B     		ldr	r3, .L42+4
 371 0010 53F82000 		ldr	r0, [r3, r0, lsl #2]
 372              	.LVL18:
 373              		.loc 1 241 5 is_stmt 0 view .LVU84
 374 0014 FFF7FEFF 		bl	HAL_GPIO_WritePin
 375              	.LVL19:
 233:../../Drivers/BSP/STM32H7xx_Nucleo/stm32h7xx_nucleo.c **** 
 376              		.loc 1 233 11 view .LVU85
 377 0018 0020     		movs	r0, #0
 242:../../Drivers/BSP/STM32H7xx_Nucleo/stm32h7xx_nucleo.c ****   }
 243:../../Drivers/BSP/STM32H7xx_Nucleo/stm32h7xx_nucleo.c **** 
 244:../../Drivers/BSP/STM32H7xx_Nucleo/stm32h7xx_nucleo.c ****   return ret;
 245:../../Drivers/BSP/STM32H7xx_Nucleo/stm32h7xx_nucleo.c **** }
 378              		.loc 1 245 1 view .LVU86
 379 001a 08BD     		pop	{r3, pc}
 380              	.LVL20:
 381              	.L37:
 382              	.LCFI12:
 383              		.cfi_def_cfa_offset 0
 384              		.cfi_restore 3
 385              		.cfi_restore 14
 237:../../Drivers/BSP/STM32H7xx_Nucleo/stm32h7xx_nucleo.c ****   }
 386              		.loc 1 237 9 view .LVU87
 387 001c 6FF00100 		mvn	r0, #1
 388              	.LVL21:
 244:../../Drivers/BSP/STM32H7xx_Nucleo/stm32h7xx_nucleo.c **** }
 389              		.loc 1 244 3 is_stmt 1 view .LVU88
 390              		.loc 1 245 1 is_stmt 0 view .LVU89
 391 0020 7047     		bx	lr
 392              	.L43:
 393 0022 00BF     		.align	2
 394              	.L42:
 395 0024 00000000 		.word	LED_PIN
 396 0028 00000000 		.word	LED_PORT
 397              		.cfi_endproc
 398              	.LFE136:
 400              		.section	.text.BSP_LED_Toggle,"ax",%progbits
 401              		.align	1
 402              		.global	BSP_LED_Toggle
 403              		.syntax unified
 404              		.thumb
 405              		.thumb_func
 407              	BSP_LED_Toggle:
 408              	.LVL22:
 409              	.LFB137:
 246:../../Drivers/BSP/STM32H7xx_Nucleo/stm32h7xx_nucleo.c **** 
 247:../../Drivers/BSP/STM32H7xx_Nucleo/stm32h7xx_nucleo.c **** /**
 248:../../Drivers/BSP/STM32H7xx_Nucleo/stm32h7xx_nucleo.c ****   * @brief  Toggles the selected LED.
 249:../../Drivers/BSP/STM32H7xx_Nucleo/stm32h7xx_nucleo.c ****   * @param  Led Specifies the Led to be toggled.
 250:../../Drivers/BSP/STM32H7xx_Nucleo/stm32h7xx_nucleo.c ****   *   This parameter can be one of following parameters:
 251:../../Drivers/BSP/STM32H7xx_Nucleo/stm32h7xx_nucleo.c ****   *     @arg  LED1
 252:../../Drivers/BSP/STM32H7xx_Nucleo/stm32h7xx_nucleo.c ****   *     @arg  LED2
 253:../../Drivers/BSP/STM32H7xx_Nucleo/stm32h7xx_nucleo.c ****   *     @arg  LED3
 254:../../Drivers/BSP/STM32H7xx_Nucleo/stm32h7xx_nucleo.c ****   * @retval BSP status
 255:../../Drivers/BSP/STM32H7xx_Nucleo/stm32h7xx_nucleo.c ****   */
 256:../../Drivers/BSP/STM32H7xx_Nucleo/stm32h7xx_nucleo.c **** int32_t BSP_LED_Toggle(Led_TypeDef Led)
 257:../../Drivers/BSP/STM32H7xx_Nucleo/stm32h7xx_nucleo.c **** {
ARM GAS  C:\Users\minis\AppData\Local\Temp\ccdfXcGh.s 			page 13


 410              		.loc 1 257 1 is_stmt 1 view -0
 411              		.cfi_startproc
 412              		@ args = 0, pretend = 0, frame = 0
 413              		@ frame_needed = 0, uses_anonymous_args = 0
 258:../../Drivers/BSP/STM32H7xx_Nucleo/stm32h7xx_nucleo.c ****   int32_t ret = BSP_ERROR_NONE;
 414              		.loc 1 258 3 view .LVU91
 259:../../Drivers/BSP/STM32H7xx_Nucleo/stm32h7xx_nucleo.c **** 
 260:../../Drivers/BSP/STM32H7xx_Nucleo/stm32h7xx_nucleo.c ****   if((Led != LED1) && (Led != LED2) && (Led != LED3))
 415              		.loc 1 260 3 view .LVU92
 416              		.loc 1 260 5 is_stmt 0 view .LVU93
 417 0000 0228     		cmp	r0, #2
 418 0002 0AD8     		bhi	.L46
 257:../../Drivers/BSP/STM32H7xx_Nucleo/stm32h7xx_nucleo.c ****   int32_t ret = BSP_ERROR_NONE;
 419              		.loc 1 257 1 view .LVU94
 420 0004 08B5     		push	{r3, lr}
 421              	.LCFI13:
 422              		.cfi_def_cfa_offset 8
 423              		.cfi_offset 3, -8
 424              		.cfi_offset 14, -4
 261:../../Drivers/BSP/STM32H7xx_Nucleo/stm32h7xx_nucleo.c ****   {
 262:../../Drivers/BSP/STM32H7xx_Nucleo/stm32h7xx_nucleo.c ****     ret = BSP_ERROR_WRONG_PARAM;
 263:../../Drivers/BSP/STM32H7xx_Nucleo/stm32h7xx_nucleo.c ****   }
 264:../../Drivers/BSP/STM32H7xx_Nucleo/stm32h7xx_nucleo.c ****   else
 265:../../Drivers/BSP/STM32H7xx_Nucleo/stm32h7xx_nucleo.c ****   {
 266:../../Drivers/BSP/STM32H7xx_Nucleo/stm32h7xx_nucleo.c ****     HAL_GPIO_TogglePin(LED_PORT[Led], LED_PIN[Led]);
 425              		.loc 1 266 5 is_stmt 1 view .LVU95
 426 0006 064B     		ldr	r3, .L51
 427 0008 33F81010 		ldrh	r1, [r3, r0, lsl #1]
 428 000c 054B     		ldr	r3, .L51+4
 429 000e 53F82000 		ldr	r0, [r3, r0, lsl #2]
 430              	.LVL23:
 431              		.loc 1 266 5 is_stmt 0 view .LVU96
 432 0012 FFF7FEFF 		bl	HAL_GPIO_TogglePin
 433              	.LVL24:
 258:../../Drivers/BSP/STM32H7xx_Nucleo/stm32h7xx_nucleo.c **** 
 434              		.loc 1 258 11 view .LVU97
 435 0016 0020     		movs	r0, #0
 267:../../Drivers/BSP/STM32H7xx_Nucleo/stm32h7xx_nucleo.c ****   }
 268:../../Drivers/BSP/STM32H7xx_Nucleo/stm32h7xx_nucleo.c **** 
 269:../../Drivers/BSP/STM32H7xx_Nucleo/stm32h7xx_nucleo.c ****   return ret;
 270:../../Drivers/BSP/STM32H7xx_Nucleo/stm32h7xx_nucleo.c **** }
 436              		.loc 1 270 1 view .LVU98
 437 0018 08BD     		pop	{r3, pc}
 438              	.LVL25:
 439              	.L46:
 440              	.LCFI14:
 441              		.cfi_def_cfa_offset 0
 442              		.cfi_restore 3
 443              		.cfi_restore 14
 262:../../Drivers/BSP/STM32H7xx_Nucleo/stm32h7xx_nucleo.c ****   }
 444              		.loc 1 262 9 view .LVU99
 445 001a 6FF00100 		mvn	r0, #1
 446              	.LVL26:
 269:../../Drivers/BSP/STM32H7xx_Nucleo/stm32h7xx_nucleo.c **** }
 447              		.loc 1 269 3 is_stmt 1 view .LVU100
 448              		.loc 1 270 1 is_stmt 0 view .LVU101
 449 001e 7047     		bx	lr
ARM GAS  C:\Users\minis\AppData\Local\Temp\ccdfXcGh.s 			page 14


 450              	.L52:
 451              		.align	2
 452              	.L51:
 453 0020 00000000 		.word	LED_PIN
 454 0024 00000000 		.word	LED_PORT
 455              		.cfi_endproc
 456              	.LFE137:
 458              		.section	.text.BSP_LED_GetState,"ax",%progbits
 459              		.align	1
 460              		.global	BSP_LED_GetState
 461              		.syntax unified
 462              		.thumb
 463              		.thumb_func
 465              	BSP_LED_GetState:
 466              	.LVL27:
 467              	.LFB138:
 271:../../Drivers/BSP/STM32H7xx_Nucleo/stm32h7xx_nucleo.c **** 
 272:../../Drivers/BSP/STM32H7xx_Nucleo/stm32h7xx_nucleo.c **** /**
 273:../../Drivers/BSP/STM32H7xx_Nucleo/stm32h7xx_nucleo.c ****   * @brief  Get the state of the selected LED.
 274:../../Drivers/BSP/STM32H7xx_Nucleo/stm32h7xx_nucleo.c ****   * @param  Led LED to get its state
 275:../../Drivers/BSP/STM32H7xx_Nucleo/stm32h7xx_nucleo.c ****   *   This parameter can be one of following parameters:
 276:../../Drivers/BSP/STM32H7xx_Nucleo/stm32h7xx_nucleo.c ****   *     @arg  LED1
 277:../../Drivers/BSP/STM32H7xx_Nucleo/stm32h7xx_nucleo.c ****   *     @arg  LED2
 278:../../Drivers/BSP/STM32H7xx_Nucleo/stm32h7xx_nucleo.c ****   *     @arg  LED3
 279:../../Drivers/BSP/STM32H7xx_Nucleo/stm32h7xx_nucleo.c ****   * @retval LED status
 280:../../Drivers/BSP/STM32H7xx_Nucleo/stm32h7xx_nucleo.c ****   */
 281:../../Drivers/BSP/STM32H7xx_Nucleo/stm32h7xx_nucleo.c **** int32_t BSP_LED_GetState (Led_TypeDef Led)
 282:../../Drivers/BSP/STM32H7xx_Nucleo/stm32h7xx_nucleo.c **** {
 468              		.loc 1 282 1 is_stmt 1 view -0
 469              		.cfi_startproc
 470              		@ args = 0, pretend = 0, frame = 0
 471              		@ frame_needed = 0, uses_anonymous_args = 0
 283:../../Drivers/BSP/STM32H7xx_Nucleo/stm32h7xx_nucleo.c ****   int32_t ret;
 472              		.loc 1 283 3 view .LVU103
 284:../../Drivers/BSP/STM32H7xx_Nucleo/stm32h7xx_nucleo.c **** 
 285:../../Drivers/BSP/STM32H7xx_Nucleo/stm32h7xx_nucleo.c ****   if((Led != LED1) && (Led != LED2) && (Led != LED3))
 473              		.loc 1 285 3 view .LVU104
 474              		.loc 1 285 5 is_stmt 0 view .LVU105
 475 0000 0228     		cmp	r0, #2
 476 0002 09D8     		bhi	.L55
 282:../../Drivers/BSP/STM32H7xx_Nucleo/stm32h7xx_nucleo.c ****   int32_t ret;
 477              		.loc 1 282 1 view .LVU106
 478 0004 08B5     		push	{r3, lr}
 479              	.LCFI15:
 480              		.cfi_def_cfa_offset 8
 481              		.cfi_offset 3, -8
 482              		.cfi_offset 14, -4
 286:../../Drivers/BSP/STM32H7xx_Nucleo/stm32h7xx_nucleo.c ****   {
 287:../../Drivers/BSP/STM32H7xx_Nucleo/stm32h7xx_nucleo.c ****     ret = BSP_ERROR_WRONG_PARAM;
 288:../../Drivers/BSP/STM32H7xx_Nucleo/stm32h7xx_nucleo.c ****   }
 289:../../Drivers/BSP/STM32H7xx_Nucleo/stm32h7xx_nucleo.c ****   else
 290:../../Drivers/BSP/STM32H7xx_Nucleo/stm32h7xx_nucleo.c ****   {
 291:../../Drivers/BSP/STM32H7xx_Nucleo/stm32h7xx_nucleo.c ****     ret = (int32_t)HAL_GPIO_ReadPin (LED_PORT [Led], LED_PIN [Led]);
 483              		.loc 1 291 5 is_stmt 1 view .LVU107
 484              		.loc 1 291 20 is_stmt 0 view .LVU108
 485 0006 064B     		ldr	r3, .L60
 486 0008 33F81010 		ldrh	r1, [r3, r0, lsl #1]
ARM GAS  C:\Users\minis\AppData\Local\Temp\ccdfXcGh.s 			page 15


 487 000c 054B     		ldr	r3, .L60+4
 488 000e 53F82000 		ldr	r0, [r3, r0, lsl #2]
 489              	.LVL28:
 490              		.loc 1 291 20 view .LVU109
 491 0012 FFF7FEFF 		bl	HAL_GPIO_ReadPin
 492              	.LVL29:
 292:../../Drivers/BSP/STM32H7xx_Nucleo/stm32h7xx_nucleo.c ****   }
 293:../../Drivers/BSP/STM32H7xx_Nucleo/stm32h7xx_nucleo.c **** 
 294:../../Drivers/BSP/STM32H7xx_Nucleo/stm32h7xx_nucleo.c ****   return ret;
 295:../../Drivers/BSP/STM32H7xx_Nucleo/stm32h7xx_nucleo.c **** }
 493              		.loc 1 295 1 view .LVU110
 494 0016 08BD     		pop	{r3, pc}
 495              	.LVL30:
 496              	.L55:
 497              	.LCFI16:
 498              		.cfi_def_cfa_offset 0
 499              		.cfi_restore 3
 500              		.cfi_restore 14
 287:../../Drivers/BSP/STM32H7xx_Nucleo/stm32h7xx_nucleo.c ****   }
 501              		.loc 1 287 9 view .LVU111
 502 0018 6FF00100 		mvn	r0, #1
 503              	.LVL31:
 294:../../Drivers/BSP/STM32H7xx_Nucleo/stm32h7xx_nucleo.c **** }
 504              		.loc 1 294 3 is_stmt 1 view .LVU112
 505              		.loc 1 295 1 is_stmt 0 view .LVU113
 506 001c 7047     		bx	lr
 507              	.L61:
 508 001e 00BF     		.align	2
 509              	.L60:
 510 0020 00000000 		.word	LED_PIN
 511 0024 00000000 		.word	LED_PORT
 512              		.cfi_endproc
 513              	.LFE138:
 515              		.section	.text.BSP_PB_Init,"ax",%progbits
 516              		.align	1
 517              		.global	BSP_PB_Init
 518              		.syntax unified
 519              		.thumb
 520              		.thumb_func
 522              	BSP_PB_Init:
 523              	.LVL32:
 524              	.LFB139:
 296:../../Drivers/BSP/STM32H7xx_Nucleo/stm32h7xx_nucleo.c **** 
 297:../../Drivers/BSP/STM32H7xx_Nucleo/stm32h7xx_nucleo.c **** /**
 298:../../Drivers/BSP/STM32H7xx_Nucleo/stm32h7xx_nucleo.c ****   * @brief  Configures button GPIO and EXTI Line.
 299:../../Drivers/BSP/STM32H7xx_Nucleo/stm32h7xx_nucleo.c ****   * @param  Button Button to be configured
 300:../../Drivers/BSP/STM32H7xx_Nucleo/stm32h7xx_nucleo.c ****   *          This parameter can be one of the following values:
 301:../../Drivers/BSP/STM32H7xx_Nucleo/stm32h7xx_nucleo.c ****   *            @arg  BUTTON_USER: Wakeup Push Button
 302:../../Drivers/BSP/STM32H7xx_Nucleo/stm32h7xx_nucleo.c ****   * @param  ButtonMode Button mode
 303:../../Drivers/BSP/STM32H7xx_Nucleo/stm32h7xx_nucleo.c ****   *          This parameter can be one of the following values:
 304:../../Drivers/BSP/STM32H7xx_Nucleo/stm32h7xx_nucleo.c ****   *            @arg  BUTTON_MODE_GPIO: Button will be used as simple IO
 305:../../Drivers/BSP/STM32H7xx_Nucleo/stm32h7xx_nucleo.c ****   *            @arg  BUTTON_MODE_EXTI: Button will be connected to EXTI line
 306:../../Drivers/BSP/STM32H7xx_Nucleo/stm32h7xx_nucleo.c ****   *                                    with interrupt generation capability
 307:../../Drivers/BSP/STM32H7xx_Nucleo/stm32h7xx_nucleo.c ****   */
 308:../../Drivers/BSP/STM32H7xx_Nucleo/stm32h7xx_nucleo.c **** int32_t BSP_PB_Init(Button_TypeDef Button, ButtonMode_TypeDef ButtonMode)
 309:../../Drivers/BSP/STM32H7xx_Nucleo/stm32h7xx_nucleo.c **** {
 525              		.loc 1 309 1 is_stmt 1 view -0
ARM GAS  C:\Users\minis\AppData\Local\Temp\ccdfXcGh.s 			page 16


 526              		.cfi_startproc
 527              		@ args = 0, pretend = 0, frame = 24
 528              		@ frame_needed = 0, uses_anonymous_args = 0
 529              		.loc 1 309 1 is_stmt 0 view .LVU115
 530 0000 10B5     		push	{r4, lr}
 531              	.LCFI17:
 532              		.cfi_def_cfa_offset 8
 533              		.cfi_offset 4, -8
 534              		.cfi_offset 14, -4
 535 0002 86B0     		sub	sp, sp, #24
 536              	.LCFI18:
 537              		.cfi_def_cfa_offset 32
 310:../../Drivers/BSP/STM32H7xx_Nucleo/stm32h7xx_nucleo.c ****   GPIO_InitTypeDef gpio_init_structure;
 538              		.loc 1 310 3 is_stmt 1 view .LVU116
 311:../../Drivers/BSP/STM32H7xx_Nucleo/stm32h7xx_nucleo.c ****   static BSP_EXTI_LineCallback ButtonCallback[BUTTONn] = {BUTTON_USER_EXTI_Callback};
 539              		.loc 1 311 3 view .LVU117
 312:../../Drivers/BSP/STM32H7xx_Nucleo/stm32h7xx_nucleo.c ****   static uint32_t  BSP_BUTTON_PRIO [BUTTONn] = {BSP_BUTTON_USER_IT_PRIORITY};
 540              		.loc 1 312 3 view .LVU118
 313:../../Drivers/BSP/STM32H7xx_Nucleo/stm32h7xx_nucleo.c ****   static const uint32_t BUTTON_EXTI_LINE[BUTTONn] = {BUTTON_USER_EXTI_LINE};
 541              		.loc 1 313 3 view .LVU119
 314:../../Drivers/BSP/STM32H7xx_Nucleo/stm32h7xx_nucleo.c **** 
 315:../../Drivers/BSP/STM32H7xx_Nucleo/stm32h7xx_nucleo.c ****   /* Enable the BUTTON clock */
 316:../../Drivers/BSP/STM32H7xx_Nucleo/stm32h7xx_nucleo.c ****   BUTTON_USER_GPIO_CLK_ENABLE();
 542              		.loc 1 316 3 view .LVU120
 543              	.LBB5:
 544              		.loc 1 316 3 view .LVU121
 545              		.loc 1 316 3 view .LVU122
 546 0004 1C4B     		ldr	r3, .L66
 547 0006 D3F8E020 		ldr	r2, [r3, #224]
 548 000a 42F00402 		orr	r2, r2, #4
 549 000e C3F8E020 		str	r2, [r3, #224]
 550              		.loc 1 316 3 view .LVU123
 551 0012 D3F8E030 		ldr	r3, [r3, #224]
 552 0016 03F00403 		and	r3, r3, #4
 553 001a 0093     		str	r3, [sp]
 554              		.loc 1 316 3 view .LVU124
 555 001c 009B     		ldr	r3, [sp]
 556              	.LBE5:
 557              		.loc 1 316 3 view .LVU125
 317:../../Drivers/BSP/STM32H7xx_Nucleo/stm32h7xx_nucleo.c **** 
 318:../../Drivers/BSP/STM32H7xx_Nucleo/stm32h7xx_nucleo.c ****   gpio_init_structure.Pin = BUTTON_PIN [Button];
 558              		.loc 1 318 3 view .LVU126
 559              		.loc 1 318 27 is_stmt 0 view .LVU127
 560 001e 4FF40053 		mov	r3, #8192
 561 0022 0193     		str	r3, [sp, #4]
 319:../../Drivers/BSP/STM32H7xx_Nucleo/stm32h7xx_nucleo.c ****   gpio_init_structure.Pull = GPIO_PULLDOWN;
 562              		.loc 1 319 3 is_stmt 1 view .LVU128
 563              		.loc 1 319 28 is_stmt 0 view .LVU129
 564 0024 0223     		movs	r3, #2
 565 0026 0393     		str	r3, [sp, #12]
 320:../../Drivers/BSP/STM32H7xx_Nucleo/stm32h7xx_nucleo.c ****   gpio_init_structure.Speed = GPIO_SPEED_FREQ_HIGH;
 566              		.loc 1 320 3 is_stmt 1 view .LVU130
 567              		.loc 1 320 29 is_stmt 0 view .LVU131
 568 0028 0493     		str	r3, [sp, #16]
 321:../../Drivers/BSP/STM32H7xx_Nucleo/stm32h7xx_nucleo.c **** 
 322:../../Drivers/BSP/STM32H7xx_Nucleo/stm32h7xx_nucleo.c ****   if(ButtonMode == BUTTON_MODE_GPIO)
 569              		.loc 1 322 3 is_stmt 1 view .LVU132
ARM GAS  C:\Users\minis\AppData\Local\Temp\ccdfXcGh.s 			page 17


 570              		.loc 1 322 5 is_stmt 0 view .LVU133
 571 002a 41B9     		cbnz	r1, .L63
 323:../../Drivers/BSP/STM32H7xx_Nucleo/stm32h7xx_nucleo.c ****   {
 324:../../Drivers/BSP/STM32H7xx_Nucleo/stm32h7xx_nucleo.c ****     /* Configure Button pin as input */
 325:../../Drivers/BSP/STM32H7xx_Nucleo/stm32h7xx_nucleo.c ****     gpio_init_structure.Mode = GPIO_MODE_INPUT;
 572              		.loc 1 325 5 is_stmt 1 view .LVU134
 573              		.loc 1 325 30 is_stmt 0 view .LVU135
 574 002c 0023     		movs	r3, #0
 575 002e 0293     		str	r3, [sp, #8]
 326:../../Drivers/BSP/STM32H7xx_Nucleo/stm32h7xx_nucleo.c ****     HAL_GPIO_Init(BUTTON_PORT [Button], &gpio_init_structure);
 576              		.loc 1 326 5 is_stmt 1 view .LVU136
 577 0030 01A9     		add	r1, sp, #4
 578              	.LVL33:
 579              		.loc 1 326 5 is_stmt 0 view .LVU137
 580 0032 1248     		ldr	r0, .L66+4
 581              	.LVL34:
 582              		.loc 1 326 5 view .LVU138
 583 0034 FFF7FEFF 		bl	HAL_GPIO_Init
 584              	.LVL35:
 585              	.L64:
 327:../../Drivers/BSP/STM32H7xx_Nucleo/stm32h7xx_nucleo.c ****   }
 328:../../Drivers/BSP/STM32H7xx_Nucleo/stm32h7xx_nucleo.c ****   else /* (ButtonMode == BUTTON_MODE_EXTI) */
 329:../../Drivers/BSP/STM32H7xx_Nucleo/stm32h7xx_nucleo.c ****   {
 330:../../Drivers/BSP/STM32H7xx_Nucleo/stm32h7xx_nucleo.c ****     /* Configure Button pin as input with External interrupt */
 331:../../Drivers/BSP/STM32H7xx_Nucleo/stm32h7xx_nucleo.c ****     gpio_init_structure.Mode = GPIO_MODE_IT_RISING;
 332:../../Drivers/BSP/STM32H7xx_Nucleo/stm32h7xx_nucleo.c **** 
 333:../../Drivers/BSP/STM32H7xx_Nucleo/stm32h7xx_nucleo.c ****     HAL_GPIO_Init(BUTTON_PORT[Button], &gpio_init_structure);
 334:../../Drivers/BSP/STM32H7xx_Nucleo/stm32h7xx_nucleo.c **** 
 335:../../Drivers/BSP/STM32H7xx_Nucleo/stm32h7xx_nucleo.c ****     (void)HAL_EXTI_GetHandle(&hpb_exti[Button], BUTTON_EXTI_LINE[Button]);
 336:../../Drivers/BSP/STM32H7xx_Nucleo/stm32h7xx_nucleo.c ****     (void)HAL_EXTI_RegisterCallback(&hpb_exti[Button],  HAL_EXTI_COMMON_CB_ID, ButtonCallback[Butto
 337:../../Drivers/BSP/STM32H7xx_Nucleo/stm32h7xx_nucleo.c **** 
 338:../../Drivers/BSP/STM32H7xx_Nucleo/stm32h7xx_nucleo.c ****     /* Enable and set Button EXTI Interrupt to the lowest priority */
 339:../../Drivers/BSP/STM32H7xx_Nucleo/stm32h7xx_nucleo.c ****     HAL_NVIC_SetPriority((BUTTON_IRQn[Button]), BSP_BUTTON_PRIO[Button], 0x00);
 340:../../Drivers/BSP/STM32H7xx_Nucleo/stm32h7xx_nucleo.c ****     HAL_NVIC_EnableIRQ((BUTTON_IRQn[Button]));
 341:../../Drivers/BSP/STM32H7xx_Nucleo/stm32h7xx_nucleo.c ****   }
 342:../../Drivers/BSP/STM32H7xx_Nucleo/stm32h7xx_nucleo.c **** 
 343:../../Drivers/BSP/STM32H7xx_Nucleo/stm32h7xx_nucleo.c ****   return BSP_ERROR_NONE;
 586              		.loc 1 343 3 is_stmt 1 view .LVU139
 344:../../Drivers/BSP/STM32H7xx_Nucleo/stm32h7xx_nucleo.c **** }
 587              		.loc 1 344 1 is_stmt 0 view .LVU140
 588 0038 0020     		movs	r0, #0
 589 003a 06B0     		add	sp, sp, #24
 590              	.LCFI19:
 591              		.cfi_remember_state
 592              		.cfi_def_cfa_offset 8
 593              		@ sp needed
 594 003c 10BD     		pop	{r4, pc}
 595              	.LVL36:
 596              	.L63:
 597              	.LCFI20:
 598              		.cfi_restore_state
 599              		.loc 1 344 1 view .LVU141
 600 003e 0446     		mov	r4, r0
 331:../../Drivers/BSP/STM32H7xx_Nucleo/stm32h7xx_nucleo.c **** 
 601              		.loc 1 331 5 is_stmt 1 view .LVU142
 331:../../Drivers/BSP/STM32H7xx_Nucleo/stm32h7xx_nucleo.c **** 
 602              		.loc 1 331 30 is_stmt 0 view .LVU143
ARM GAS  C:\Users\minis\AppData\Local\Temp\ccdfXcGh.s 			page 18


 603 0040 4FF48813 		mov	r3, #1114112
 604 0044 0293     		str	r3, [sp, #8]
 333:../../Drivers/BSP/STM32H7xx_Nucleo/stm32h7xx_nucleo.c **** 
 605              		.loc 1 333 5 is_stmt 1 view .LVU144
 606 0046 01A9     		add	r1, sp, #4
 607              	.LVL37:
 333:../../Drivers/BSP/STM32H7xx_Nucleo/stm32h7xx_nucleo.c **** 
 608              		.loc 1 333 5 is_stmt 0 view .LVU145
 609 0048 0C48     		ldr	r0, .L66+4
 610              	.LVL38:
 333:../../Drivers/BSP/STM32H7xx_Nucleo/stm32h7xx_nucleo.c **** 
 611              		.loc 1 333 5 view .LVU146
 612 004a FFF7FEFF 		bl	HAL_GPIO_Init
 613              	.LVL39:
 335:../../Drivers/BSP/STM32H7xx_Nucleo/stm32h7xx_nucleo.c ****     (void)HAL_EXTI_RegisterCallback(&hpb_exti[Button],  HAL_EXTI_COMMON_CB_ID, ButtonCallback[Butto
 614              		.loc 1 335 5 is_stmt 1 view .LVU147
 335:../../Drivers/BSP/STM32H7xx_Nucleo/stm32h7xx_nucleo.c ****     (void)HAL_EXTI_RegisterCallback(&hpb_exti[Button],  HAL_EXTI_COMMON_CB_ID, ButtonCallback[Butto
 615              		.loc 1 335 11 is_stmt 0 view .LVU148
 616 004e 0C4B     		ldr	r3, .L66+8
 617 0050 03EBC404 		add	r4, r3, r4, lsl #3
 618 0054 0B49     		ldr	r1, .L66+12
 619 0056 2046     		mov	r0, r4
 620 0058 FFF7FEFF 		bl	HAL_EXTI_GetHandle
 621              	.LVL40:
 336:../../Drivers/BSP/STM32H7xx_Nucleo/stm32h7xx_nucleo.c **** 
 622              		.loc 1 336 5 is_stmt 1 view .LVU149
 336:../../Drivers/BSP/STM32H7xx_Nucleo/stm32h7xx_nucleo.c **** 
 623              		.loc 1 336 11 is_stmt 0 view .LVU150
 624 005c 0A4A     		ldr	r2, .L66+16
 625 005e 0021     		movs	r1, #0
 626 0060 2046     		mov	r0, r4
 627 0062 FFF7FEFF 		bl	HAL_EXTI_RegisterCallback
 628              	.LVL41:
 339:../../Drivers/BSP/STM32H7xx_Nucleo/stm32h7xx_nucleo.c ****     HAL_NVIC_EnableIRQ((BUTTON_IRQn[Button]));
 629              		.loc 1 339 5 is_stmt 1 view .LVU151
 630 0066 0022     		movs	r2, #0
 631 0068 0F21     		movs	r1, #15
 632 006a 2820     		movs	r0, #40
 633 006c FFF7FEFF 		bl	HAL_NVIC_SetPriority
 634              	.LVL42:
 340:../../Drivers/BSP/STM32H7xx_Nucleo/stm32h7xx_nucleo.c ****   }
 635              		.loc 1 340 5 view .LVU152
 636 0070 2820     		movs	r0, #40
 637 0072 FFF7FEFF 		bl	HAL_NVIC_EnableIRQ
 638              	.LVL43:
 639 0076 DFE7     		b	.L64
 640              	.L67:
 641              		.align	2
 642              	.L66:
 643 0078 00440258 		.word	1476543488
 644 007c 00080258 		.word	1476528128
 645 0080 00000000 		.word	hpb_exti
 646 0084 0D007016 		.word	376438797
 647 0088 00000000 		.word	BUTTON_USER_EXTI_Callback
 648              		.cfi_endproc
 649              	.LFE139:
 651              		.section	.text.BSP_PB_DeInit,"ax",%progbits
ARM GAS  C:\Users\minis\AppData\Local\Temp\ccdfXcGh.s 			page 19


 652              		.align	1
 653              		.global	BSP_PB_DeInit
 654              		.syntax unified
 655              		.thumb
 656              		.thumb_func
 658              	BSP_PB_DeInit:
 659              	.LVL44:
 660              	.LFB140:
 345:../../Drivers/BSP/STM32H7xx_Nucleo/stm32h7xx_nucleo.c **** 
 346:../../Drivers/BSP/STM32H7xx_Nucleo/stm32h7xx_nucleo.c **** /**
 347:../../Drivers/BSP/STM32H7xx_Nucleo/stm32h7xx_nucleo.c ****   * @brief  Push Button DeInit.
 348:../../Drivers/BSP/STM32H7xx_Nucleo/stm32h7xx_nucleo.c ****   * @param  Button Button to be configured
 349:../../Drivers/BSP/STM32H7xx_Nucleo/stm32h7xx_nucleo.c ****   *          This parameter can be one of the following values:
 350:../../Drivers/BSP/STM32H7xx_Nucleo/stm32h7xx_nucleo.c ****   *            @arg  BUTTON_USER: Wakeup Push Button
 351:../../Drivers/BSP/STM32H7xx_Nucleo/stm32h7xx_nucleo.c ****   * @note PB DeInit does not disable the GPIO clock
 352:../../Drivers/BSP/STM32H7xx_Nucleo/stm32h7xx_nucleo.c ****   */
 353:../../Drivers/BSP/STM32H7xx_Nucleo/stm32h7xx_nucleo.c **** int32_t BSP_PB_DeInit(Button_TypeDef Button)
 354:../../Drivers/BSP/STM32H7xx_Nucleo/stm32h7xx_nucleo.c **** {
 661              		.loc 1 354 1 view -0
 662              		.cfi_startproc
 663              		@ args = 0, pretend = 0, frame = 24
 664              		@ frame_needed = 0, uses_anonymous_args = 0
 665              		.loc 1 354 1 is_stmt 0 view .LVU154
 666 0000 10B5     		push	{r4, lr}
 667              	.LCFI21:
 668              		.cfi_def_cfa_offset 8
 669              		.cfi_offset 4, -8
 670              		.cfi_offset 14, -4
 671 0002 86B0     		sub	sp, sp, #24
 672              	.LCFI22:
 673              		.cfi_def_cfa_offset 32
 355:../../Drivers/BSP/STM32H7xx_Nucleo/stm32h7xx_nucleo.c ****   GPIO_InitTypeDef gpio_init_structure;
 674              		.loc 1 355 3 is_stmt 1 view .LVU155
 356:../../Drivers/BSP/STM32H7xx_Nucleo/stm32h7xx_nucleo.c **** 
 357:../../Drivers/BSP/STM32H7xx_Nucleo/stm32h7xx_nucleo.c ****   gpio_init_structure.Pin = BUTTON_PIN[Button];
 675              		.loc 1 357 3 view .LVU156
 676              		.loc 1 357 27 is_stmt 0 view .LVU157
 677 0004 4FF40054 		mov	r4, #8192
 678 0008 0194     		str	r4, [sp, #4]
 358:../../Drivers/BSP/STM32H7xx_Nucleo/stm32h7xx_nucleo.c ****   HAL_NVIC_DisableIRQ((IRQn_Type)(BUTTON_IRQn[Button]));
 679              		.loc 1 358 3 is_stmt 1 view .LVU158
 680 000a 2820     		movs	r0, #40
 681              	.LVL45:
 682              		.loc 1 358 3 is_stmt 0 view .LVU159
 683 000c FFF7FEFF 		bl	HAL_NVIC_DisableIRQ
 684              	.LVL46:
 359:../../Drivers/BSP/STM32H7xx_Nucleo/stm32h7xx_nucleo.c ****   HAL_GPIO_DeInit(BUTTON_PORT[Button], gpio_init_structure.Pin);
 685              		.loc 1 359 3 is_stmt 1 view .LVU160
 686 0010 2146     		mov	r1, r4
 687 0012 0348     		ldr	r0, .L70
 688 0014 FFF7FEFF 		bl	HAL_GPIO_DeInit
 689              	.LVL47:
 360:../../Drivers/BSP/STM32H7xx_Nucleo/stm32h7xx_nucleo.c **** 
 361:../../Drivers/BSP/STM32H7xx_Nucleo/stm32h7xx_nucleo.c ****   return BSP_ERROR_NONE;
 690              		.loc 1 361 3 view .LVU161
 362:../../Drivers/BSP/STM32H7xx_Nucleo/stm32h7xx_nucleo.c **** }
 691              		.loc 1 362 1 is_stmt 0 view .LVU162
ARM GAS  C:\Users\minis\AppData\Local\Temp\ccdfXcGh.s 			page 20


 692 0018 0020     		movs	r0, #0
 693 001a 06B0     		add	sp, sp, #24
 694              	.LCFI23:
 695              		.cfi_def_cfa_offset 8
 696              		@ sp needed
 697 001c 10BD     		pop	{r4, pc}
 698              	.L71:
 699 001e 00BF     		.align	2
 700              	.L70:
 701 0020 00080258 		.word	1476528128
 702              		.cfi_endproc
 703              	.LFE140:
 705              		.section	.text.BSP_PB_GetState,"ax",%progbits
 706              		.align	1
 707              		.global	BSP_PB_GetState
 708              		.syntax unified
 709              		.thumb
 710              		.thumb_func
 712              	BSP_PB_GetState:
 713              	.LVL48:
 714              	.LFB141:
 363:../../Drivers/BSP/STM32H7xx_Nucleo/stm32h7xx_nucleo.c **** 
 364:../../Drivers/BSP/STM32H7xx_Nucleo/stm32h7xx_nucleo.c **** /**
 365:../../Drivers/BSP/STM32H7xx_Nucleo/stm32h7xx_nucleo.c ****   * @brief  Returns the selected button state.
 366:../../Drivers/BSP/STM32H7xx_Nucleo/stm32h7xx_nucleo.c ****   * @param  Button Button to be checked
 367:../../Drivers/BSP/STM32H7xx_Nucleo/stm32h7xx_nucleo.c ****   *          This parameter can be one of the following values:
 368:../../Drivers/BSP/STM32H7xx_Nucleo/stm32h7xx_nucleo.c ****   *            @arg  BUTTON_USER: Wakeup Push Button
 369:../../Drivers/BSP/STM32H7xx_Nucleo/stm32h7xx_nucleo.c ****   * @retval The Button GPIO pin value (GPIO_PIN_RESET = button pressed)
 370:../../Drivers/BSP/STM32H7xx_Nucleo/stm32h7xx_nucleo.c ****   */
 371:../../Drivers/BSP/STM32H7xx_Nucleo/stm32h7xx_nucleo.c **** int32_t BSP_PB_GetState(Button_TypeDef Button)
 372:../../Drivers/BSP/STM32H7xx_Nucleo/stm32h7xx_nucleo.c **** {
 715              		.loc 1 372 1 is_stmt 1 view -0
 716              		.cfi_startproc
 717              		@ args = 0, pretend = 0, frame = 0
 718              		@ frame_needed = 0, uses_anonymous_args = 0
 719              		.loc 1 372 1 is_stmt 0 view .LVU164
 720 0000 08B5     		push	{r3, lr}
 721              	.LCFI24:
 722              		.cfi_def_cfa_offset 8
 723              		.cfi_offset 3, -8
 724              		.cfi_offset 14, -4
 373:../../Drivers/BSP/STM32H7xx_Nucleo/stm32h7xx_nucleo.c ****   return (int32_t)HAL_GPIO_ReadPin(BUTTON_PORT[Button], BUTTON_PIN[Button]);
 725              		.loc 1 373 3 is_stmt 1 view .LVU165
 726              		.loc 1 373 19 is_stmt 0 view .LVU166
 727 0002 4FF40051 		mov	r1, #8192
 728 0006 0248     		ldr	r0, .L74
 729              	.LVL49:
 730              		.loc 1 373 19 view .LVU167
 731 0008 FFF7FEFF 		bl	HAL_GPIO_ReadPin
 732              	.LVL50:
 374:../../Drivers/BSP/STM32H7xx_Nucleo/stm32h7xx_nucleo.c **** }
 733              		.loc 1 374 1 view .LVU168
 734 000c 08BD     		pop	{r3, pc}
 735              	.L75:
 736 000e 00BF     		.align	2
 737              	.L74:
 738 0010 00080258 		.word	1476528128
ARM GAS  C:\Users\minis\AppData\Local\Temp\ccdfXcGh.s 			page 21


 739              		.cfi_endproc
 740              	.LFE141:
 742              		.section	.text.BSP_PB_IRQHandler,"ax",%progbits
 743              		.align	1
 744              		.global	BSP_PB_IRQHandler
 745              		.syntax unified
 746              		.thumb
 747              		.thumb_func
 749              	BSP_PB_IRQHandler:
 750              	.LVL51:
 751              	.LFB142:
 375:../../Drivers/BSP/STM32H7xx_Nucleo/stm32h7xx_nucleo.c **** 
 376:../../Drivers/BSP/STM32H7xx_Nucleo/stm32h7xx_nucleo.c **** /**
 377:../../Drivers/BSP/STM32H7xx_Nucleo/stm32h7xx_nucleo.c ****   * @brief  BSP Button IRQ handler
 378:../../Drivers/BSP/STM32H7xx_Nucleo/stm32h7xx_nucleo.c ****   * @param  Button Can only be BUTTON_USER
 379:../../Drivers/BSP/STM32H7xx_Nucleo/stm32h7xx_nucleo.c ****   * @retval None
 380:../../Drivers/BSP/STM32H7xx_Nucleo/stm32h7xx_nucleo.c ****   */
 381:../../Drivers/BSP/STM32H7xx_Nucleo/stm32h7xx_nucleo.c **** void BSP_PB_IRQHandler(Button_TypeDef Button)
 382:../../Drivers/BSP/STM32H7xx_Nucleo/stm32h7xx_nucleo.c **** {
 752              		.loc 1 382 1 is_stmt 1 view -0
 753              		.cfi_startproc
 754              		@ args = 0, pretend = 0, frame = 0
 755              		@ frame_needed = 0, uses_anonymous_args = 0
 756              		.loc 1 382 1 is_stmt 0 view .LVU170
 757 0000 08B5     		push	{r3, lr}
 758              	.LCFI25:
 759              		.cfi_def_cfa_offset 8
 760              		.cfi_offset 3, -8
 761              		.cfi_offset 14, -4
 383:../../Drivers/BSP/STM32H7xx_Nucleo/stm32h7xx_nucleo.c ****   HAL_EXTI_IRQHandler(&hpb_exti[Button]);
 762              		.loc 1 383 3 is_stmt 1 view .LVU171
 763 0002 034B     		ldr	r3, .L78
 764 0004 03EBC000 		add	r0, r3, r0, lsl #3
 765              	.LVL52:
 766              		.loc 1 383 3 is_stmt 0 view .LVU172
 767 0008 FFF7FEFF 		bl	HAL_EXTI_IRQHandler
 768              	.LVL53:
 384:../../Drivers/BSP/STM32H7xx_Nucleo/stm32h7xx_nucleo.c **** }
 769              		.loc 1 384 1 view .LVU173
 770 000c 08BD     		pop	{r3, pc}
 771              	.L79:
 772 000e 00BF     		.align	2
 773              	.L78:
 774 0010 00000000 		.word	hpb_exti
 775              		.cfi_endproc
 776              	.LFE142:
 778              		.section	.text.BSP_PB_Callback,"ax",%progbits
 779              		.align	1
 780              		.weak	BSP_PB_Callback
 781              		.syntax unified
 782              		.thumb
 783              		.thumb_func
 785              	BSP_PB_Callback:
 786              	.LVL54:
 787              	.LFB143:
 385:../../Drivers/BSP/STM32H7xx_Nucleo/stm32h7xx_nucleo.c **** 
 386:../../Drivers/BSP/STM32H7xx_Nucleo/stm32h7xx_nucleo.c **** /**
ARM GAS  C:\Users\minis\AppData\Local\Temp\ccdfXcGh.s 			page 22


 387:../../Drivers/BSP/STM32H7xx_Nucleo/stm32h7xx_nucleo.c ****   * @brief  BSP Push Button callback
 388:../../Drivers/BSP/STM32H7xx_Nucleo/stm32h7xx_nucleo.c ****   * @param  Button Specifies the pin connected EXTI line
 389:../../Drivers/BSP/STM32H7xx_Nucleo/stm32h7xx_nucleo.c ****   * @retval None
 390:../../Drivers/BSP/STM32H7xx_Nucleo/stm32h7xx_nucleo.c ****   */
 391:../../Drivers/BSP/STM32H7xx_Nucleo/stm32h7xx_nucleo.c **** __weak void BSP_PB_Callback(Button_TypeDef Button)
 392:../../Drivers/BSP/STM32H7xx_Nucleo/stm32h7xx_nucleo.c **** {
 788              		.loc 1 392 1 is_stmt 1 view -0
 789              		.cfi_startproc
 790              		@ args = 0, pretend = 0, frame = 0
 791              		@ frame_needed = 0, uses_anonymous_args = 0
 792              		@ link register save eliminated.
 393:../../Drivers/BSP/STM32H7xx_Nucleo/stm32h7xx_nucleo.c ****   /* Prevent unused argument(s) compilation warning */
 394:../../Drivers/BSP/STM32H7xx_Nucleo/stm32h7xx_nucleo.c ****   UNUSED(Button);
 793              		.loc 1 394 3 view .LVU175
 395:../../Drivers/BSP/STM32H7xx_Nucleo/stm32h7xx_nucleo.c **** 
 396:../../Drivers/BSP/STM32H7xx_Nucleo/stm32h7xx_nucleo.c ****   /* This function should be implemented by the user application.
 397:../../Drivers/BSP/STM32H7xx_Nucleo/stm32h7xx_nucleo.c ****      It is called into this driver when an event on Button is triggered. */
 398:../../Drivers/BSP/STM32H7xx_Nucleo/stm32h7xx_nucleo.c **** }
 794              		.loc 1 398 1 is_stmt 0 view .LVU176
 795 0000 7047     		bx	lr
 796              		.cfi_endproc
 797              	.LFE143:
 799              		.section	.text.BUTTON_USER_EXTI_Callback,"ax",%progbits
 800              		.align	1
 801              		.syntax unified
 802              		.thumb
 803              		.thumb_func
 805              	BUTTON_USER_EXTI_Callback:
 806              	.LFB144:
 399:../../Drivers/BSP/STM32H7xx_Nucleo/stm32h7xx_nucleo.c **** 
 400:../../Drivers/BSP/STM32H7xx_Nucleo/stm32h7xx_nucleo.c **** #if (USE_BSP_COM_FEATURE > 0)
 401:../../Drivers/BSP/STM32H7xx_Nucleo/stm32h7xx_nucleo.c **** /**
 402:../../Drivers/BSP/STM32H7xx_Nucleo/stm32h7xx_nucleo.c ****   * @brief  Configures COM port.
 403:../../Drivers/BSP/STM32H7xx_Nucleo/stm32h7xx_nucleo.c ****   * @param  COM COM port to be configured.
 404:../../Drivers/BSP/STM32H7xx_Nucleo/stm32h7xx_nucleo.c ****   *          This parameter can be COM1
 405:../../Drivers/BSP/STM32H7xx_Nucleo/stm32h7xx_nucleo.c ****   * @param  COM_Init Pointer to a UART_HandleTypeDef structure that contains the
 406:../../Drivers/BSP/STM32H7xx_Nucleo/stm32h7xx_nucleo.c ****   *                  configuration information for the specified USART peripheral.
 407:../../Drivers/BSP/STM32H7xx_Nucleo/stm32h7xx_nucleo.c ****   * @retval BSP error code
 408:../../Drivers/BSP/STM32H7xx_Nucleo/stm32h7xx_nucleo.c ****   */
 409:../../Drivers/BSP/STM32H7xx_Nucleo/stm32h7xx_nucleo.c **** int32_t BSP_COM_Init(COM_TypeDef COM, COM_InitTypeDef *COM_Init)
 410:../../Drivers/BSP/STM32H7xx_Nucleo/stm32h7xx_nucleo.c **** {
 411:../../Drivers/BSP/STM32H7xx_Nucleo/stm32h7xx_nucleo.c ****   int32_t ret = BSP_ERROR_NONE;
 412:../../Drivers/BSP/STM32H7xx_Nucleo/stm32h7xx_nucleo.c **** 
 413:../../Drivers/BSP/STM32H7xx_Nucleo/stm32h7xx_nucleo.c ****   if(COM >= COMn)
 414:../../Drivers/BSP/STM32H7xx_Nucleo/stm32h7xx_nucleo.c ****   {
 415:../../Drivers/BSP/STM32H7xx_Nucleo/stm32h7xx_nucleo.c ****     ret = BSP_ERROR_WRONG_PARAM;
 416:../../Drivers/BSP/STM32H7xx_Nucleo/stm32h7xx_nucleo.c ****   }
 417:../../Drivers/BSP/STM32H7xx_Nucleo/stm32h7xx_nucleo.c ****   else
 418:../../Drivers/BSP/STM32H7xx_Nucleo/stm32h7xx_nucleo.c ****   {
 419:../../Drivers/BSP/STM32H7xx_Nucleo/stm32h7xx_nucleo.c **** #if (USE_HAL_UART_REGISTER_CALLBACKS == 0)
 420:../../Drivers/BSP/STM32H7xx_Nucleo/stm32h7xx_nucleo.c ****     /* Init the UART Msp */
 421:../../Drivers/BSP/STM32H7xx_Nucleo/stm32h7xx_nucleo.c ****     COM1_MspInit(&hcom_uart[COM]);
 422:../../Drivers/BSP/STM32H7xx_Nucleo/stm32h7xx_nucleo.c **** #else
 423:../../Drivers/BSP/STM32H7xx_Nucleo/stm32h7xx_nucleo.c ****     if(IsComMspCbValid[COM] == 0U)
 424:../../Drivers/BSP/STM32H7xx_Nucleo/stm32h7xx_nucleo.c ****     {
 425:../../Drivers/BSP/STM32H7xx_Nucleo/stm32h7xx_nucleo.c ****       if(BSP_COM_RegisterDefaultMspCallbacks(COM) != BSP_ERROR_NONE)
 426:../../Drivers/BSP/STM32H7xx_Nucleo/stm32h7xx_nucleo.c ****       {
ARM GAS  C:\Users\minis\AppData\Local\Temp\ccdfXcGh.s 			page 23


 427:../../Drivers/BSP/STM32H7xx_Nucleo/stm32h7xx_nucleo.c ****         return BSP_ERROR_MSP_FAILURE;
 428:../../Drivers/BSP/STM32H7xx_Nucleo/stm32h7xx_nucleo.c ****       }
 429:../../Drivers/BSP/STM32H7xx_Nucleo/stm32h7xx_nucleo.c ****     }
 430:../../Drivers/BSP/STM32H7xx_Nucleo/stm32h7xx_nucleo.c **** #endif
 431:../../Drivers/BSP/STM32H7xx_Nucleo/stm32h7xx_nucleo.c **** 
 432:../../Drivers/BSP/STM32H7xx_Nucleo/stm32h7xx_nucleo.c ****     if(MX_USART3_Init(&hcom_uart[COM], COM_Init) != HAL_OK)
 433:../../Drivers/BSP/STM32H7xx_Nucleo/stm32h7xx_nucleo.c ****     {
 434:../../Drivers/BSP/STM32H7xx_Nucleo/stm32h7xx_nucleo.c ****       ret = BSP_ERROR_PERIPH_FAILURE;
 435:../../Drivers/BSP/STM32H7xx_Nucleo/stm32h7xx_nucleo.c ****     }
 436:../../Drivers/BSP/STM32H7xx_Nucleo/stm32h7xx_nucleo.c ****   }
 437:../../Drivers/BSP/STM32H7xx_Nucleo/stm32h7xx_nucleo.c **** 
 438:../../Drivers/BSP/STM32H7xx_Nucleo/stm32h7xx_nucleo.c ****   return ret;
 439:../../Drivers/BSP/STM32H7xx_Nucleo/stm32h7xx_nucleo.c **** }
 440:../../Drivers/BSP/STM32H7xx_Nucleo/stm32h7xx_nucleo.c **** 
 441:../../Drivers/BSP/STM32H7xx_Nucleo/stm32h7xx_nucleo.c **** /**
 442:../../Drivers/BSP/STM32H7xx_Nucleo/stm32h7xx_nucleo.c ****   * @brief  DeInit COM port.
 443:../../Drivers/BSP/STM32H7xx_Nucleo/stm32h7xx_nucleo.c ****   * @param  COM COM port to be configured.
 444:../../Drivers/BSP/STM32H7xx_Nucleo/stm32h7xx_nucleo.c ****   *          This parameter can be COM1
 445:../../Drivers/BSP/STM32H7xx_Nucleo/stm32h7xx_nucleo.c ****   * @retval BSP status
 446:../../Drivers/BSP/STM32H7xx_Nucleo/stm32h7xx_nucleo.c ****   */
 447:../../Drivers/BSP/STM32H7xx_Nucleo/stm32h7xx_nucleo.c **** int32_t BSP_COM_DeInit(COM_TypeDef COM)
 448:../../Drivers/BSP/STM32H7xx_Nucleo/stm32h7xx_nucleo.c **** {
 449:../../Drivers/BSP/STM32H7xx_Nucleo/stm32h7xx_nucleo.c ****   int32_t ret = BSP_ERROR_NONE;
 450:../../Drivers/BSP/STM32H7xx_Nucleo/stm32h7xx_nucleo.c **** 
 451:../../Drivers/BSP/STM32H7xx_Nucleo/stm32h7xx_nucleo.c ****   if(COM >= COMn)
 452:../../Drivers/BSP/STM32H7xx_Nucleo/stm32h7xx_nucleo.c ****   {
 453:../../Drivers/BSP/STM32H7xx_Nucleo/stm32h7xx_nucleo.c ****     ret = BSP_ERROR_WRONG_PARAM;
 454:../../Drivers/BSP/STM32H7xx_Nucleo/stm32h7xx_nucleo.c ****   }
 455:../../Drivers/BSP/STM32H7xx_Nucleo/stm32h7xx_nucleo.c ****   else
 456:../../Drivers/BSP/STM32H7xx_Nucleo/stm32h7xx_nucleo.c ****   {
 457:../../Drivers/BSP/STM32H7xx_Nucleo/stm32h7xx_nucleo.c ****     /* USART configuration */
 458:../../Drivers/BSP/STM32H7xx_Nucleo/stm32h7xx_nucleo.c ****     hcom_uart[COM].Instance = COM_USART[COM];
 459:../../Drivers/BSP/STM32H7xx_Nucleo/stm32h7xx_nucleo.c **** 
 460:../../Drivers/BSP/STM32H7xx_Nucleo/stm32h7xx_nucleo.c **** #if (USE_HAL_UART_REGISTER_CALLBACKS == 0)
 461:../../Drivers/BSP/STM32H7xx_Nucleo/stm32h7xx_nucleo.c ****     COM1_MspDeInit(&hcom_uart[COM]);
 462:../../Drivers/BSP/STM32H7xx_Nucleo/stm32h7xx_nucleo.c **** #endif /* (USE_HAL_UART_REGISTER_CALLBACKS == 0) */
 463:../../Drivers/BSP/STM32H7xx_Nucleo/stm32h7xx_nucleo.c **** 
 464:../../Drivers/BSP/STM32H7xx_Nucleo/stm32h7xx_nucleo.c ****     if(HAL_UART_DeInit(&hcom_uart[COM]) != HAL_OK)
 465:../../Drivers/BSP/STM32H7xx_Nucleo/stm32h7xx_nucleo.c ****     {
 466:../../Drivers/BSP/STM32H7xx_Nucleo/stm32h7xx_nucleo.c ****       ret = BSP_ERROR_PERIPH_FAILURE;
 467:../../Drivers/BSP/STM32H7xx_Nucleo/stm32h7xx_nucleo.c ****     }
 468:../../Drivers/BSP/STM32H7xx_Nucleo/stm32h7xx_nucleo.c ****   }
 469:../../Drivers/BSP/STM32H7xx_Nucleo/stm32h7xx_nucleo.c **** 
 470:../../Drivers/BSP/STM32H7xx_Nucleo/stm32h7xx_nucleo.c ****   return ret;
 471:../../Drivers/BSP/STM32H7xx_Nucleo/stm32h7xx_nucleo.c **** }
 472:../../Drivers/BSP/STM32H7xx_Nucleo/stm32h7xx_nucleo.c **** 
 473:../../Drivers/BSP/STM32H7xx_Nucleo/stm32h7xx_nucleo.c **** /**
 474:../../Drivers/BSP/STM32H7xx_Nucleo/stm32h7xx_nucleo.c ****   * @brief  Configures COM port.
 475:../../Drivers/BSP/STM32H7xx_Nucleo/stm32h7xx_nucleo.c ****   * @param  huart USART handle
 476:../../Drivers/BSP/STM32H7xx_Nucleo/stm32h7xx_nucleo.c ****   * @param  COM_Init Pointer to a UART_HandleTypeDef structure that contains the
 477:../../Drivers/BSP/STM32H7xx_Nucleo/stm32h7xx_nucleo.c ****   *                  configuration information for the specified USART peripheral.
 478:../../Drivers/BSP/STM32H7xx_Nucleo/stm32h7xx_nucleo.c ****   * @retval HAL error code
 479:../../Drivers/BSP/STM32H7xx_Nucleo/stm32h7xx_nucleo.c ****   */
 480:../../Drivers/BSP/STM32H7xx_Nucleo/stm32h7xx_nucleo.c **** __weak HAL_StatusTypeDef MX_USART3_Init(UART_HandleTypeDef *huart, MX_UART_InitTypeDef *COM_Init)
 481:../../Drivers/BSP/STM32H7xx_Nucleo/stm32h7xx_nucleo.c **** {
 482:../../Drivers/BSP/STM32H7xx_Nucleo/stm32h7xx_nucleo.c ****   /* USART configuration */
 483:../../Drivers/BSP/STM32H7xx_Nucleo/stm32h7xx_nucleo.c ****  huart->Instance          = COM_USART[COM1];
ARM GAS  C:\Users\minis\AppData\Local\Temp\ccdfXcGh.s 			page 24


 484:../../Drivers/BSP/STM32H7xx_Nucleo/stm32h7xx_nucleo.c ****  huart->Init.BaudRate     = COM_Init->BaudRate;
 485:../../Drivers/BSP/STM32H7xx_Nucleo/stm32h7xx_nucleo.c ****  huart->Init.Mode         = UART_MODE_TX_RX;
 486:../../Drivers/BSP/STM32H7xx_Nucleo/stm32h7xx_nucleo.c ****  huart->Init.Parity       = (uint32_t)COM_Init->Parity;
 487:../../Drivers/BSP/STM32H7xx_Nucleo/stm32h7xx_nucleo.c ****  huart->Init.WordLength   = (uint32_t)COM_Init->WordLength;
 488:../../Drivers/BSP/STM32H7xx_Nucleo/stm32h7xx_nucleo.c ****  huart->Init.StopBits     = (uint32_t)COM_Init->StopBits;
 489:../../Drivers/BSP/STM32H7xx_Nucleo/stm32h7xx_nucleo.c ****  huart->Init.HwFlowCtl    = (uint32_t)COM_Init->HwFlowCtl;
 490:../../Drivers/BSP/STM32H7xx_Nucleo/stm32h7xx_nucleo.c ****  huart->Init.OverSampling = UART_OVERSAMPLING_8;
 491:../../Drivers/BSP/STM32H7xx_Nucleo/stm32h7xx_nucleo.c **** 
 492:../../Drivers/BSP/STM32H7xx_Nucleo/stm32h7xx_nucleo.c ****  return HAL_UART_Init(huart);
 493:../../Drivers/BSP/STM32H7xx_Nucleo/stm32h7xx_nucleo.c **** }
 494:../../Drivers/BSP/STM32H7xx_Nucleo/stm32h7xx_nucleo.c **** 
 495:../../Drivers/BSP/STM32H7xx_Nucleo/stm32h7xx_nucleo.c **** #if (USE_HAL_UART_REGISTER_CALLBACKS == 1)
 496:../../Drivers/BSP/STM32H7xx_Nucleo/stm32h7xx_nucleo.c **** /**
 497:../../Drivers/BSP/STM32H7xx_Nucleo/stm32h7xx_nucleo.c ****   * @brief Register Default COM Msp Callbacks
 498:../../Drivers/BSP/STM32H7xx_Nucleo/stm32h7xx_nucleo.c ****   * @param  COM COM port to be configured.
 499:../../Drivers/BSP/STM32H7xx_Nucleo/stm32h7xx_nucleo.c ****   *          This parameter can be COM1
 500:../../Drivers/BSP/STM32H7xx_Nucleo/stm32h7xx_nucleo.c ****   * @retval BSP status
 501:../../Drivers/BSP/STM32H7xx_Nucleo/stm32h7xx_nucleo.c ****   */
 502:../../Drivers/BSP/STM32H7xx_Nucleo/stm32h7xx_nucleo.c **** int32_t BSP_COM_RegisterDefaultMspCallbacks(COM_TypeDef COM)
 503:../../Drivers/BSP/STM32H7xx_Nucleo/stm32h7xx_nucleo.c **** {
 504:../../Drivers/BSP/STM32H7xx_Nucleo/stm32h7xx_nucleo.c ****   int32_t ret = BSP_ERROR_NONE;
 505:../../Drivers/BSP/STM32H7xx_Nucleo/stm32h7xx_nucleo.c **** 
 506:../../Drivers/BSP/STM32H7xx_Nucleo/stm32h7xx_nucleo.c ****   if(COM >= COMn)
 507:../../Drivers/BSP/STM32H7xx_Nucleo/stm32h7xx_nucleo.c ****   {
 508:../../Drivers/BSP/STM32H7xx_Nucleo/stm32h7xx_nucleo.c ****     ret = BSP_ERROR_WRONG_PARAM;
 509:../../Drivers/BSP/STM32H7xx_Nucleo/stm32h7xx_nucleo.c ****   }
 510:../../Drivers/BSP/STM32H7xx_Nucleo/stm32h7xx_nucleo.c ****   else
 511:../../Drivers/BSP/STM32H7xx_Nucleo/stm32h7xx_nucleo.c ****   {
 512:../../Drivers/BSP/STM32H7xx_Nucleo/stm32h7xx_nucleo.c ****     __HAL_UART_RESET_HANDLE_STATE(&hcom_uart[COM]);
 513:../../Drivers/BSP/STM32H7xx_Nucleo/stm32h7xx_nucleo.c **** 
 514:../../Drivers/BSP/STM32H7xx_Nucleo/stm32h7xx_nucleo.c ****     /* Register default MspInit/MspDeInit Callback */
 515:../../Drivers/BSP/STM32H7xx_Nucleo/stm32h7xx_nucleo.c ****     if(HAL_UART_RegisterCallback(&hcom_uart[COM], HAL_UART_MSPINIT_CB_ID, COM1_MspInit) != HAL_OK)
 516:../../Drivers/BSP/STM32H7xx_Nucleo/stm32h7xx_nucleo.c ****     {
 517:../../Drivers/BSP/STM32H7xx_Nucleo/stm32h7xx_nucleo.c ****       ret = BSP_ERROR_PERIPH_FAILURE;
 518:../../Drivers/BSP/STM32H7xx_Nucleo/stm32h7xx_nucleo.c ****     }
 519:../../Drivers/BSP/STM32H7xx_Nucleo/stm32h7xx_nucleo.c ****     else if(HAL_UART_RegisterCallback(&hcom_uart[COM], HAL_UART_MSPDEINIT_CB_ID, COM1_MspDeInit) !=
 520:../../Drivers/BSP/STM32H7xx_Nucleo/stm32h7xx_nucleo.c ****     {
 521:../../Drivers/BSP/STM32H7xx_Nucleo/stm32h7xx_nucleo.c ****       ret = BSP_ERROR_PERIPH_FAILURE;
 522:../../Drivers/BSP/STM32H7xx_Nucleo/stm32h7xx_nucleo.c ****     }
 523:../../Drivers/BSP/STM32H7xx_Nucleo/stm32h7xx_nucleo.c ****     else
 524:../../Drivers/BSP/STM32H7xx_Nucleo/stm32h7xx_nucleo.c ****     {
 525:../../Drivers/BSP/STM32H7xx_Nucleo/stm32h7xx_nucleo.c ****       IsComMspCbValid[COM] = 1U;
 526:../../Drivers/BSP/STM32H7xx_Nucleo/stm32h7xx_nucleo.c ****     }
 527:../../Drivers/BSP/STM32H7xx_Nucleo/stm32h7xx_nucleo.c ****   }
 528:../../Drivers/BSP/STM32H7xx_Nucleo/stm32h7xx_nucleo.c **** 
 529:../../Drivers/BSP/STM32H7xx_Nucleo/stm32h7xx_nucleo.c ****   /* BSP status */
 530:../../Drivers/BSP/STM32H7xx_Nucleo/stm32h7xx_nucleo.c ****   return ret;
 531:../../Drivers/BSP/STM32H7xx_Nucleo/stm32h7xx_nucleo.c **** }
 532:../../Drivers/BSP/STM32H7xx_Nucleo/stm32h7xx_nucleo.c **** 
 533:../../Drivers/BSP/STM32H7xx_Nucleo/stm32h7xx_nucleo.c **** /**
 534:../../Drivers/BSP/STM32H7xx_Nucleo/stm32h7xx_nucleo.c ****   * @brief Register COM Msp Callback registering
 535:../../Drivers/BSP/STM32H7xx_Nucleo/stm32h7xx_nucleo.c ****   * @param  COM COM port to be configured.
 536:../../Drivers/BSP/STM32H7xx_Nucleo/stm32h7xx_nucleo.c ****   *          This parameter can be COM1
 537:../../Drivers/BSP/STM32H7xx_Nucleo/stm32h7xx_nucleo.c ****   * @param Callbacks     pointer to COM1 MspInit/MspDeInit callback functions
 538:../../Drivers/BSP/STM32H7xx_Nucleo/stm32h7xx_nucleo.c ****   * @retval BSP status
 539:../../Drivers/BSP/STM32H7xx_Nucleo/stm32h7xx_nucleo.c ****   */
 540:../../Drivers/BSP/STM32H7xx_Nucleo/stm32h7xx_nucleo.c **** int32_t BSP_COM_RegisterMspCallbacks(COM_TypeDef COM , BSP_COM_Cb_t *Callback)
ARM GAS  C:\Users\minis\AppData\Local\Temp\ccdfXcGh.s 			page 25


 541:../../Drivers/BSP/STM32H7xx_Nucleo/stm32h7xx_nucleo.c **** {
 542:../../Drivers/BSP/STM32H7xx_Nucleo/stm32h7xx_nucleo.c ****   int32_t ret = BSP_ERROR_NONE;
 543:../../Drivers/BSP/STM32H7xx_Nucleo/stm32h7xx_nucleo.c **** 
 544:../../Drivers/BSP/STM32H7xx_Nucleo/stm32h7xx_nucleo.c ****   if(COM >= COMn)
 545:../../Drivers/BSP/STM32H7xx_Nucleo/stm32h7xx_nucleo.c ****   {
 546:../../Drivers/BSP/STM32H7xx_Nucleo/stm32h7xx_nucleo.c ****     ret = BSP_ERROR_WRONG_PARAM;
 547:../../Drivers/BSP/STM32H7xx_Nucleo/stm32h7xx_nucleo.c ****   }
 548:../../Drivers/BSP/STM32H7xx_Nucleo/stm32h7xx_nucleo.c ****   else
 549:../../Drivers/BSP/STM32H7xx_Nucleo/stm32h7xx_nucleo.c ****   {
 550:../../Drivers/BSP/STM32H7xx_Nucleo/stm32h7xx_nucleo.c ****     __HAL_UART_RESET_HANDLE_STATE(&hcom_uart[COM]);
 551:../../Drivers/BSP/STM32H7xx_Nucleo/stm32h7xx_nucleo.c **** 
 552:../../Drivers/BSP/STM32H7xx_Nucleo/stm32h7xx_nucleo.c ****     /* Register MspInit/MspDeInit Callbacks */
 553:../../Drivers/BSP/STM32H7xx_Nucleo/stm32h7xx_nucleo.c ****     if(HAL_UART_RegisterCallback(&hcom_uart[COM], HAL_UART_MSPINIT_CB_ID, Callback->pMspInitCb) != 
 554:../../Drivers/BSP/STM32H7xx_Nucleo/stm32h7xx_nucleo.c ****     {
 555:../../Drivers/BSP/STM32H7xx_Nucleo/stm32h7xx_nucleo.c ****       ret = BSP_ERROR_PERIPH_FAILURE;
 556:../../Drivers/BSP/STM32H7xx_Nucleo/stm32h7xx_nucleo.c ****     }
 557:../../Drivers/BSP/STM32H7xx_Nucleo/stm32h7xx_nucleo.c ****     else if(HAL_UART_RegisterCallback(&hcom_uart[COM], HAL_UART_MSPDEINIT_CB_ID, Callback->pMspDeIn
 558:../../Drivers/BSP/STM32H7xx_Nucleo/stm32h7xx_nucleo.c ****     {
 559:../../Drivers/BSP/STM32H7xx_Nucleo/stm32h7xx_nucleo.c ****       ret = BSP_ERROR_PERIPH_FAILURE;
 560:../../Drivers/BSP/STM32H7xx_Nucleo/stm32h7xx_nucleo.c ****     }
 561:../../Drivers/BSP/STM32H7xx_Nucleo/stm32h7xx_nucleo.c ****     else
 562:../../Drivers/BSP/STM32H7xx_Nucleo/stm32h7xx_nucleo.c ****     {
 563:../../Drivers/BSP/STM32H7xx_Nucleo/stm32h7xx_nucleo.c ****       IsComMspCbValid[COM] = 1U;
 564:../../Drivers/BSP/STM32H7xx_Nucleo/stm32h7xx_nucleo.c ****     }
 565:../../Drivers/BSP/STM32H7xx_Nucleo/stm32h7xx_nucleo.c ****   }
 566:../../Drivers/BSP/STM32H7xx_Nucleo/stm32h7xx_nucleo.c ****   /* BSP status */
 567:../../Drivers/BSP/STM32H7xx_Nucleo/stm32h7xx_nucleo.c ****   return ret;
 568:../../Drivers/BSP/STM32H7xx_Nucleo/stm32h7xx_nucleo.c **** }
 569:../../Drivers/BSP/STM32H7xx_Nucleo/stm32h7xx_nucleo.c **** #endif /* USE_HAL_UART_REGISTER_CALLBACKS */
 570:../../Drivers/BSP/STM32H7xx_Nucleo/stm32h7xx_nucleo.c **** 
 571:../../Drivers/BSP/STM32H7xx_Nucleo/stm32h7xx_nucleo.c **** #if (USE_COM_LOG > 0)
 572:../../Drivers/BSP/STM32H7xx_Nucleo/stm32h7xx_nucleo.c **** /**
 573:../../Drivers/BSP/STM32H7xx_Nucleo/stm32h7xx_nucleo.c ****   * @brief  Select the active COM port.
 574:../../Drivers/BSP/STM32H7xx_Nucleo/stm32h7xx_nucleo.c ****   * @param  COM COM port to be activated.
 575:../../Drivers/BSP/STM32H7xx_Nucleo/stm32h7xx_nucleo.c ****   *          This parameter can be COM1
 576:../../Drivers/BSP/STM32H7xx_Nucleo/stm32h7xx_nucleo.c ****   * @retval BSP status
 577:../../Drivers/BSP/STM32H7xx_Nucleo/stm32h7xx_nucleo.c ****   */
 578:../../Drivers/BSP/STM32H7xx_Nucleo/stm32h7xx_nucleo.c **** int32_t BSP_COM_SelectLogPort(COM_TypeDef COM)
 579:../../Drivers/BSP/STM32H7xx_Nucleo/stm32h7xx_nucleo.c **** {
 580:../../Drivers/BSP/STM32H7xx_Nucleo/stm32h7xx_nucleo.c ****   if(COM_ActiveLogPort != COM)
 581:../../Drivers/BSP/STM32H7xx_Nucleo/stm32h7xx_nucleo.c ****   {
 582:../../Drivers/BSP/STM32H7xx_Nucleo/stm32h7xx_nucleo.c ****     COM_ActiveLogPort = COM;
 583:../../Drivers/BSP/STM32H7xx_Nucleo/stm32h7xx_nucleo.c ****   }
 584:../../Drivers/BSP/STM32H7xx_Nucleo/stm32h7xx_nucleo.c ****   return BSP_ERROR_NONE;
 585:../../Drivers/BSP/STM32H7xx_Nucleo/stm32h7xx_nucleo.c **** }
 586:../../Drivers/BSP/STM32H7xx_Nucleo/stm32h7xx_nucleo.c **** 
 587:../../Drivers/BSP/STM32H7xx_Nucleo/stm32h7xx_nucleo.c **** /**
 588:../../Drivers/BSP/STM32H7xx_Nucleo/stm32h7xx_nucleo.c ****   * @brief  Redirect console output to COM
 589:../../Drivers/BSP/STM32H7xx_Nucleo/stm32h7xx_nucleo.c ****   */
 590:../../Drivers/BSP/STM32H7xx_Nucleo/stm32h7xx_nucleo.c ****  #ifdef __GNUC__
 591:../../Drivers/BSP/STM32H7xx_Nucleo/stm32h7xx_nucleo.c ****  int __io_putchar (int ch)
 592:../../Drivers/BSP/STM32H7xx_Nucleo/stm32h7xx_nucleo.c ****  #else
 593:../../Drivers/BSP/STM32H7xx_Nucleo/stm32h7xx_nucleo.c ****  int fputc (int ch, FILE *f)
 594:../../Drivers/BSP/STM32H7xx_Nucleo/stm32h7xx_nucleo.c ****  #endif /* __GNUC__ */
 595:../../Drivers/BSP/STM32H7xx_Nucleo/stm32h7xx_nucleo.c **** {
 596:../../Drivers/BSP/STM32H7xx_Nucleo/stm32h7xx_nucleo.c ****   HAL_UART_Transmit (&hcom_uart [COM_ActiveLogPort], (uint8_t *) &ch, 1, COM_POLL_TIMEOUT);
 597:../../Drivers/BSP/STM32H7xx_Nucleo/stm32h7xx_nucleo.c ****   return ch;
ARM GAS  C:\Users\minis\AppData\Local\Temp\ccdfXcGh.s 			page 26


 598:../../Drivers/BSP/STM32H7xx_Nucleo/stm32h7xx_nucleo.c **** }
 599:../../Drivers/BSP/STM32H7xx_Nucleo/stm32h7xx_nucleo.c **** #endif /* USE_COM_LOG */
 600:../../Drivers/BSP/STM32H7xx_Nucleo/stm32h7xx_nucleo.c **** #endif /* USE_BSP_COM_FEATURE */
 601:../../Drivers/BSP/STM32H7xx_Nucleo/stm32h7xx_nucleo.c **** 
 602:../../Drivers/BSP/STM32H7xx_Nucleo/stm32h7xx_nucleo.c **** /**
 603:../../Drivers/BSP/STM32H7xx_Nucleo/stm32h7xx_nucleo.c ****   * @}
 604:../../Drivers/BSP/STM32H7xx_Nucleo/stm32h7xx_nucleo.c ****   */
 605:../../Drivers/BSP/STM32H7xx_Nucleo/stm32h7xx_nucleo.c **** 
 606:../../Drivers/BSP/STM32H7xx_Nucleo/stm32h7xx_nucleo.c **** /** @defgroup STM32H7XX_NUCLEO_LOW_LEVEL_Private_Functions LOW LEVEL Private functions
 607:../../Drivers/BSP/STM32H7xx_Nucleo/stm32h7xx_nucleo.c ****   * @{
 608:../../Drivers/BSP/STM32H7xx_Nucleo/stm32h7xx_nucleo.c ****   */
 609:../../Drivers/BSP/STM32H7xx_Nucleo/stm32h7xx_nucleo.c **** /**
 610:../../Drivers/BSP/STM32H7xx_Nucleo/stm32h7xx_nucleo.c ****   * @brief  Key EXTI line detection callbacks.
 611:../../Drivers/BSP/STM32H7xx_Nucleo/stm32h7xx_nucleo.c ****   * @retval BSP status
 612:../../Drivers/BSP/STM32H7xx_Nucleo/stm32h7xx_nucleo.c ****   */
 613:../../Drivers/BSP/STM32H7xx_Nucleo/stm32h7xx_nucleo.c **** static void BUTTON_USER_EXTI_Callback(void)
 614:../../Drivers/BSP/STM32H7xx_Nucleo/stm32h7xx_nucleo.c **** {
 807              		.loc 1 614 1 is_stmt 1 view -0
 808              		.cfi_startproc
 809              		@ args = 0, pretend = 0, frame = 0
 810              		@ frame_needed = 0, uses_anonymous_args = 0
 811 0000 08B5     		push	{r3, lr}
 812              	.LCFI26:
 813              		.cfi_def_cfa_offset 8
 814              		.cfi_offset 3, -8
 815              		.cfi_offset 14, -4
 615:../../Drivers/BSP/STM32H7xx_Nucleo/stm32h7xx_nucleo.c ****   BSP_PB_Callback(BUTTON_USER);
 816              		.loc 1 615 3 view .LVU178
 817 0002 0020     		movs	r0, #0
 818 0004 FFF7FEFF 		bl	BSP_PB_Callback
 819              	.LVL55:
 616:../../Drivers/BSP/STM32H7xx_Nucleo/stm32h7xx_nucleo.c **** }
 820              		.loc 1 616 1 is_stmt 0 view .LVU179
 821 0008 08BD     		pop	{r3, pc}
 822              		.cfi_endproc
 823              	.LFE144:
 825              		.section	.rodata.LED_PIN,"a"
 826              		.align	2
 829              	LED_PIN:
 830 0000 0100     		.short	1
 831 0002 0200     		.short	2
 832 0004 0040     		.short	16384
 833              		.section	.rodata.LED_PORT,"a"
 834              		.align	2
 837              	LED_PORT:
 838 0000 00040258 		.word	1476527104
 839 0004 00100258 		.word	1476530176
 840 0008 00040258 		.word	1476527104
 841              		.global	hpb_exti
 842              		.section	.bss.hpb_exti,"aw",%nobits
 843              		.align	2
 846              	hpb_exti:
 847 0000 00000000 		.space	8
 847      00000000 
 848              		.text
 849              	.Letext0:
 850              		.file 2 "../../Drivers/CMSIS/Device/ST/STM32H7xx/Include/stm32h755xx.h"
ARM GAS  C:\Users\minis\AppData\Local\Temp\ccdfXcGh.s 			page 27


 851              		.file 3 "C:/Program Files (x86)/Arm GNU Toolchain arm-none-eabi/14.3 rel1/arm-none-eabi/include/ma
 852              		.file 4 "C:/Program Files (x86)/Arm GNU Toolchain arm-none-eabi/14.3 rel1/arm-none-eabi/include/sy
 853              		.file 5 "../../Drivers/STM32H7xx_HAL_Driver/Inc/stm32h7xx_hal_def.h"
 854              		.file 6 "../../Drivers/STM32H7xx_HAL_Driver/Inc/stm32h7xx_hal_gpio.h"
 855              		.file 7 "../../Drivers/STM32H7xx_HAL_Driver/Inc/stm32h7xx_hal_exti.h"
 856              		.file 8 "../../Drivers/BSP/STM32H7xx_Nucleo/stm32h7xx_nucleo.h"
 857              		.file 9 "../../Drivers/STM32H7xx_HAL_Driver/Inc/stm32h7xx_hal_cortex.h"
ARM GAS  C:\Users\minis\AppData\Local\Temp\ccdfXcGh.s 			page 28


DEFINED SYMBOLS
                            *ABS*:00000000 stm32h7xx_nucleo.c
C:\Users\minis\AppData\Local\Temp\ccdfXcGh.s:19     .text.BSP_GetVersion:00000000 $t
C:\Users\minis\AppData\Local\Temp\ccdfXcGh.s:25     .text.BSP_GetVersion:00000000 BSP_GetVersion
C:\Users\minis\AppData\Local\Temp\ccdfXcGh.s:39     .text.BSP_GetVersion:00000004 $d
C:\Users\minis\AppData\Local\Temp\ccdfXcGh.s:44     .text.BSP_LED_Init:00000000 $t
C:\Users\minis\AppData\Local\Temp\ccdfXcGh.s:50     .text.BSP_LED_Init:00000000 BSP_LED_Init
C:\Users\minis\AppData\Local\Temp\ccdfXcGh.s:195    .text.BSP_LED_Init:00000098 $d
C:\Users\minis\AppData\Local\Temp\ccdfXcGh.s:829    .rodata.LED_PIN:00000000 LED_PIN
C:\Users\minis\AppData\Local\Temp\ccdfXcGh.s:837    .rodata.LED_PORT:00000000 LED_PORT
C:\Users\minis\AppData\Local\Temp\ccdfXcGh.s:202    .text.BSP_LED_DeInit:00000000 $t
C:\Users\minis\AppData\Local\Temp\ccdfXcGh.s:208    .text.BSP_LED_DeInit:00000000 BSP_LED_DeInit
C:\Users\minis\AppData\Local\Temp\ccdfXcGh.s:277    .text.BSP_LED_DeInit:00000034 $d
C:\Users\minis\AppData\Local\Temp\ccdfXcGh.s:283    .text.BSP_LED_On:00000000 $t
C:\Users\minis\AppData\Local\Temp\ccdfXcGh.s:289    .text.BSP_LED_On:00000000 BSP_LED_On
C:\Users\minis\AppData\Local\Temp\ccdfXcGh.s:336    .text.BSP_LED_On:00000024 $d
C:\Users\minis\AppData\Local\Temp\ccdfXcGh.s:342    .text.BSP_LED_Off:00000000 $t
C:\Users\minis\AppData\Local\Temp\ccdfXcGh.s:348    .text.BSP_LED_Off:00000000 BSP_LED_Off
C:\Users\minis\AppData\Local\Temp\ccdfXcGh.s:395    .text.BSP_LED_Off:00000024 $d
C:\Users\minis\AppData\Local\Temp\ccdfXcGh.s:401    .text.BSP_LED_Toggle:00000000 $t
C:\Users\minis\AppData\Local\Temp\ccdfXcGh.s:407    .text.BSP_LED_Toggle:00000000 BSP_LED_Toggle
C:\Users\minis\AppData\Local\Temp\ccdfXcGh.s:453    .text.BSP_LED_Toggle:00000020 $d
C:\Users\minis\AppData\Local\Temp\ccdfXcGh.s:459    .text.BSP_LED_GetState:00000000 $t
C:\Users\minis\AppData\Local\Temp\ccdfXcGh.s:465    .text.BSP_LED_GetState:00000000 BSP_LED_GetState
C:\Users\minis\AppData\Local\Temp\ccdfXcGh.s:510    .text.BSP_LED_GetState:00000020 $d
C:\Users\minis\AppData\Local\Temp\ccdfXcGh.s:516    .text.BSP_PB_Init:00000000 $t
C:\Users\minis\AppData\Local\Temp\ccdfXcGh.s:522    .text.BSP_PB_Init:00000000 BSP_PB_Init
C:\Users\minis\AppData\Local\Temp\ccdfXcGh.s:643    .text.BSP_PB_Init:00000078 $d
C:\Users\minis\AppData\Local\Temp\ccdfXcGh.s:846    .bss.hpb_exti:00000000 hpb_exti
C:\Users\minis\AppData\Local\Temp\ccdfXcGh.s:805    .text.BUTTON_USER_EXTI_Callback:00000000 BUTTON_USER_EXTI_Callback
C:\Users\minis\AppData\Local\Temp\ccdfXcGh.s:652    .text.BSP_PB_DeInit:00000000 $t
C:\Users\minis\AppData\Local\Temp\ccdfXcGh.s:658    .text.BSP_PB_DeInit:00000000 BSP_PB_DeInit
C:\Users\minis\AppData\Local\Temp\ccdfXcGh.s:701    .text.BSP_PB_DeInit:00000020 $d
C:\Users\minis\AppData\Local\Temp\ccdfXcGh.s:706    .text.BSP_PB_GetState:00000000 $t
C:\Users\minis\AppData\Local\Temp\ccdfXcGh.s:712    .text.BSP_PB_GetState:00000000 BSP_PB_GetState
C:\Users\minis\AppData\Local\Temp\ccdfXcGh.s:738    .text.BSP_PB_GetState:00000010 $d
C:\Users\minis\AppData\Local\Temp\ccdfXcGh.s:743    .text.BSP_PB_IRQHandler:00000000 $t
C:\Users\minis\AppData\Local\Temp\ccdfXcGh.s:749    .text.BSP_PB_IRQHandler:00000000 BSP_PB_IRQHandler
C:\Users\minis\AppData\Local\Temp\ccdfXcGh.s:774    .text.BSP_PB_IRQHandler:00000010 $d
C:\Users\minis\AppData\Local\Temp\ccdfXcGh.s:779    .text.BSP_PB_Callback:00000000 $t
C:\Users\minis\AppData\Local\Temp\ccdfXcGh.s:785    .text.BSP_PB_Callback:00000000 BSP_PB_Callback
C:\Users\minis\AppData\Local\Temp\ccdfXcGh.s:800    .text.BUTTON_USER_EXTI_Callback:00000000 $t
C:\Users\minis\AppData\Local\Temp\ccdfXcGh.s:826    .rodata.LED_PIN:00000000 $d
C:\Users\minis\AppData\Local\Temp\ccdfXcGh.s:834    .rodata.LED_PORT:00000000 $d
C:\Users\minis\AppData\Local\Temp\ccdfXcGh.s:843    .bss.hpb_exti:00000000 $d

UNDEFINED SYMBOLS
HAL_GPIO_Init
HAL_GPIO_WritePin
HAL_GPIO_DeInit
HAL_GPIO_TogglePin
HAL_GPIO_ReadPin
HAL_EXTI_GetHandle
HAL_EXTI_RegisterCallback
HAL_NVIC_SetPriority
HAL_NVIC_EnableIRQ
HAL_NVIC_DisableIRQ
ARM GAS  C:\Users\minis\AppData\Local\Temp\ccdfXcGh.s 			page 29


HAL_EXTI_IRQHandler
