ARM GAS  C:\Users\minis\AppData\Local\Temp\ccIFg67b.s 			page 1


   1              		.cpu cortex-m4
   2              		.arch armv7e-m
   3              		.fpu softvfp
   4              		.eabi_attribute 20, 1
   5              		.eabi_attribute 21, 1
   6              		.eabi_attribute 23, 3
   7              		.eabi_attribute 24, 1
   8              		.eabi_attribute 25, 1
   9              		.eabi_attribute 26, 1
  10              		.eabi_attribute 30, 1
  11              		.eabi_attribute 34, 1
  12              		.eabi_attribute 18, 4
  13              		.file	"stm32h7xx_hal_msp.c"
  14              		.text
  15              	.Ltext0:
  16              		.cfi_sections	.debug_frame
  17              		.file 1 "../../CM4/Core/Src/stm32h7xx_hal_msp.c"
  18              		.section	.text.HAL_MspInit,"ax",%progbits
  19              		.align	1
  20              		.global	HAL_MspInit
  21              		.syntax unified
  22              		.thumb
  23              		.thumb_func
  25              	HAL_MspInit:
  26              	.LFB132:
   1:../../CM4/Core/Src/stm32h7xx_hal_msp.c **** /* USER CODE BEGIN Header */
   2:../../CM4/Core/Src/stm32h7xx_hal_msp.c **** /**
   3:../../CM4/Core/Src/stm32h7xx_hal_msp.c ****   ******************************************************************************
   4:../../CM4/Core/Src/stm32h7xx_hal_msp.c ****   * @file         stm32h7xx_hal_msp.c
   5:../../CM4/Core/Src/stm32h7xx_hal_msp.c ****   * @brief        This file provides code for the MSP Initialization
   6:../../CM4/Core/Src/stm32h7xx_hal_msp.c ****   *               and de-Initialization codes.
   7:../../CM4/Core/Src/stm32h7xx_hal_msp.c ****   ******************************************************************************
   8:../../CM4/Core/Src/stm32h7xx_hal_msp.c ****   * @attention
   9:../../CM4/Core/Src/stm32h7xx_hal_msp.c ****   *
  10:../../CM4/Core/Src/stm32h7xx_hal_msp.c ****   * Copyright (c) 2025 STMicroelectronics.
  11:../../CM4/Core/Src/stm32h7xx_hal_msp.c ****   * All rights reserved.
  12:../../CM4/Core/Src/stm32h7xx_hal_msp.c ****   *
  13:../../CM4/Core/Src/stm32h7xx_hal_msp.c ****   * This software is licensed under terms that can be found in the LICENSE file
  14:../../CM4/Core/Src/stm32h7xx_hal_msp.c ****   * in the root directory of this software component.
  15:../../CM4/Core/Src/stm32h7xx_hal_msp.c ****   * If no LICENSE file comes with this software, it is provided AS-IS.
  16:../../CM4/Core/Src/stm32h7xx_hal_msp.c ****   *
  17:../../CM4/Core/Src/stm32h7xx_hal_msp.c ****   ******************************************************************************
  18:../../CM4/Core/Src/stm32h7xx_hal_msp.c ****   */
  19:../../CM4/Core/Src/stm32h7xx_hal_msp.c **** /* USER CODE END Header */
  20:../../CM4/Core/Src/stm32h7xx_hal_msp.c **** 
  21:../../CM4/Core/Src/stm32h7xx_hal_msp.c **** /* Includes ------------------------------------------------------------------*/
  22:../../CM4/Core/Src/stm32h7xx_hal_msp.c **** #include "main.h"
  23:../../CM4/Core/Src/stm32h7xx_hal_msp.c **** /* USER CODE BEGIN Includes */
  24:../../CM4/Core/Src/stm32h7xx_hal_msp.c **** 
  25:../../CM4/Core/Src/stm32h7xx_hal_msp.c **** /* USER CODE END Includes */
  26:../../CM4/Core/Src/stm32h7xx_hal_msp.c **** 
  27:../../CM4/Core/Src/stm32h7xx_hal_msp.c **** /* Private typedef -----------------------------------------------------------*/
  28:../../CM4/Core/Src/stm32h7xx_hal_msp.c **** /* USER CODE BEGIN TD */
  29:../../CM4/Core/Src/stm32h7xx_hal_msp.c **** 
  30:../../CM4/Core/Src/stm32h7xx_hal_msp.c **** /* USER CODE END TD */
  31:../../CM4/Core/Src/stm32h7xx_hal_msp.c **** 
  32:../../CM4/Core/Src/stm32h7xx_hal_msp.c **** /* Private define ------------------------------------------------------------*/
ARM GAS  C:\Users\minis\AppData\Local\Temp\ccIFg67b.s 			page 2


  33:../../CM4/Core/Src/stm32h7xx_hal_msp.c **** /* USER CODE BEGIN Define */
  34:../../CM4/Core/Src/stm32h7xx_hal_msp.c **** 
  35:../../CM4/Core/Src/stm32h7xx_hal_msp.c **** /* USER CODE END Define */
  36:../../CM4/Core/Src/stm32h7xx_hal_msp.c **** 
  37:../../CM4/Core/Src/stm32h7xx_hal_msp.c **** /* Private macro -------------------------------------------------------------*/
  38:../../CM4/Core/Src/stm32h7xx_hal_msp.c **** /* USER CODE BEGIN Macro */
  39:../../CM4/Core/Src/stm32h7xx_hal_msp.c **** 
  40:../../CM4/Core/Src/stm32h7xx_hal_msp.c **** /* USER CODE END Macro */
  41:../../CM4/Core/Src/stm32h7xx_hal_msp.c **** 
  42:../../CM4/Core/Src/stm32h7xx_hal_msp.c **** /* Private variables ---------------------------------------------------------*/
  43:../../CM4/Core/Src/stm32h7xx_hal_msp.c **** /* USER CODE BEGIN PV */
  44:../../CM4/Core/Src/stm32h7xx_hal_msp.c **** 
  45:../../CM4/Core/Src/stm32h7xx_hal_msp.c **** /* USER CODE END PV */
  46:../../CM4/Core/Src/stm32h7xx_hal_msp.c **** 
  47:../../CM4/Core/Src/stm32h7xx_hal_msp.c **** /* Private function prototypes -----------------------------------------------*/
  48:../../CM4/Core/Src/stm32h7xx_hal_msp.c **** /* USER CODE BEGIN PFP */
  49:../../CM4/Core/Src/stm32h7xx_hal_msp.c **** 
  50:../../CM4/Core/Src/stm32h7xx_hal_msp.c **** /* USER CODE END PFP */
  51:../../CM4/Core/Src/stm32h7xx_hal_msp.c **** 
  52:../../CM4/Core/Src/stm32h7xx_hal_msp.c **** /* External functions --------------------------------------------------------*/
  53:../../CM4/Core/Src/stm32h7xx_hal_msp.c **** /* USER CODE BEGIN ExternalFunctions */
  54:../../CM4/Core/Src/stm32h7xx_hal_msp.c **** 
  55:../../CM4/Core/Src/stm32h7xx_hal_msp.c **** /* USER CODE END ExternalFunctions */
  56:../../CM4/Core/Src/stm32h7xx_hal_msp.c **** 
  57:../../CM4/Core/Src/stm32h7xx_hal_msp.c **** /* USER CODE BEGIN 0 */
  58:../../CM4/Core/Src/stm32h7xx_hal_msp.c **** 
  59:../../CM4/Core/Src/stm32h7xx_hal_msp.c **** /* USER CODE END 0 */
  60:../../CM4/Core/Src/stm32h7xx_hal_msp.c **** /**
  61:../../CM4/Core/Src/stm32h7xx_hal_msp.c ****   * Initializes the Global MSP.
  62:../../CM4/Core/Src/stm32h7xx_hal_msp.c ****   */
  63:../../CM4/Core/Src/stm32h7xx_hal_msp.c **** void HAL_MspInit(void)
  64:../../CM4/Core/Src/stm32h7xx_hal_msp.c **** {
  27              		.loc 1 64 1 view -0
  28              		.cfi_startproc
  29              		@ args = 0, pretend = 0, frame = 8
  30              		@ frame_needed = 0, uses_anonymous_args = 0
  31              		@ link register save eliminated.
  32 0000 82B0     		sub	sp, sp, #8
  33              	.LCFI0:
  34              		.cfi_def_cfa_offset 8
  65:../../CM4/Core/Src/stm32h7xx_hal_msp.c **** 
  66:../../CM4/Core/Src/stm32h7xx_hal_msp.c ****   /* USER CODE BEGIN MspInit 0 */
  67:../../CM4/Core/Src/stm32h7xx_hal_msp.c **** 
  68:../../CM4/Core/Src/stm32h7xx_hal_msp.c ****   /* USER CODE END MspInit 0 */
  69:../../CM4/Core/Src/stm32h7xx_hal_msp.c **** 
  70:../../CM4/Core/Src/stm32h7xx_hal_msp.c ****   __HAL_RCC_SYSCFG_CLK_ENABLE();
  35              		.loc 1 70 3 view .LVU1
  36              	.LBB2:
  37              		.loc 1 70 3 view .LVU2
  38              		.loc 1 70 3 view .LVU3
  39 0002 074B     		ldr	r3, .L3
  40 0004 D3F8F420 		ldr	r2, [r3, #244]
  41 0008 42F00202 		orr	r2, r2, #2
  42 000c C3F8F420 		str	r2, [r3, #244]
  43              		.loc 1 70 3 view .LVU4
  44 0010 D3F8F430 		ldr	r3, [r3, #244]
  45 0014 03F00203 		and	r3, r3, #2
ARM GAS  C:\Users\minis\AppData\Local\Temp\ccIFg67b.s 			page 3


  46 0018 0193     		str	r3, [sp, #4]
  47              		.loc 1 70 3 view .LVU5
  48 001a 019B     		ldr	r3, [sp, #4]
  49              	.LBE2:
  50              		.loc 1 70 3 view .LVU6
  71:../../CM4/Core/Src/stm32h7xx_hal_msp.c **** 
  72:../../CM4/Core/Src/stm32h7xx_hal_msp.c ****   /* System interrupt init*/
  73:../../CM4/Core/Src/stm32h7xx_hal_msp.c **** 
  74:../../CM4/Core/Src/stm32h7xx_hal_msp.c ****   /* USER CODE BEGIN MspInit 1 */
  75:../../CM4/Core/Src/stm32h7xx_hal_msp.c **** 
  76:../../CM4/Core/Src/stm32h7xx_hal_msp.c ****   /* USER CODE END MspInit 1 */
  77:../../CM4/Core/Src/stm32h7xx_hal_msp.c **** }
  51              		.loc 1 77 1 is_stmt 0 view .LVU7
  52 001c 02B0     		add	sp, sp, #8
  53              	.LCFI1:
  54              		.cfi_def_cfa_offset 0
  55              		@ sp needed
  56 001e 7047     		bx	lr
  57              	.L4:
  58              		.align	2
  59              	.L3:
  60 0020 00440258 		.word	1476543488
  61              		.cfi_endproc
  62              	.LFE132:
  64              		.section	.text.HAL_TIM_Base_MspInit,"ax",%progbits
  65              		.align	1
  66              		.global	HAL_TIM_Base_MspInit
  67              		.syntax unified
  68              		.thumb
  69              		.thumb_func
  71              	HAL_TIM_Base_MspInit:
  72              	.LVL0:
  73              	.LFB133:
  78:../../CM4/Core/Src/stm32h7xx_hal_msp.c **** 
  79:../../CM4/Core/Src/stm32h7xx_hal_msp.c **** /**
  80:../../CM4/Core/Src/stm32h7xx_hal_msp.c ****   * @brief TIM_Base MSP Initialization
  81:../../CM4/Core/Src/stm32h7xx_hal_msp.c ****   * This function configures the hardware resources used in this example
  82:../../CM4/Core/Src/stm32h7xx_hal_msp.c ****   * @param htim_base: TIM_Base handle pointer
  83:../../CM4/Core/Src/stm32h7xx_hal_msp.c ****   * @retval None
  84:../../CM4/Core/Src/stm32h7xx_hal_msp.c ****   */
  85:../../CM4/Core/Src/stm32h7xx_hal_msp.c **** void HAL_TIM_Base_MspInit(TIM_HandleTypeDef* htim_base)
  86:../../CM4/Core/Src/stm32h7xx_hal_msp.c **** {
  74              		.loc 1 86 1 is_stmt 1 view -0
  75              		.cfi_startproc
  76              		@ args = 0, pretend = 0, frame = 8
  77              		@ frame_needed = 0, uses_anonymous_args = 0
  78              		@ link register save eliminated.
  87:../../CM4/Core/Src/stm32h7xx_hal_msp.c ****   if(htim_base->Instance==TIM2)
  79              		.loc 1 87 3 view .LVU9
  80              		.loc 1 87 15 is_stmt 0 view .LVU10
  81 0000 0368     		ldr	r3, [r0]
  82              		.loc 1 87 5 view .LVU11
  83 0002 B3F1804F 		cmp	r3, #1073741824
  84 0006 00D0     		beq	.L11
  85 0008 7047     		bx	lr
  86              	.L11:
  86:../../CM4/Core/Src/stm32h7xx_hal_msp.c ****   if(htim_base->Instance==TIM2)
ARM GAS  C:\Users\minis\AppData\Local\Temp\ccIFg67b.s 			page 4


  87              		.loc 1 86 1 view .LVU12
  88 000a 82B0     		sub	sp, sp, #8
  89              	.LCFI2:
  90              		.cfi_def_cfa_offset 8
  88:../../CM4/Core/Src/stm32h7xx_hal_msp.c ****   {
  89:../../CM4/Core/Src/stm32h7xx_hal_msp.c ****     /* USER CODE BEGIN TIM2_MspInit 0 */
  90:../../CM4/Core/Src/stm32h7xx_hal_msp.c **** 
  91:../../CM4/Core/Src/stm32h7xx_hal_msp.c ****     /* USER CODE END TIM2_MspInit 0 */
  92:../../CM4/Core/Src/stm32h7xx_hal_msp.c ****     /* Peripheral clock enable */
  93:../../CM4/Core/Src/stm32h7xx_hal_msp.c ****     __HAL_RCC_TIM2_CLK_ENABLE();
  91              		.loc 1 93 5 is_stmt 1 view .LVU13
  92              	.LBB3:
  93              		.loc 1 93 5 view .LVU14
  94              		.loc 1 93 5 view .LVU15
  95 000c 074B     		ldr	r3, .L12
  96 000e D3F8E820 		ldr	r2, [r3, #232]
  97 0012 42F00102 		orr	r2, r2, #1
  98 0016 C3F8E820 		str	r2, [r3, #232]
  99              		.loc 1 93 5 view .LVU16
 100 001a D3F8E830 		ldr	r3, [r3, #232]
 101 001e 03F00103 		and	r3, r3, #1
 102 0022 0193     		str	r3, [sp, #4]
 103              		.loc 1 93 5 view .LVU17
 104 0024 019B     		ldr	r3, [sp, #4]
 105              	.LBE3:
 106              		.loc 1 93 5 view .LVU18
  94:../../CM4/Core/Src/stm32h7xx_hal_msp.c ****     /* USER CODE BEGIN TIM2_MspInit 1 */
  95:../../CM4/Core/Src/stm32h7xx_hal_msp.c **** 
  96:../../CM4/Core/Src/stm32h7xx_hal_msp.c ****     /* USER CODE END TIM2_MspInit 1 */
  97:../../CM4/Core/Src/stm32h7xx_hal_msp.c **** 
  98:../../CM4/Core/Src/stm32h7xx_hal_msp.c ****   }
  99:../../CM4/Core/Src/stm32h7xx_hal_msp.c **** 
 100:../../CM4/Core/Src/stm32h7xx_hal_msp.c **** }
 107              		.loc 1 100 1 is_stmt 0 view .LVU19
 108 0026 02B0     		add	sp, sp, #8
 109              	.LCFI3:
 110              		.cfi_def_cfa_offset 0
 111              		@ sp needed
 112 0028 7047     		bx	lr
 113              	.L13:
 114 002a 00BF     		.align	2
 115              	.L12:
 116 002c 00440258 		.word	1476543488
 117              		.cfi_endproc
 118              	.LFE133:
 120              		.section	.text.HAL_TIM_Base_MspDeInit,"ax",%progbits
 121              		.align	1
 122              		.global	HAL_TIM_Base_MspDeInit
 123              		.syntax unified
 124              		.thumb
 125              		.thumb_func
 127              	HAL_TIM_Base_MspDeInit:
 128              	.LVL1:
 129              	.LFB134:
 101:../../CM4/Core/Src/stm32h7xx_hal_msp.c **** 
 102:../../CM4/Core/Src/stm32h7xx_hal_msp.c **** /**
 103:../../CM4/Core/Src/stm32h7xx_hal_msp.c ****   * @brief TIM_Base MSP De-Initialization
ARM GAS  C:\Users\minis\AppData\Local\Temp\ccIFg67b.s 			page 5


 104:../../CM4/Core/Src/stm32h7xx_hal_msp.c ****   * This function freeze the hardware resources used in this example
 105:../../CM4/Core/Src/stm32h7xx_hal_msp.c ****   * @param htim_base: TIM_Base handle pointer
 106:../../CM4/Core/Src/stm32h7xx_hal_msp.c ****   * @retval None
 107:../../CM4/Core/Src/stm32h7xx_hal_msp.c ****   */
 108:../../CM4/Core/Src/stm32h7xx_hal_msp.c **** void HAL_TIM_Base_MspDeInit(TIM_HandleTypeDef* htim_base)
 109:../../CM4/Core/Src/stm32h7xx_hal_msp.c **** {
 130              		.loc 1 109 1 is_stmt 1 view -0
 131              		.cfi_startproc
 132              		@ args = 0, pretend = 0, frame = 0
 133              		@ frame_needed = 0, uses_anonymous_args = 0
 134              		@ link register save eliminated.
 110:../../CM4/Core/Src/stm32h7xx_hal_msp.c ****   if(htim_base->Instance==TIM2)
 135              		.loc 1 110 3 view .LVU21
 136              		.loc 1 110 15 is_stmt 0 view .LVU22
 137 0000 0368     		ldr	r3, [r0]
 138              		.loc 1 110 5 view .LVU23
 139 0002 B3F1804F 		cmp	r3, #1073741824
 140 0006 00D0     		beq	.L16
 141              	.L14:
 111:../../CM4/Core/Src/stm32h7xx_hal_msp.c ****   {
 112:../../CM4/Core/Src/stm32h7xx_hal_msp.c ****     /* USER CODE BEGIN TIM2_MspDeInit 0 */
 113:../../CM4/Core/Src/stm32h7xx_hal_msp.c **** 
 114:../../CM4/Core/Src/stm32h7xx_hal_msp.c ****     /* USER CODE END TIM2_MspDeInit 0 */
 115:../../CM4/Core/Src/stm32h7xx_hal_msp.c ****     /* Peripheral clock disable */
 116:../../CM4/Core/Src/stm32h7xx_hal_msp.c ****     __HAL_RCC_TIM2_CLK_DISABLE();
 117:../../CM4/Core/Src/stm32h7xx_hal_msp.c ****     /* USER CODE BEGIN TIM2_MspDeInit 1 */
 118:../../CM4/Core/Src/stm32h7xx_hal_msp.c **** 
 119:../../CM4/Core/Src/stm32h7xx_hal_msp.c ****     /* USER CODE END TIM2_MspDeInit 1 */
 120:../../CM4/Core/Src/stm32h7xx_hal_msp.c ****   }
 121:../../CM4/Core/Src/stm32h7xx_hal_msp.c **** 
 122:../../CM4/Core/Src/stm32h7xx_hal_msp.c **** }
 142              		.loc 1 122 1 view .LVU24
 143 0008 7047     		bx	lr
 144              	.L16:
 116:../../CM4/Core/Src/stm32h7xx_hal_msp.c ****     /* USER CODE BEGIN TIM2_MspDeInit 1 */
 145              		.loc 1 116 5 is_stmt 1 view .LVU25
 146 000a 044A     		ldr	r2, .L17
 147 000c D2F8E830 		ldr	r3, [r2, #232]
 148 0010 23F00103 		bic	r3, r3, #1
 149 0014 C2F8E830 		str	r3, [r2, #232]
 150              		.loc 1 122 1 is_stmt 0 view .LVU26
 151 0018 F6E7     		b	.L14
 152              	.L18:
 153 001a 00BF     		.align	2
 154              	.L17:
 155 001c 00440258 		.word	1476543488
 156              		.cfi_endproc
 157              	.LFE134:
 159              		.section	.text.HAL_UART_MspInit,"ax",%progbits
 160              		.align	1
 161              		.global	HAL_UART_MspInit
 162              		.syntax unified
 163              		.thumb
 164              		.thumb_func
 166              	HAL_UART_MspInit:
 167              	.LVL2:
 168              	.LFB135:
ARM GAS  C:\Users\minis\AppData\Local\Temp\ccIFg67b.s 			page 6


 123:../../CM4/Core/Src/stm32h7xx_hal_msp.c **** 
 124:../../CM4/Core/Src/stm32h7xx_hal_msp.c **** /**
 125:../../CM4/Core/Src/stm32h7xx_hal_msp.c ****   * @brief UART MSP Initialization
 126:../../CM4/Core/Src/stm32h7xx_hal_msp.c ****   * This function configures the hardware resources used in this example
 127:../../CM4/Core/Src/stm32h7xx_hal_msp.c ****   * @param huart: UART handle pointer
 128:../../CM4/Core/Src/stm32h7xx_hal_msp.c ****   * @retval None
 129:../../CM4/Core/Src/stm32h7xx_hal_msp.c ****   */
 130:../../CM4/Core/Src/stm32h7xx_hal_msp.c **** void HAL_UART_MspInit(UART_HandleTypeDef* huart)
 131:../../CM4/Core/Src/stm32h7xx_hal_msp.c **** {
 169              		.loc 1 131 1 is_stmt 1 view -0
 170              		.cfi_startproc
 171              		@ args = 0, pretend = 0, frame = 224
 172              		@ frame_needed = 0, uses_anonymous_args = 0
 173              		.loc 1 131 1 is_stmt 0 view .LVU28
 174 0000 10B5     		push	{r4, lr}
 175              	.LCFI4:
 176              		.cfi_def_cfa_offset 8
 177              		.cfi_offset 4, -8
 178              		.cfi_offset 14, -4
 179 0002 B8B0     		sub	sp, sp, #224
 180              	.LCFI5:
 181              		.cfi_def_cfa_offset 232
 182 0004 0446     		mov	r4, r0
 132:../../CM4/Core/Src/stm32h7xx_hal_msp.c ****   GPIO_InitTypeDef GPIO_InitStruct = {0};
 183              		.loc 1 132 3 is_stmt 1 view .LVU29
 184              		.loc 1 132 20 is_stmt 0 view .LVU30
 185 0006 0021     		movs	r1, #0
 186 0008 3391     		str	r1, [sp, #204]
 187 000a 3491     		str	r1, [sp, #208]
 188 000c 3591     		str	r1, [sp, #212]
 189 000e 3691     		str	r1, [sp, #216]
 190 0010 3791     		str	r1, [sp, #220]
 133:../../CM4/Core/Src/stm32h7xx_hal_msp.c ****   RCC_PeriphCLKInitTypeDef PeriphClkInitStruct = {0};
 191              		.loc 1 133 3 is_stmt 1 view .LVU31
 192              		.loc 1 133 28 is_stmt 0 view .LVU32
 193 0012 C022     		movs	r2, #192
 194 0014 02A8     		add	r0, sp, #8
 195              	.LVL3:
 196              		.loc 1 133 28 view .LVU33
 197 0016 FFF7FEFF 		bl	memset
 198              	.LVL4:
 134:../../CM4/Core/Src/stm32h7xx_hal_msp.c ****   if(huart->Instance==UART4)
 199              		.loc 1 134 3 is_stmt 1 view .LVU34
 200              		.loc 1 134 11 is_stmt 0 view .LVU35
 201 001a 2268     		ldr	r2, [r4]
 202              		.loc 1 134 5 view .LVU36
 203 001c 1B4B     		ldr	r3, .L25
 204 001e 9A42     		cmp	r2, r3
 205 0020 01D0     		beq	.L23
 206              	.L19:
 135:../../CM4/Core/Src/stm32h7xx_hal_msp.c ****   {
 136:../../CM4/Core/Src/stm32h7xx_hal_msp.c ****     /* USER CODE BEGIN UART4_MspInit 0 */
 137:../../CM4/Core/Src/stm32h7xx_hal_msp.c **** 
 138:../../CM4/Core/Src/stm32h7xx_hal_msp.c ****     /* USER CODE END UART4_MspInit 0 */
 139:../../CM4/Core/Src/stm32h7xx_hal_msp.c **** 
 140:../../CM4/Core/Src/stm32h7xx_hal_msp.c ****   /** Initializes the peripherals clock
 141:../../CM4/Core/Src/stm32h7xx_hal_msp.c ****   */
ARM GAS  C:\Users\minis\AppData\Local\Temp\ccIFg67b.s 			page 7


 142:../../CM4/Core/Src/stm32h7xx_hal_msp.c ****     PeriphClkInitStruct.PeriphClockSelection = RCC_PERIPHCLK_UART4;
 143:../../CM4/Core/Src/stm32h7xx_hal_msp.c ****     PeriphClkInitStruct.Usart234578ClockSelection = RCC_USART234578CLKSOURCE_D2PCLK1;
 144:../../CM4/Core/Src/stm32h7xx_hal_msp.c ****     if (HAL_RCCEx_PeriphCLKConfig(&PeriphClkInitStruct) != HAL_OK)
 145:../../CM4/Core/Src/stm32h7xx_hal_msp.c ****     {
 146:../../CM4/Core/Src/stm32h7xx_hal_msp.c ****       Error_Handler();
 147:../../CM4/Core/Src/stm32h7xx_hal_msp.c ****     }
 148:../../CM4/Core/Src/stm32h7xx_hal_msp.c **** 
 149:../../CM4/Core/Src/stm32h7xx_hal_msp.c ****     /* Peripheral clock enable */
 150:../../CM4/Core/Src/stm32h7xx_hal_msp.c ****     __HAL_RCC_UART4_CLK_ENABLE();
 151:../../CM4/Core/Src/stm32h7xx_hal_msp.c **** 
 152:../../CM4/Core/Src/stm32h7xx_hal_msp.c ****     __HAL_RCC_GPIOA_CLK_ENABLE();
 153:../../CM4/Core/Src/stm32h7xx_hal_msp.c ****     /**UART4 GPIO Configuration
 154:../../CM4/Core/Src/stm32h7xx_hal_msp.c ****     PA0     ------> UART4_TX
 155:../../CM4/Core/Src/stm32h7xx_hal_msp.c ****     PA1     ------> UART4_RX
 156:../../CM4/Core/Src/stm32h7xx_hal_msp.c ****     */
 157:../../CM4/Core/Src/stm32h7xx_hal_msp.c ****     GPIO_InitStruct.Pin = GPIO_PIN_0|GPIO_PIN_1;
 158:../../CM4/Core/Src/stm32h7xx_hal_msp.c ****     GPIO_InitStruct.Mode = GPIO_MODE_AF_PP;
 159:../../CM4/Core/Src/stm32h7xx_hal_msp.c ****     GPIO_InitStruct.Pull = GPIO_NOPULL;
 160:../../CM4/Core/Src/stm32h7xx_hal_msp.c ****     GPIO_InitStruct.Speed = GPIO_SPEED_FREQ_LOW;
 161:../../CM4/Core/Src/stm32h7xx_hal_msp.c ****     GPIO_InitStruct.Alternate = GPIO_AF8_UART4;
 162:../../CM4/Core/Src/stm32h7xx_hal_msp.c ****     HAL_GPIO_Init(GPIOA, &GPIO_InitStruct);
 163:../../CM4/Core/Src/stm32h7xx_hal_msp.c **** 
 164:../../CM4/Core/Src/stm32h7xx_hal_msp.c ****     /* USER CODE BEGIN UART4_MspInit 1 */
 165:../../CM4/Core/Src/stm32h7xx_hal_msp.c **** 
 166:../../CM4/Core/Src/stm32h7xx_hal_msp.c ****     /* USER CODE END UART4_MspInit 1 */
 167:../../CM4/Core/Src/stm32h7xx_hal_msp.c **** 
 168:../../CM4/Core/Src/stm32h7xx_hal_msp.c ****   }
 169:../../CM4/Core/Src/stm32h7xx_hal_msp.c **** 
 170:../../CM4/Core/Src/stm32h7xx_hal_msp.c **** }
 207              		.loc 1 170 1 view .LVU37
 208 0022 38B0     		add	sp, sp, #224
 209              	.LCFI6:
 210              		.cfi_remember_state
 211              		.cfi_def_cfa_offset 8
 212              		@ sp needed
 213 0024 10BD     		pop	{r4, pc}
 214              	.LVL5:
 215              	.L23:
 216              	.LCFI7:
 217              		.cfi_restore_state
 142:../../CM4/Core/Src/stm32h7xx_hal_msp.c ****     PeriphClkInitStruct.Usart234578ClockSelection = RCC_USART234578CLKSOURCE_D2PCLK1;
 218              		.loc 1 142 5 is_stmt 1 view .LVU38
 142:../../CM4/Core/Src/stm32h7xx_hal_msp.c ****     PeriphClkInitStruct.Usart234578ClockSelection = RCC_USART234578CLKSOURCE_D2PCLK1;
 219              		.loc 1 142 46 is_stmt 0 view .LVU39
 220 0026 0222     		movs	r2, #2
 221 0028 0023     		movs	r3, #0
 222 002a CDE90223 		strd	r2, [sp, #8]
 143:../../CM4/Core/Src/stm32h7xx_hal_msp.c ****     if (HAL_RCCEx_PeriphCLKConfig(&PeriphClkInitStruct) != HAL_OK)
 223              		.loc 1 143 5 is_stmt 1 view .LVU40
 144:../../CM4/Core/Src/stm32h7xx_hal_msp.c ****     {
 224              		.loc 1 144 5 view .LVU41
 144:../../CM4/Core/Src/stm32h7xx_hal_msp.c ****     {
 225              		.loc 1 144 9 is_stmt 0 view .LVU42
 226 002e 02A8     		add	r0, sp, #8
 227 0030 FFF7FEFF 		bl	HAL_RCCEx_PeriphCLKConfig
 228              	.LVL6:
 144:../../CM4/Core/Src/stm32h7xx_hal_msp.c ****     {
ARM GAS  C:\Users\minis\AppData\Local\Temp\ccIFg67b.s 			page 8


 229              		.loc 1 144 8 discriminator 1 view .LVU43
 230 0034 30BB     		cbnz	r0, .L24
 231              	.L21:
 150:../../CM4/Core/Src/stm32h7xx_hal_msp.c **** 
 232              		.loc 1 150 5 is_stmt 1 view .LVU44
 233              	.LBB4:
 150:../../CM4/Core/Src/stm32h7xx_hal_msp.c **** 
 234              		.loc 1 150 5 view .LVU45
 150:../../CM4/Core/Src/stm32h7xx_hal_msp.c **** 
 235              		.loc 1 150 5 view .LVU46
 236 0036 164B     		ldr	r3, .L25+4
 237 0038 D3F8E820 		ldr	r2, [r3, #232]
 238 003c 42F40022 		orr	r2, r2, #524288
 239 0040 C3F8E820 		str	r2, [r3, #232]
 150:../../CM4/Core/Src/stm32h7xx_hal_msp.c **** 
 240              		.loc 1 150 5 view .LVU47
 241 0044 D3F8E820 		ldr	r2, [r3, #232]
 242 0048 02F40022 		and	r2, r2, #524288
 243 004c 0092     		str	r2, [sp]
 150:../../CM4/Core/Src/stm32h7xx_hal_msp.c **** 
 244              		.loc 1 150 5 view .LVU48
 245 004e 009A     		ldr	r2, [sp]
 246              	.LBE4:
 150:../../CM4/Core/Src/stm32h7xx_hal_msp.c **** 
 247              		.loc 1 150 5 view .LVU49
 152:../../CM4/Core/Src/stm32h7xx_hal_msp.c ****     /**UART4 GPIO Configuration
 248              		.loc 1 152 5 view .LVU50
 249              	.LBB5:
 152:../../CM4/Core/Src/stm32h7xx_hal_msp.c ****     /**UART4 GPIO Configuration
 250              		.loc 1 152 5 view .LVU51
 152:../../CM4/Core/Src/stm32h7xx_hal_msp.c ****     /**UART4 GPIO Configuration
 251              		.loc 1 152 5 view .LVU52
 252 0050 D3F8E020 		ldr	r2, [r3, #224]
 253 0054 42F00102 		orr	r2, r2, #1
 254 0058 C3F8E020 		str	r2, [r3, #224]
 152:../../CM4/Core/Src/stm32h7xx_hal_msp.c ****     /**UART4 GPIO Configuration
 255              		.loc 1 152 5 view .LVU53
 256 005c D3F8E030 		ldr	r3, [r3, #224]
 257 0060 03F00103 		and	r3, r3, #1
 258 0064 0193     		str	r3, [sp, #4]
 152:../../CM4/Core/Src/stm32h7xx_hal_msp.c ****     /**UART4 GPIO Configuration
 259              		.loc 1 152 5 view .LVU54
 260 0066 019B     		ldr	r3, [sp, #4]
 261              	.LBE5:
 152:../../CM4/Core/Src/stm32h7xx_hal_msp.c ****     /**UART4 GPIO Configuration
 262              		.loc 1 152 5 view .LVU55
 157:../../CM4/Core/Src/stm32h7xx_hal_msp.c ****     GPIO_InitStruct.Mode = GPIO_MODE_AF_PP;
 263              		.loc 1 157 5 view .LVU56
 157:../../CM4/Core/Src/stm32h7xx_hal_msp.c ****     GPIO_InitStruct.Mode = GPIO_MODE_AF_PP;
 264              		.loc 1 157 25 is_stmt 0 view .LVU57
 265 0068 0323     		movs	r3, #3
 266 006a 3393     		str	r3, [sp, #204]
 158:../../CM4/Core/Src/stm32h7xx_hal_msp.c ****     GPIO_InitStruct.Pull = GPIO_NOPULL;
 267              		.loc 1 158 5 is_stmt 1 view .LVU58
 158:../../CM4/Core/Src/stm32h7xx_hal_msp.c ****     GPIO_InitStruct.Pull = GPIO_NOPULL;
 268              		.loc 1 158 26 is_stmt 0 view .LVU59
 269 006c 0223     		movs	r3, #2
ARM GAS  C:\Users\minis\AppData\Local\Temp\ccIFg67b.s 			page 9


 270 006e 3493     		str	r3, [sp, #208]
 159:../../CM4/Core/Src/stm32h7xx_hal_msp.c ****     GPIO_InitStruct.Speed = GPIO_SPEED_FREQ_LOW;
 271              		.loc 1 159 5 is_stmt 1 view .LVU60
 159:../../CM4/Core/Src/stm32h7xx_hal_msp.c ****     GPIO_InitStruct.Speed = GPIO_SPEED_FREQ_LOW;
 272              		.loc 1 159 26 is_stmt 0 view .LVU61
 273 0070 0023     		movs	r3, #0
 274 0072 3593     		str	r3, [sp, #212]
 160:../../CM4/Core/Src/stm32h7xx_hal_msp.c ****     GPIO_InitStruct.Alternate = GPIO_AF8_UART4;
 275              		.loc 1 160 5 is_stmt 1 view .LVU62
 160:../../CM4/Core/Src/stm32h7xx_hal_msp.c ****     GPIO_InitStruct.Alternate = GPIO_AF8_UART4;
 276              		.loc 1 160 27 is_stmt 0 view .LVU63
 277 0074 3693     		str	r3, [sp, #216]
 161:../../CM4/Core/Src/stm32h7xx_hal_msp.c ****     HAL_GPIO_Init(GPIOA, &GPIO_InitStruct);
 278              		.loc 1 161 5 is_stmt 1 view .LVU64
 161:../../CM4/Core/Src/stm32h7xx_hal_msp.c ****     HAL_GPIO_Init(GPIOA, &GPIO_InitStruct);
 279              		.loc 1 161 31 is_stmt 0 view .LVU65
 280 0076 0823     		movs	r3, #8
 281 0078 3793     		str	r3, [sp, #220]
 162:../../CM4/Core/Src/stm32h7xx_hal_msp.c **** 
 282              		.loc 1 162 5 is_stmt 1 view .LVU66
 283 007a 33A9     		add	r1, sp, #204
 284 007c 0548     		ldr	r0, .L25+8
 285 007e FFF7FEFF 		bl	HAL_GPIO_Init
 286              	.LVL7:
 287              		.loc 1 170 1 is_stmt 0 view .LVU67
 288 0082 CEE7     		b	.L19
 289              	.L24:
 146:../../CM4/Core/Src/stm32h7xx_hal_msp.c ****     }
 290              		.loc 1 146 7 is_stmt 1 view .LVU68
 291 0084 FFF7FEFF 		bl	Error_Handler
 292              	.LVL8:
 293 0088 D5E7     		b	.L21
 294              	.L26:
 295 008a 00BF     		.align	2
 296              	.L25:
 297 008c 004C0040 		.word	1073761280
 298 0090 00440258 		.word	1476543488
 299 0094 00000258 		.word	1476526080
 300              		.cfi_endproc
 301              	.LFE135:
 303              		.section	.text.HAL_UART_MspDeInit,"ax",%progbits
 304              		.align	1
 305              		.global	HAL_UART_MspDeInit
 306              		.syntax unified
 307              		.thumb
 308              		.thumb_func
 310              	HAL_UART_MspDeInit:
 311              	.LVL9:
 312              	.LFB136:
 171:../../CM4/Core/Src/stm32h7xx_hal_msp.c **** 
 172:../../CM4/Core/Src/stm32h7xx_hal_msp.c **** /**
 173:../../CM4/Core/Src/stm32h7xx_hal_msp.c ****   * @brief UART MSP De-Initialization
 174:../../CM4/Core/Src/stm32h7xx_hal_msp.c ****   * This function freeze the hardware resources used in this example
 175:../../CM4/Core/Src/stm32h7xx_hal_msp.c ****   * @param huart: UART handle pointer
 176:../../CM4/Core/Src/stm32h7xx_hal_msp.c ****   * @retval None
 177:../../CM4/Core/Src/stm32h7xx_hal_msp.c ****   */
 178:../../CM4/Core/Src/stm32h7xx_hal_msp.c **** void HAL_UART_MspDeInit(UART_HandleTypeDef* huart)
ARM GAS  C:\Users\minis\AppData\Local\Temp\ccIFg67b.s 			page 10


 179:../../CM4/Core/Src/stm32h7xx_hal_msp.c **** {
 313              		.loc 1 179 1 view -0
 314              		.cfi_startproc
 315              		@ args = 0, pretend = 0, frame = 0
 316              		@ frame_needed = 0, uses_anonymous_args = 0
 317              		.loc 1 179 1 is_stmt 0 view .LVU70
 318 0000 08B5     		push	{r3, lr}
 319              	.LCFI8:
 320              		.cfi_def_cfa_offset 8
 321              		.cfi_offset 3, -8
 322              		.cfi_offset 14, -4
 180:../../CM4/Core/Src/stm32h7xx_hal_msp.c ****   if(huart->Instance==UART4)
 323              		.loc 1 180 3 is_stmt 1 view .LVU71
 324              		.loc 1 180 11 is_stmt 0 view .LVU72
 325 0002 0268     		ldr	r2, [r0]
 326              		.loc 1 180 5 view .LVU73
 327 0004 074B     		ldr	r3, .L31
 328 0006 9A42     		cmp	r2, r3
 329 0008 00D0     		beq	.L30
 330              	.LVL10:
 331              	.L27:
 181:../../CM4/Core/Src/stm32h7xx_hal_msp.c ****   {
 182:../../CM4/Core/Src/stm32h7xx_hal_msp.c ****     /* USER CODE BEGIN UART4_MspDeInit 0 */
 183:../../CM4/Core/Src/stm32h7xx_hal_msp.c **** 
 184:../../CM4/Core/Src/stm32h7xx_hal_msp.c ****     /* USER CODE END UART4_MspDeInit 0 */
 185:../../CM4/Core/Src/stm32h7xx_hal_msp.c ****     /* Peripheral clock disable */
 186:../../CM4/Core/Src/stm32h7xx_hal_msp.c ****     __HAL_RCC_UART4_CLK_DISABLE();
 187:../../CM4/Core/Src/stm32h7xx_hal_msp.c **** 
 188:../../CM4/Core/Src/stm32h7xx_hal_msp.c ****     /**UART4 GPIO Configuration
 189:../../CM4/Core/Src/stm32h7xx_hal_msp.c ****     PA0     ------> UART4_TX
 190:../../CM4/Core/Src/stm32h7xx_hal_msp.c ****     PA1     ------> UART4_RX
 191:../../CM4/Core/Src/stm32h7xx_hal_msp.c ****     */
 192:../../CM4/Core/Src/stm32h7xx_hal_msp.c ****     HAL_GPIO_DeInit(GPIOA, GPIO_PIN_0|GPIO_PIN_1);
 193:../../CM4/Core/Src/stm32h7xx_hal_msp.c **** 
 194:../../CM4/Core/Src/stm32h7xx_hal_msp.c ****     /* USER CODE BEGIN UART4_MspDeInit 1 */
 195:../../CM4/Core/Src/stm32h7xx_hal_msp.c **** 
 196:../../CM4/Core/Src/stm32h7xx_hal_msp.c ****     /* USER CODE END UART4_MspDeInit 1 */
 197:../../CM4/Core/Src/stm32h7xx_hal_msp.c ****   }
 198:../../CM4/Core/Src/stm32h7xx_hal_msp.c **** 
 199:../../CM4/Core/Src/stm32h7xx_hal_msp.c **** }
 332              		.loc 1 199 1 view .LVU74
 333 000a 08BD     		pop	{r3, pc}
 334              	.LVL11:
 335              	.L30:
 186:../../CM4/Core/Src/stm32h7xx_hal_msp.c **** 
 336              		.loc 1 186 5 is_stmt 1 view .LVU75
 337 000c 064A     		ldr	r2, .L31+4
 338 000e D2F8E830 		ldr	r3, [r2, #232]
 339 0012 23F40023 		bic	r3, r3, #524288
 340 0016 C2F8E830 		str	r3, [r2, #232]
 192:../../CM4/Core/Src/stm32h7xx_hal_msp.c **** 
 341              		.loc 1 192 5 view .LVU76
 342 001a 0321     		movs	r1, #3
 343 001c 0348     		ldr	r0, .L31+8
 344              	.LVL12:
 192:../../CM4/Core/Src/stm32h7xx_hal_msp.c **** 
 345              		.loc 1 192 5 is_stmt 0 view .LVU77
ARM GAS  C:\Users\minis\AppData\Local\Temp\ccIFg67b.s 			page 11


 346 001e FFF7FEFF 		bl	HAL_GPIO_DeInit
 347              	.LVL13:
 348              		.loc 1 199 1 view .LVU78
 349 0022 F2E7     		b	.L27
 350              	.L32:
 351              		.align	2
 352              	.L31:
 353 0024 004C0040 		.word	1073761280
 354 0028 00440258 		.word	1476543488
 355 002c 00000258 		.word	1476526080
 356              		.cfi_endproc
 357              	.LFE136:
 359              		.text
 360              	.Letext0:
 361              		.file 2 "C:/Program Files (x86)/Arm GNU Toolchain arm-none-eabi/14.3 rel1/arm-none-eabi/include/ma
 362              		.file 3 "C:/Program Files (x86)/Arm GNU Toolchain arm-none-eabi/14.3 rel1/arm-none-eabi/include/sy
 363              		.file 4 "../../Drivers/CMSIS/Device/ST/STM32H7xx/Include/stm32h755xx.h"
 364              		.file 5 "../../Drivers/STM32H7xx_HAL_Driver/Inc/stm32h7xx_hal_def.h"
 365              		.file 6 "../../Drivers/STM32H7xx_HAL_Driver/Inc/stm32h7xx_hal_rcc_ex.h"
 366              		.file 7 "../../Drivers/STM32H7xx_HAL_Driver/Inc/stm32h7xx_hal_gpio.h"
 367              		.file 8 "../../Drivers/STM32H7xx_HAL_Driver/Inc/stm32h7xx_hal_dma.h"
 368              		.file 9 "../../Drivers/STM32H7xx_HAL_Driver/Inc/stm32h7xx_hal_tim.h"
 369              		.file 10 "../../Drivers/STM32H7xx_HAL_Driver/Inc/stm32h7xx_hal_uart.h"
 370              		.file 11 "../../CM4/Core/Inc/main.h"
 371              		.file 12 "<built-in>"
ARM GAS  C:\Users\minis\AppData\Local\Temp\ccIFg67b.s 			page 12


DEFINED SYMBOLS
                            *ABS*:00000000 stm32h7xx_hal_msp.c
C:\Users\minis\AppData\Local\Temp\ccIFg67b.s:19     .text.HAL_MspInit:00000000 $t
C:\Users\minis\AppData\Local\Temp\ccIFg67b.s:25     .text.HAL_MspInit:00000000 HAL_MspInit
C:\Users\minis\AppData\Local\Temp\ccIFg67b.s:60     .text.HAL_MspInit:00000020 $d
C:\Users\minis\AppData\Local\Temp\ccIFg67b.s:65     .text.HAL_TIM_Base_MspInit:00000000 $t
C:\Users\minis\AppData\Local\Temp\ccIFg67b.s:71     .text.HAL_TIM_Base_MspInit:00000000 HAL_TIM_Base_MspInit
C:\Users\minis\AppData\Local\Temp\ccIFg67b.s:116    .text.HAL_TIM_Base_MspInit:0000002c $d
C:\Users\minis\AppData\Local\Temp\ccIFg67b.s:121    .text.HAL_TIM_Base_MspDeInit:00000000 $t
C:\Users\minis\AppData\Local\Temp\ccIFg67b.s:127    .text.HAL_TIM_Base_MspDeInit:00000000 HAL_TIM_Base_MspDeInit
C:\Users\minis\AppData\Local\Temp\ccIFg67b.s:155    .text.HAL_TIM_Base_MspDeInit:0000001c $d
C:\Users\minis\AppData\Local\Temp\ccIFg67b.s:160    .text.HAL_UART_MspInit:00000000 $t
C:\Users\minis\AppData\Local\Temp\ccIFg67b.s:166    .text.HAL_UART_MspInit:00000000 HAL_UART_MspInit
C:\Users\minis\AppData\Local\Temp\ccIFg67b.s:297    .text.HAL_UART_MspInit:0000008c $d
C:\Users\minis\AppData\Local\Temp\ccIFg67b.s:304    .text.HAL_UART_MspDeInit:00000000 $t
C:\Users\minis\AppData\Local\Temp\ccIFg67b.s:310    .text.HAL_UART_MspDeInit:00000000 HAL_UART_MspDeInit
C:\Users\minis\AppData\Local\Temp\ccIFg67b.s:353    .text.HAL_UART_MspDeInit:00000024 $d

UNDEFINED SYMBOLS
memset
HAL_RCCEx_PeriphCLKConfig
HAL_GPIO_Init
Error_Handler
HAL_GPIO_DeInit
