ARM GAS  C:\Users\minis\AppData\Local\Temp\ccolzVeh.s 			page 1


   1              		.cpu cortex-m4
   2              		.arch armv7e-m
   3              		.fpu softvfp
   4              		.eabi_attribute 20, 1
   5              		.eabi_attribute 21, 1
   6              		.eabi_attribute 23, 3
   7              		.eabi_attribute 24, 1
   8              		.eabi_attribute 25, 1
   9              		.eabi_attribute 26, 1
  10              		.eabi_attribute 30, 1
  11              		.eabi_attribute 34, 1
  12              		.eabi_attribute 18, 4
  13              		.file	"system_stm32h7xx_dualcore_boot_cm4_cm7.c"
  14              		.text
  15              	.Ltext0:
  16              		.cfi_sections	.debug_frame
  17              		.file 1 "../../Common/Src/system_stm32h7xx_dualcore_boot_cm4_cm7.c"
  18              		.section	.text.SystemInit,"ax",%progbits
  19              		.align	1
  20              		.global	SystemInit
  21              		.syntax unified
  22              		.thumb
  23              		.thumb_func
  25              	SystemInit:
  26              	.LFB132:
   1:../../Common/Src/system_stm32h7xx_dualcore_boot_cm4_cm7.c **** /**
   2:../../Common/Src/system_stm32h7xx_dualcore_boot_cm4_cm7.c ****   ******************************************************************************
   3:../../Common/Src/system_stm32h7xx_dualcore_boot_cm4_cm7.c ****   * @file    system_stm32h7xx_dualcore_boot_cm4_cm7.c
   4:../../Common/Src/system_stm32h7xx_dualcore_boot_cm4_cm7.c ****   * @author  MCD Application Team
   5:../../Common/Src/system_stm32h7xx_dualcore_boot_cm4_cm7.c ****   * @brief   CMSIS Cortex-Mx Device Peripheral Access Layer System Source File.
   6:../../Common/Src/system_stm32h7xx_dualcore_boot_cm4_cm7.c ****   *          This provides system initialization template function is case of
   7:../../Common/Src/system_stm32h7xx_dualcore_boot_cm4_cm7.c ****   *          an application using a dual core STM32H7 device where
   8:../../Common/Src/system_stm32h7xx_dualcore_boot_cm4_cm7.c ****   *          Cortex-M7 and Cortex-M4 boot are enabled at the FLASH option bytes
   9:../../Common/Src/system_stm32h7xx_dualcore_boot_cm4_cm7.c ****   *
  10:../../Common/Src/system_stm32h7xx_dualcore_boot_cm4_cm7.c ****   *   This file provides two functions and one global variable to be called from
  11:../../Common/Src/system_stm32h7xx_dualcore_boot_cm4_cm7.c ****   *   user application:
  12:../../Common/Src/system_stm32h7xx_dualcore_boot_cm4_cm7.c ****   *      - ExitRun0Mode(): Specifies the Power Supply source. This function is
  13:../../Common/Src/system_stm32h7xx_dualcore_boot_cm4_cm7.c ****   *                        called at startup just after reset and before the call
  14:../../Common/Src/system_stm32h7xx_dualcore_boot_cm4_cm7.c ****   *                        of SystemInit(). This call is made inside
  15:../../Common/Src/system_stm32h7xx_dualcore_boot_cm4_cm7.c ****   *                        the "startup_stm32h7xx.s" file.
  16:../../Common/Src/system_stm32h7xx_dualcore_boot_cm4_cm7.c ****   *
  17:../../Common/Src/system_stm32h7xx_dualcore_boot_cm4_cm7.c ****   *      - SystemInit(): This function is called at startup just after reset and
  18:../../Common/Src/system_stm32h7xx_dualcore_boot_cm4_cm7.c ****   *                      before branch to main program. This call is made inside
  19:../../Common/Src/system_stm32h7xx_dualcore_boot_cm4_cm7.c ****   *                      the "startup_stm32h7xx.s" file.
  20:../../Common/Src/system_stm32h7xx_dualcore_boot_cm4_cm7.c ****   *
  21:../../Common/Src/system_stm32h7xx_dualcore_boot_cm4_cm7.c ****   *      - SystemCoreClock variable: Contains the core clock, it can be used
  22:../../Common/Src/system_stm32h7xx_dualcore_boot_cm4_cm7.c ****   *                                  by the user application to setup the SysTick
  23:../../Common/Src/system_stm32h7xx_dualcore_boot_cm4_cm7.c ****   *                                  timer or configure other parameters.
  24:../../Common/Src/system_stm32h7xx_dualcore_boot_cm4_cm7.c ****   *
  25:../../Common/Src/system_stm32h7xx_dualcore_boot_cm4_cm7.c ****   *      - SystemCoreClockUpdate(): Updates the variable SystemCoreClock and must
  26:../../Common/Src/system_stm32h7xx_dualcore_boot_cm4_cm7.c ****   *                                 be called whenever the core clock is changed
  27:../../Common/Src/system_stm32h7xx_dualcore_boot_cm4_cm7.c ****   *                                 during program execution.
  28:../../Common/Src/system_stm32h7xx_dualcore_boot_cm4_cm7.c ****   *
  29:../../Common/Src/system_stm32h7xx_dualcore_boot_cm4_cm7.c ****   *
  30:../../Common/Src/system_stm32h7xx_dualcore_boot_cm4_cm7.c ****   ******************************************************************************
  31:../../Common/Src/system_stm32h7xx_dualcore_boot_cm4_cm7.c ****   * @attention
  32:../../Common/Src/system_stm32h7xx_dualcore_boot_cm4_cm7.c ****   *
ARM GAS  C:\Users\minis\AppData\Local\Temp\ccolzVeh.s 			page 2


  33:../../Common/Src/system_stm32h7xx_dualcore_boot_cm4_cm7.c ****   * Copyright (c) 2017 STMicroelectronics.
  34:../../Common/Src/system_stm32h7xx_dualcore_boot_cm4_cm7.c ****   * All rights reserved.
  35:../../Common/Src/system_stm32h7xx_dualcore_boot_cm4_cm7.c ****   *
  36:../../Common/Src/system_stm32h7xx_dualcore_boot_cm4_cm7.c ****   * This software is licensed under terms that can be found in the LICENSE file
  37:../../Common/Src/system_stm32h7xx_dualcore_boot_cm4_cm7.c ****   * in the root directory of this software component.
  38:../../Common/Src/system_stm32h7xx_dualcore_boot_cm4_cm7.c ****   * If no LICENSE file comes with this software, it is provided AS-IS.
  39:../../Common/Src/system_stm32h7xx_dualcore_boot_cm4_cm7.c ****   *
  40:../../Common/Src/system_stm32h7xx_dualcore_boot_cm4_cm7.c ****   ******************************************************************************
  41:../../Common/Src/system_stm32h7xx_dualcore_boot_cm4_cm7.c ****   */
  42:../../Common/Src/system_stm32h7xx_dualcore_boot_cm4_cm7.c **** 
  43:../../Common/Src/system_stm32h7xx_dualcore_boot_cm4_cm7.c **** /** @addtogroup CMSIS
  44:../../Common/Src/system_stm32h7xx_dualcore_boot_cm4_cm7.c ****   * @{
  45:../../Common/Src/system_stm32h7xx_dualcore_boot_cm4_cm7.c ****   */
  46:../../Common/Src/system_stm32h7xx_dualcore_boot_cm4_cm7.c **** 
  47:../../Common/Src/system_stm32h7xx_dualcore_boot_cm4_cm7.c **** /** @addtogroup stm32h7xx_system
  48:../../Common/Src/system_stm32h7xx_dualcore_boot_cm4_cm7.c ****   * @{
  49:../../Common/Src/system_stm32h7xx_dualcore_boot_cm4_cm7.c ****   */
  50:../../Common/Src/system_stm32h7xx_dualcore_boot_cm4_cm7.c **** 
  51:../../Common/Src/system_stm32h7xx_dualcore_boot_cm4_cm7.c **** /** @addtogroup STM32H7xx_System_Private_Includes
  52:../../Common/Src/system_stm32h7xx_dualcore_boot_cm4_cm7.c ****   * @{
  53:../../Common/Src/system_stm32h7xx_dualcore_boot_cm4_cm7.c ****   */
  54:../../Common/Src/system_stm32h7xx_dualcore_boot_cm4_cm7.c **** 
  55:../../Common/Src/system_stm32h7xx_dualcore_boot_cm4_cm7.c **** #include "stm32h7xx.h"
  56:../../Common/Src/system_stm32h7xx_dualcore_boot_cm4_cm7.c **** #include <math.h>
  57:../../Common/Src/system_stm32h7xx_dualcore_boot_cm4_cm7.c **** 
  58:../../Common/Src/system_stm32h7xx_dualcore_boot_cm4_cm7.c **** #if !defined  (HSE_VALUE)
  59:../../Common/Src/system_stm32h7xx_dualcore_boot_cm4_cm7.c **** #define HSE_VALUE    ((uint32_t)25000000) /*!< Value of the External oscillator in Hz */
  60:../../Common/Src/system_stm32h7xx_dualcore_boot_cm4_cm7.c **** #endif /* HSE_VALUE */
  61:../../Common/Src/system_stm32h7xx_dualcore_boot_cm4_cm7.c **** 
  62:../../Common/Src/system_stm32h7xx_dualcore_boot_cm4_cm7.c **** #if !defined  (CSI_VALUE)
  63:../../Common/Src/system_stm32h7xx_dualcore_boot_cm4_cm7.c ****   #define CSI_VALUE    ((uint32_t)4000000) /*!< Value of the Internal oscillator in Hz*/
  64:../../Common/Src/system_stm32h7xx_dualcore_boot_cm4_cm7.c **** #endif /* CSI_VALUE */
  65:../../Common/Src/system_stm32h7xx_dualcore_boot_cm4_cm7.c **** 
  66:../../Common/Src/system_stm32h7xx_dualcore_boot_cm4_cm7.c **** #if !defined  (HSI_VALUE)
  67:../../Common/Src/system_stm32h7xx_dualcore_boot_cm4_cm7.c ****   #define HSI_VALUE    ((uint32_t)64000000) /*!< Value of the Internal oscillator in Hz*/
  68:../../Common/Src/system_stm32h7xx_dualcore_boot_cm4_cm7.c **** #endif /* HSI_VALUE */
  69:../../Common/Src/system_stm32h7xx_dualcore_boot_cm4_cm7.c **** 
  70:../../Common/Src/system_stm32h7xx_dualcore_boot_cm4_cm7.c **** 
  71:../../Common/Src/system_stm32h7xx_dualcore_boot_cm4_cm7.c **** /**
  72:../../Common/Src/system_stm32h7xx_dualcore_boot_cm4_cm7.c ****   * @}
  73:../../Common/Src/system_stm32h7xx_dualcore_boot_cm4_cm7.c ****   */
  74:../../Common/Src/system_stm32h7xx_dualcore_boot_cm4_cm7.c **** 
  75:../../Common/Src/system_stm32h7xx_dualcore_boot_cm4_cm7.c **** /** @addtogroup STM32H7xx_System_Private_TypesDefinitions
  76:../../Common/Src/system_stm32h7xx_dualcore_boot_cm4_cm7.c ****   * @{
  77:../../Common/Src/system_stm32h7xx_dualcore_boot_cm4_cm7.c ****   */
  78:../../Common/Src/system_stm32h7xx_dualcore_boot_cm4_cm7.c **** 
  79:../../Common/Src/system_stm32h7xx_dualcore_boot_cm4_cm7.c **** /**
  80:../../Common/Src/system_stm32h7xx_dualcore_boot_cm4_cm7.c ****   * @}
  81:../../Common/Src/system_stm32h7xx_dualcore_boot_cm4_cm7.c ****   */
  82:../../Common/Src/system_stm32h7xx_dualcore_boot_cm4_cm7.c **** 
  83:../../Common/Src/system_stm32h7xx_dualcore_boot_cm4_cm7.c **** /** @addtogroup STM32H7xx_System_Private_Defines
  84:../../Common/Src/system_stm32h7xx_dualcore_boot_cm4_cm7.c ****   * @{
  85:../../Common/Src/system_stm32h7xx_dualcore_boot_cm4_cm7.c ****   */
  86:../../Common/Src/system_stm32h7xx_dualcore_boot_cm4_cm7.c **** 
  87:../../Common/Src/system_stm32h7xx_dualcore_boot_cm4_cm7.c **** /************************* Miscellaneous Configuration ************************/
  88:../../Common/Src/system_stm32h7xx_dualcore_boot_cm4_cm7.c **** /* Note: Following vector table addresses must be defined in line with linker
  89:../../Common/Src/system_stm32h7xx_dualcore_boot_cm4_cm7.c ****          configuration. */
ARM GAS  C:\Users\minis\AppData\Local\Temp\ccolzVeh.s 			page 3


  90:../../Common/Src/system_stm32h7xx_dualcore_boot_cm4_cm7.c **** /*!< Uncomment the following line if you need to relocate the vector table
  91:../../Common/Src/system_stm32h7xx_dualcore_boot_cm4_cm7.c ****      anywhere in FLASH BANK1 or AXI SRAM, else the vector table is kept at the automatic
  92:../../Common/Src/system_stm32h7xx_dualcore_boot_cm4_cm7.c ****      remap of boot address selected */
  93:../../Common/Src/system_stm32h7xx_dualcore_boot_cm4_cm7.c **** /* #define USER_VECT_TAB_ADDRESS */
  94:../../Common/Src/system_stm32h7xx_dualcore_boot_cm4_cm7.c **** 
  95:../../Common/Src/system_stm32h7xx_dualcore_boot_cm4_cm7.c **** #if defined(USER_VECT_TAB_ADDRESS)
  96:../../Common/Src/system_stm32h7xx_dualcore_boot_cm4_cm7.c **** #if defined(CORE_CM4)
  97:../../Common/Src/system_stm32h7xx_dualcore_boot_cm4_cm7.c **** /*!< Uncomment the following line if you need to relocate your vector Table
  98:../../Common/Src/system_stm32h7xx_dualcore_boot_cm4_cm7.c ****      in D2 AXI SRAM else user remap will be done in FLASH BANK2. */
  99:../../Common/Src/system_stm32h7xx_dualcore_boot_cm4_cm7.c **** /* #define VECT_TAB_SRAM */
 100:../../Common/Src/system_stm32h7xx_dualcore_boot_cm4_cm7.c **** #if defined(VECT_TAB_SRAM)
 101:../../Common/Src/system_stm32h7xx_dualcore_boot_cm4_cm7.c **** #define VECT_TAB_BASE_ADDRESS   D2_AXISRAM_BASE   /*!< Vector Table base address field.
 102:../../Common/Src/system_stm32h7xx_dualcore_boot_cm4_cm7.c ****                                                        This value must be a multiple of 0x400. */
 103:../../Common/Src/system_stm32h7xx_dualcore_boot_cm4_cm7.c **** #define VECT_TAB_OFFSET         0x00000000U       /*!< Vector Table base offset field.
 104:../../Common/Src/system_stm32h7xx_dualcore_boot_cm4_cm7.c ****                                                        This value must be a multiple of 0x400. */
 105:../../Common/Src/system_stm32h7xx_dualcore_boot_cm4_cm7.c **** #else
 106:../../Common/Src/system_stm32h7xx_dualcore_boot_cm4_cm7.c **** #define VECT_TAB_BASE_ADDRESS   FLASH_BANK2_BASE  /*!< Vector Table base address field.
 107:../../Common/Src/system_stm32h7xx_dualcore_boot_cm4_cm7.c ****                                                        This value must be a multiple of 0x400. */
 108:../../Common/Src/system_stm32h7xx_dualcore_boot_cm4_cm7.c **** #define VECT_TAB_OFFSET         0x00000000U       /*!< Vector Table base offset field.
 109:../../Common/Src/system_stm32h7xx_dualcore_boot_cm4_cm7.c ****                                                        This value must be a multiple of 0x400. */
 110:../../Common/Src/system_stm32h7xx_dualcore_boot_cm4_cm7.c **** #endif /* VECT_TAB_SRAM */
 111:../../Common/Src/system_stm32h7xx_dualcore_boot_cm4_cm7.c **** #elif defined(CORE_CM7)
 112:../../Common/Src/system_stm32h7xx_dualcore_boot_cm4_cm7.c **** /*!< Uncomment the following line if you need to relocate your vector Table
 113:../../Common/Src/system_stm32h7xx_dualcore_boot_cm4_cm7.c ****      in D1 AXI SRAM else user remap will be done in FLASH BANK1. */
 114:../../Common/Src/system_stm32h7xx_dualcore_boot_cm4_cm7.c **** /* #define VECT_TAB_SRAM */
 115:../../Common/Src/system_stm32h7xx_dualcore_boot_cm4_cm7.c **** #if defined(VECT_TAB_SRAM)
 116:../../Common/Src/system_stm32h7xx_dualcore_boot_cm4_cm7.c **** #define VECT_TAB_BASE_ADDRESS   D1_AXISRAM_BASE   /*!< Vector Table base address field.
 117:../../Common/Src/system_stm32h7xx_dualcore_boot_cm4_cm7.c ****                                                        This value must be a multiple of 0x400. */
 118:../../Common/Src/system_stm32h7xx_dualcore_boot_cm4_cm7.c **** #define VECT_TAB_OFFSET         0x00000000U       /*!< Vector Table base offset field.
 119:../../Common/Src/system_stm32h7xx_dualcore_boot_cm4_cm7.c ****                                                        This value must be a multiple of 0x400. */
 120:../../Common/Src/system_stm32h7xx_dualcore_boot_cm4_cm7.c **** #else
 121:../../Common/Src/system_stm32h7xx_dualcore_boot_cm4_cm7.c **** #define VECT_TAB_BASE_ADDRESS   FLASH_BANK1_BASE  /*!< Vector Table base address field.
 122:../../Common/Src/system_stm32h7xx_dualcore_boot_cm4_cm7.c ****                                                        This value must be a multiple of 0x400. */
 123:../../Common/Src/system_stm32h7xx_dualcore_boot_cm4_cm7.c **** #define VECT_TAB_OFFSET         0x00000000U       /*!< Vector Table base offset field.
 124:../../Common/Src/system_stm32h7xx_dualcore_boot_cm4_cm7.c ****                                                        This value must be a multiple of 0x400. */
 125:../../Common/Src/system_stm32h7xx_dualcore_boot_cm4_cm7.c **** #endif /* VECT_TAB_SRAM */
 126:../../Common/Src/system_stm32h7xx_dualcore_boot_cm4_cm7.c **** #else
 127:../../Common/Src/system_stm32h7xx_dualcore_boot_cm4_cm7.c **** #error Please #define CORE_CM4 or CORE_CM7
 128:../../Common/Src/system_stm32h7xx_dualcore_boot_cm4_cm7.c **** #endif /* CORE_CM4 */
 129:../../Common/Src/system_stm32h7xx_dualcore_boot_cm4_cm7.c **** #endif /* USER_VECT_TAB_ADDRESS */
 130:../../Common/Src/system_stm32h7xx_dualcore_boot_cm4_cm7.c **** /******************************************************************************/
 131:../../Common/Src/system_stm32h7xx_dualcore_boot_cm4_cm7.c **** 
 132:../../Common/Src/system_stm32h7xx_dualcore_boot_cm4_cm7.c **** /**
 133:../../Common/Src/system_stm32h7xx_dualcore_boot_cm4_cm7.c ****   * @}
 134:../../Common/Src/system_stm32h7xx_dualcore_boot_cm4_cm7.c ****   */
 135:../../Common/Src/system_stm32h7xx_dualcore_boot_cm4_cm7.c **** 
 136:../../Common/Src/system_stm32h7xx_dualcore_boot_cm4_cm7.c **** /** @addtogroup STM32H7xx_System_Private_Macros
 137:../../Common/Src/system_stm32h7xx_dualcore_boot_cm4_cm7.c ****   * @{
 138:../../Common/Src/system_stm32h7xx_dualcore_boot_cm4_cm7.c ****   */
 139:../../Common/Src/system_stm32h7xx_dualcore_boot_cm4_cm7.c **** 
 140:../../Common/Src/system_stm32h7xx_dualcore_boot_cm4_cm7.c **** /**
 141:../../Common/Src/system_stm32h7xx_dualcore_boot_cm4_cm7.c ****   * @}
 142:../../Common/Src/system_stm32h7xx_dualcore_boot_cm4_cm7.c ****   */
 143:../../Common/Src/system_stm32h7xx_dualcore_boot_cm4_cm7.c **** 
 144:../../Common/Src/system_stm32h7xx_dualcore_boot_cm4_cm7.c **** /** @addtogroup STM32H7xx_System_Private_Variables
 145:../../Common/Src/system_stm32h7xx_dualcore_boot_cm4_cm7.c ****   * @{
 146:../../Common/Src/system_stm32h7xx_dualcore_boot_cm4_cm7.c ****   */
ARM GAS  C:\Users\minis\AppData\Local\Temp\ccolzVeh.s 			page 4


 147:../../Common/Src/system_stm32h7xx_dualcore_boot_cm4_cm7.c ****   /* This variable is updated in three ways:
 148:../../Common/Src/system_stm32h7xx_dualcore_boot_cm4_cm7.c ****       1) by calling CMSIS function SystemCoreClockUpdate()
 149:../../Common/Src/system_stm32h7xx_dualcore_boot_cm4_cm7.c ****       2) by calling HAL API function HAL_RCC_GetHCLKFreq()
 150:../../Common/Src/system_stm32h7xx_dualcore_boot_cm4_cm7.c ****       3) each time HAL_RCC_ClockConfig() is called to configure the system clock frequency
 151:../../Common/Src/system_stm32h7xx_dualcore_boot_cm4_cm7.c ****          Note: If you use this function to configure the system clock; then there
 152:../../Common/Src/system_stm32h7xx_dualcore_boot_cm4_cm7.c ****                is no need to call the 2 first functions listed above, since SystemCoreClock
 153:../../Common/Src/system_stm32h7xx_dualcore_boot_cm4_cm7.c ****                variable is updated automatically.
 154:../../Common/Src/system_stm32h7xx_dualcore_boot_cm4_cm7.c ****   */
 155:../../Common/Src/system_stm32h7xx_dualcore_boot_cm4_cm7.c ****   uint32_t SystemCoreClock = 64000000;
 156:../../Common/Src/system_stm32h7xx_dualcore_boot_cm4_cm7.c ****   uint32_t SystemD2Clock = 64000000;
 157:../../Common/Src/system_stm32h7xx_dualcore_boot_cm4_cm7.c ****   const  uint8_t D1CorePrescTable[16] = {0, 0, 0, 0, 1, 2, 3, 4, 1, 2, 3, 4, 6, 7, 8, 9};
 158:../../Common/Src/system_stm32h7xx_dualcore_boot_cm4_cm7.c **** 
 159:../../Common/Src/system_stm32h7xx_dualcore_boot_cm4_cm7.c **** /**
 160:../../Common/Src/system_stm32h7xx_dualcore_boot_cm4_cm7.c ****   * @}
 161:../../Common/Src/system_stm32h7xx_dualcore_boot_cm4_cm7.c ****   */
 162:../../Common/Src/system_stm32h7xx_dualcore_boot_cm4_cm7.c **** 
 163:../../Common/Src/system_stm32h7xx_dualcore_boot_cm4_cm7.c **** /** @addtogroup STM32H7xx_System_Private_FunctionPrototypes
 164:../../Common/Src/system_stm32h7xx_dualcore_boot_cm4_cm7.c ****   * @{
 165:../../Common/Src/system_stm32h7xx_dualcore_boot_cm4_cm7.c ****   */
 166:../../Common/Src/system_stm32h7xx_dualcore_boot_cm4_cm7.c **** 
 167:../../Common/Src/system_stm32h7xx_dualcore_boot_cm4_cm7.c **** /**
 168:../../Common/Src/system_stm32h7xx_dualcore_boot_cm4_cm7.c ****   * @}
 169:../../Common/Src/system_stm32h7xx_dualcore_boot_cm4_cm7.c ****   */
 170:../../Common/Src/system_stm32h7xx_dualcore_boot_cm4_cm7.c **** 
 171:../../Common/Src/system_stm32h7xx_dualcore_boot_cm4_cm7.c **** /** @addtogroup STM32H7xx_System_Private_Functions
 172:../../Common/Src/system_stm32h7xx_dualcore_boot_cm4_cm7.c ****   * @{
 173:../../Common/Src/system_stm32h7xx_dualcore_boot_cm4_cm7.c ****   */
 174:../../Common/Src/system_stm32h7xx_dualcore_boot_cm4_cm7.c **** 
 175:../../Common/Src/system_stm32h7xx_dualcore_boot_cm4_cm7.c **** /**
 176:../../Common/Src/system_stm32h7xx_dualcore_boot_cm4_cm7.c ****   * @brief  Setup the microcontroller system
 177:../../Common/Src/system_stm32h7xx_dualcore_boot_cm4_cm7.c ****   *         Initialize the FPU setting and  vector table location
 178:../../Common/Src/system_stm32h7xx_dualcore_boot_cm4_cm7.c ****   *         configuration.
 179:../../Common/Src/system_stm32h7xx_dualcore_boot_cm4_cm7.c ****   * @param  None
 180:../../Common/Src/system_stm32h7xx_dualcore_boot_cm4_cm7.c ****   * @retval None
 181:../../Common/Src/system_stm32h7xx_dualcore_boot_cm4_cm7.c ****   */
 182:../../Common/Src/system_stm32h7xx_dualcore_boot_cm4_cm7.c **** void SystemInit (void)
 183:../../Common/Src/system_stm32h7xx_dualcore_boot_cm4_cm7.c **** {
  27              		.loc 1 183 1 view -0
  28              		.cfi_startproc
  29              		@ args = 0, pretend = 0, frame = 0
  30              		@ frame_needed = 0, uses_anonymous_args = 0
  31              		@ link register save eliminated.
 184:../../Common/Src/system_stm32h7xx_dualcore_boot_cm4_cm7.c ****   /* FPU settings ------------------------------------------------------------*/
 185:../../Common/Src/system_stm32h7xx_dualcore_boot_cm4_cm7.c ****   #if (__FPU_PRESENT == 1) && (__FPU_USED == 1)
 186:../../Common/Src/system_stm32h7xx_dualcore_boot_cm4_cm7.c ****     SCB->CPACR |= ((3UL << (10*2))|(3UL << (11*2)));  /* set CP10 and CP11 Full Access */
 187:../../Common/Src/system_stm32h7xx_dualcore_boot_cm4_cm7.c ****   #endif
 188:../../Common/Src/system_stm32h7xx_dualcore_boot_cm4_cm7.c **** 
 189:../../Common/Src/system_stm32h7xx_dualcore_boot_cm4_cm7.c ****     /*SEVONPEND enabled so that an interrupt coming from the CPU(n) interrupt signal is
 190:../../Common/Src/system_stm32h7xx_dualcore_boot_cm4_cm7.c ****      detectable by the CPU after a WFI/WFE instruction.*/
 191:../../Common/Src/system_stm32h7xx_dualcore_boot_cm4_cm7.c ****  SCB->SCR |= SCB_SCR_SEVONPEND_Msk;
  32              		.loc 1 191 2 view .LVU1
  33              		.loc 1 191 5 is_stmt 0 view .LVU2
  34 0000 024A     		ldr	r2, .L2
  35 0002 1369     		ldr	r3, [r2, #16]
  36              		.loc 1 191 11 view .LVU3
  37 0004 43F01003 		orr	r3, r3, #16
  38 0008 1361     		str	r3, [r2, #16]
ARM GAS  C:\Users\minis\AppData\Local\Temp\ccolzVeh.s 			page 5


 192:../../Common/Src/system_stm32h7xx_dualcore_boot_cm4_cm7.c **** 
 193:../../Common/Src/system_stm32h7xx_dualcore_boot_cm4_cm7.c **** #if defined(CORE_CM7)
 194:../../Common/Src/system_stm32h7xx_dualcore_boot_cm4_cm7.c ****   /* Reset the RCC clock configuration to the default reset state ------------*/
 195:../../Common/Src/system_stm32h7xx_dualcore_boot_cm4_cm7.c ****    /* Increasing the CPU frequency */
 196:../../Common/Src/system_stm32h7xx_dualcore_boot_cm4_cm7.c ****   if(FLASH_LATENCY_DEFAULT  > (READ_BIT((FLASH->ACR), FLASH_ACR_LATENCY)))
 197:../../Common/Src/system_stm32h7xx_dualcore_boot_cm4_cm7.c ****   {
 198:../../Common/Src/system_stm32h7xx_dualcore_boot_cm4_cm7.c ****     /* Program the new number of wait states to the LATENCY bits in the FLASH_ACR register */
 199:../../Common/Src/system_stm32h7xx_dualcore_boot_cm4_cm7.c ****     MODIFY_REG(FLASH->ACR, FLASH_ACR_LATENCY, (uint32_t)(FLASH_LATENCY_DEFAULT));
 200:../../Common/Src/system_stm32h7xx_dualcore_boot_cm4_cm7.c ****   }
 201:../../Common/Src/system_stm32h7xx_dualcore_boot_cm4_cm7.c **** 
 202:../../Common/Src/system_stm32h7xx_dualcore_boot_cm4_cm7.c ****   /* Set HSION bit */
 203:../../Common/Src/system_stm32h7xx_dualcore_boot_cm4_cm7.c ****   RCC->CR |= RCC_CR_HSION;
 204:../../Common/Src/system_stm32h7xx_dualcore_boot_cm4_cm7.c **** 
 205:../../Common/Src/system_stm32h7xx_dualcore_boot_cm4_cm7.c ****   /* Reset CFGR register */
 206:../../Common/Src/system_stm32h7xx_dualcore_boot_cm4_cm7.c ****   RCC->CFGR = 0x00000000;
 207:../../Common/Src/system_stm32h7xx_dualcore_boot_cm4_cm7.c **** 
 208:../../Common/Src/system_stm32h7xx_dualcore_boot_cm4_cm7.c ****   /* Reset HSEON, HSECSSON, CSION, HSI48ON, CSIKERON, PLL1ON, PLL2ON and PLL3ON bits */
 209:../../Common/Src/system_stm32h7xx_dualcore_boot_cm4_cm7.c ****   RCC->CR &= 0xEAF6ED7FU;
 210:../../Common/Src/system_stm32h7xx_dualcore_boot_cm4_cm7.c **** 
 211:../../Common/Src/system_stm32h7xx_dualcore_boot_cm4_cm7.c ****    /* Decreasing the number of wait states because of lower CPU frequency */
 212:../../Common/Src/system_stm32h7xx_dualcore_boot_cm4_cm7.c ****   if(FLASH_LATENCY_DEFAULT  < (READ_BIT((FLASH->ACR), FLASH_ACR_LATENCY)))
 213:../../Common/Src/system_stm32h7xx_dualcore_boot_cm4_cm7.c ****   {
 214:../../Common/Src/system_stm32h7xx_dualcore_boot_cm4_cm7.c ****     /* Program the new number of wait states to the LATENCY bits in the FLASH_ACR register */
 215:../../Common/Src/system_stm32h7xx_dualcore_boot_cm4_cm7.c ****     MODIFY_REG(FLASH->ACR, FLASH_ACR_LATENCY, (uint32_t)(FLASH_LATENCY_DEFAULT));
 216:../../Common/Src/system_stm32h7xx_dualcore_boot_cm4_cm7.c ****   }
 217:../../Common/Src/system_stm32h7xx_dualcore_boot_cm4_cm7.c **** 
 218:../../Common/Src/system_stm32h7xx_dualcore_boot_cm4_cm7.c ****   /* Reset D1CFGR register */
 219:../../Common/Src/system_stm32h7xx_dualcore_boot_cm4_cm7.c ****   RCC->D1CFGR = 0x00000000;
 220:../../Common/Src/system_stm32h7xx_dualcore_boot_cm4_cm7.c **** 
 221:../../Common/Src/system_stm32h7xx_dualcore_boot_cm4_cm7.c ****   /* Reset D2CFGR register */
 222:../../Common/Src/system_stm32h7xx_dualcore_boot_cm4_cm7.c ****   RCC->D2CFGR = 0x00000000;
 223:../../Common/Src/system_stm32h7xx_dualcore_boot_cm4_cm7.c **** 
 224:../../Common/Src/system_stm32h7xx_dualcore_boot_cm4_cm7.c ****   /* Reset D3CFGR register */
 225:../../Common/Src/system_stm32h7xx_dualcore_boot_cm4_cm7.c ****   RCC->D3CFGR = 0x00000000;
 226:../../Common/Src/system_stm32h7xx_dualcore_boot_cm4_cm7.c **** 
 227:../../Common/Src/system_stm32h7xx_dualcore_boot_cm4_cm7.c ****   /* Reset PLLCKSELR register */
 228:../../Common/Src/system_stm32h7xx_dualcore_boot_cm4_cm7.c ****   RCC->PLLCKSELR = 0x02020200;
 229:../../Common/Src/system_stm32h7xx_dualcore_boot_cm4_cm7.c **** 
 230:../../Common/Src/system_stm32h7xx_dualcore_boot_cm4_cm7.c ****   /* Reset PLLCFGR register */
 231:../../Common/Src/system_stm32h7xx_dualcore_boot_cm4_cm7.c ****   RCC->PLLCFGR = 0x01FF0000;
 232:../../Common/Src/system_stm32h7xx_dualcore_boot_cm4_cm7.c ****   /* Reset PLL1DIVR register */
 233:../../Common/Src/system_stm32h7xx_dualcore_boot_cm4_cm7.c ****   RCC->PLL1DIVR = 0x01010280;
 234:../../Common/Src/system_stm32h7xx_dualcore_boot_cm4_cm7.c ****   /* Reset PLL1FRACR register */
 235:../../Common/Src/system_stm32h7xx_dualcore_boot_cm4_cm7.c ****   RCC->PLL1FRACR = 0x00000000;
 236:../../Common/Src/system_stm32h7xx_dualcore_boot_cm4_cm7.c **** 
 237:../../Common/Src/system_stm32h7xx_dualcore_boot_cm4_cm7.c ****   /* Reset PLL2DIVR register */
 238:../../Common/Src/system_stm32h7xx_dualcore_boot_cm4_cm7.c ****   RCC->PLL2DIVR = 0x01010280;
 239:../../Common/Src/system_stm32h7xx_dualcore_boot_cm4_cm7.c **** 
 240:../../Common/Src/system_stm32h7xx_dualcore_boot_cm4_cm7.c ****   /* Reset PLL2FRACR register */
 241:../../Common/Src/system_stm32h7xx_dualcore_boot_cm4_cm7.c **** 
 242:../../Common/Src/system_stm32h7xx_dualcore_boot_cm4_cm7.c ****   RCC->PLL2FRACR = 0x00000000;
 243:../../Common/Src/system_stm32h7xx_dualcore_boot_cm4_cm7.c ****   /* Reset PLL3DIVR register */
 244:../../Common/Src/system_stm32h7xx_dualcore_boot_cm4_cm7.c ****   RCC->PLL3DIVR = 0x01010280;
 245:../../Common/Src/system_stm32h7xx_dualcore_boot_cm4_cm7.c **** 
 246:../../Common/Src/system_stm32h7xx_dualcore_boot_cm4_cm7.c ****   /* Reset PLL3FRACR register */
 247:../../Common/Src/system_stm32h7xx_dualcore_boot_cm4_cm7.c ****   RCC->PLL3FRACR = 0x00000000;
 248:../../Common/Src/system_stm32h7xx_dualcore_boot_cm4_cm7.c **** 
ARM GAS  C:\Users\minis\AppData\Local\Temp\ccolzVeh.s 			page 6


 249:../../Common/Src/system_stm32h7xx_dualcore_boot_cm4_cm7.c ****   /* Reset HSEBYP bit */
 250:../../Common/Src/system_stm32h7xx_dualcore_boot_cm4_cm7.c ****   RCC->CR &= 0xFFFBFFFFU;
 251:../../Common/Src/system_stm32h7xx_dualcore_boot_cm4_cm7.c **** 
 252:../../Common/Src/system_stm32h7xx_dualcore_boot_cm4_cm7.c ****   /* Disable all interrupts */
 253:../../Common/Src/system_stm32h7xx_dualcore_boot_cm4_cm7.c ****   RCC->CIER = 0x00000000;
 254:../../Common/Src/system_stm32h7xx_dualcore_boot_cm4_cm7.c **** 
 255:../../Common/Src/system_stm32h7xx_dualcore_boot_cm4_cm7.c ****   /* Enable CortexM7 HSEM EXTI line (line 78)*/
 256:../../Common/Src/system_stm32h7xx_dualcore_boot_cm4_cm7.c ****   EXTI_D2->EMR3 |= 0x4000UL;
 257:../../Common/Src/system_stm32h7xx_dualcore_boot_cm4_cm7.c **** 
 258:../../Common/Src/system_stm32h7xx_dualcore_boot_cm4_cm7.c ****   if((DBGMCU->IDCODE & 0xFFFF0000U) < 0x20000000U)
 259:../../Common/Src/system_stm32h7xx_dualcore_boot_cm4_cm7.c ****   {
 260:../../Common/Src/system_stm32h7xx_dualcore_boot_cm4_cm7.c ****     /* if stm32h7 revY*/
 261:../../Common/Src/system_stm32h7xx_dualcore_boot_cm4_cm7.c ****     /* Change  the switch matrix read issuing capability to 1 for the AXI SRAM target (Target 7) */
 262:../../Common/Src/system_stm32h7xx_dualcore_boot_cm4_cm7.c ****     *((__IO uint32_t*)0x51008108) = 0x000000001U;
 263:../../Common/Src/system_stm32h7xx_dualcore_boot_cm4_cm7.c ****   }
 264:../../Common/Src/system_stm32h7xx_dualcore_boot_cm4_cm7.c **** 
 265:../../Common/Src/system_stm32h7xx_dualcore_boot_cm4_cm7.c **** #endif /* CORE_CM7*/
 266:../../Common/Src/system_stm32h7xx_dualcore_boot_cm4_cm7.c **** 
 267:../../Common/Src/system_stm32h7xx_dualcore_boot_cm4_cm7.c **** #if defined(CORE_CM4)
 268:../../Common/Src/system_stm32h7xx_dualcore_boot_cm4_cm7.c ****   /* Configure the Vector Table location add offset address for cortex-M4 ------------------*/
 269:../../Common/Src/system_stm32h7xx_dualcore_boot_cm4_cm7.c **** #if defined(USER_VECT_TAB_ADDRESS)
 270:../../Common/Src/system_stm32h7xx_dualcore_boot_cm4_cm7.c ****   SCB->VTOR = VECT_TAB_BASE_ADDRESS | VECT_TAB_OFFSET; /* Vector Table Relocation in Internal D2 AX
 271:../../Common/Src/system_stm32h7xx_dualcore_boot_cm4_cm7.c **** #endif /* USER_VECT_TAB_ADDRESS */
 272:../../Common/Src/system_stm32h7xx_dualcore_boot_cm4_cm7.c **** 
 273:../../Common/Src/system_stm32h7xx_dualcore_boot_cm4_cm7.c **** #elif defined(CORE_CM7)
 274:../../Common/Src/system_stm32h7xx_dualcore_boot_cm4_cm7.c ****   if(READ_BIT(RCC->AHB3ENR, RCC_AHB3ENR_FMCEN) == 0U)
 275:../../Common/Src/system_stm32h7xx_dualcore_boot_cm4_cm7.c ****   {
 276:../../Common/Src/system_stm32h7xx_dualcore_boot_cm4_cm7.c ****     /* Enable the FMC interface clock */
 277:../../Common/Src/system_stm32h7xx_dualcore_boot_cm4_cm7.c ****     SET_BIT(RCC->AHB3ENR, RCC_AHB3ENR_FMCEN);
 278:../../Common/Src/system_stm32h7xx_dualcore_boot_cm4_cm7.c **** 
 279:../../Common/Src/system_stm32h7xx_dualcore_boot_cm4_cm7.c ****     /*
 280:../../Common/Src/system_stm32h7xx_dualcore_boot_cm4_cm7.c ****      * Disable the FMC bank1 (enabled after reset).
 281:../../Common/Src/system_stm32h7xx_dualcore_boot_cm4_cm7.c ****      * This, prevents CPU speculation access on this bank which blocks the use of FMC during
 282:../../Common/Src/system_stm32h7xx_dualcore_boot_cm4_cm7.c ****      * 24us. During this time the others FMC master (such as LTDC) cannot use it!
 283:../../Common/Src/system_stm32h7xx_dualcore_boot_cm4_cm7.c ****      */
 284:../../Common/Src/system_stm32h7xx_dualcore_boot_cm4_cm7.c ****     FMC_Bank1_R->BTCR[0] = 0x000030D2;
 285:../../Common/Src/system_stm32h7xx_dualcore_boot_cm4_cm7.c **** 
 286:../../Common/Src/system_stm32h7xx_dualcore_boot_cm4_cm7.c ****     /* Disable the FMC interface clock */
 287:../../Common/Src/system_stm32h7xx_dualcore_boot_cm4_cm7.c ****     CLEAR_BIT(RCC->AHB3ENR, RCC_AHB3ENR_FMCEN);
 288:../../Common/Src/system_stm32h7xx_dualcore_boot_cm4_cm7.c ****   }
 289:../../Common/Src/system_stm32h7xx_dualcore_boot_cm4_cm7.c **** 
 290:../../Common/Src/system_stm32h7xx_dualcore_boot_cm4_cm7.c ****   /* Configure the Vector Table location -------------------------------------*/
 291:../../Common/Src/system_stm32h7xx_dualcore_boot_cm4_cm7.c **** #if defined(USER_VECT_TAB_ADDRESS)
 292:../../Common/Src/system_stm32h7xx_dualcore_boot_cm4_cm7.c ****   SCB->VTOR = VECT_TAB_BASE_ADDRESS | VECT_TAB_OFFSET; /* Vector Table Relocation in Internal D1 AX
 293:../../Common/Src/system_stm32h7xx_dualcore_boot_cm4_cm7.c **** #endif /* USER_VECT_TAB_ADDRESS */
 294:../../Common/Src/system_stm32h7xx_dualcore_boot_cm4_cm7.c **** 
 295:../../Common/Src/system_stm32h7xx_dualcore_boot_cm4_cm7.c **** #else
 296:../../Common/Src/system_stm32h7xx_dualcore_boot_cm4_cm7.c **** #error Please #define CORE_CM4 or CORE_CM7
 297:../../Common/Src/system_stm32h7xx_dualcore_boot_cm4_cm7.c **** #endif /* CORE_CM4 */
 298:../../Common/Src/system_stm32h7xx_dualcore_boot_cm4_cm7.c **** }
  39              		.loc 1 298 1 view .LVU4
  40 000a 7047     		bx	lr
  41              	.L3:
  42              		.align	2
  43              	.L2:
  44 000c 00ED00E0 		.word	-536810240
  45              		.cfi_endproc
ARM GAS  C:\Users\minis\AppData\Local\Temp\ccolzVeh.s 			page 7


  46              	.LFE132:
  48              		.section	.text.SystemCoreClockUpdate,"ax",%progbits
  49              		.align	1
  50              		.global	SystemCoreClockUpdate
  51              		.syntax unified
  52              		.thumb
  53              		.thumb_func
  55              	SystemCoreClockUpdate:
  56              	.LFB133:
 299:../../Common/Src/system_stm32h7xx_dualcore_boot_cm4_cm7.c **** 
 300:../../Common/Src/system_stm32h7xx_dualcore_boot_cm4_cm7.c **** /**
 301:../../Common/Src/system_stm32h7xx_dualcore_boot_cm4_cm7.c ****   * @brief  Update SystemCoreClock variable according to Clock Register Values.
 302:../../Common/Src/system_stm32h7xx_dualcore_boot_cm4_cm7.c ****   *         The SystemCoreClock variable contains the core clock , it can
 303:../../Common/Src/system_stm32h7xx_dualcore_boot_cm4_cm7.c ****   *         be used by the user application to setup the SysTick timer or configure
 304:../../Common/Src/system_stm32h7xx_dualcore_boot_cm4_cm7.c ****   *         other parameters.
 305:../../Common/Src/system_stm32h7xx_dualcore_boot_cm4_cm7.c ****   *
 306:../../Common/Src/system_stm32h7xx_dualcore_boot_cm4_cm7.c ****   * @note   Each time the core clock changes, this function must be called
 307:../../Common/Src/system_stm32h7xx_dualcore_boot_cm4_cm7.c ****   *         to update SystemCoreClock variable value. Otherwise, any configuration
 308:../../Common/Src/system_stm32h7xx_dualcore_boot_cm4_cm7.c ****   *         based on this variable will be incorrect.
 309:../../Common/Src/system_stm32h7xx_dualcore_boot_cm4_cm7.c ****   *
 310:../../Common/Src/system_stm32h7xx_dualcore_boot_cm4_cm7.c ****   * @note   - The system frequency computed by this function is not the real
 311:../../Common/Src/system_stm32h7xx_dualcore_boot_cm4_cm7.c ****   *           frequency in the chip. It is calculated based on the predefined
 312:../../Common/Src/system_stm32h7xx_dualcore_boot_cm4_cm7.c ****   *           constant and the selected clock source:
 313:../../Common/Src/system_stm32h7xx_dualcore_boot_cm4_cm7.c ****   *
 314:../../Common/Src/system_stm32h7xx_dualcore_boot_cm4_cm7.c ****   *           - If SYSCLK source is CSI, SystemCoreClock will contain the CSI_VALUE(*)
 315:../../Common/Src/system_stm32h7xx_dualcore_boot_cm4_cm7.c ****   *           - If SYSCLK source is HSI, SystemCoreClock will contain the HSI_VALUE(**)
 316:../../Common/Src/system_stm32h7xx_dualcore_boot_cm4_cm7.c ****   *           - If SYSCLK source is HSE, SystemCoreClock will contain the HSE_VALUE(***)
 317:../../Common/Src/system_stm32h7xx_dualcore_boot_cm4_cm7.c ****   *           - If SYSCLK source is PLL, SystemCoreClock will contain the CSI_VALUE(*),
 318:../../Common/Src/system_stm32h7xx_dualcore_boot_cm4_cm7.c ****   *             HSI_VALUE(**) or HSE_VALUE(***) multiplied/divided by the PLL factors.
 319:../../Common/Src/system_stm32h7xx_dualcore_boot_cm4_cm7.c ****   *
 320:../../Common/Src/system_stm32h7xx_dualcore_boot_cm4_cm7.c ****   *         (*) CSI_VALUE is a constant defined in stm32h7xx_hal.h file (default value
 321:../../Common/Src/system_stm32h7xx_dualcore_boot_cm4_cm7.c ****   *             4 MHz) but the real value may vary depending on the variations
 322:../../Common/Src/system_stm32h7xx_dualcore_boot_cm4_cm7.c ****   *             in voltage and temperature.
 323:../../Common/Src/system_stm32h7xx_dualcore_boot_cm4_cm7.c ****   *         (**) HSI_VALUE is a constant defined in stm32h7xx_hal.h file (default value
 324:../../Common/Src/system_stm32h7xx_dualcore_boot_cm4_cm7.c ****   *             64 MHz) but the real value may vary depending on the variations
 325:../../Common/Src/system_stm32h7xx_dualcore_boot_cm4_cm7.c ****   *             in voltage and temperature.
 326:../../Common/Src/system_stm32h7xx_dualcore_boot_cm4_cm7.c ****   *
 327:../../Common/Src/system_stm32h7xx_dualcore_boot_cm4_cm7.c ****   *         (***)HSE_VALUE is a constant defined in stm32h7xx_hal.h file (default value
 328:../../Common/Src/system_stm32h7xx_dualcore_boot_cm4_cm7.c ****   *              25 MHz), user has to ensure that HSE_VALUE is same as the real
 329:../../Common/Src/system_stm32h7xx_dualcore_boot_cm4_cm7.c ****   *              frequency of the crystal used. Otherwise, this function may
 330:../../Common/Src/system_stm32h7xx_dualcore_boot_cm4_cm7.c ****   *              have wrong result.
 331:../../Common/Src/system_stm32h7xx_dualcore_boot_cm4_cm7.c ****   *
 332:../../Common/Src/system_stm32h7xx_dualcore_boot_cm4_cm7.c ****   *         - The result of this function could be not correct when using fractional
 333:../../Common/Src/system_stm32h7xx_dualcore_boot_cm4_cm7.c ****   *           value for HSE crystal.
 334:../../Common/Src/system_stm32h7xx_dualcore_boot_cm4_cm7.c ****   * @param  None
 335:../../Common/Src/system_stm32h7xx_dualcore_boot_cm4_cm7.c ****   * @retval None
 336:../../Common/Src/system_stm32h7xx_dualcore_boot_cm4_cm7.c ****   */
 337:../../Common/Src/system_stm32h7xx_dualcore_boot_cm4_cm7.c **** void SystemCoreClockUpdate (void)
 338:../../Common/Src/system_stm32h7xx_dualcore_boot_cm4_cm7.c **** {
  57              		.loc 1 338 1 is_stmt 1 view -0
  58              		.cfi_startproc
  59              		@ args = 0, pretend = 0, frame = 0
  60              		@ frame_needed = 0, uses_anonymous_args = 0
  61 0000 F8B5     		push	{r3, r4, r5, r6, r7, lr}
  62              	.LCFI0:
  63              		.cfi_def_cfa_offset 24
  64              		.cfi_offset 3, -24
ARM GAS  C:\Users\minis\AppData\Local\Temp\ccolzVeh.s 			page 8


  65              		.cfi_offset 4, -20
  66              		.cfi_offset 5, -16
  67              		.cfi_offset 6, -12
  68              		.cfi_offset 7, -8
  69              		.cfi_offset 14, -4
 339:../../Common/Src/system_stm32h7xx_dualcore_boot_cm4_cm7.c ****   uint32_t pllp, pllsource, pllm, pllfracen, hsivalue, tmp;
  70              		.loc 1 339 3 view .LVU6
 340:../../Common/Src/system_stm32h7xx_dualcore_boot_cm4_cm7.c ****   uint32_t common_system_clock;
  71              		.loc 1 340 3 view .LVU7
 341:../../Common/Src/system_stm32h7xx_dualcore_boot_cm4_cm7.c ****   float_t fracn1, pllvco;
  72              		.loc 1 341 3 view .LVU8
 342:../../Common/Src/system_stm32h7xx_dualcore_boot_cm4_cm7.c **** 
 343:../../Common/Src/system_stm32h7xx_dualcore_boot_cm4_cm7.c ****   /* Get SYSCLK source -------------------------------------------------------*/
 344:../../Common/Src/system_stm32h7xx_dualcore_boot_cm4_cm7.c **** 
 345:../../Common/Src/system_stm32h7xx_dualcore_boot_cm4_cm7.c ****   switch (RCC->CFGR & RCC_CFGR_SWS)
  73              		.loc 1 345 3 view .LVU9
  74              		.loc 1 345 14 is_stmt 0 view .LVU10
  75 0002 844B     		ldr	r3, .L17
  76 0004 1B69     		ldr	r3, [r3, #16]
  77              		.loc 1 345 21 view .LVU11
  78 0006 03F03803 		and	r3, r3, #56
  79              		.loc 1 345 3 view .LVU12
  80 000a 182B     		cmp	r3, #24
  81 000c 00F2E580 		bhi	.L5
  82 0010 DFE813F0 		tbh	[pc, r3, lsl #1]
  83              	.L7:
  84 0014 1B00     		.2byte	(.L10-.L7)/2
  85 0016 E300     		.2byte	(.L5-.L7)/2
  86 0018 E300     		.2byte	(.L5-.L7)/2
  87 001a E300     		.2byte	(.L5-.L7)/2
  88 001c E300     		.2byte	(.L5-.L7)/2
  89 001e E300     		.2byte	(.L5-.L7)/2
  90 0020 E300     		.2byte	(.L5-.L7)/2
  91 0022 E300     		.2byte	(.L5-.L7)/2
  92 0024 1900     		.2byte	(.L9-.L7)/2
  93 0026 E300     		.2byte	(.L5-.L7)/2
  94 0028 E300     		.2byte	(.L5-.L7)/2
  95 002a E300     		.2byte	(.L5-.L7)/2
  96 002c E300     		.2byte	(.L5-.L7)/2
  97 002e E300     		.2byte	(.L5-.L7)/2
  98 0030 E300     		.2byte	(.L5-.L7)/2
  99 0032 E300     		.2byte	(.L5-.L7)/2
 100 0034 FD00     		.2byte	(.L15-.L7)/2
 101 0036 E300     		.2byte	(.L5-.L7)/2
 102 0038 E300     		.2byte	(.L5-.L7)/2
 103 003a E300     		.2byte	(.L5-.L7)/2
 104 003c E300     		.2byte	(.L5-.L7)/2
 105 003e E300     		.2byte	(.L5-.L7)/2
 106 0040 E300     		.2byte	(.L5-.L7)/2
 107 0042 E300     		.2byte	(.L5-.L7)/2
 108 0044 2200     		.2byte	(.L6-.L7)/2
 109              		.p2align 1
 110              	.L9:
 111 0046 744C     		ldr	r4, .L17+4
 112 0048 CDE0     		b	.L8
 113              	.L10:
 346:../../Common/Src/system_stm32h7xx_dualcore_boot_cm4_cm7.c ****   {
ARM GAS  C:\Users\minis\AppData\Local\Temp\ccolzVeh.s 			page 9


 347:../../Common/Src/system_stm32h7xx_dualcore_boot_cm4_cm7.c ****   case RCC_CFGR_SWS_HSI:  /* HSI used as system clock source */
 348:../../Common/Src/system_stm32h7xx_dualcore_boot_cm4_cm7.c ****     common_system_clock = (uint32_t) (HSI_VALUE >> ((RCC->CR & RCC_CR_HSIDIV)>> 3));
 114              		.loc 1 348 5 is_stmt 1 view .LVU13
 115              		.loc 1 348 57 is_stmt 0 view .LVU14
 116 004a 724B     		ldr	r3, .L17
 117 004c 1A68     		ldr	r2, [r3]
 118              		.loc 1 348 78 view .LVU15
 119 004e C2F3C102 		ubfx	r2, r2, #3, #2
 120              		.loc 1 348 25 view .LVU16
 121 0052 724C     		ldr	r4, .L17+8
 122 0054 D440     		lsrs	r4, r4, r2
 123              	.LVL0:
 349:../../Common/Src/system_stm32h7xx_dualcore_boot_cm4_cm7.c ****     break;
 124              		.loc 1 349 5 is_stmt 1 view .LVU17
 125 0056 C6E0     		b	.L8
 126              	.LVL1:
 127              	.L6:
 350:../../Common/Src/system_stm32h7xx_dualcore_boot_cm4_cm7.c **** 
 351:../../Common/Src/system_stm32h7xx_dualcore_boot_cm4_cm7.c ****   case RCC_CFGR_SWS_CSI:  /* CSI used as system clock  source */
 352:../../Common/Src/system_stm32h7xx_dualcore_boot_cm4_cm7.c ****     common_system_clock = CSI_VALUE;
 353:../../Common/Src/system_stm32h7xx_dualcore_boot_cm4_cm7.c ****     break;
 354:../../Common/Src/system_stm32h7xx_dualcore_boot_cm4_cm7.c **** 
 355:../../Common/Src/system_stm32h7xx_dualcore_boot_cm4_cm7.c ****   case RCC_CFGR_SWS_HSE:  /* HSE used as system clock  source */
 356:../../Common/Src/system_stm32h7xx_dualcore_boot_cm4_cm7.c ****     common_system_clock = HSE_VALUE;
 357:../../Common/Src/system_stm32h7xx_dualcore_boot_cm4_cm7.c ****     break;
 358:../../Common/Src/system_stm32h7xx_dualcore_boot_cm4_cm7.c **** 
 359:../../Common/Src/system_stm32h7xx_dualcore_boot_cm4_cm7.c ****   case RCC_CFGR_SWS_PLL1:  /* PLL1 used as system clock  source */
 360:../../Common/Src/system_stm32h7xx_dualcore_boot_cm4_cm7.c **** 
 361:../../Common/Src/system_stm32h7xx_dualcore_boot_cm4_cm7.c ****     /* PLL_VCO = (HSE_VALUE or HSI_VALUE or CSI_VALUE/ PLLM) * PLLN
 362:../../Common/Src/system_stm32h7xx_dualcore_boot_cm4_cm7.c ****     SYSCLK = PLL_VCO / PLLR
 363:../../Common/Src/system_stm32h7xx_dualcore_boot_cm4_cm7.c ****     */
 364:../../Common/Src/system_stm32h7xx_dualcore_boot_cm4_cm7.c ****     pllsource = (RCC->PLLCKSELR & RCC_PLLCKSELR_PLLSRC);
 128              		.loc 1 364 5 view .LVU18
 129              		.loc 1 364 21 is_stmt 0 view .LVU19
 130 0058 6E4A     		ldr	r2, .L17
 131 005a 956A     		ldr	r5, [r2, #40]
 132              		.loc 1 364 15 view .LVU20
 133 005c 05F00305 		and	r5, r5, #3
 134              	.LVL2:
 365:../../Common/Src/system_stm32h7xx_dualcore_boot_cm4_cm7.c ****     pllm = ((RCC->PLLCKSELR & RCC_PLLCKSELR_DIVM1)>> 4)  ;
 135              		.loc 1 365 5 is_stmt 1 view .LVU21
 136              		.loc 1 365 17 is_stmt 0 view .LVU22
 137 0060 946A     		ldr	r4, [r2, #40]
 138              		.loc 1 365 10 view .LVU23
 139 0062 C4F30514 		ubfx	r4, r4, #4, #6
 140              	.LVL3:
 366:../../Common/Src/system_stm32h7xx_dualcore_boot_cm4_cm7.c ****     pllfracen = ((RCC->PLLCFGR & RCC_PLLCFGR_PLL1FRACEN)>>RCC_PLLCFGR_PLL1FRACEN_Pos);
 141              		.loc 1 366 5 is_stmt 1 view .LVU24
 142              		.loc 1 366 22 is_stmt 0 view .LVU25
 143 0066 D06A     		ldr	r0, [r2, #44]
 144              		.loc 1 366 15 view .LVU26
 145 0068 00F00100 		and	r0, r0, #1
 146              	.LVL4:
 367:../../Common/Src/system_stm32h7xx_dualcore_boot_cm4_cm7.c ****     fracn1 = (float_t)(uint32_t)(pllfracen* ((RCC->PLL1FRACR & RCC_PLL1FRACR_FRACN1)>> 3));
 147              		.loc 1 367 5 is_stmt 1 view .LVU27
 148              		.loc 1 367 50 is_stmt 0 view .LVU28
 149 006c 536B     		ldr	r3, [r2, #52]
ARM GAS  C:\Users\minis\AppData\Local\Temp\ccolzVeh.s 			page 10


 150              		.loc 1 367 85 view .LVU29
 151 006e C3F3CC03 		ubfx	r3, r3, #3, #13
 152              		.loc 1 367 12 view .LVU30
 153 0072 03FB00F0 		mul	r0, r3, r0
 154              	.LVL5:
 155              		.loc 1 367 12 view .LVU31
 156 0076 FFF7FEFF 		bl	__aeabi_ui2f
 157              	.LVL6:
 158 007a 0646     		mov	r6, r0
 159              	.LVL7:
 368:../../Common/Src/system_stm32h7xx_dualcore_boot_cm4_cm7.c **** 
 369:../../Common/Src/system_stm32h7xx_dualcore_boot_cm4_cm7.c ****     if (pllm != 0U)
 160              		.loc 1 369 5 is_stmt 1 view .LVU32
 161              		.loc 1 369 8 is_stmt 0 view .LVU33
 162 007c 002C     		cmp	r4, #0
 163 007e 00F0B280 		beq	.L8
 370:../../Common/Src/system_stm32h7xx_dualcore_boot_cm4_cm7.c ****     {
 371:../../Common/Src/system_stm32h7xx_dualcore_boot_cm4_cm7.c ****       switch (pllsource)
 164              		.loc 1 371 7 is_stmt 1 view .LVU34
 165 0082 012D     		cmp	r5, #1
 166 0084 3BD0     		beq	.L11
 167 0086 022D     		cmp	r5, #2
 168 0088 5BD0     		beq	.L12
 169 008a 002D     		cmp	r5, #0
 170 008c 7BD1     		bne	.L13
 372:../../Common/Src/system_stm32h7xx_dualcore_boot_cm4_cm7.c ****       {
 373:../../Common/Src/system_stm32h7xx_dualcore_boot_cm4_cm7.c ****         case RCC_PLLCKSELR_PLLSRC_HSI:  /* HSI used as PLL clock source */
 374:../../Common/Src/system_stm32h7xx_dualcore_boot_cm4_cm7.c **** 
 375:../../Common/Src/system_stm32h7xx_dualcore_boot_cm4_cm7.c ****         hsivalue = (HSI_VALUE >> ((RCC->CR & RCC_CR_HSIDIV)>> 3)) ;
 171              		.loc 1 375 9 view .LVU35
 172              		.loc 1 375 39 is_stmt 0 view .LVU36
 173 008e 614F     		ldr	r7, .L17
 174 0090 3B68     		ldr	r3, [r7]
 175              		.loc 1 375 60 view .LVU37
 176 0092 C3F3C103 		ubfx	r3, r3, #3, #2
 177              	.LVL8:
 376:../../Common/Src/system_stm32h7xx_dualcore_boot_cm4_cm7.c ****         pllvco = ( (float_t)hsivalue / (float_t)pllm) * ((float_t)(uint32_t)(RCC->PLL1DIVR & RCC_PL
 178              		.loc 1 376 9 is_stmt 1 view .LVU38
 179              		.loc 1 376 20 is_stmt 0 view .LVU39
 180 0096 6148     		ldr	r0, .L17+8
 181              	.LVL9:
 182              		.loc 1 376 20 view .LVU40
 183 0098 D840     		lsrs	r0, r0, r3
 184              	.LVL10:
 185              		.loc 1 376 20 view .LVU41
 186 009a FFF7FEFF 		bl	__aeabi_ui2f
 187              	.LVL11:
 188              		.loc 1 376 20 view .LVU42
 189 009e 0546     		mov	r5, r0
 190              	.LVL12:
 191              		.loc 1 376 40 view .LVU43
 192 00a0 2046     		mov	r0, r4
 193 00a2 FFF7FEFF 		bl	__aeabi_ui2f
 194              	.LVL13:
 195 00a6 0146     		mov	r1, r0
 196              		.loc 1 376 38 view .LVU44
 197 00a8 2846     		mov	r0, r5
ARM GAS  C:\Users\minis\AppData\Local\Temp\ccolzVeh.s 			page 11


 198 00aa FFF7FEFF 		bl	__aeabi_fdiv
 199              	.LVL14:
 200 00ae 0446     		mov	r4, r0
 201              	.LVL15:
 202              		.loc 1 376 81 view .LVU45
 203 00b0 386B     		ldr	r0, [r7, #48]
 204              		.loc 1 376 58 view .LVU46
 205 00b2 C0F30800 		ubfx	r0, r0, #0, #9
 206 00b6 FFF7FEFF 		bl	__aeabi_ui2f
 207              	.LVL16:
 208 00ba 0546     		mov	r5, r0
 209              		.loc 1 376 120 view .LVU47
 210 00bc 4FF06451 		mov	r1, #956301312
 211 00c0 3046     		mov	r0, r6
 212 00c2 FFF7FEFF 		bl	__aeabi_fmul
 213              	.LVL17:
 214 00c6 0146     		mov	r1, r0
 215              		.loc 1 376 111 view .LVU48
 216 00c8 2846     		mov	r0, r5
 217 00ca FFF7FEFF 		bl	__aeabi_fadd
 218              	.LVL18:
 219              		.loc 1 376 138 view .LVU49
 220 00ce 4FF07E51 		mov	r1, #1065353216
 221 00d2 FFF7FEFF 		bl	__aeabi_fadd
 222              	.LVL19:
 223 00d6 0146     		mov	r1, r0
 224              		.loc 1 376 16 view .LVU50
 225 00d8 2046     		mov	r0, r4
 226 00da FFF7FEFF 		bl	__aeabi_fmul
 227              	.LVL20:
 228 00de 0446     		mov	r4, r0
 229              	.LVL21:
 377:../../Common/Src/system_stm32h7xx_dualcore_boot_cm4_cm7.c **** 
 378:../../Common/Src/system_stm32h7xx_dualcore_boot_cm4_cm7.c ****         break;
 230              		.loc 1 378 9 is_stmt 1 view .LVU51
 231              	.L14:
 379:../../Common/Src/system_stm32h7xx_dualcore_boot_cm4_cm7.c **** 
 380:../../Common/Src/system_stm32h7xx_dualcore_boot_cm4_cm7.c ****         case RCC_PLLCKSELR_PLLSRC_CSI:  /* CSI used as PLL clock source */
 381:../../Common/Src/system_stm32h7xx_dualcore_boot_cm4_cm7.c ****           pllvco = ((float_t)CSI_VALUE / (float_t)pllm) * ((float_t)(uint32_t)(RCC->PLL1DIVR & RCC_
 382:../../Common/Src/system_stm32h7xx_dualcore_boot_cm4_cm7.c ****         break;
 383:../../Common/Src/system_stm32h7xx_dualcore_boot_cm4_cm7.c **** 
 384:../../Common/Src/system_stm32h7xx_dualcore_boot_cm4_cm7.c ****         case RCC_PLLCKSELR_PLLSRC_HSE:  /* HSE used as PLL clock source */
 385:../../Common/Src/system_stm32h7xx_dualcore_boot_cm4_cm7.c ****           pllvco = ((float_t)HSE_VALUE / (float_t)pllm) * ((float_t)(uint32_t)(RCC->PLL1DIVR & RCC_
 386:../../Common/Src/system_stm32h7xx_dualcore_boot_cm4_cm7.c ****         break;
 387:../../Common/Src/system_stm32h7xx_dualcore_boot_cm4_cm7.c **** 
 388:../../Common/Src/system_stm32h7xx_dualcore_boot_cm4_cm7.c ****       default:
 389:../../Common/Src/system_stm32h7xx_dualcore_boot_cm4_cm7.c ****           hsivalue = (HSI_VALUE >> ((RCC->CR & RCC_CR_HSIDIV)>> 3)) ;
 390:../../Common/Src/system_stm32h7xx_dualcore_boot_cm4_cm7.c ****           pllvco = ((float_t)hsivalue / (float_t)pllm) * ((float_t)(uint32_t)(RCC->PLL1DIVR & RCC_P
 391:../../Common/Src/system_stm32h7xx_dualcore_boot_cm4_cm7.c ****         break;
 392:../../Common/Src/system_stm32h7xx_dualcore_boot_cm4_cm7.c ****       }
 393:../../Common/Src/system_stm32h7xx_dualcore_boot_cm4_cm7.c ****       pllp = (((RCC->PLL1DIVR & RCC_PLL1DIVR_P1) >>9) + 1U ) ;
 232              		.loc 1 393 7 view .LVU52
 233              		.loc 1 393 20 is_stmt 0 view .LVU53
 234 00e0 4C4B     		ldr	r3, .L17
 235 00e2 186B     		ldr	r0, [r3, #48]
 236              	.LVL22:
 237              		.loc 1 393 50 view .LVU54
ARM GAS  C:\Users\minis\AppData\Local\Temp\ccolzVeh.s 			page 12


 238 00e4 C0F34620 		ubfx	r0, r0, #9, #7
 239              	.LVL23:
 394:../../Common/Src/system_stm32h7xx_dualcore_boot_cm4_cm7.c ****       common_system_clock =  (uint32_t)(float_t)(pllvco/(float_t)pllp);
 240              		.loc 1 394 7 is_stmt 1 view .LVU55
 241              		.loc 1 394 57 is_stmt 0 view .LVU56
 242 00e8 0130     		adds	r0, r0, #1
 243              	.LVL24:
 244              		.loc 1 394 57 view .LVU57
 245 00ea FFF7FEFF 		bl	__aeabi_ui2f
 246              	.LVL25:
 247              		.loc 1 394 57 view .LVU58
 248 00ee 0146     		mov	r1, r0
 249              		.loc 1 394 40 view .LVU59
 250 00f0 2046     		mov	r0, r4
 251 00f2 FFF7FEFF 		bl	__aeabi_fdiv
 252              	.LVL26:
 253              		.loc 1 394 27 view .LVU60
 254 00f6 FFF7FEFF 		bl	__aeabi_f2uiz
 255              	.LVL27:
 256 00fa 0446     		mov	r4, r0
 257              	.LVL28:
 258              		.loc 1 394 27 view .LVU61
 259 00fc 73E0     		b	.L8
 260              	.LVL29:
 261              	.L11:
 381:../../Common/Src/system_stm32h7xx_dualcore_boot_cm4_cm7.c ****         break;
 262              		.loc 1 381 11 is_stmt 1 view .LVU62
 381:../../Common/Src/system_stm32h7xx_dualcore_boot_cm4_cm7.c ****         break;
 263              		.loc 1 381 42 is_stmt 0 view .LVU63
 264 00fe 2046     		mov	r0, r4
 265              	.LVL30:
 381:../../Common/Src/system_stm32h7xx_dualcore_boot_cm4_cm7.c ****         break;
 266              		.loc 1 381 42 view .LVU64
 267 0100 FFF7FEFF 		bl	__aeabi_ui2f
 268              	.LVL31:
 269 0104 0146     		mov	r1, r0
 381:../../Common/Src/system_stm32h7xx_dualcore_boot_cm4_cm7.c ****         break;
 270              		.loc 1 381 40 view .LVU65
 271 0106 4648     		ldr	r0, .L17+12
 272 0108 FFF7FEFF 		bl	__aeabi_fdiv
 273              	.LVL32:
 274 010c 0446     		mov	r4, r0
 275              	.LVL33:
 381:../../Common/Src/system_stm32h7xx_dualcore_boot_cm4_cm7.c ****         break;
 276              		.loc 1 381 83 view .LVU66
 277 010e 414B     		ldr	r3, .L17
 278 0110 186B     		ldr	r0, [r3, #48]
 381:../../Common/Src/system_stm32h7xx_dualcore_boot_cm4_cm7.c ****         break;
 279              		.loc 1 381 60 view .LVU67
 280 0112 C0F30800 		ubfx	r0, r0, #0, #9
 281 0116 FFF7FEFF 		bl	__aeabi_ui2f
 282              	.LVL34:
 283 011a 0546     		mov	r5, r0
 284              	.LVL35:
 381:../../Common/Src/system_stm32h7xx_dualcore_boot_cm4_cm7.c ****         break;
 285              		.loc 1 381 122 view .LVU68
 286 011c 4FF06451 		mov	r1, #956301312
ARM GAS  C:\Users\minis\AppData\Local\Temp\ccolzVeh.s 			page 13


 287 0120 3046     		mov	r0, r6
 288 0122 FFF7FEFF 		bl	__aeabi_fmul
 289              	.LVL36:
 290 0126 0146     		mov	r1, r0
 381:../../Common/Src/system_stm32h7xx_dualcore_boot_cm4_cm7.c ****         break;
 291              		.loc 1 381 113 view .LVU69
 292 0128 2846     		mov	r0, r5
 293 012a FFF7FEFF 		bl	__aeabi_fadd
 294              	.LVL37:
 381:../../Common/Src/system_stm32h7xx_dualcore_boot_cm4_cm7.c ****         break;
 295              		.loc 1 381 140 view .LVU70
 296 012e 4FF07E51 		mov	r1, #1065353216
 297 0132 FFF7FEFF 		bl	__aeabi_fadd
 298              	.LVL38:
 299 0136 0146     		mov	r1, r0
 381:../../Common/Src/system_stm32h7xx_dualcore_boot_cm4_cm7.c ****         break;
 300              		.loc 1 381 18 view .LVU71
 301 0138 2046     		mov	r0, r4
 302 013a FFF7FEFF 		bl	__aeabi_fmul
 303              	.LVL39:
 304 013e 0446     		mov	r4, r0
 305              	.LVL40:
 382:../../Common/Src/system_stm32h7xx_dualcore_boot_cm4_cm7.c **** 
 306              		.loc 1 382 9 is_stmt 1 view .LVU72
 307 0140 CEE7     		b	.L14
 308              	.LVL41:
 309              	.L12:
 385:../../Common/Src/system_stm32h7xx_dualcore_boot_cm4_cm7.c ****         break;
 310              		.loc 1 385 11 view .LVU73
 385:../../Common/Src/system_stm32h7xx_dualcore_boot_cm4_cm7.c ****         break;
 311              		.loc 1 385 42 is_stmt 0 view .LVU74
 312 0142 2046     		mov	r0, r4
 313              	.LVL42:
 385:../../Common/Src/system_stm32h7xx_dualcore_boot_cm4_cm7.c ****         break;
 314              		.loc 1 385 42 view .LVU75
 315 0144 FFF7FEFF 		bl	__aeabi_ui2f
 316              	.LVL43:
 317 0148 0146     		mov	r1, r0
 385:../../Common/Src/system_stm32h7xx_dualcore_boot_cm4_cm7.c ****         break;
 318              		.loc 1 385 40 view .LVU76
 319 014a 3648     		ldr	r0, .L17+16
 320 014c FFF7FEFF 		bl	__aeabi_fdiv
 321              	.LVL44:
 322 0150 0446     		mov	r4, r0
 323              	.LVL45:
 385:../../Common/Src/system_stm32h7xx_dualcore_boot_cm4_cm7.c ****         break;
 324              		.loc 1 385 83 view .LVU77
 325 0152 304B     		ldr	r3, .L17
 326 0154 186B     		ldr	r0, [r3, #48]
 385:../../Common/Src/system_stm32h7xx_dualcore_boot_cm4_cm7.c ****         break;
 327              		.loc 1 385 60 view .LVU78
 328 0156 C0F30800 		ubfx	r0, r0, #0, #9
 329 015a FFF7FEFF 		bl	__aeabi_ui2f
 330              	.LVL46:
 331 015e 0546     		mov	r5, r0
 332              	.LVL47:
 385:../../Common/Src/system_stm32h7xx_dualcore_boot_cm4_cm7.c ****         break;
ARM GAS  C:\Users\minis\AppData\Local\Temp\ccolzVeh.s 			page 14


 333              		.loc 1 385 122 view .LVU79
 334 0160 4FF06451 		mov	r1, #956301312
 335 0164 3046     		mov	r0, r6
 336 0166 FFF7FEFF 		bl	__aeabi_fmul
 337              	.LVL48:
 338 016a 0146     		mov	r1, r0
 385:../../Common/Src/system_stm32h7xx_dualcore_boot_cm4_cm7.c ****         break;
 339              		.loc 1 385 113 view .LVU80
 340 016c 2846     		mov	r0, r5
 341 016e FFF7FEFF 		bl	__aeabi_fadd
 342              	.LVL49:
 385:../../Common/Src/system_stm32h7xx_dualcore_boot_cm4_cm7.c ****         break;
 343              		.loc 1 385 140 view .LVU81
 344 0172 4FF07E51 		mov	r1, #1065353216
 345 0176 FFF7FEFF 		bl	__aeabi_fadd
 346              	.LVL50:
 347 017a 0146     		mov	r1, r0
 385:../../Common/Src/system_stm32h7xx_dualcore_boot_cm4_cm7.c ****         break;
 348              		.loc 1 385 18 view .LVU82
 349 017c 2046     		mov	r0, r4
 350 017e FFF7FEFF 		bl	__aeabi_fmul
 351              	.LVL51:
 352 0182 0446     		mov	r4, r0
 353              	.LVL52:
 386:../../Common/Src/system_stm32h7xx_dualcore_boot_cm4_cm7.c **** 
 354              		.loc 1 386 9 is_stmt 1 view .LVU83
 355 0184 ACE7     		b	.L14
 356              	.LVL53:
 357              	.L13:
 389:../../Common/Src/system_stm32h7xx_dualcore_boot_cm4_cm7.c ****           pllvco = ((float_t)hsivalue / (float_t)pllm) * ((float_t)(uint32_t)(RCC->PLL1DIVR & RCC_P
 358              		.loc 1 389 11 view .LVU84
 389:../../Common/Src/system_stm32h7xx_dualcore_boot_cm4_cm7.c ****           pllvco = ((float_t)hsivalue / (float_t)pllm) * ((float_t)(uint32_t)(RCC->PLL1DIVR & RCC_P
 359              		.loc 1 389 41 is_stmt 0 view .LVU85
 360 0186 234F     		ldr	r7, .L17
 361 0188 3B68     		ldr	r3, [r7]
 389:../../Common/Src/system_stm32h7xx_dualcore_boot_cm4_cm7.c ****           pllvco = ((float_t)hsivalue / (float_t)pllm) * ((float_t)(uint32_t)(RCC->PLL1DIVR & RCC_P
 362              		.loc 1 389 62 view .LVU86
 363 018a C3F3C103 		ubfx	r3, r3, #3, #2
 364              	.LVL54:
 390:../../Common/Src/system_stm32h7xx_dualcore_boot_cm4_cm7.c ****         break;
 365              		.loc 1 390 11 is_stmt 1 view .LVU87
 390:../../Common/Src/system_stm32h7xx_dualcore_boot_cm4_cm7.c ****         break;
 366              		.loc 1 390 21 is_stmt 0 view .LVU88
 367 018e 2348     		ldr	r0, .L17+8
 368              	.LVL55:
 390:../../Common/Src/system_stm32h7xx_dualcore_boot_cm4_cm7.c ****         break;
 369              		.loc 1 390 21 view .LVU89
 370 0190 D840     		lsrs	r0, r0, r3
 371              	.LVL56:
 390:../../Common/Src/system_stm32h7xx_dualcore_boot_cm4_cm7.c ****         break;
 372              		.loc 1 390 21 view .LVU90
 373 0192 FFF7FEFF 		bl	__aeabi_ui2f
 374              	.LVL57:
 390:../../Common/Src/system_stm32h7xx_dualcore_boot_cm4_cm7.c ****         break;
 375              		.loc 1 390 21 view .LVU91
 376 0196 0546     		mov	r5, r0
 377              	.LVL58:
ARM GAS  C:\Users\minis\AppData\Local\Temp\ccolzVeh.s 			page 15


 390:../../Common/Src/system_stm32h7xx_dualcore_boot_cm4_cm7.c ****         break;
 378              		.loc 1 390 41 view .LVU92
 379 0198 2046     		mov	r0, r4
 380 019a FFF7FEFF 		bl	__aeabi_ui2f
 381              	.LVL59:
 382 019e 0146     		mov	r1, r0
 390:../../Common/Src/system_stm32h7xx_dualcore_boot_cm4_cm7.c ****         break;
 383              		.loc 1 390 39 view .LVU93
 384 01a0 2846     		mov	r0, r5
 385 01a2 FFF7FEFF 		bl	__aeabi_fdiv
 386              	.LVL60:
 387 01a6 0446     		mov	r4, r0
 388              	.LVL61:
 390:../../Common/Src/system_stm32h7xx_dualcore_boot_cm4_cm7.c ****         break;
 389              		.loc 1 390 82 view .LVU94
 390 01a8 386B     		ldr	r0, [r7, #48]
 390:../../Common/Src/system_stm32h7xx_dualcore_boot_cm4_cm7.c ****         break;
 391              		.loc 1 390 59 view .LVU95
 392 01aa C0F30800 		ubfx	r0, r0, #0, #9
 393 01ae FFF7FEFF 		bl	__aeabi_ui2f
 394              	.LVL62:
 395 01b2 0546     		mov	r5, r0
 390:../../Common/Src/system_stm32h7xx_dualcore_boot_cm4_cm7.c ****         break;
 396              		.loc 1 390 121 view .LVU96
 397 01b4 4FF06451 		mov	r1, #956301312
 398 01b8 3046     		mov	r0, r6
 399 01ba FFF7FEFF 		bl	__aeabi_fmul
 400              	.LVL63:
 401 01be 0146     		mov	r1, r0
 390:../../Common/Src/system_stm32h7xx_dualcore_boot_cm4_cm7.c ****         break;
 402              		.loc 1 390 112 view .LVU97
 403 01c0 2846     		mov	r0, r5
 404 01c2 FFF7FEFF 		bl	__aeabi_fadd
 405              	.LVL64:
 390:../../Common/Src/system_stm32h7xx_dualcore_boot_cm4_cm7.c ****         break;
 406              		.loc 1 390 139 view .LVU98
 407 01c6 4FF07E51 		mov	r1, #1065353216
 408 01ca FFF7FEFF 		bl	__aeabi_fadd
 409              	.LVL65:
 410 01ce 0146     		mov	r1, r0
 390:../../Common/Src/system_stm32h7xx_dualcore_boot_cm4_cm7.c ****         break;
 411              		.loc 1 390 18 view .LVU99
 412 01d0 2046     		mov	r0, r4
 413 01d2 FFF7FEFF 		bl	__aeabi_fmul
 414              	.LVL66:
 415 01d6 0446     		mov	r4, r0
 416              	.LVL67:
 391:../../Common/Src/system_stm32h7xx_dualcore_boot_cm4_cm7.c ****       }
 417              		.loc 1 391 9 is_stmt 1 view .LVU100
 418 01d8 82E7     		b	.L14
 419              	.LVL68:
 420              	.L5:
 395:../../Common/Src/system_stm32h7xx_dualcore_boot_cm4_cm7.c ****     }
 396:../../Common/Src/system_stm32h7xx_dualcore_boot_cm4_cm7.c ****     else
 397:../../Common/Src/system_stm32h7xx_dualcore_boot_cm4_cm7.c ****     {
 398:../../Common/Src/system_stm32h7xx_dualcore_boot_cm4_cm7.c ****       common_system_clock = 0U;
 399:../../Common/Src/system_stm32h7xx_dualcore_boot_cm4_cm7.c ****     }
ARM GAS  C:\Users\minis\AppData\Local\Temp\ccolzVeh.s 			page 16


 400:../../Common/Src/system_stm32h7xx_dualcore_boot_cm4_cm7.c ****     break;
 401:../../Common/Src/system_stm32h7xx_dualcore_boot_cm4_cm7.c **** 
 402:../../Common/Src/system_stm32h7xx_dualcore_boot_cm4_cm7.c ****   default:
 403:../../Common/Src/system_stm32h7xx_dualcore_boot_cm4_cm7.c ****     common_system_clock = (uint32_t) (HSI_VALUE >> ((RCC->CR & RCC_CR_HSIDIV)>> 3));
 421              		.loc 1 403 5 view .LVU101
 422              		.loc 1 403 57 is_stmt 0 view .LVU102
 423 01da 0E4B     		ldr	r3, .L17
 424 01dc 1A68     		ldr	r2, [r3]
 425              		.loc 1 403 78 view .LVU103
 426 01de C2F3C102 		ubfx	r2, r2, #3, #2
 427              		.loc 1 403 25 view .LVU104
 428 01e2 0E4C     		ldr	r4, .L17+8
 429 01e4 D440     		lsrs	r4, r4, r2
 430              	.LVL69:
 404:../../Common/Src/system_stm32h7xx_dualcore_boot_cm4_cm7.c ****     break;
 431              		.loc 1 404 5 is_stmt 1 view .LVU105
 432              	.L8:
 405:../../Common/Src/system_stm32h7xx_dualcore_boot_cm4_cm7.c ****   }
 406:../../Common/Src/system_stm32h7xx_dualcore_boot_cm4_cm7.c **** 
 407:../../Common/Src/system_stm32h7xx_dualcore_boot_cm4_cm7.c ****   /* Compute SystemClock frequency --------------------------------------------------*/
 408:../../Common/Src/system_stm32h7xx_dualcore_boot_cm4_cm7.c ****   tmp = D1CorePrescTable[(RCC->D1CFGR & RCC_D1CFGR_D1CPRE)>> RCC_D1CFGR_D1CPRE_Pos];
 433              		.loc 1 408 3 view .LVU106
 434              		.loc 1 408 30 is_stmt 0 view .LVU107
 435 01e6 0B4A     		ldr	r2, .L17
 436 01e8 9369     		ldr	r3, [r2, #24]
 437              		.loc 1 408 59 view .LVU108
 438 01ea C3F30323 		ubfx	r3, r3, #8, #4
 439              		.loc 1 408 25 view .LVU109
 440 01ee 0E49     		ldr	r1, .L17+20
 441 01f0 CB5C     		ldrb	r3, [r1, r3]	@ zero_extendqisi2
 442              	.LVL70:
 409:../../Common/Src/system_stm32h7xx_dualcore_boot_cm4_cm7.c **** 
 410:../../Common/Src/system_stm32h7xx_dualcore_boot_cm4_cm7.c ****   /* common_system_clock frequency : CM7 CPU frequency  */
 411:../../Common/Src/system_stm32h7xx_dualcore_boot_cm4_cm7.c ****   common_system_clock >>= tmp;
 443              		.loc 1 411 3 is_stmt 1 view .LVU110
 444              		.loc 1 411 23 is_stmt 0 view .LVU111
 445 01f2 24FA03F3 		lsr	r3, r4, r3
 446              	.LVL71:
 412:../../Common/Src/system_stm32h7xx_dualcore_boot_cm4_cm7.c **** 
 413:../../Common/Src/system_stm32h7xx_dualcore_boot_cm4_cm7.c ****   /* SystemD2Clock frequency : CM4 CPU, AXI and AHBs Clock frequency  */
 414:../../Common/Src/system_stm32h7xx_dualcore_boot_cm4_cm7.c ****   SystemD2Clock = (common_system_clock >> ((D1CorePrescTable[(RCC->D1CFGR & RCC_D1CFGR_HPRE)>> RCC_
 447              		.loc 1 414 3 is_stmt 1 view .LVU112
 448              		.loc 1 414 66 is_stmt 0 view .LVU113
 449 01f6 9269     		ldr	r2, [r2, #24]
 450              		.loc 1 414 93 view .LVU114
 451 01f8 02F00F02 		and	r2, r2, #15
 452              		.loc 1 414 61 view .LVU115
 453 01fc 8A5C     		ldrb	r2, [r1, r2]	@ zero_extendqisi2
 454              		.loc 1 414 118 view .LVU116
 455 01fe 02F01F02 		and	r2, r2, #31
 456              		.loc 1 414 40 view .LVU117
 457 0202 D340     		lsrs	r3, r3, r2
 458              	.LVL72:
 459              		.loc 1 414 17 view .LVU118
 460 0204 094A     		ldr	r2, .L17+24
 461 0206 1360     		str	r3, [r2]
 415:../../Common/Src/system_stm32h7xx_dualcore_boot_cm4_cm7.c **** 
ARM GAS  C:\Users\minis\AppData\Local\Temp\ccolzVeh.s 			page 17


 416:../../Common/Src/system_stm32h7xx_dualcore_boot_cm4_cm7.c **** #if defined(CORE_CM4)
 417:../../Common/Src/system_stm32h7xx_dualcore_boot_cm4_cm7.c ****   SystemCoreClock = SystemD2Clock;
 462              		.loc 1 417 3 is_stmt 1 view .LVU119
 463              		.loc 1 417 19 is_stmt 0 view .LVU120
 464 0208 094A     		ldr	r2, .L17+28
 465 020a 1360     		str	r3, [r2]
 418:../../Common/Src/system_stm32h7xx_dualcore_boot_cm4_cm7.c **** #else
 419:../../Common/Src/system_stm32h7xx_dualcore_boot_cm4_cm7.c ****   SystemCoreClock = common_system_clock;
 420:../../Common/Src/system_stm32h7xx_dualcore_boot_cm4_cm7.c **** #endif /* CORE_CM4 */
 421:../../Common/Src/system_stm32h7xx_dualcore_boot_cm4_cm7.c **** }
 466              		.loc 1 421 1 view .LVU121
 467 020c F8BD     		pop	{r3, r4, r5, r6, r7, pc}
 468              	.LVL73:
 469              	.L15:
 356:../../Common/Src/system_stm32h7xx_dualcore_boot_cm4_cm7.c ****     break;
 470              		.loc 1 356 25 view .LVU122
 471 020e 094C     		ldr	r4, .L17+32
 472 0210 E9E7     		b	.L8
 473              	.L18:
 474 0212 00BF     		.align	2
 475              	.L17:
 476 0214 00440258 		.word	1476543488
 477 0218 00093D00 		.word	4000000
 478 021c 0090D003 		.word	64000000
 479 0220 0024744A 		.word	1249125376
 480 0224 20BCBE4B 		.word	1270791200
 481 0228 00000000 		.word	D1CorePrescTable
 482 022c 00000000 		.word	SystemD2Clock
 483 0230 00000000 		.word	SystemCoreClock
 484 0234 40787D01 		.word	25000000
 485              		.cfi_endproc
 486              	.LFE133:
 488              		.section	.text.ExitRun0Mode,"ax",%progbits
 489              		.align	1
 490              		.global	ExitRun0Mode
 491              		.syntax unified
 492              		.thumb
 493              		.thumb_func
 495              	ExitRun0Mode:
 496              	.LFB134:
 422:../../Common/Src/system_stm32h7xx_dualcore_boot_cm4_cm7.c **** 
 423:../../Common/Src/system_stm32h7xx_dualcore_boot_cm4_cm7.c **** /**
 424:../../Common/Src/system_stm32h7xx_dualcore_boot_cm4_cm7.c ****   * @brief  Exit Run* mode and Configure the system Power Supply
 425:../../Common/Src/system_stm32h7xx_dualcore_boot_cm4_cm7.c ****   *
 426:../../Common/Src/system_stm32h7xx_dualcore_boot_cm4_cm7.c ****   * @note   This function exits the Run* mode and configures the system power supply
 427:../../Common/Src/system_stm32h7xx_dualcore_boot_cm4_cm7.c ****   *         according to the definition to be used at compilation preprocessing level.
 428:../../Common/Src/system_stm32h7xx_dualcore_boot_cm4_cm7.c ****   *         The application shall set one of the following configuration option:
 429:../../Common/Src/system_stm32h7xx_dualcore_boot_cm4_cm7.c ****   *           - PWR_LDO_SUPPLY
 430:../../Common/Src/system_stm32h7xx_dualcore_boot_cm4_cm7.c ****   *           - PWR_DIRECT_SMPS_SUPPLY
 431:../../Common/Src/system_stm32h7xx_dualcore_boot_cm4_cm7.c ****   *           - PWR_EXTERNAL_SOURCE_SUPPLY
 432:../../Common/Src/system_stm32h7xx_dualcore_boot_cm4_cm7.c ****   *           - PWR_SMPS_1V8_SUPPLIES_LDO
 433:../../Common/Src/system_stm32h7xx_dualcore_boot_cm4_cm7.c ****   *           - PWR_SMPS_2V5_SUPPLIES_LDO
 434:../../Common/Src/system_stm32h7xx_dualcore_boot_cm4_cm7.c ****   *           - PWR_SMPS_1V8_SUPPLIES_EXT_AND_LDO
 435:../../Common/Src/system_stm32h7xx_dualcore_boot_cm4_cm7.c ****   *           - PWR_SMPS_2V5_SUPPLIES_EXT_AND_LDO
 436:../../Common/Src/system_stm32h7xx_dualcore_boot_cm4_cm7.c ****   *           - PWR_SMPS_1V8_SUPPLIES_EXT
 437:../../Common/Src/system_stm32h7xx_dualcore_boot_cm4_cm7.c ****   *           - PWR_SMPS_2V5_SUPPLIES_EXT
 438:../../Common/Src/system_stm32h7xx_dualcore_boot_cm4_cm7.c ****   *
ARM GAS  C:\Users\minis\AppData\Local\Temp\ccolzVeh.s 			page 18


 439:../../Common/Src/system_stm32h7xx_dualcore_boot_cm4_cm7.c ****   * @note   The function modifies the PWR->CR3 register to enable or disable specific
 440:../../Common/Src/system_stm32h7xx_dualcore_boot_cm4_cm7.c ****   *         power supply modes and waits until the voltage level flag is set, indicating
 441:../../Common/Src/system_stm32h7xx_dualcore_boot_cm4_cm7.c ****   *         that the power supply configuration is stable.
 442:../../Common/Src/system_stm32h7xx_dualcore_boot_cm4_cm7.c ****   *
 443:../../Common/Src/system_stm32h7xx_dualcore_boot_cm4_cm7.c ****   * @param  None
 444:../../Common/Src/system_stm32h7xx_dualcore_boot_cm4_cm7.c ****   * @retval None
 445:../../Common/Src/system_stm32h7xx_dualcore_boot_cm4_cm7.c ****   */
 446:../../Common/Src/system_stm32h7xx_dualcore_boot_cm4_cm7.c **** void ExitRun0Mode(void)
 447:../../Common/Src/system_stm32h7xx_dualcore_boot_cm4_cm7.c **** {
 497              		.loc 1 447 1 is_stmt 1 view -0
 498              		.cfi_startproc
 499              		@ args = 0, pretend = 0, frame = 0
 500              		@ frame_needed = 0, uses_anonymous_args = 0
 501              		@ link register save eliminated.
 448:../../Common/Src/system_stm32h7xx_dualcore_boot_cm4_cm7.c **** #if defined(USE_PWR_LDO_SUPPLY)
 449:../../Common/Src/system_stm32h7xx_dualcore_boot_cm4_cm7.c ****   #if defined(SMPS)
 450:../../Common/Src/system_stm32h7xx_dualcore_boot_cm4_cm7.c ****     /* Exit Run* mode by disabling SMPS and enabling LDO */
 451:../../Common/Src/system_stm32h7xx_dualcore_boot_cm4_cm7.c ****     PWR->CR3 = (PWR->CR3 & ~PWR_CR3_SMPSEN) | PWR_CR3_LDOEN;
 452:../../Common/Src/system_stm32h7xx_dualcore_boot_cm4_cm7.c ****   #else
 453:../../Common/Src/system_stm32h7xx_dualcore_boot_cm4_cm7.c ****     /* Enable LDO mode */
 454:../../Common/Src/system_stm32h7xx_dualcore_boot_cm4_cm7.c ****     PWR->CR3 |= PWR_CR3_LDOEN;
 455:../../Common/Src/system_stm32h7xx_dualcore_boot_cm4_cm7.c ****   #endif /* SMPS */
 456:../../Common/Src/system_stm32h7xx_dualcore_boot_cm4_cm7.c ****   /* Wait till voltage level flag is set */
 457:../../Common/Src/system_stm32h7xx_dualcore_boot_cm4_cm7.c ****   while ((PWR->CSR1 & PWR_CSR1_ACTVOSRDY) == 0U)
 458:../../Common/Src/system_stm32h7xx_dualcore_boot_cm4_cm7.c ****   {}
 459:../../Common/Src/system_stm32h7xx_dualcore_boot_cm4_cm7.c **** #elif defined(USE_PWR_EXTERNAL_SOURCE_SUPPLY)
 460:../../Common/Src/system_stm32h7xx_dualcore_boot_cm4_cm7.c ****   #if defined(SMPS)
 461:../../Common/Src/system_stm32h7xx_dualcore_boot_cm4_cm7.c ****     /* Exit Run* mode */
 462:../../Common/Src/system_stm32h7xx_dualcore_boot_cm4_cm7.c ****     PWR->CR3 = (PWR->CR3 & ~(PWR_CR3_SMPSEN | PWR_CR3_LDOEN)) | PWR_CR3_BYPASS;
 463:../../Common/Src/system_stm32h7xx_dualcore_boot_cm4_cm7.c ****   #else
 464:../../Common/Src/system_stm32h7xx_dualcore_boot_cm4_cm7.c ****     PWR->CR3 = (PWR->CR3 & ~(PWR_CR3_LDOEN)) | PWR_CR3_BYPASS;
 465:../../Common/Src/system_stm32h7xx_dualcore_boot_cm4_cm7.c ****   #endif /* SMPS */
 466:../../Common/Src/system_stm32h7xx_dualcore_boot_cm4_cm7.c ****   /* Wait till voltage level flag is set */
 467:../../Common/Src/system_stm32h7xx_dualcore_boot_cm4_cm7.c ****   while ((PWR->CSR1 & PWR_CSR1_ACTVOSRDY) == 0U)
 468:../../Common/Src/system_stm32h7xx_dualcore_boot_cm4_cm7.c ****   {}
 469:../../Common/Src/system_stm32h7xx_dualcore_boot_cm4_cm7.c **** #elif defined(USE_PWR_DIRECT_SMPS_SUPPLY) && defined(SMPS)
 470:../../Common/Src/system_stm32h7xx_dualcore_boot_cm4_cm7.c ****   /* Exit Run* mode */
 471:../../Common/Src/system_stm32h7xx_dualcore_boot_cm4_cm7.c ****   PWR->CR3 &= ~(PWR_CR3_LDOEN);
 502              		.loc 1 471 3 view .LVU124
 503              		.loc 1 471 6 is_stmt 0 view .LVU125
 504 0000 054A     		ldr	r2, .L21
 505 0002 D368     		ldr	r3, [r2, #12]
 506              		.loc 1 471 12 view .LVU126
 507 0004 23F00203 		bic	r3, r3, #2
 508 0008 D360     		str	r3, [r2, #12]
 472:../../Common/Src/system_stm32h7xx_dualcore_boot_cm4_cm7.c ****   /* Wait till voltage level flag is set */
 473:../../Common/Src/system_stm32h7xx_dualcore_boot_cm4_cm7.c ****   while ((PWR->CSR1 & PWR_CSR1_ACTVOSRDY) == 0U)
 509              		.loc 1 473 3 is_stmt 1 view .LVU127
 510              	.L20:
 474:../../Common/Src/system_stm32h7xx_dualcore_boot_cm4_cm7.c ****   {}
 511              		.loc 1 474 4 view .LVU128
 473:../../Common/Src/system_stm32h7xx_dualcore_boot_cm4_cm7.c ****   {}
 512              		.loc 1 473 43 discriminator 1 view .LVU129
 473:../../Common/Src/system_stm32h7xx_dualcore_boot_cm4_cm7.c ****   {}
 513              		.loc 1 473 14 is_stmt 0 discriminator 1 view .LVU130
 514 000a 034B     		ldr	r3, .L21
 515 000c 5B68     		ldr	r3, [r3, #4]
ARM GAS  C:\Users\minis\AppData\Local\Temp\ccolzVeh.s 			page 19


 473:../../Common/Src/system_stm32h7xx_dualcore_boot_cm4_cm7.c ****   {}
 516              		.loc 1 473 43 discriminator 1 view .LVU131
 517 000e 13F4005F 		tst	r3, #8192
 518 0012 FAD0     		beq	.L20
 475:../../Common/Src/system_stm32h7xx_dualcore_boot_cm4_cm7.c **** #elif defined(USE_PWR_SMPS_1V8_SUPPLIES_LDO) && defined(SMPS)
 476:../../Common/Src/system_stm32h7xx_dualcore_boot_cm4_cm7.c ****   /* Exit Run* mode */
 477:../../Common/Src/system_stm32h7xx_dualcore_boot_cm4_cm7.c ****   PWR->CR3 |= PWR_CR3_SMPSLEVEL_0 | PWR_CR3_SMPSEN | PWR_CR3_LDOEN;
 478:../../Common/Src/system_stm32h7xx_dualcore_boot_cm4_cm7.c ****   /* Wait till voltage level flag is set */
 479:../../Common/Src/system_stm32h7xx_dualcore_boot_cm4_cm7.c ****   while ((PWR->CSR1 & PWR_CSR1_ACTVOSRDY) == 0U)
 480:../../Common/Src/system_stm32h7xx_dualcore_boot_cm4_cm7.c ****   {}
 481:../../Common/Src/system_stm32h7xx_dualcore_boot_cm4_cm7.c **** #elif defined(USE_PWR_SMPS_2V5_SUPPLIES_LDO) && defined(SMPS)
 482:../../Common/Src/system_stm32h7xx_dualcore_boot_cm4_cm7.c ****   /* Exit Run* mode */
 483:../../Common/Src/system_stm32h7xx_dualcore_boot_cm4_cm7.c ****   PWR->CR3 |= PWR_CR3_SMPSLEVEL_1 | PWR_CR3_SMPSEN | PWR_CR3_LDOEN;
 484:../../Common/Src/system_stm32h7xx_dualcore_boot_cm4_cm7.c ****   /* Wait till voltage level flag is set */
 485:../../Common/Src/system_stm32h7xx_dualcore_boot_cm4_cm7.c ****   while ((PWR->CSR1 & PWR_CSR1_ACTVOSRDY) == 0U)
 486:../../Common/Src/system_stm32h7xx_dualcore_boot_cm4_cm7.c ****   {}
 487:../../Common/Src/system_stm32h7xx_dualcore_boot_cm4_cm7.c **** #elif defined(USE_PWR_SMPS_1V8_SUPPLIES_EXT_AND_LDO) && defined(SMPS)
 488:../../Common/Src/system_stm32h7xx_dualcore_boot_cm4_cm7.c ****   /* Exit Run* mode */
 489:../../Common/Src/system_stm32h7xx_dualcore_boot_cm4_cm7.c ****   PWR->CR3 |= PWR_CR3_SMPSLEVEL_0 | PWR_CR3_SMPSEXTHP | PWR_CR3_SMPSEN | PWR_CR3_LDOEN;
 490:../../Common/Src/system_stm32h7xx_dualcore_boot_cm4_cm7.c ****   /* Wait till voltage level flag is set */
 491:../../Common/Src/system_stm32h7xx_dualcore_boot_cm4_cm7.c ****   while ((PWR->CSR1 & PWR_CSR1_ACTVOSRDY) == 0U)
 492:../../Common/Src/system_stm32h7xx_dualcore_boot_cm4_cm7.c ****   {}
 493:../../Common/Src/system_stm32h7xx_dualcore_boot_cm4_cm7.c **** #elif defined(USE_PWR_SMPS_2V5_SUPPLIES_EXT_AND_LDO) && defined(SMPS)
 494:../../Common/Src/system_stm32h7xx_dualcore_boot_cm4_cm7.c ****   /* Exit Run* mode */
 495:../../Common/Src/system_stm32h7xx_dualcore_boot_cm4_cm7.c ****   PWR->CR3 |= PWR_CR3_SMPSLEVEL_1 | PWR_CR3_SMPSEXTHP | PWR_CR3_SMPSEN | PWR_CR3_LDOEN;
 496:../../Common/Src/system_stm32h7xx_dualcore_boot_cm4_cm7.c ****   /* Wait till voltage level flag is set */
 497:../../Common/Src/system_stm32h7xx_dualcore_boot_cm4_cm7.c ****   while ((PWR->CSR1 & PWR_CSR1_ACTVOSRDY) == 0U)
 498:../../Common/Src/system_stm32h7xx_dualcore_boot_cm4_cm7.c ****   {}
 499:../../Common/Src/system_stm32h7xx_dualcore_boot_cm4_cm7.c **** #elif defined(USE_PWR_SMPS_1V8_SUPPLIES_EXT) && defined(SMPS)
 500:../../Common/Src/system_stm32h7xx_dualcore_boot_cm4_cm7.c ****   /* Exit Run* mode */
 501:../../Common/Src/system_stm32h7xx_dualcore_boot_cm4_cm7.c ****   PWR->CR3 = (PWR->CR3 & ~(PWR_CR3_LDOEN)) | PWR_CR3_SMPSLEVEL_0 | PWR_CR3_SMPSEXTHP | PWR_CR3_SMPS
 502:../../Common/Src/system_stm32h7xx_dualcore_boot_cm4_cm7.c ****   /* Wait till voltage level flag is set */
 503:../../Common/Src/system_stm32h7xx_dualcore_boot_cm4_cm7.c ****   while ((PWR->CSR1 & PWR_CSR1_ACTVOSRDY) == 0U)
 504:../../Common/Src/system_stm32h7xx_dualcore_boot_cm4_cm7.c ****   {}
 505:../../Common/Src/system_stm32h7xx_dualcore_boot_cm4_cm7.c **** #elif defined(USE_PWR_SMPS_2V5_SUPPLIES_EXT) && defined(SMPS)
 506:../../Common/Src/system_stm32h7xx_dualcore_boot_cm4_cm7.c ****   /* Exit Run* mode */
 507:../../Common/Src/system_stm32h7xx_dualcore_boot_cm4_cm7.c ****   PWR->CR3 = (PWR->CR3 & ~(PWR_CR3_LDOEN)) | PWR_CR3_SMPSLEVEL_1 | PWR_CR3_SMPSEXTHP | PWR_CR3_SMPS
 508:../../Common/Src/system_stm32h7xx_dualcore_boot_cm4_cm7.c ****   /* Wait till voltage level flag is set */
 509:../../Common/Src/system_stm32h7xx_dualcore_boot_cm4_cm7.c ****   while ((PWR->CSR1 & PWR_CSR1_ACTVOSRDY) == 0U)
 510:../../Common/Src/system_stm32h7xx_dualcore_boot_cm4_cm7.c ****   {}
 511:../../Common/Src/system_stm32h7xx_dualcore_boot_cm4_cm7.c **** #else
 512:../../Common/Src/system_stm32h7xx_dualcore_boot_cm4_cm7.c ****   /* No system power supply configuration is selected at exit Run* mode */
 513:../../Common/Src/system_stm32h7xx_dualcore_boot_cm4_cm7.c **** #endif /* USE_PWR_LDO_SUPPLY */
 514:../../Common/Src/system_stm32h7xx_dualcore_boot_cm4_cm7.c **** }
 519              		.loc 1 514 1 view .LVU132
 520 0014 7047     		bx	lr
 521              	.L22:
 522 0016 00BF     		.align	2
 523              	.L21:
 524 0018 00480258 		.word	1476544512
 525              		.cfi_endproc
 526              	.LFE134:
 528              		.global	D1CorePrescTable
 529              		.section	.rodata.D1CorePrescTable,"a"
 530              		.align	2
 533              	D1CorePrescTable:
 534 0000 00000000 		.ascii	"\000\000\000\000\001\002\003\004\001\002\003\004\006"
ARM GAS  C:\Users\minis\AppData\Local\Temp\ccolzVeh.s 			page 20


 534      01020304 
 534      01020304 
 534      06
 535 000d 070809   		.ascii	"\007\010\011"
 536              		.global	SystemD2Clock
 537              		.section	.data.SystemD2Clock,"aw"
 538              		.align	2
 541              	SystemD2Clock:
 542 0000 0090D003 		.word	64000000
 543              		.global	SystemCoreClock
 544              		.section	.data.SystemCoreClock,"aw"
 545              		.align	2
 548              	SystemCoreClock:
 549 0000 0090D003 		.word	64000000
 550              		.text
 551              	.Letext0:
 552              		.file 2 "C:/Program Files (x86)/Arm GNU Toolchain arm-none-eabi/14.3 rel1/arm-none-eabi/include/ma
 553              		.file 3 "C:/Program Files (x86)/Arm GNU Toolchain arm-none-eabi/14.3 rel1/arm-none-eabi/include/sy
 554              		.file 4 "../../Drivers/CMSIS/Include/core_cm4.h"
 555              		.file 5 "../../Drivers/CMSIS/Device/ST/STM32H7xx/Include/system_stm32h7xx.h"
 556              		.file 6 "../../Drivers/CMSIS/Device/ST/STM32H7xx/Include/stm32h755xx.h"
 557              		.file 7 "C:/Program Files (x86)/Arm GNU Toolchain arm-none-eabi/14.3 rel1/arm-none-eabi/include/ma
ARM GAS  C:\Users\minis\AppData\Local\Temp\ccolzVeh.s 			page 21


DEFINED SYMBOLS
                            *ABS*:00000000 system_stm32h7xx_dualcore_boot_cm4_cm7.c
C:\Users\minis\AppData\Local\Temp\ccolzVeh.s:19     .text.SystemInit:00000000 $t
C:\Users\minis\AppData\Local\Temp\ccolzVeh.s:25     .text.SystemInit:00000000 SystemInit
C:\Users\minis\AppData\Local\Temp\ccolzVeh.s:44     .text.SystemInit:0000000c $d
C:\Users\minis\AppData\Local\Temp\ccolzVeh.s:49     .text.SystemCoreClockUpdate:00000000 $t
C:\Users\minis\AppData\Local\Temp\ccolzVeh.s:55     .text.SystemCoreClockUpdate:00000000 SystemCoreClockUpdate
C:\Users\minis\AppData\Local\Temp\ccolzVeh.s:84     .text.SystemCoreClockUpdate:00000014 $d
C:\Users\minis\AppData\Local\Temp\ccolzVeh.s:109    .text.SystemCoreClockUpdate:00000046 $t
C:\Users\minis\AppData\Local\Temp\ccolzVeh.s:476    .text.SystemCoreClockUpdate:00000214 $d
C:\Users\minis\AppData\Local\Temp\ccolzVeh.s:533    .rodata.D1CorePrescTable:00000000 D1CorePrescTable
C:\Users\minis\AppData\Local\Temp\ccolzVeh.s:541    .data.SystemD2Clock:00000000 SystemD2Clock
C:\Users\minis\AppData\Local\Temp\ccolzVeh.s:548    .data.SystemCoreClock:00000000 SystemCoreClock
C:\Users\minis\AppData\Local\Temp\ccolzVeh.s:489    .text.ExitRun0Mode:00000000 $t
C:\Users\minis\AppData\Local\Temp\ccolzVeh.s:495    .text.ExitRun0Mode:00000000 ExitRun0Mode
C:\Users\minis\AppData\Local\Temp\ccolzVeh.s:524    .text.ExitRun0Mode:00000018 $d
C:\Users\minis\AppData\Local\Temp\ccolzVeh.s:530    .rodata.D1CorePrescTable:00000000 $d
C:\Users\minis\AppData\Local\Temp\ccolzVeh.s:538    .data.SystemD2Clock:00000000 $d
C:\Users\minis\AppData\Local\Temp\ccolzVeh.s:545    .data.SystemCoreClock:00000000 $d

UNDEFINED SYMBOLS
__aeabi_ui2f
__aeabi_fdiv
__aeabi_fmul
__aeabi_fadd
__aeabi_f2uiz
