ARM GAS  C:\Users\minis\AppData\Local\Temp\cczSP7wT.s 			page 1


   1              		.cpu cortex-m7
   2              		.arch armv7e-m
   3              		.fpu fpv5-d16
   4              		.eabi_attribute 28, 1
   5              		.eabi_attribute 20, 1
   6              		.eabi_attribute 21, 1
   7              		.eabi_attribute 23, 3
   8              		.eabi_attribute 24, 1
   9              		.eabi_attribute 25, 1
  10              		.eabi_attribute 26, 1
  11              		.eabi_attribute 30, 1
  12              		.eabi_attribute 34, 1
  13              		.eabi_attribute 18, 4
  14              		.file	"stm32h7xx_hal_msp.c"
  15              		.text
  16              	.Ltext0:
  17              		.cfi_sections	.debug_frame
  18              		.file 1 "../../CM7/Core/Src/stm32h7xx_hal_msp.c"
  19              		.section	.text.HAL_MspInit,"ax",%progbits
  20              		.align	1
  21              		.global	HAL_MspInit
  22              		.syntax unified
  23              		.thumb
  24              		.thumb_func
  26              	HAL_MspInit:
  27              	.LFB144:
   1:../../CM7/Core/Src/stm32h7xx_hal_msp.c **** /* USER CODE BEGIN Header */
   2:../../CM7/Core/Src/stm32h7xx_hal_msp.c **** /**
   3:../../CM7/Core/Src/stm32h7xx_hal_msp.c ****  ******************************************************************************
   4:../../CM7/Core/Src/stm32h7xx_hal_msp.c ****  * @file         stm32h7xx_hal_msp.c
   5:../../CM7/Core/Src/stm32h7xx_hal_msp.c ****  * @brief        This file provides code for the MSP Initialization
   6:../../CM7/Core/Src/stm32h7xx_hal_msp.c ****  *               and de-Initialization codes.
   7:../../CM7/Core/Src/stm32h7xx_hal_msp.c ****  ******************************************************************************
   8:../../CM7/Core/Src/stm32h7xx_hal_msp.c ****  * @attention
   9:../../CM7/Core/Src/stm32h7xx_hal_msp.c ****  *
  10:../../CM7/Core/Src/stm32h7xx_hal_msp.c ****  * Copyright (c) 2025 STMicroelectronics.
  11:../../CM7/Core/Src/stm32h7xx_hal_msp.c ****  * All rights reserved.
  12:../../CM7/Core/Src/stm32h7xx_hal_msp.c ****  *
  13:../../CM7/Core/Src/stm32h7xx_hal_msp.c ****  * This software is licensed under terms that can be found in the LICENSE file
  14:../../CM7/Core/Src/stm32h7xx_hal_msp.c ****  * in the root directory of this software component.
  15:../../CM7/Core/Src/stm32h7xx_hal_msp.c ****  * If no LICENSE file comes with this software, it is provided AS-IS.
  16:../../CM7/Core/Src/stm32h7xx_hal_msp.c ****  *
  17:../../CM7/Core/Src/stm32h7xx_hal_msp.c ****  ******************************************************************************
  18:../../CM7/Core/Src/stm32h7xx_hal_msp.c ****  */
  19:../../CM7/Core/Src/stm32h7xx_hal_msp.c **** /* USER CODE END Header */
  20:../../CM7/Core/Src/stm32h7xx_hal_msp.c **** 
  21:../../CM7/Core/Src/stm32h7xx_hal_msp.c **** /* Includes ------------------------------------------------------------------*/
  22:../../CM7/Core/Src/stm32h7xx_hal_msp.c **** #include "main.h"
  23:../../CM7/Core/Src/stm32h7xx_hal_msp.c **** /* USER CODE BEGIN Includes */
  24:../../CM7/Core/Src/stm32h7xx_hal_msp.c **** 
  25:../../CM7/Core/Src/stm32h7xx_hal_msp.c **** /* USER CODE END Includes */
  26:../../CM7/Core/Src/stm32h7xx_hal_msp.c **** 
  27:../../CM7/Core/Src/stm32h7xx_hal_msp.c **** /* Private typedef -----------------------------------------------------------*/
  28:../../CM7/Core/Src/stm32h7xx_hal_msp.c **** /* USER CODE BEGIN TD */
  29:../../CM7/Core/Src/stm32h7xx_hal_msp.c **** 
  30:../../CM7/Core/Src/stm32h7xx_hal_msp.c **** /* USER CODE END TD */
  31:../../CM7/Core/Src/stm32h7xx_hal_msp.c **** 
ARM GAS  C:\Users\minis\AppData\Local\Temp\cczSP7wT.s 			page 2


  32:../../CM7/Core/Src/stm32h7xx_hal_msp.c **** /* Private define ------------------------------------------------------------*/
  33:../../CM7/Core/Src/stm32h7xx_hal_msp.c **** /* USER CODE BEGIN Define */
  34:../../CM7/Core/Src/stm32h7xx_hal_msp.c **** 
  35:../../CM7/Core/Src/stm32h7xx_hal_msp.c **** /* USER CODE END Define */
  36:../../CM7/Core/Src/stm32h7xx_hal_msp.c **** 
  37:../../CM7/Core/Src/stm32h7xx_hal_msp.c **** /* Private macro -------------------------------------------------------------*/
  38:../../CM7/Core/Src/stm32h7xx_hal_msp.c **** /* USER CODE BEGIN Macro */
  39:../../CM7/Core/Src/stm32h7xx_hal_msp.c **** 
  40:../../CM7/Core/Src/stm32h7xx_hal_msp.c **** /* USER CODE END Macro */
  41:../../CM7/Core/Src/stm32h7xx_hal_msp.c **** 
  42:../../CM7/Core/Src/stm32h7xx_hal_msp.c **** /* Private variables ---------------------------------------------------------*/
  43:../../CM7/Core/Src/stm32h7xx_hal_msp.c **** /* USER CODE BEGIN PV */
  44:../../CM7/Core/Src/stm32h7xx_hal_msp.c **** 
  45:../../CM7/Core/Src/stm32h7xx_hal_msp.c **** /* USER CODE END PV */
  46:../../CM7/Core/Src/stm32h7xx_hal_msp.c **** 
  47:../../CM7/Core/Src/stm32h7xx_hal_msp.c **** /* Private function prototypes -----------------------------------------------*/
  48:../../CM7/Core/Src/stm32h7xx_hal_msp.c **** /* USER CODE BEGIN PFP */
  49:../../CM7/Core/Src/stm32h7xx_hal_msp.c **** 
  50:../../CM7/Core/Src/stm32h7xx_hal_msp.c **** /* USER CODE END PFP */
  51:../../CM7/Core/Src/stm32h7xx_hal_msp.c **** 
  52:../../CM7/Core/Src/stm32h7xx_hal_msp.c **** /* External functions --------------------------------------------------------*/
  53:../../CM7/Core/Src/stm32h7xx_hal_msp.c **** /* USER CODE BEGIN ExternalFunctions */
  54:../../CM7/Core/Src/stm32h7xx_hal_msp.c **** 
  55:../../CM7/Core/Src/stm32h7xx_hal_msp.c **** /* USER CODE END ExternalFunctions */
  56:../../CM7/Core/Src/stm32h7xx_hal_msp.c **** 
  57:../../CM7/Core/Src/stm32h7xx_hal_msp.c **** /* USER CODE BEGIN 0 */
  58:../../CM7/Core/Src/stm32h7xx_hal_msp.c **** 
  59:../../CM7/Core/Src/stm32h7xx_hal_msp.c **** /* USER CODE END 0 */
  60:../../CM7/Core/Src/stm32h7xx_hal_msp.c **** /**
  61:../../CM7/Core/Src/stm32h7xx_hal_msp.c ****  * Initializes the Global MSP.
  62:../../CM7/Core/Src/stm32h7xx_hal_msp.c ****  */
  63:../../CM7/Core/Src/stm32h7xx_hal_msp.c **** void HAL_MspInit(void) {
  28              		.loc 1 63 24 view -0
  29              		.cfi_startproc
  30              		@ args = 0, pretend = 0, frame = 8
  31              		@ frame_needed = 0, uses_anonymous_args = 0
  32              		@ link register save eliminated.
  33 0000 82B0     		sub	sp, sp, #8
  34              	.LCFI0:
  35              		.cfi_def_cfa_offset 8
  64:../../CM7/Core/Src/stm32h7xx_hal_msp.c **** 
  65:../../CM7/Core/Src/stm32h7xx_hal_msp.c ****   /* USER CODE BEGIN MspInit 0 */
  66:../../CM7/Core/Src/stm32h7xx_hal_msp.c **** 
  67:../../CM7/Core/Src/stm32h7xx_hal_msp.c ****   /* USER CODE END MspInit 0 */
  68:../../CM7/Core/Src/stm32h7xx_hal_msp.c **** 
  69:../../CM7/Core/Src/stm32h7xx_hal_msp.c ****   __HAL_RCC_SYSCFG_CLK_ENABLE();
  36              		.loc 1 69 3 view .LVU1
  37              	.LBB2:
  38              		.loc 1 69 3 view .LVU2
  39              		.loc 1 69 3 view .LVU3
  40 0002 074B     		ldr	r3, .L3
  41 0004 D3F8F420 		ldr	r2, [r3, #244]
  42 0008 42F00202 		orr	r2, r2, #2
  43 000c C3F8F420 		str	r2, [r3, #244]
  44              		.loc 1 69 3 view .LVU4
  45 0010 D3F8F430 		ldr	r3, [r3, #244]
  46 0014 03F00203 		and	r3, r3, #2
ARM GAS  C:\Users\minis\AppData\Local\Temp\cczSP7wT.s 			page 3


  47 0018 0193     		str	r3, [sp, #4]
  48              		.loc 1 69 3 view .LVU5
  49 001a 019B     		ldr	r3, [sp, #4]
  50              	.LBE2:
  51              		.loc 1 69 3 view .LVU6
  70:../../CM7/Core/Src/stm32h7xx_hal_msp.c **** 
  71:../../CM7/Core/Src/stm32h7xx_hal_msp.c ****   /* System interrupt init*/
  72:../../CM7/Core/Src/stm32h7xx_hal_msp.c **** 
  73:../../CM7/Core/Src/stm32h7xx_hal_msp.c ****   /* USER CODE BEGIN MspInit 1 */
  74:../../CM7/Core/Src/stm32h7xx_hal_msp.c **** 
  75:../../CM7/Core/Src/stm32h7xx_hal_msp.c ****   /* USER CODE END MspInit 1 */
  76:../../CM7/Core/Src/stm32h7xx_hal_msp.c **** }
  52              		.loc 1 76 1 is_stmt 0 view .LVU7
  53 001c 02B0     		add	sp, sp, #8
  54              	.LCFI1:
  55              		.cfi_def_cfa_offset 0
  56              		@ sp needed
  57 001e 7047     		bx	lr
  58              	.L4:
  59              		.align	2
  60              	.L3:
  61 0020 00440258 		.word	1476543488
  62              		.cfi_endproc
  63              	.LFE144:
  65              		.section	.text.HAL_UART_MspInit,"ax",%progbits
  66              		.align	1
  67              		.global	HAL_UART_MspInit
  68              		.syntax unified
  69              		.thumb
  70              		.thumb_func
  72              	HAL_UART_MspInit:
  73              	.LVL0:
  74              	.LFB145:
  77:../../CM7/Core/Src/stm32h7xx_hal_msp.c **** 
  78:../../CM7/Core/Src/stm32h7xx_hal_msp.c **** /* USER CODE BEGIN 1 */
  79:../../CM7/Core/Src/stm32h7xx_hal_msp.c **** 
  80:../../CM7/Core/Src/stm32h7xx_hal_msp.c **** /**
  81:../../CM7/Core/Src/stm32h7xx_hal_msp.c ****   * @brief  UART MSP Init - abilita clock e configura GPIO per USART3
  82:../../CM7/Core/Src/stm32h7xx_hal_msp.c ****   *         PD8 = USART3_TX (AF7), PD9 = USART3_RX (AF7)
  83:../../CM7/Core/Src/stm32h7xx_hal_msp.c ****   *         Pin del Virtual COM Port (ST-Link) sulla Nucleo-H755ZI-Q
  84:../../CM7/Core/Src/stm32h7xx_hal_msp.c ****   */
  85:../../CM7/Core/Src/stm32h7xx_hal_msp.c **** void HAL_UART_MspInit(UART_HandleTypeDef *huart)
  86:../../CM7/Core/Src/stm32h7xx_hal_msp.c **** {
  75              		.loc 1 86 1 is_stmt 1 view -0
  76              		.cfi_startproc
  77              		@ args = 0, pretend = 0, frame = 32
  78              		@ frame_needed = 0, uses_anonymous_args = 0
  79              		.loc 1 86 1 is_stmt 0 view .LVU9
  80 0000 00B5     		push	{lr}
  81              	.LCFI2:
  82              		.cfi_def_cfa_offset 4
  83              		.cfi_offset 14, -4
  84 0002 89B0     		sub	sp, sp, #36
  85              	.LCFI3:
  86              		.cfi_def_cfa_offset 40
  87:../../CM7/Core/Src/stm32h7xx_hal_msp.c ****   GPIO_InitTypeDef GPIO_InitStruct = {0};
  87              		.loc 1 87 3 is_stmt 1 view .LVU10
ARM GAS  C:\Users\minis\AppData\Local\Temp\cczSP7wT.s 			page 4


  88              		.loc 1 87 20 is_stmt 0 view .LVU11
  89 0004 0023     		movs	r3, #0
  90 0006 0393     		str	r3, [sp, #12]
  91 0008 0493     		str	r3, [sp, #16]
  92 000a 0593     		str	r3, [sp, #20]
  93 000c 0693     		str	r3, [sp, #24]
  94 000e 0793     		str	r3, [sp, #28]
  88:../../CM7/Core/Src/stm32h7xx_hal_msp.c **** 
  89:../../CM7/Core/Src/stm32h7xx_hal_msp.c ****   if (huart->Instance == USART3)
  95              		.loc 1 89 3 is_stmt 1 view .LVU12
  96              		.loc 1 89 12 is_stmt 0 view .LVU13
  97 0010 0268     		ldr	r2, [r0]
  98              		.loc 1 89 6 view .LVU14
  99 0012 164B     		ldr	r3, .L9
 100 0014 9A42     		cmp	r2, r3
 101 0016 02D0     		beq	.L8
 102              	.LVL1:
 103              	.L5:
  90:../../CM7/Core/Src/stm32h7xx_hal_msp.c ****   {
  91:../../CM7/Core/Src/stm32h7xx_hal_msp.c ****     /* Abilita clock USART3 e GPIOD */
  92:../../CM7/Core/Src/stm32h7xx_hal_msp.c ****     __HAL_RCC_USART3_CLK_ENABLE();
  93:../../CM7/Core/Src/stm32h7xx_hal_msp.c ****     __HAL_RCC_GPIOD_CLK_ENABLE();
  94:../../CM7/Core/Src/stm32h7xx_hal_msp.c **** 
  95:../../CM7/Core/Src/stm32h7xx_hal_msp.c ****     /* PD8 = TX, PD9 = RX  ->  Alternate Function 7 (USART3) */
  96:../../CM7/Core/Src/stm32h7xx_hal_msp.c ****     GPIO_InitStruct.Pin       = GPIO_PIN_8 | GPIO_PIN_9;
  97:../../CM7/Core/Src/stm32h7xx_hal_msp.c ****     GPIO_InitStruct.Mode      = GPIO_MODE_AF_PP;
  98:../../CM7/Core/Src/stm32h7xx_hal_msp.c ****     GPIO_InitStruct.Pull      = GPIO_NOPULL;
  99:../../CM7/Core/Src/stm32h7xx_hal_msp.c ****     GPIO_InitStruct.Speed     = GPIO_SPEED_FREQ_VERY_HIGH;
 100:../../CM7/Core/Src/stm32h7xx_hal_msp.c ****     GPIO_InitStruct.Alternate = GPIO_AF7_USART3;
 101:../../CM7/Core/Src/stm32h7xx_hal_msp.c ****     HAL_GPIO_Init(GPIOD, &GPIO_InitStruct);
 102:../../CM7/Core/Src/stm32h7xx_hal_msp.c ****   }
 103:../../CM7/Core/Src/stm32h7xx_hal_msp.c **** }
 104              		.loc 1 103 1 view .LVU15
 105 0018 09B0     		add	sp, sp, #36
 106              	.LCFI4:
 107              		.cfi_remember_state
 108              		.cfi_def_cfa_offset 4
 109              		@ sp needed
 110 001a 5DF804FB 		ldr	pc, [sp], #4
 111              	.LVL2:
 112              	.L8:
 113              	.LCFI5:
 114              		.cfi_restore_state
  92:../../CM7/Core/Src/stm32h7xx_hal_msp.c ****     __HAL_RCC_GPIOD_CLK_ENABLE();
 115              		.loc 1 92 5 is_stmt 1 view .LVU16
 116              	.LBB3:
  92:../../CM7/Core/Src/stm32h7xx_hal_msp.c ****     __HAL_RCC_GPIOD_CLK_ENABLE();
 117              		.loc 1 92 5 view .LVU17
  92:../../CM7/Core/Src/stm32h7xx_hal_msp.c ****     __HAL_RCC_GPIOD_CLK_ENABLE();
 118              		.loc 1 92 5 view .LVU18
 119 001e 144B     		ldr	r3, .L9+4
 120 0020 D3F8E820 		ldr	r2, [r3, #232]
 121 0024 42F48022 		orr	r2, r2, #262144
 122 0028 C3F8E820 		str	r2, [r3, #232]
  92:../../CM7/Core/Src/stm32h7xx_hal_msp.c ****     __HAL_RCC_GPIOD_CLK_ENABLE();
 123              		.loc 1 92 5 view .LVU19
 124 002c D3F8E820 		ldr	r2, [r3, #232]
ARM GAS  C:\Users\minis\AppData\Local\Temp\cczSP7wT.s 			page 5


 125 0030 02F48022 		and	r2, r2, #262144
 126 0034 0192     		str	r2, [sp, #4]
  92:../../CM7/Core/Src/stm32h7xx_hal_msp.c ****     __HAL_RCC_GPIOD_CLK_ENABLE();
 127              		.loc 1 92 5 view .LVU20
 128 0036 019A     		ldr	r2, [sp, #4]
 129              	.LBE3:
  92:../../CM7/Core/Src/stm32h7xx_hal_msp.c ****     __HAL_RCC_GPIOD_CLK_ENABLE();
 130              		.loc 1 92 5 view .LVU21
  93:../../CM7/Core/Src/stm32h7xx_hal_msp.c **** 
 131              		.loc 1 93 5 view .LVU22
 132              	.LBB4:
  93:../../CM7/Core/Src/stm32h7xx_hal_msp.c **** 
 133              		.loc 1 93 5 view .LVU23
  93:../../CM7/Core/Src/stm32h7xx_hal_msp.c **** 
 134              		.loc 1 93 5 view .LVU24
 135 0038 D3F8E020 		ldr	r2, [r3, #224]
 136 003c 42F00802 		orr	r2, r2, #8
 137 0040 C3F8E020 		str	r2, [r3, #224]
  93:../../CM7/Core/Src/stm32h7xx_hal_msp.c **** 
 138              		.loc 1 93 5 view .LVU25
 139 0044 D3F8E030 		ldr	r3, [r3, #224]
 140 0048 03F00803 		and	r3, r3, #8
 141 004c 0293     		str	r3, [sp, #8]
  93:../../CM7/Core/Src/stm32h7xx_hal_msp.c **** 
 142              		.loc 1 93 5 view .LVU26
 143 004e 029B     		ldr	r3, [sp, #8]
 144              	.LBE4:
  93:../../CM7/Core/Src/stm32h7xx_hal_msp.c **** 
 145              		.loc 1 93 5 view .LVU27
  96:../../CM7/Core/Src/stm32h7xx_hal_msp.c ****     GPIO_InitStruct.Mode      = GPIO_MODE_AF_PP;
 146              		.loc 1 96 5 view .LVU28
  96:../../CM7/Core/Src/stm32h7xx_hal_msp.c ****     GPIO_InitStruct.Mode      = GPIO_MODE_AF_PP;
 147              		.loc 1 96 31 is_stmt 0 view .LVU29
 148 0050 4FF44073 		mov	r3, #768
 149 0054 0393     		str	r3, [sp, #12]
  97:../../CM7/Core/Src/stm32h7xx_hal_msp.c ****     GPIO_InitStruct.Pull      = GPIO_NOPULL;
 150              		.loc 1 97 5 is_stmt 1 view .LVU30
  97:../../CM7/Core/Src/stm32h7xx_hal_msp.c ****     GPIO_InitStruct.Pull      = GPIO_NOPULL;
 151              		.loc 1 97 31 is_stmt 0 view .LVU31
 152 0056 0223     		movs	r3, #2
 153 0058 0493     		str	r3, [sp, #16]
  98:../../CM7/Core/Src/stm32h7xx_hal_msp.c ****     GPIO_InitStruct.Speed     = GPIO_SPEED_FREQ_VERY_HIGH;
 154              		.loc 1 98 5 is_stmt 1 view .LVU32
  99:../../CM7/Core/Src/stm32h7xx_hal_msp.c ****     GPIO_InitStruct.Alternate = GPIO_AF7_USART3;
 155              		.loc 1 99 5 view .LVU33
  99:../../CM7/Core/Src/stm32h7xx_hal_msp.c ****     GPIO_InitStruct.Alternate = GPIO_AF7_USART3;
 156              		.loc 1 99 31 is_stmt 0 view .LVU34
 157 005a 0323     		movs	r3, #3
 158 005c 0693     		str	r3, [sp, #24]
 100:../../CM7/Core/Src/stm32h7xx_hal_msp.c ****     HAL_GPIO_Init(GPIOD, &GPIO_InitStruct);
 159              		.loc 1 100 5 is_stmt 1 view .LVU35
 100:../../CM7/Core/Src/stm32h7xx_hal_msp.c ****     HAL_GPIO_Init(GPIOD, &GPIO_InitStruct);
 160              		.loc 1 100 31 is_stmt 0 view .LVU36
 161 005e 0723     		movs	r3, #7
 162 0060 0793     		str	r3, [sp, #28]
 101:../../CM7/Core/Src/stm32h7xx_hal_msp.c ****   }
 163              		.loc 1 101 5 is_stmt 1 view .LVU37
ARM GAS  C:\Users\minis\AppData\Local\Temp\cczSP7wT.s 			page 6


 164 0062 03A9     		add	r1, sp, #12
 165 0064 0348     		ldr	r0, .L9+8
 166              	.LVL3:
 101:../../CM7/Core/Src/stm32h7xx_hal_msp.c ****   }
 167              		.loc 1 101 5 is_stmt 0 view .LVU38
 168 0066 FFF7FEFF 		bl	HAL_GPIO_Init
 169              	.LVL4:
 170              		.loc 1 103 1 view .LVU39
 171 006a D5E7     		b	.L5
 172              	.L10:
 173              		.align	2
 174              	.L9:
 175 006c 00480040 		.word	1073760256
 176 0070 00440258 		.word	1476543488
 177 0074 000C0258 		.word	1476529152
 178              		.cfi_endproc
 179              	.LFE145:
 181              		.section	.text.HAL_UART_MspDeInit,"ax",%progbits
 182              		.align	1
 183              		.global	HAL_UART_MspDeInit
 184              		.syntax unified
 185              		.thumb
 186              		.thumb_func
 188              	HAL_UART_MspDeInit:
 189              	.LVL5:
 190              	.LFB146:
 104:../../CM7/Core/Src/stm32h7xx_hal_msp.c **** 
 105:../../CM7/Core/Src/stm32h7xx_hal_msp.c **** /**
 106:../../CM7/Core/Src/stm32h7xx_hal_msp.c ****   * @brief  UART MSP DeInit
 107:../../CM7/Core/Src/stm32h7xx_hal_msp.c ****   */
 108:../../CM7/Core/Src/stm32h7xx_hal_msp.c **** void HAL_UART_MspDeInit(UART_HandleTypeDef *huart)
 109:../../CM7/Core/Src/stm32h7xx_hal_msp.c **** {
 191              		.loc 1 109 1 is_stmt 1 view -0
 192              		.cfi_startproc
 193              		@ args = 0, pretend = 0, frame = 0
 194              		@ frame_needed = 0, uses_anonymous_args = 0
 195              		.loc 1 109 1 is_stmt 0 view .LVU41
 196 0000 08B5     		push	{r3, lr}
 197              	.LCFI6:
 198              		.cfi_def_cfa_offset 8
 199              		.cfi_offset 3, -8
 200              		.cfi_offset 14, -4
 110:../../CM7/Core/Src/stm32h7xx_hal_msp.c ****   if (huart->Instance == USART3)
 201              		.loc 1 110 3 is_stmt 1 view .LVU42
 202              		.loc 1 110 12 is_stmt 0 view .LVU43
 203 0002 0268     		ldr	r2, [r0]
 204              		.loc 1 110 6 view .LVU44
 205 0004 084B     		ldr	r3, .L15
 206 0006 9A42     		cmp	r2, r3
 207 0008 00D0     		beq	.L14
 208              	.LVL6:
 209              	.L11:
 111:../../CM7/Core/Src/stm32h7xx_hal_msp.c ****   {
 112:../../CM7/Core/Src/stm32h7xx_hal_msp.c ****     __HAL_RCC_USART3_CLK_DISABLE();
 113:../../CM7/Core/Src/stm32h7xx_hal_msp.c ****     HAL_GPIO_DeInit(GPIOD, GPIO_PIN_8 | GPIO_PIN_9);
 114:../../CM7/Core/Src/stm32h7xx_hal_msp.c ****   }
 115:../../CM7/Core/Src/stm32h7xx_hal_msp.c **** }
ARM GAS  C:\Users\minis\AppData\Local\Temp\cczSP7wT.s 			page 7


 210              		.loc 1 115 1 view .LVU45
 211 000a 08BD     		pop	{r3, pc}
 212              	.LVL7:
 213              	.L14:
 112:../../CM7/Core/Src/stm32h7xx_hal_msp.c ****     HAL_GPIO_DeInit(GPIOD, GPIO_PIN_8 | GPIO_PIN_9);
 214              		.loc 1 112 5 is_stmt 1 view .LVU46
 215 000c 074A     		ldr	r2, .L15+4
 216 000e D2F8E830 		ldr	r3, [r2, #232]
 217 0012 23F48023 		bic	r3, r3, #262144
 218 0016 C2F8E830 		str	r3, [r2, #232]
 113:../../CM7/Core/Src/stm32h7xx_hal_msp.c ****   }
 219              		.loc 1 113 5 view .LVU47
 220 001a 4FF44071 		mov	r1, #768
 221 001e 0448     		ldr	r0, .L15+8
 222              	.LVL8:
 113:../../CM7/Core/Src/stm32h7xx_hal_msp.c ****   }
 223              		.loc 1 113 5 is_stmt 0 view .LVU48
 224 0020 FFF7FEFF 		bl	HAL_GPIO_DeInit
 225              	.LVL9:
 226              		.loc 1 115 1 view .LVU49
 227 0024 F1E7     		b	.L11
 228              	.L16:
 229 0026 00BF     		.align	2
 230              	.L15:
 231 0028 00480040 		.word	1073760256
 232 002c 00440258 		.word	1476543488
 233 0030 000C0258 		.word	1476529152
 234              		.cfi_endproc
 235              	.LFE146:
 237              		.text
 238              	.Letext0:
 239              		.file 2 "C:/Program Files (x86)/Arm GNU Toolchain arm-none-eabi/14.3 rel1/arm-none-eabi/include/ma
 240              		.file 3 "C:/Program Files (x86)/Arm GNU Toolchain arm-none-eabi/14.3 rel1/arm-none-eabi/include/sy
 241              		.file 4 "../../Drivers/CMSIS/Device/ST/STM32H7xx/Include/stm32h755xx.h"
 242              		.file 5 "../../Drivers/STM32H7xx_HAL_Driver/Inc/stm32h7xx_hal_def.h"
 243              		.file 6 "../../Drivers/STM32H7xx_HAL_Driver/Inc/stm32h7xx_hal_gpio.h"
 244              		.file 7 "../../Drivers/STM32H7xx_HAL_Driver/Inc/stm32h7xx_hal_dma.h"
 245              		.file 8 "../../Drivers/STM32H7xx_HAL_Driver/Inc/stm32h7xx_hal_uart.h"
ARM GAS  C:\Users\minis\AppData\Local\Temp\cczSP7wT.s 			page 8


DEFINED SYMBOLS
                            *ABS*:00000000 stm32h7xx_hal_msp.c
C:\Users\minis\AppData\Local\Temp\cczSP7wT.s:20     .text.HAL_MspInit:00000000 $t
C:\Users\minis\AppData\Local\Temp\cczSP7wT.s:26     .text.HAL_MspInit:00000000 HAL_MspInit
C:\Users\minis\AppData\Local\Temp\cczSP7wT.s:61     .text.HAL_MspInit:00000020 $d
C:\Users\minis\AppData\Local\Temp\cczSP7wT.s:66     .text.HAL_UART_MspInit:00000000 $t
C:\Users\minis\AppData\Local\Temp\cczSP7wT.s:72     .text.HAL_UART_MspInit:00000000 HAL_UART_MspInit
C:\Users\minis\AppData\Local\Temp\cczSP7wT.s:175    .text.HAL_UART_MspInit:0000006c $d
C:\Users\minis\AppData\Local\Temp\cczSP7wT.s:182    .text.HAL_UART_MspDeInit:00000000 $t
C:\Users\minis\AppData\Local\Temp\cczSP7wT.s:188    .text.HAL_UART_MspDeInit:00000000 HAL_UART_MspDeInit
C:\Users\minis\AppData\Local\Temp\cczSP7wT.s:231    .text.HAL_UART_MspDeInit:00000028 $d

UNDEFINED SYMBOLS
HAL_GPIO_Init
HAL_GPIO_DeInit
